[0.021s] Invoking command in '/home/tkddn647/test/build/sllidar_ros2': CMAKE_PREFIX_PATH=/opt/ros/humble /usr/bin/cmake --build /home/tkddn647/test/build/sllidar_ros2 -- -j12 -l12
[0.247s] Consolidate compiler generated dependencies of target sllidar_node
[0.299s] [ 15%] Built target sllidar_client
[0.299s] [ 15%] Building CXX object CMakeFiles/sllidar_node.dir/src/sllidar_node.cpp.o
[3.384s] In file included from /home/tkddn647/test/src/sllidar_ros2/./sdk/include/sl_lidar_cmd.h:41,
[3.384s]                  from /home/tkddn647/test/src/sllidar_ros2/./sdk/include/sl_lidar_driver.h:54,
[3.384s]                  from /home/tkddn647/test/src/sllidar_ros2/./sdk/include/sl_lidar.h:36,
[3.384s]                  from /home/tkddn647/test/src/sllidar_ros2/src/sllidar_node.cpp:38:
[3.384s] /home/tkddn647/test/src/sllidar_ros2/./sdk/include/sl_lidar_protocol.h:66:16: warning: ISO C++ forbids zero-size array ‘data’ [-Wpedantic]
[3.384s]    66 |     sl_u8 data[0];
[3.385s]       |                ^
[3.385s] In file included from /home/tkddn647/test/src/sllidar_ros2/./sdk/include/sl_lidar_driver.h:54,
[3.385s]                  from /home/tkddn647/test/src/sllidar_ros2/./sdk/include/sl_lidar.h:36,
[3.385s]                  from /home/tkddn647/test/src/sllidar_ros2/src/sllidar_node.cpp:38:
[3.385s] /home/tkddn647/test/src/sllidar_ros2/./sdk/include/sl_lidar_cmd.h:324:20: warning: ISO C++ forbids zero-size array ‘payload’ [-Wpedantic]
[3.385s]   324 |     sl_u8  payload[0];
[3.385s]       |                    ^
[6.173s] [ 20%] Linking CXX executable sllidar_node
[6.620s] [100%] Built target sllidar_node
[6.635s] Invoked command in '/home/tkddn647/test/build/sllidar_ros2' returned '0': CMAKE_PREFIX_PATH=/opt/ros/humble /usr/bin/cmake --build /home/tkddn647/test/build/sllidar_ros2 -- -j12 -l12
[6.649s] Invoking command in '/home/tkddn647/test/build/sllidar_ros2': CMAKE_PREFIX_PATH=/opt/ros/humble /usr/bin/cmake --install /home/tkddn647/test/build/sllidar_ros2
[6.658s] -- Install configuration: ""
[6.660s] -- Execute custom install script
[6.661s] -- Up-to-date symlink: /home/tkddn647/test/install/sllidar_ros2/share/sllidar_ros2/launch/sllidar_t1_launch.py
[6.661s] -- Up-to-date symlink: /home/tkddn647/test/install/sllidar_ros2/share/sllidar_ros2/launch/view_sllidar_t1_launch.py
[6.662s] -- Up-to-date symlink: /home/tkddn647/test/install/sllidar_ros2/share/sllidar_ros2/rviz/sllidar_ros2.rviz
[6.662s] -- Up-to-date symlink: /home/tkddn647/test/install/sllidar_ros2/lib/sllidar_ros2/sllidar_node
[6.662s] -- Up-to-date symlink: /home/tkddn647/test/install/sllidar_ros2/lib/sllidar_ros2/sllidar_client
[6.663s] -- Up-to-date symlink: /home/tkddn647/test/install/sllidar_ros2/share/ament_index/resource_index/package_run_dependencies/sllidar_ros2
[6.663s] -- Up-to-date symlink: /home/tkddn647/test/install/sllidar_ros2/share/ament_index/resource_index/parent_prefix_path/sllidar_ros2
[6.664s] -- Up-to-date symlink: /home/tkddn647/test/install/sllidar_ros2/share/sllidar_ros2/environment/ament_prefix_path.sh
[6.664s] -- Up-to-date symlink: /home/tkddn647/test/install/sllidar_ros2/share/sllidar_ros2/environment/ament_prefix_path.dsv
[6.665s] -- Up-to-date symlink: /home/tkddn647/test/install/sllidar_ros2/share/sllidar_ros2/environment/path.sh
[6.665s] -- Up-to-date symlink: /home/tkddn647/test/install/sllidar_ros2/share/sllidar_ros2/environment/path.dsv
[6.666s] -- Up-to-date symlink: /home/tkddn647/test/install/sllidar_ros2/share/sllidar_ros2/local_setup.bash
[6.666s] -- Up-to-date symlink: /home/tkddn647/test/install/sllidar_ros2/share/sllidar_ros2/local_setup.sh
[6.666s] -- Up-to-date symlink: /home/tkddn647/test/install/sllidar_ros2/share/sllidar_ros2/local_setup.zsh
[6.667s] -- Up-to-date symlink: /home/tkddn647/test/install/sllidar_ros2/share/sllidar_ros2/local_setup.dsv
[6.667s] -- Symlinking: /home/tkddn647/test/install/sllidar_ros2/share/sllidar_ros2/package.dsv
[6.679s] -- Up-to-date symlink: /home/tkddn647/test/install/sllidar_ros2/share/ament_index/resource_index/packages/sllidar_ros2
[6.680s] -- Up-to-date symlink: /home/tkddn647/test/install/sllidar_ros2/share/sllidar_ros2/cmake/ament_cmake_export_dependencies-extras.cmake
[6.680s] -- Up-to-date symlink: /home/tkddn647/test/install/sllidar_ros2/share/sllidar_ros2/cmake/ament_cmake_export_include_directories-extras.cmake
[6.680s] -- Up-to-date symlink: /home/tkddn647/test/install/sllidar_ros2/share/sllidar_ros2/cmake/sllidar_ros2Config.cmake
[6.680s] -- Up-to-date symlink: /home/tkddn647/test/install/sllidar_ros2/share/sllidar_ros2/cmake/sllidar_ros2Config-version.cmake
[6.681s] -- Up-to-date symlink: /home/tkddn647/test/install/sllidar_ros2/share/sllidar_ros2/package.xml
[6.683s] Invoked command in '/home/tkddn647/test/build/sllidar_ros2' returned '0': CMAKE_PREFIX_PATH=/opt/ros/humble /usr/bin/cmake --install /home/tkddn647/test/build/sllidar_ros2
