[0.705s] DEBUG:colcon:Command line arguments: ['/usr/bin/colcon', 'build', '--packages-select', 'sllidar_ros2', '--symlink-install']
[0.706s] DEBUG:colcon:Parsed command line arguments: Namespace(log_base=None, log_level=None, verb_name='build', build_base='build', install_base='install', merge_install=False, symlink_install=True, test_result_base=None, continue_on_error=False, executor='parallel', parallel_workers=12, event_handlers=None, ignore_user_meta=False, metas=['./colcon.meta'], base_paths=['.'], packages_ignore=None, packages_ignore_regex=None, paths=None, packages_up_to=None, packages_up_to_regex=None, packages_above=None, packages_above_and_dependencies=None, packages_above_depth=None, packages_select_by_dep=None, packages_skip_by_dep=None, packages_skip_up_to=None, packages_select_build_failed=False, packages_skip_build_finished=False, packages_select_test_failures=False, packages_skip_test_passed=False, packages_select=['sllidar_ros2'], packages_skip=None, packages_select_regex=None, packages_skip_regex=None, packages_start=None, packages_end=None, allow_overriding=[], cmake_args=None, cmake_target=None, cmake_target_skip_unavailable=False, cmake_clean_cache=False, cmake_clean_first=False, cmake_force_configure=False, ament_cmake_args=None, catkin_cmake_args=None, catkin_skip_building_tests=False, mixin_files=None, mixin=None, verb_parser=<colcon_mixin.mixin.mixin_argument.MixinArgumentDecorator object at 0x70e088b5a830>, verb_extension=<colcon_core.verb.build.BuildVerb object at 0x70e088c7b790>, main=<bound method BuildVerb.main of <colcon_core.verb.build.BuildVerb object at 0x70e088c7b790>>, mixin_verb=('build',))
[1.449s] Level 1:colcon.colcon_core.package_discovery:discover_packages(colcon_meta) check parameters
[1.449s] Level 1:colcon.colcon_core.package_discovery:discover_packages(recursive) check parameters
[1.449s] Level 1:colcon.colcon_core.package_discovery:discover_packages(ignore) check parameters
[1.449s] Level 1:colcon.colcon_core.package_discovery:discover_packages(path) check parameters
[1.449s] Level 1:colcon.colcon_core.package_discovery:discover_packages(colcon_meta) discover
[1.449s] Level 1:colcon.colcon_core.package_discovery:discover_packages(recursive) discover
[1.449s] INFO:colcon.colcon_core.package_discovery:Crawling recursively for packages in '/home/tkddn647/test'
[1.450s] Level 1:colcon.colcon_core.package_identification:_identify(.) by extensions ['ignore', 'ignore_ament_install']
[1.450s] Level 1:colcon.colcon_core.package_identification:_identify(.) by extension 'ignore'
[1.451s] Level 1:colcon.colcon_core.package_identification:_identify(.) by extension 'ignore_ament_install'
[1.451s] Level 1:colcon.colcon_core.package_identification:_identify(.) by extensions ['colcon_pkg']
[1.451s] Level 1:colcon.colcon_core.package_identification:_identify(.) by extension 'colcon_pkg'
[1.451s] Level 1:colcon.colcon_core.package_identification:_identify(.) by extensions ['colcon_meta']
[1.451s] Level 1:colcon.colcon_core.package_identification:_identify(.) by extension 'colcon_meta'
[1.451s] Level 1:colcon.colcon_core.package_identification:_identify(.) by extensions ['ros']
[1.451s] Level 1:colcon.colcon_core.package_identification:_identify(.) by extension 'ros'
[1.479s] Level 1:colcon.colcon_core.package_identification:_identify(.) by extensions ['cmake', 'python']
[1.479s] Level 1:colcon.colcon_core.package_identification:_identify(.) by extension 'cmake'
[1.479s] Level 1:colcon.colcon_core.package_identification:_identify(.) by extension 'python'
[1.479s] Level 1:colcon.colcon_core.package_identification:_identify(.) by extensions ['python_setup_py']
[1.479s] Level 1:colcon.colcon_core.package_identification:_identify(.) by extension 'python_setup_py'
[1.480s] Level 1:colcon.colcon_core.package_identification:_identify(build) by extensions ['ignore', 'ignore_ament_install']
[1.480s] Level 1:colcon.colcon_core.package_identification:_identify(build) by extension 'ignore'
[1.480s] Level 1:colcon.colcon_core.package_identification:_identify(build) ignored
[1.481s] Level 1:colcon.colcon_core.package_identification:_identify(install) by extensions ['ignore', 'ignore_ament_install']
[1.481s] Level 1:colcon.colcon_core.package_identification:_identify(install) by extension 'ignore'
[1.482s] Level 1:colcon.colcon_core.package_identification:_identify(install) ignored
[1.482s] Level 1:colcon.colcon_core.package_identification:_identify(log) by extensions ['ignore', 'ignore_ament_install']
[1.482s] Level 1:colcon.colcon_core.package_identification:_identify(log) by extension 'ignore'
[1.482s] Level 1:colcon.colcon_core.package_identification:_identify(log) ignored
[1.487s] Level 1:colcon.colcon_core.package_identification:_identify(maps) by extensions ['ignore', 'ignore_ament_install']
[1.487s] Level 1:colcon.colcon_core.package_identification:_identify(maps) by extension 'ignore'
[1.487s] Level 1:colcon.colcon_core.package_identification:_identify(maps) by extension 'ignore_ament_install'
[1.488s] Level 1:colcon.colcon_core.package_identification:_identify(maps) by extensions ['colcon_pkg']
[1.488s] Level 1:colcon.colcon_core.package_identification:_identify(maps) by extension 'colcon_pkg'
[1.488s] Level 1:colcon.colcon_core.package_identification:_identify(maps) by extensions ['colcon_meta']
[1.488s] Level 1:colcon.colcon_core.package_identification:_identify(maps) by extension 'colcon_meta'
[1.488s] Level 1:colcon.colcon_core.package_identification:_identify(maps) by extensions ['ros']
[1.488s] Level 1:colcon.colcon_core.package_identification:_identify(maps) by extension 'ros'
[1.488s] Level 1:colcon.colcon_core.package_identification:_identify(maps) by extensions ['cmake', 'python']
[1.489s] Level 1:colcon.colcon_core.package_identification:_identify(maps) by extension 'cmake'
[1.489s] Level 1:colcon.colcon_core.package_identification:_identify(maps) by extension 'python'
[1.489s] Level 1:colcon.colcon_core.package_identification:_identify(maps) by extensions ['python_setup_py']
[1.489s] Level 1:colcon.colcon_core.package_identification:_identify(maps) by extension 'python_setup_py'
[1.489s] Level 1:colcon.colcon_core.package_identification:_identify(src) by extensions ['ignore', 'ignore_ament_install']
[1.490s] Level 1:colcon.colcon_core.package_identification:_identify(src) by extension 'ignore'
[1.490s] Level 1:colcon.colcon_core.package_identification:_identify(src) by extension 'ignore_ament_install'
[1.490s] Level 1:colcon.colcon_core.package_identification:_identify(src) by extensions ['colcon_pkg']
[1.490s] Level 1:colcon.colcon_core.package_identification:_identify(src) by extension 'colcon_pkg'
[1.490s] Level 1:colcon.colcon_core.package_identification:_identify(src) by extensions ['colcon_meta']
[1.490s] Level 1:colcon.colcon_core.package_identification:_identify(src) by extension 'colcon_meta'
[1.490s] Level 1:colcon.colcon_core.package_identification:_identify(src) by extensions ['ros']
[1.490s] Level 1:colcon.colcon_core.package_identification:_identify(src) by extension 'ros'
[1.490s] Level 1:colcon.colcon_core.package_identification:_identify(src) by extensions ['cmake', 'python']
[1.490s] Level 1:colcon.colcon_core.package_identification:_identify(src) by extension 'cmake'
[1.490s] Level 1:colcon.colcon_core.package_identification:_identify(src) by extension 'python'
[1.491s] Level 1:colcon.colcon_core.package_identification:_identify(src) by extensions ['python_setup_py']
[1.491s] Level 1:colcon.colcon_core.package_identification:_identify(src) by extension 'python_setup_py'
[1.491s] Level 1:colcon.colcon_core.package_identification:_identify(src/ebimu_pkg) by extensions ['ignore', 'ignore_ament_install']
[1.491s] Level 1:colcon.colcon_core.package_identification:_identify(src/ebimu_pkg) by extension 'ignore'
[1.492s] Level 1:colcon.colcon_core.package_identification:_identify(src/ebimu_pkg) by extension 'ignore_ament_install'
[1.492s] Level 1:colcon.colcon_core.package_identification:_identify(src/ebimu_pkg) by extensions ['colcon_pkg']
[1.492s] Level 1:colcon.colcon_core.package_identification:_identify(src/ebimu_pkg) by extension 'colcon_pkg'
[1.492s] Level 1:colcon.colcon_core.package_identification:_identify(src/ebimu_pkg) by extensions ['colcon_meta']
[1.492s] Level 1:colcon.colcon_core.package_identification:_identify(src/ebimu_pkg) by extension 'colcon_meta'
[1.492s] Level 1:colcon.colcon_core.package_identification:_identify(src/ebimu_pkg) by extensions ['ros']
[1.492s] Level 1:colcon.colcon_core.package_identification:_identify(src/ebimu_pkg) by extension 'ros'
[1.498s] DEBUG:colcon.colcon_core.package_identification:Package 'src/ebimu_pkg' with type 'ros.ament_python' and name 'ebimu_pkg'
[1.499s] Level 1:colcon.colcon_core.package_identification:_identify(src/localization_layer) by extensions ['ignore', 'ignore_ament_install']
[1.499s] Level 1:colcon.colcon_core.package_identification:_identify(src/localization_layer) by extension 'ignore'
[1.500s] Level 1:colcon.colcon_core.package_identification:_identify(src/localization_layer) by extension 'ignore_ament_install'
[1.500s] Level 1:colcon.colcon_core.package_identification:_identify(src/localization_layer) by extensions ['colcon_pkg']
[1.500s] Level 1:colcon.colcon_core.package_identification:_identify(src/localization_layer) by extension 'colcon_pkg'
[1.500s] Level 1:colcon.colcon_core.package_identification:_identify(src/localization_layer) by extensions ['colcon_meta']
[1.500s] Level 1:colcon.colcon_core.package_identification:_identify(src/localization_layer) by extension 'colcon_meta'
[1.500s] Level 1:colcon.colcon_core.package_identification:_identify(src/localization_layer) by extensions ['ros']
[1.500s] Level 1:colcon.colcon_core.package_identification:_identify(src/localization_layer) by extension 'ros'
[1.503s] DEBUG:colcon.colcon_core.package_identification:Package 'src/localization_layer' with type 'ros.ament_cmake' and name 'localization_layer'
[1.503s] Level 1:colcon.colcon_core.package_identification:_identify(src/race_layer) by extensions ['ignore', 'ignore_ament_install']
[1.503s] Level 1:colcon.colcon_core.package_identification:_identify(src/race_layer) by extension 'ignore'
[1.504s] Level 1:colcon.colcon_core.package_identification:_identify(src/race_layer) by extension 'ignore_ament_install'
[1.504s] Level 1:colcon.colcon_core.package_identification:_identify(src/race_layer) by extensions ['colcon_pkg']
[1.504s] Level 1:colcon.colcon_core.package_identification:_identify(src/race_layer) by extension 'colcon_pkg'
[1.504s] Level 1:colcon.colcon_core.package_identification:_identify(src/race_layer) by extensions ['colcon_meta']
[1.504s] Level 1:colcon.colcon_core.package_identification:_identify(src/race_layer) by extension 'colcon_meta'
[1.504s] Level 1:colcon.colcon_core.package_identification:_identify(src/race_layer) by extensions ['ros']
[1.504s] Level 1:colcon.colcon_core.package_identification:_identify(src/race_layer) by extension 'ros'
[1.506s] DEBUG:colcon.colcon_core.package_identification:Package 'src/race_layer' with type 'ros.ament_cmake' and name 'race_layer'
[1.506s] Level 1:colcon.colcon_core.package_identification:_identify(src/race_pkg) by extensions ['ignore', 'ignore_ament_install']
[1.506s] Level 1:colcon.colcon_core.package_identification:_identify(src/race_pkg) by extension 'ignore'
[1.507s] Level 1:colcon.colcon_core.package_identification:_identify(src/race_pkg) by extension 'ignore_ament_install'
[1.507s] Level 1:colcon.colcon_core.package_identification:_identify(src/race_pkg) by extensions ['colcon_pkg']
[1.507s] Level 1:colcon.colcon_core.package_identification:_identify(src/race_pkg) by extension 'colcon_pkg'
[1.507s] Level 1:colcon.colcon_core.package_identification:_identify(src/race_pkg) by extensions ['colcon_meta']
[1.507s] Level 1:colcon.colcon_core.package_identification:_identify(src/race_pkg) by extension 'colcon_meta'
[1.507s] Level 1:colcon.colcon_core.package_identification:_identify(src/race_pkg) by extensions ['ros']
[1.507s] Level 1:colcon.colcon_core.package_identification:_identify(src/race_pkg) by extension 'ros'
[1.508s] DEBUG:colcon.colcon_core.package_identification:Package 'src/race_pkg' with type 'ros.ament_python' and name 'race_pkg'
[1.509s] Level 1:colcon.colcon_core.package_identification:_identify(src/sensor_layer) by extensions ['ignore', 'ignore_ament_install']
[1.509s] Level 1:colcon.colcon_core.package_identification:_identify(src/sensor_layer) by extension 'ignore'
[1.510s] Level 1:colcon.colcon_core.package_identification:_identify(src/sensor_layer) by extension 'ignore_ament_install'
[1.510s] Level 1:colcon.colcon_core.package_identification:_identify(src/sensor_layer) by extensions ['colcon_pkg']
[1.510s] Level 1:colcon.colcon_core.package_identification:_identify(src/sensor_layer) by extension 'colcon_pkg'
[1.510s] Level 1:colcon.colcon_core.package_identification:_identify(src/sensor_layer) by extensions ['colcon_meta']
[1.510s] Level 1:colcon.colcon_core.package_identification:_identify(src/sensor_layer) by extension 'colcon_meta'
[1.510s] Level 1:colcon.colcon_core.package_identification:_identify(src/sensor_layer) by extensions ['ros']
[1.510s] Level 1:colcon.colcon_core.package_identification:_identify(src/sensor_layer) by extension 'ros'
[1.511s] DEBUG:colcon.colcon_core.package_identification:Package 'src/sensor_layer' with type 'ros.ament_cmake' and name 'sensor_layer'
[1.512s] Level 1:colcon.colcon_core.package_identification:_identify(src/sim_test) by extensions ['ignore', 'ignore_ament_install']
[1.512s] Level 1:colcon.colcon_core.package_identification:_identify(src/sim_test) by extension 'ignore'
[1.512s] Level 1:colcon.colcon_core.package_identification:_identify(src/sim_test) by extension 'ignore_ament_install'
[1.512s] Level 1:colcon.colcon_core.package_identification:_identify(src/sim_test) by extensions ['colcon_pkg']
[1.512s] Level 1:colcon.colcon_core.package_identification:_identify(src/sim_test) by extension 'colcon_pkg'
[1.512s] Level 1:colcon.colcon_core.package_identification:_identify(src/sim_test) by extensions ['colcon_meta']
[1.512s] Level 1:colcon.colcon_core.package_identification:_identify(src/sim_test) by extension 'colcon_meta'
[1.513s] Level 1:colcon.colcon_core.package_identification:_identify(src/sim_test) by extensions ['ros']
[1.513s] Level 1:colcon.colcon_core.package_identification:_identify(src/sim_test) by extension 'ros'
[1.515s] DEBUG:colcon.colcon_core.package_identification:Package 'src/sim_test' with type 'ros.ament_cmake' and name 'sim_test'
[1.516s] Level 1:colcon.colcon_core.package_identification:_identify(src/sllidar_ros2) by extensions ['ignore', 'ignore_ament_install']
[1.516s] Level 1:colcon.colcon_core.package_identification:_identify(src/sllidar_ros2) by extension 'ignore'
[1.517s] Level 1:colcon.colcon_core.package_identification:_identify(src/sllidar_ros2) by extension 'ignore_ament_install'
[1.517s] Level 1:colcon.colcon_core.package_identification:_identify(src/sllidar_ros2) by extensions ['colcon_pkg']
[1.517s] Level 1:colcon.colcon_core.package_identification:_identify(src/sllidar_ros2) by extension 'colcon_pkg'
[1.517s] Level 1:colcon.colcon_core.package_identification:_identify(src/sllidar_ros2) by extensions ['colcon_meta']
[1.517s] Level 1:colcon.colcon_core.package_identification:_identify(src/sllidar_ros2) by extension 'colcon_meta'
[1.517s] Level 1:colcon.colcon_core.package_identification:_identify(src/sllidar_ros2) by extensions ['ros']
[1.517s] Level 1:colcon.colcon_core.package_identification:_identify(src/sllidar_ros2) by extension 'ros'
[1.521s] DEBUG:colcon.colcon_core.package_identification:Package 'src/sllidar_ros2' with type 'ros.ament_cmake' and name 'sllidar_ros2'
[1.522s] Level 1:colcon.colcon_core.package_identification:_identify(src/tf_manager_cpp) by extensions ['ignore', 'ignore_ament_install']
[1.522s] Level 1:colcon.colcon_core.package_identification:_identify(src/tf_manager_cpp) by extension 'ignore'
[1.522s] Level 1:colcon.colcon_core.package_identification:_identify(src/tf_manager_cpp) by extension 'ignore_ament_install'
[1.522s] Level 1:colcon.colcon_core.package_identification:_identify(src/tf_manager_cpp) by extensions ['colcon_pkg']
[1.522s] Level 1:colcon.colcon_core.package_identification:_identify(src/tf_manager_cpp) by extension 'colcon_pkg'
[1.522s] Level 1:colcon.colcon_core.package_identification:_identify(src/tf_manager_cpp) by extensions ['colcon_meta']
[1.523s] Level 1:colcon.colcon_core.package_identification:_identify(src/tf_manager_cpp) by extension 'colcon_meta'
[1.523s] Level 1:colcon.colcon_core.package_identification:_identify(src/tf_manager_cpp) by extensions ['ros']
[1.523s] Level 1:colcon.colcon_core.package_identification:_identify(src/tf_manager_cpp) by extension 'ros'
[1.524s] DEBUG:colcon.colcon_core.package_identification:Package 'src/tf_manager_cpp' with type 'ros.ament_cmake' and name 'tf_manager_cpp'
[1.525s] Level 1:colcon.colcon_core.package_discovery:discover_packages(recursive) using defaults
[1.525s] Level 1:colcon.colcon_core.package_discovery:discover_packages(ignore) discover
[1.525s] Level 1:colcon.colcon_core.package_discovery:discover_packages(ignore) using defaults
[1.525s] Level 1:colcon.colcon_core.package_discovery:discover_packages(path) discover
[1.525s] Level 1:colcon.colcon_core.package_discovery:discover_packages(path) using defaults
[1.602s] INFO:colcon.colcon_core.package_selection:Skipping not selected package 'ebimu_pkg' in 'src/ebimu_pkg'
[1.602s] INFO:colcon.colcon_core.package_selection:Skipping not selected package 'race_layer' in 'src/race_layer'
[1.602s] INFO:colcon.colcon_core.package_selection:Skipping not selected package 'race_pkg' in 'src/race_pkg'
[1.602s] INFO:colcon.colcon_core.package_selection:Skipping not selected package 'tf_manager_cpp' in 'src/tf_manager_cpp'
[1.602s] INFO:colcon.colcon_core.package_selection:Skipping not selected package 'sensor_layer' in 'src/sensor_layer'
[1.602s] INFO:colcon.colcon_core.package_selection:Skipping not selected package 'localization_layer' in 'src/localization_layer'
[1.602s] INFO:colcon.colcon_core.package_selection:Skipping not selected package 'sim_test' in 'src/sim_test'
[1.604s] Level 1:colcon.colcon_core.package_discovery:discover_packages(prefix_path) check parameters
[1.604s] Level 1:colcon.colcon_core.package_discovery:discover_packages(prefix_path) discover
[1.612s] DEBUG:colcon.colcon_installed_package_information.package_discovery:Found 347 installed packages in /opt/ros/humble
[1.614s] Level 1:colcon.colcon_core.package_discovery:discover_packages(prefix_path) using defaults
[1.697s] Level 5:colcon.colcon_core.verb:set package 'sllidar_ros2' build argument 'cmake_args' from command line to 'None'
[1.697s] Level 5:colcon.colcon_core.verb:set package 'sllidar_ros2' build argument 'cmake_target' from command line to 'None'
[1.697s] Level 5:colcon.colcon_core.verb:set package 'sllidar_ros2' build argument 'cmake_target_skip_unavailable' from command line to 'False'
[1.697s] Level 5:colcon.colcon_core.verb:set package 'sllidar_ros2' build argument 'cmake_clean_cache' from command line to 'False'
[1.697s] Level 5:colcon.colcon_core.verb:set package 'sllidar_ros2' build argument 'cmake_clean_first' from command line to 'False'
[1.697s] Level 5:colcon.colcon_core.verb:set package 'sllidar_ros2' build argument 'cmake_force_configure' from command line to 'False'
[1.697s] Level 5:colcon.colcon_core.verb:set package 'sllidar_ros2' build argument 'ament_cmake_args' from command line to 'None'
[1.697s] Level 5:colcon.colcon_core.verb:set package 'sllidar_ros2' build argument 'catkin_cmake_args' from command line to 'None'
[1.697s] Level 5:colcon.colcon_core.verb:set package 'sllidar_ros2' build argument 'catkin_skip_building_tests' from command line to 'False'
[1.697s] DEBUG:colcon.colcon_core.verb:Building package 'sllidar_ros2' with the following arguments: {'ament_cmake_args': None, 'build_base': '/home/tkddn647/test/build/sllidar_ros2', 'catkin_cmake_args': None, 'catkin_skip_building_tests': False, 'cmake_args': None, 'cmake_clean_cache': False, 'cmake_clean_first': False, 'cmake_force_configure': False, 'cmake_target': None, 'cmake_target_skip_unavailable': False, 'install_base': '/home/tkddn647/test/install/sllidar_ros2', 'merge_install': False, 'path': '/home/tkddn647/test/src/sllidar_ros2', 'symlink_install': True, 'test_result_base': None}
[1.697s] INFO:colcon.colcon_core.executor:Executing jobs using 'parallel' executor
[1.699s] DEBUG:colcon.colcon_parallel_executor.executor.parallel:run_until_complete
[1.699s] INFO:colcon.colcon_ros.task.ament_cmake.build:Building ROS package in '/home/tkddn647/test/src/sllidar_ros2' with build type 'ament_cmake'
[1.700s] INFO:colcon.colcon_cmake.task.cmake.build:Building CMake package in '/home/tkddn647/test/src/sllidar_ros2'
[1.715s] INFO:colcon.colcon_core.plugin_system:Skipping extension 'colcon_core.shell.bat': Not used on non-Windows systems
[1.716s] INFO:colcon.colcon_core.shell:Skip shell extension 'powershell' for command environment: Not usable outside of PowerShell
[1.716s] DEBUG:colcon.colcon_core.shell:Skip shell extension 'dsv' for command environment
[1.746s] DEBUG:colcon.colcon_core.event_handler.log_command:Invoking command in '/home/tkddn647/test/build/sllidar_ros2': CMAKE_PREFIX_PATH=/opt/ros/humble /usr/bin/cmake --build /home/tkddn647/test/build/sllidar_ros2 -- -j12 -l12
[9.692s] DEBUG:colcon.colcon_core.event_handler.log_command:Invoked command in '/home/tkddn647/test/build/sllidar_ros2' returned '0': CMAKE_PREFIX_PATH=/opt/ros/humble /usr/bin/cmake --build /home/tkddn647/test/build/sllidar_ros2 -- -j12 -l12
[9.710s] DEBUG:colcon.colcon_core.event_handler.log_command:Invoking command in '/home/tkddn647/test/build/sllidar_ros2': CMAKE_PREFIX_PATH=/opt/ros/humble /usr/bin/cmake --install /home/tkddn647/test/build/sllidar_ros2
[29.263s] Level 1:colcon.colcon_core.environment:create_environment_scripts_only(sllidar_ros2)
[29.264s] DEBUG:colcon.colcon_core.event_handler.log_command:Invoked command in '/home/tkddn647/test/build/sllidar_ros2' returned '0': CMAKE_PREFIX_PATH=/opt/ros/humble /usr/bin/cmake --install /home/tkddn647/test/build/sllidar_ros2
[29.285s] Level 1:colcon.colcon_core.environment:checking '/home/tkddn647/test/install/sllidar_ros2' for CMake module files
[29.287s] Level 1:colcon.colcon_core.environment:checking '/home/tkddn647/test/install/sllidar_ros2' for CMake config files
[29.297s] Level 1:colcon.colcon_core.shell:create_environment_hook('sllidar_ros2', 'cmake_prefix_path')
[29.297s] INFO:colcon.colcon_core.shell:Creating environment hook '/home/tkddn647/test/install/sllidar_ros2/share/sllidar_ros2/hook/cmake_prefix_path.ps1'
[29.300s] INFO:colcon.colcon_core.shell:Creating environment descriptor '/home/tkddn647/test/install/sllidar_ros2/share/sllidar_ros2/hook/cmake_prefix_path.dsv'
[29.302s] INFO:colcon.colcon_core.shell:Creating environment hook '/home/tkddn647/test/install/sllidar_ros2/share/sllidar_ros2/hook/cmake_prefix_path.sh'
[29.304s] Level 1:colcon.colcon_core.environment:checking '/home/tkddn647/test/install/sllidar_ros2/lib'
[29.305s] Level 1:colcon.colcon_core.environment:checking '/home/tkddn647/test/install/sllidar_ros2/bin'
[29.305s] Level 1:colcon.colcon_core.environment:checking '/home/tkddn647/test/install/sllidar_ros2/lib/pkgconfig/sllidar_ros2.pc'
[29.305s] Level 1:colcon.colcon_core.environment:checking '/home/tkddn647/test/install/sllidar_ros2/lib/python3.10/site-packages'
[29.306s] Level 1:colcon.colcon_core.environment:checking '/home/tkddn647/test/install/sllidar_ros2/bin'
[29.306s] INFO:colcon.colcon_core.shell:Creating package script '/home/tkddn647/test/install/sllidar_ros2/share/sllidar_ros2/package.ps1'
[29.308s] INFO:colcon.colcon_core.shell:Creating package descriptor '/home/tkddn647/test/install/sllidar_ros2/share/sllidar_ros2/package.dsv'
[29.310s] INFO:colcon.colcon_core.shell:Creating package script '/home/tkddn647/test/install/sllidar_ros2/share/sllidar_ros2/package.sh'
[29.313s] INFO:colcon.colcon_core.shell:Creating package script '/home/tkddn647/test/install/sllidar_ros2/share/sllidar_ros2/package.bash'
[29.315s] INFO:colcon.colcon_core.shell:Creating package script '/home/tkddn647/test/install/sllidar_ros2/share/sllidar_ros2/package.zsh'
[29.318s] Level 1:colcon.colcon_core.environment:create_file_with_runtime_dependencies(/home/tkddn647/test/install/sllidar_ros2/share/colcon-core/packages/sllidar_ros2)
[29.320s] Level 1:colcon.colcon_core.environment:create_environment_scripts_only(sllidar_ros2)
[29.320s] Level 1:colcon.colcon_core.environment:checking '/home/tkddn647/test/install/sllidar_ros2' for CMake module files
[29.322s] Level 1:colcon.colcon_core.environment:checking '/home/tkddn647/test/install/sllidar_ros2' for CMake config files
[29.323s] Level 1:colcon.colcon_core.shell:create_environment_hook('sllidar_ros2', 'cmake_prefix_path')
[29.323s] INFO:colcon.colcon_core.shell:Creating environment hook '/home/tkddn647/test/install/sllidar_ros2/share/sllidar_ros2/hook/cmake_prefix_path.ps1'
[29.324s] INFO:colcon.colcon_core.shell:Creating environment descriptor '/home/tkddn647/test/install/sllidar_ros2/share/sllidar_ros2/hook/cmake_prefix_path.dsv'
[29.325s] INFO:colcon.colcon_core.shell:Creating environment hook '/home/tkddn647/test/install/sllidar_ros2/share/sllidar_ros2/hook/cmake_prefix_path.sh'
[29.326s] Level 1:colcon.colcon_core.environment:checking '/home/tkddn647/test/install/sllidar_ros2/lib'
[29.327s] Level 1:colcon.colcon_core.environment:checking '/home/tkddn647/test/install/sllidar_ros2/bin'
[29.327s] Level 1:colcon.colcon_core.environment:checking '/home/tkddn647/test/install/sllidar_ros2/lib/pkgconfig/sllidar_ros2.pc'
[29.327s] Level 1:colcon.colcon_core.environment:checking '/home/tkddn647/test/install/sllidar_ros2/lib/python3.10/site-packages'
[29.328s] Level 1:colcon.colcon_core.environment:checking '/home/tkddn647/test/install/sllidar_ros2/bin'
[29.329s] INFO:colcon.colcon_core.shell:Creating package script '/home/tkddn647/test/install/sllidar_ros2/share/sllidar_ros2/package.ps1'
[29.330s] INFO:colcon.colcon_core.shell:Creating package descriptor '/home/tkddn647/test/install/sllidar_ros2/share/sllidar_ros2/package.dsv'
[29.331s] INFO:colcon.colcon_core.shell:Creating package script '/home/tkddn647/test/install/sllidar_ros2/share/sllidar_ros2/package.sh'
[29.333s] INFO:colcon.colcon_core.shell:Creating package script '/home/tkddn647/test/install/sllidar_ros2/share/sllidar_ros2/package.bash'
[29.334s] INFO:colcon.colcon_core.shell:Creating package script '/home/tkddn647/test/install/sllidar_ros2/share/sllidar_ros2/package.zsh'
[29.335s] Level 1:colcon.colcon_core.environment:create_file_with_runtime_dependencies(/home/tkddn647/test/install/sllidar_ros2/share/colcon-core/packages/sllidar_ros2)
[29.336s] DEBUG:colcon.colcon_parallel_executor.executor.parallel:closing loop
[29.337s] DEBUG:colcon.colcon_parallel_executor.executor.parallel:loop closed
[29.337s] DEBUG:colcon.colcon_parallel_executor.executor.parallel:run_until_complete finished with '0'
[29.338s] DEBUG:colcon.colcon_core.event_reactor:joining thread
[29.442s] INFO:colcon.colcon_core.plugin_system:Skipping extension 'colcon_notification.desktop_notification.notify_send': Could not find 'notify-send'
[29.442s] INFO:colcon.colcon_core.plugin_system:Skipping extension 'colcon_notification.desktop_notification.terminal_notifier': Not used on non-Darwin systems
[29.442s] INFO:colcon.colcon_core.plugin_system:Skipping extension 'colcon_notification.desktop_notification.win32': Not used on non-Windows systems
[29.442s] INFO:colcon.colcon_notification.desktop_notification:Sending desktop notification using 'notify2'
[29.443s] DEBUG:colcon.colcon_notification.desktop_notification.notify2:Failed to initialize notify2: org.freedesktop.DBus.Error.AccessDenied: Failed to connect to socket /run/user/1000/bus: Operation not permitted
[29.443s] DEBUG:colcon.colcon_core.event_reactor:joined thread
[29.444s] INFO:colcon.colcon_core.shell:Creating prefix script '/home/tkddn647/test/install/local_setup.ps1'
[29.457s] INFO:colcon.colcon_core.shell:Creating prefix util module '/home/tkddn647/test/install/_local_setup_util_ps1.py'
[29.460s] INFO:colcon.colcon_core.shell:Creating prefix chain script '/home/tkddn647/test/install/setup.ps1'
[29.462s] INFO:colcon.colcon_core.shell:Creating prefix script '/home/tkddn647/test/install/local_setup.sh'
[29.464s] INFO:colcon.colcon_core.shell:Creating prefix util module '/home/tkddn647/test/install/_local_setup_util_sh.py'
[29.465s] INFO:colcon.colcon_core.shell:Creating prefix chain script '/home/tkddn647/test/install/setup.sh'
[29.467s] INFO:colcon.colcon_core.shell:Creating prefix script '/home/tkddn647/test/install/local_setup.bash'
[29.471s] INFO:colcon.colcon_core.shell:Creating prefix chain script '/home/tkddn647/test/install/setup.bash'
[29.474s] INFO:colcon.colcon_core.shell:Creating prefix script '/home/tkddn647/test/install/local_setup.zsh'
[29.476s] INFO:colcon.colcon_core.shell:Creating prefix chain script '/home/tkddn647/test/install/setup.zsh'
