-- Found ament_cmake: 1.3.12 (/opt/ros/humble/share/ament_cmake/cmake)
-- Override CMake install command with custom implementation using symlinks instead of copying resources
-- Configuring done
-- Generating done
-- Build files have been written to: /home/tkddn647/test/build/sensor_layer
-- Install configuration: ""
-- Execute custom install script
-- Symlinking: /home/tkddn647/test/install/sensor_layer/share/sensor_layer/launch/sensor_layer_launch.py
-- Symlinking: /home/tkddn647/test/install/sensor_layer/share/sensor_layer/config/sensor_params.yaml
-- Symlinking: /home/tkddn647/test/install/sensor_layer/share/ament_index/resource_index/package_run_dependencies/sensor_layer
-- Symlinking: /home/tkddn647/test/install/sensor_layer/share/ament_index/resource_index/parent_prefix_path/sensor_layer
-- Symlinking: /home/tkddn647/test/install/sensor_layer/share/sensor_layer/environment/ament_prefix_path.sh
-- Symlinking: /home/tkddn647/test/install/sensor_layer/share/sensor_layer/environment/ament_prefix_path.dsv
-- Symlinking: /home/tkddn647/test/install/sensor_layer/share/sensor_layer/environment/path.sh
-- Symlinking: /home/tkddn647/test/install/sensor_layer/share/sensor_layer/environment/path.dsv
-- Symlinking: /home/tkddn647/test/install/sensor_layer/share/sensor_layer/local_setup.bash
-- Symlinking: /home/tkddn647/test/install/sensor_layer/share/sensor_layer/local_setup.sh
-- Symlinking: /home/tkddn647/test/install/sensor_layer/share/sensor_layer/local_setup.zsh
-- Symlinking: /home/tkddn647/test/install/sensor_layer/share/sensor_layer/local_setup.dsv
-- Symlinking: /home/tkddn647/test/install/sensor_layer/share/sensor_layer/package.dsv
-- Symlinking: /home/tkddn647/test/install/sensor_layer/share/ament_index/resource_index/packages/sensor_layer
-- Symlinking: /home/tkddn647/test/install/sensor_layer/share/sensor_layer/cmake/sensor_layerConfig.cmake
-- Symlinking: /home/tkddn647/test/install/sensor_layer/share/sensor_layer/cmake/sensor_layerConfig-version.cmake
-- Symlinking: /home/tkddn647/test/install/sensor_layer/share/sensor_layer/package.xml
