[0.244s] Invoking command in '/home/tkddn647/test/build/sensor_layer': AMENT_PREFIX_PATH=/home/tkddn647/test/install/tf_manager_cpp:/home/tkddn647/test/install/sllidar_ros2:/home/tkddn647/test/install/ebimu_pkg:${AMENT_PREFIX_PATH} CMAKE_PREFIX_PATH=/home/tkddn647/test/install/tf_manager_cpp:/home/tkddn647/test/install/sllidar_ros2:/opt/ros/humble PYTHONPATH=/home/tkddn647/test/install/ebimu_pkg/lib/python3.10/site-packages:${PYTHONPATH} /usr/bin/cmake /home/tkddn647/test/src/sensor_layer -DAMENT_CMAKE_SYMLINK_INSTALL=1 -DCMAKE_INSTALL_PREFIX=/home/tkddn647/test/install/sensor_layer
[0.306s] -- Found ament_cmake: 1.3.12 (/opt/ros/humble/share/ament_cmake/cmake)
[0.470s] -- Override CMake install command with custom implementation using symlinks instead of copying resources
[0.585s] -- Configuring done
[0.594s] -- Generating done
[0.596s] -- Build files have been written to: /home/tkddn647/test/build/sensor_layer
[0.601s] Invoked command in '/home/tkddn647/test/build/sensor_layer' returned '0': AMENT_PREFIX_PATH=/home/tkddn647/test/install/tf_manager_cpp:/home/tkddn647/test/install/sllidar_ros2:/home/tkddn647/test/install/ebimu_pkg:${AMENT_PREFIX_PATH} CMAKE_PREFIX_PATH=/home/tkddn647/test/install/tf_manager_cpp:/home/tkddn647/test/install/sllidar_ros2:/opt/ros/humble PYTHONPATH=/home/tkddn647/test/install/ebimu_pkg/lib/python3.10/site-packages:${PYTHONPATH} /usr/bin/cmake /home/tkddn647/test/src/sensor_layer -DAMENT_CMAKE_SYMLINK_INSTALL=1 -DCMAKE_INSTALL_PREFIX=/home/tkddn647/test/install/sensor_layer
[0.604s] Invoking command in '/home/tkddn647/test/build/sensor_layer': AMENT_PREFIX_PATH=/home/tkddn647/test/install/tf_manager_cpp:/home/tkddn647/test/install/sllidar_ros2:/home/tkddn647/test/install/ebimu_pkg:${AMENT_PREFIX_PATH} CMAKE_PREFIX_PATH=/home/tkddn647/test/install/tf_manager_cpp:/home/tkddn647/test/install/sllidar_ros2:/opt/ros/humble PYTHONPATH=/home/tkddn647/test/install/ebimu_pkg/lib/python3.10/site-packages:${PYTHONPATH} /usr/bin/cmake --build /home/tkddn647/test/build/sensor_layer -- -j12 -l12
[0.658s] Invoked command in '/home/tkddn647/test/build/sensor_layer' returned '0': AMENT_PREFIX_PATH=/home/tkddn647/test/install/tf_manager_cpp:/home/tkddn647/test/install/sllidar_ros2:/home/tkddn647/test/install/ebimu_pkg:${AMENT_PREFIX_PATH} CMAKE_PREFIX_PATH=/home/tkddn647/test/install/tf_manager_cpp:/home/tkddn647/test/install/sllidar_ros2:/opt/ros/humble PYTHONPATH=/home/tkddn647/test/install/ebimu_pkg/lib/python3.10/site-packages:${PYTHONPATH} /usr/bin/cmake --build /home/tkddn647/test/build/sensor_layer -- -j12 -l12
[0.672s] Invoking command in '/home/tkddn647/test/build/sensor_layer': AMENT_PREFIX_PATH=/home/tkddn647/test/install/tf_manager_cpp:/home/tkddn647/test/install/sllidar_ros2:/home/tkddn647/test/install/ebimu_pkg:${AMENT_PREFIX_PATH} CMAKE_PREFIX_PATH=/home/tkddn647/test/install/tf_manager_cpp:/home/tkddn647/test/install/sllidar_ros2:/opt/ros/humble PYTHONPATH=/home/tkddn647/test/install/ebimu_pkg/lib/python3.10/site-packages:${PYTHONPATH} /usr/bin/cmake --install /home/tkddn647/test/build/sensor_layer
[0.680s] -- Install configuration: ""
[0.680s] -- Execute custom install script
[0.680s] -- Symlinking: /home/tkddn647/test/install/sensor_layer/share/sensor_layer/launch/sensor_layer_launch.py
[0.693s] -- Symlinking: /home/tkddn647/test/install/sensor_layer/share/sensor_layer/config/sensor_params.yaml
[0.708s] -- Symlinking: /home/tkddn647/test/install/sensor_layer/share/ament_index/resource_index/package_run_dependencies/sensor_layer
[0.720s] -- Symlinking: /home/tkddn647/test/install/sensor_layer/share/ament_index/resource_index/parent_prefix_path/sensor_layer
[0.733s] -- Symlinking: /home/tkddn647/test/install/sensor_layer/share/sensor_layer/environment/ament_prefix_path.sh
[0.746s] -- Symlinking: /home/tkddn647/test/install/sensor_layer/share/sensor_layer/environment/ament_prefix_path.dsv
[0.759s] -- Symlinking: /home/tkddn647/test/install/sensor_layer/share/sensor_layer/environment/path.sh
[0.773s] -- Symlinking: /home/tkddn647/test/install/sensor_layer/share/sensor_layer/environment/path.dsv
[0.785s] -- Symlinking: /home/tkddn647/test/install/sensor_layer/share/sensor_layer/local_setup.bash
[0.800s] -- Symlinking: /home/tkddn647/test/install/sensor_layer/share/sensor_layer/local_setup.sh
[0.813s] -- Symlinking: /home/tkddn647/test/install/sensor_layer/share/sensor_layer/local_setup.zsh
[0.825s] -- Symlinking: /home/tkddn647/test/install/sensor_layer/share/sensor_layer/local_setup.dsv
[0.837s] -- Symlinking: /home/tkddn647/test/install/sensor_layer/share/sensor_layer/package.dsv
[0.849s] -- Symlinking: /home/tkddn647/test/install/sensor_layer/share/ament_index/resource_index/packages/sensor_layer
[0.861s] -- Symlinking: /home/tkddn647/test/install/sensor_layer/share/sensor_layer/cmake/sensor_layerConfig.cmake
[0.875s] -- Symlinking: /home/tkddn647/test/install/sensor_layer/share/sensor_layer/cmake/sensor_layerConfig-version.cmake
[0.887s] -- Symlinking: /home/tkddn647/test/install/sensor_layer/share/sensor_layer/package.xml
[0.901s] Invoked command in '/home/tkddn647/test/build/sensor_layer' returned '0': AMENT_PREFIX_PATH=/home/tkddn647/test/install/tf_manager_cpp:/home/tkddn647/test/install/sllidar_ros2:/home/tkddn647/test/install/ebimu_pkg:${AMENT_PREFIX_PATH} CMAKE_PREFIX_PATH=/home/tkddn647/test/install/tf_manager_cpp:/home/tkddn647/test/install/sllidar_ros2:/opt/ros/humble PYTHONPATH=/home/tkddn647/test/install/ebimu_pkg/lib/python3.10/site-packages:${PYTHONPATH} /usr/bin/cmake --install /home/tkddn647/test/build/sensor_layer
