[0.262s] Invoking command in '/home/tkddn647/test/build/localization_layer': AMENT_PREFIX_PATH=/home/tkddn647/test/install/sensor_layer:/home/tkddn647/test/install/tf_manager_cpp:/home/tkddn647/test/install/sllidar_ros2:/home/tkddn647/test/install/ebimu_pkg:${AMENT_PREFIX_PATH} CMAKE_PREFIX_PATH=/home/tkddn647/test/install/sensor_layer:/home/tkddn647/test/install/tf_manager_cpp:/home/tkddn647/test/install/sllidar_ros2:/opt/ros/humble PYTHONPATH=/home/tkddn647/test/install/ebimu_pkg/lib/python3.10/site-packages:${PYTHONPATH} /usr/bin/cmake --build /home/tkddn647/test/build/localization_layer -- -j12 -l12
[0.390s] Invoked command in '/home/tkddn647/test/build/localization_layer' returned '0': AMENT_PREFIX_PATH=/home/tkddn647/test/install/sensor_layer:/home/tkddn647/test/install/tf_manager_cpp:/home/tkddn647/test/install/sllidar_ros2:/home/tkddn647/test/install/ebimu_pkg:${AMENT_PREFIX_PATH} CMAKE_PREFIX_PATH=/home/tkddn647/test/install/sensor_layer:/home/tkddn647/test/install/tf_manager_cpp:/home/tkddn647/test/install/sllidar_ros2:/opt/ros/humble PYTHONPATH=/home/tkddn647/test/install/ebimu_pkg/lib/python3.10/site-packages:${PYTHONPATH} /usr/bin/cmake --build /home/tkddn647/test/build/localization_layer -- -j12 -l12
[0.407s] Invoking command in '/home/tkddn647/test/build/localization_layer': AMENT_PREFIX_PATH=/home/tkddn647/test/install/sensor_layer:/home/tkddn647/test/install/tf_manager_cpp:/home/tkddn647/test/install/sllidar_ros2:/home/tkddn647/test/install/ebimu_pkg:${AMENT_PREFIX_PATH} CMAKE_PREFIX_PATH=/home/tkddn647/test/install/sensor_layer:/home/tkddn647/test/install/tf_manager_cpp:/home/tkddn647/test/install/sllidar_ros2:/opt/ros/humble PYTHONPATH=/home/tkddn647/test/install/ebimu_pkg/lib/python3.10/site-packages:${PYTHONPATH} /usr/bin/cmake --install /home/tkddn647/test/build/localization_layer
[0.418s] -- Install configuration: ""
[0.419s] -- Execute custom install script
[0.421s] -- Up-to-date symlink: /home/tkddn647/test/install/localization_layer/share/localization_layer/launch/__pycache__/cartographer_fake_localization_launch.cpython-310.pyc
[0.422s] -- Up-to-date symlink: /home/tkddn647/test/install/localization_layer/share/localization_layer/launch/__pycache__/cartographer_fake_mapping_launch.cpython-310.pyc
[0.422s] -- Symlinking: /home/tkddn647/test/install/localization_layer/share/localization_layer/launch/__pycache__/cartographer_mapping_launch.cpython-310.pyc
[0.437s] -- Up-to-date symlink: /home/tkddn647/test/install/localization_layer/share/localization_layer/launch/cartographer_fake_localization_launch.py
[0.437s] -- Up-to-date symlink: /home/tkddn647/test/install/localization_layer/share/localization_layer/launch/cartographer_fake_mapping_launch.py
[0.438s] -- Up-to-date symlink: /home/tkddn647/test/install/localization_layer/share/localization_layer/launch/cartographer_localization_launch.py
[0.438s] -- Up-to-date symlink: /home/tkddn647/test/install/localization_layer/share/localization_layer/launch/cartographer_mapping_launch.py
[0.439s] -- Up-to-date symlink: /home/tkddn647/test/install/localization_layer/share/localization_layer/config/cartographer_2d_localization.lua
[0.439s] -- Up-to-date symlink: /home/tkddn647/test/install/localization_layer/share/localization_layer/config/cartographer_2d_mapping.lua
[0.440s] -- Up-to-date symlink: /home/tkddn647/test/install/localization_layer/share/localization_layer/config/cartographer_2d_mapping_lidar_only.lua
[0.440s] -- Up-to-date symlink: /home/tkddn647/test/install/localization_layer/share/localization_layer/config/map_builder.lua
[0.440s] -- Up-to-date symlink: /home/tkddn647/test/install/localization_layer/share/localization_layer/config/map_builder_mapping.lua
[0.441s] -- Up-to-date symlink: /home/tkddn647/test/install/localization_layer/share/localization_layer/config/pose_graph.lua
[0.441s] -- Up-to-date symlink: /home/tkddn647/test/install/localization_layer/share/localization_layer/config/pose_graph_mapping.lua
[0.442s] -- Up-to-date symlink: /home/tkddn647/test/install/localization_layer/share/localization_layer/config/trajectory_builder.lua
[0.442s] -- Up-to-date symlink: /home/tkddn647/test/install/localization_layer/lib/localization_layer/map_auto_saver.py
[0.443s] -- Up-to-date symlink: /home/tkddn647/test/install/localization_layer/lib/localization_layer/fake_sensor_publisher.py
[0.443s] -- Up-to-date symlink: /home/tkddn647/test/install/localization_layer/share/ament_index/resource_index/package_run_dependencies/localization_layer
[0.443s] -- Up-to-date symlink: /home/tkddn647/test/install/localization_layer/share/ament_index/resource_index/parent_prefix_path/localization_layer
[0.444s] -- Up-to-date symlink: /home/tkddn647/test/install/localization_layer/share/localization_layer/environment/ament_prefix_path.sh
[0.444s] -- Up-to-date symlink: /home/tkddn647/test/install/localization_layer/share/localization_layer/environment/ament_prefix_path.dsv
[0.445s] -- Up-to-date symlink: /home/tkddn647/test/install/localization_layer/share/localization_layer/environment/path.sh
[0.445s] -- Up-to-date symlink: /home/tkddn647/test/install/localization_layer/share/localization_layer/environment/path.dsv
[0.446s] -- Up-to-date symlink: /home/tkddn647/test/install/localization_layer/share/localization_layer/local_setup.bash
[0.446s] -- Up-to-date symlink: /home/tkddn647/test/install/localization_layer/share/localization_layer/local_setup.sh
[0.447s] -- Up-to-date symlink: /home/tkddn647/test/install/localization_layer/share/localization_layer/local_setup.zsh
[0.447s] -- Up-to-date symlink: /home/tkddn647/test/install/localization_layer/share/localization_layer/local_setup.dsv
[0.447s] -- Symlinking: /home/tkddn647/test/install/localization_layer/share/localization_layer/package.dsv
[0.462s] -- Up-to-date symlink: /home/tkddn647/test/install/localization_layer/share/ament_index/resource_index/packages/localization_layer
[0.462s] -- Up-to-date symlink: /home/tkddn647/test/install/localization_layer/share/localization_layer/cmake/localization_layerConfig.cmake
[0.463s] -- Up-to-date symlink: /home/tkddn647/test/install/localization_layer/share/localization_layer/cmake/localization_layerConfig-version.cmake
[0.463s] -- Up-to-date symlink: /home/tkddn647/test/install/localization_layer/share/localization_layer/package.xml
[30.030s] Invoked command in '/home/tkddn647/test/build/localization_layer' returned '0': AMENT_PREFIX_PATH=/home/tkddn647/test/install/sensor_layer:/home/tkddn647/test/install/tf_manager_cpp:/home/tkddn647/test/install/sllidar_ros2:/home/tkddn647/test/install/ebimu_pkg:${AMENT_PREFIX_PATH} CMAKE_PREFIX_PATH=/home/tkddn647/test/install/sensor_layer:/home/tkddn647/test/install/tf_manager_cpp:/home/tkddn647/test/install/sllidar_ros2:/opt/ros/humble PYTHONPATH=/home/tkddn647/test/install/ebimu_pkg/lib/python3.10/site-packages:${PYTHONPATH} /usr/bin/cmake --install /home/tkddn647/test/build/localization_layer
