[0.237s] DEBUG:colcon:Command line arguments: ['/usr/bin/colcon', 'build', '--symlink-install', '--packages-select', 'sim_test', 'localization_layer', 'race_layer']
[0.237s] DEBUG:colcon:Parsed command line arguments: Namespace(log_base=None, log_level=None, verb_name='build', build_base='build', install_base='install', merge_install=False, symlink_install=True, test_result_base=None, continue_on_error=False, executor='parallel', parallel_workers=12, event_handlers=None, ignore_user_meta=False, metas=['./colcon.meta'], base_paths=['.'], packages_ignore=None, packages_ignore_regex=None, paths=None, packages_up_to=None, packages_up_to_regex=None, packages_above=None, packages_above_and_dependencies=None, packages_above_depth=None, packages_select_by_dep=None, packages_skip_by_dep=None, packages_skip_up_to=None, packages_select_build_failed=False, packages_skip_build_finished=False, packages_select_test_failures=False, packages_skip_test_passed=False, packages_select=['sim_test', 'localization_layer', 'race_layer'], packages_skip=None, packages_select_regex=None, packages_skip_regex=None, packages_start=None, packages_end=None, allow_overriding=[], cmake_args=None, cmake_target=None, cmake_target_skip_unavailable=False, cmake_clean_cache=False, cmake_clean_first=False, cmake_force_configure=False, ament_cmake_args=None, catkin_cmake_args=None, catkin_skip_building_tests=False, mixin_files=None, mixin=None, verb_parser=<colcon_mixin.mixin.mixin_argument.MixinArgumentDecorator object at 0x78085d1c27d0>, verb_extension=<colcon_core.verb.build.BuildVerb object at 0x78085d363730>, main=<bound method BuildVerb.main of <colcon_core.verb.build.BuildVerb object at 0x78085d363730>>, mixin_verb=('build',))
[0.418s] Level 1:colcon.colcon_core.package_discovery:discover_packages(colcon_meta) check parameters
[0.418s] Level 1:colcon.colcon_core.package_discovery:discover_packages(recursive) check parameters
[0.418s] Level 1:colcon.colcon_core.package_discovery:discover_packages(ignore) check parameters
[0.418s] Level 1:colcon.colcon_core.package_discovery:discover_packages(path) check parameters
[0.418s] Level 1:colcon.colcon_core.package_discovery:discover_packages(colcon_meta) discover
[0.418s] Level 1:colcon.colcon_core.package_discovery:discover_packages(recursive) discover
[0.418s] INFO:colcon.colcon_core.package_discovery:Crawling recursively for packages in '/home/tkddn647/test'
[0.418s] Level 1:colcon.colcon_core.package_identification:_identify(.) by extensions ['ignore', 'ignore_ament_install']
[0.418s] Level 1:colcon.colcon_core.package_identification:_identify(.) by extension 'ignore'
[0.418s] Level 1:colcon.colcon_core.package_identification:_identify(.) by extension 'ignore_ament_install'
[0.418s] Level 1:colcon.colcon_core.package_identification:_identify(.) by extensions ['colcon_pkg']
[0.418s] Level 1:colcon.colcon_core.package_identification:_identify(.) by extension 'colcon_pkg'
[0.418s] Level 1:colcon.colcon_core.package_identification:_identify(.) by extensions ['colcon_meta']
[0.419s] Level 1:colcon.colcon_core.package_identification:_identify(.) by extension 'colcon_meta'
[0.419s] Level 1:colcon.colcon_core.package_identification:_identify(.) by extensions ['ros']
[0.419s] Level 1:colcon.colcon_core.package_identification:_identify(.) by extension 'ros'
[0.428s] Level 1:colcon.colcon_core.package_identification:_identify(.) by extensions ['cmake', 'python']
[0.428s] Level 1:colcon.colcon_core.package_identification:_identify(.) by extension 'cmake'
[0.428s] Level 1:colcon.colcon_core.package_identification:_identify(.) by extension 'python'
[0.428s] Level 1:colcon.colcon_core.package_identification:_identify(.) by extensions ['python_setup_py']
[0.428s] Level 1:colcon.colcon_core.package_identification:_identify(.) by extension 'python_setup_py'
[0.429s] Level 1:colcon.colcon_core.package_identification:_identify(build) by extensions ['ignore', 'ignore_ament_install']
[0.429s] Level 1:colcon.colcon_core.package_identification:_identify(build) by extension 'ignore'
[0.429s] Level 1:colcon.colcon_core.package_identification:_identify(build) ignored
[0.429s] Level 1:colcon.colcon_core.package_identification:_identify(install) by extensions ['ignore', 'ignore_ament_install']
[0.429s] Level 1:colcon.colcon_core.package_identification:_identify(install) by extension 'ignore'
[0.429s] Level 1:colcon.colcon_core.package_identification:_identify(install) ignored
[0.429s] Level 1:colcon.colcon_core.package_identification:_identify(log) by extensions ['ignore', 'ignore_ament_install']
[0.429s] Level 1:colcon.colcon_core.package_identification:_identify(log) by extension 'ignore'
[0.429s] Level 1:colcon.colcon_core.package_identification:_identify(log) ignored
[0.430s] Level 1:colcon.colcon_core.package_identification:_identify(maps) by extensions ['ignore', 'ignore_ament_install']
[0.430s] Level 1:colcon.colcon_core.package_identification:_identify(maps) by extension 'ignore'
[0.430s] Level 1:colcon.colcon_core.package_identification:_identify(maps) by extension 'ignore_ament_install'
[0.430s] Level 1:colcon.colcon_core.package_identification:_identify(maps) by extensions ['colcon_pkg']
[0.430s] Level 1:colcon.colcon_core.package_identification:_identify(maps) by extension 'colcon_pkg'
[0.430s] Level 1:colcon.colcon_core.package_identification:_identify(maps) by extensions ['colcon_meta']
[0.430s] Level 1:colcon.colcon_core.package_identification:_identify(maps) by extension 'colcon_meta'
[0.430s] Level 1:colcon.colcon_core.package_identification:_identify(maps) by extensions ['ros']
[0.430s] Level 1:colcon.colcon_core.package_identification:_identify(maps) by extension 'ros'
[0.430s] Level 1:colcon.colcon_core.package_identification:_identify(maps) by extensions ['cmake', 'python']
[0.430s] Level 1:colcon.colcon_core.package_identification:_identify(maps) by extension 'cmake'
[0.430s] Level 1:colcon.colcon_core.package_identification:_identify(maps) by extension 'python'
[0.430s] Level 1:colcon.colcon_core.package_identification:_identify(maps) by extensions ['python_setup_py']
[0.430s] Level 1:colcon.colcon_core.package_identification:_identify(maps) by extension 'python_setup_py'
[0.430s] Level 1:colcon.colcon_core.package_identification:_identify(src) by extensions ['ignore', 'ignore_ament_install']
[0.431s] Level 1:colcon.colcon_core.package_identification:_identify(src) by extension 'ignore'
[0.431s] Level 1:colcon.colcon_core.package_identification:_identify(src) by extension 'ignore_ament_install'
[0.431s] Level 1:colcon.colcon_core.package_identification:_identify(src) by extensions ['colcon_pkg']
[0.431s] Level 1:colcon.colcon_core.package_identification:_identify(src) by extension 'colcon_pkg'
[0.431s] Level 1:colcon.colcon_core.package_identification:_identify(src) by extensions ['colcon_meta']
[0.431s] Level 1:colcon.colcon_core.package_identification:_identify(src) by extension 'colcon_meta'
[0.431s] Level 1:colcon.colcon_core.package_identification:_identify(src) by extensions ['ros']
[0.431s] Level 1:colcon.colcon_core.package_identification:_identify(src) by extension 'ros'
[0.431s] Level 1:colcon.colcon_core.package_identification:_identify(src) by extensions ['cmake', 'python']
[0.431s] Level 1:colcon.colcon_core.package_identification:_identify(src) by extension 'cmake'
[0.431s] Level 1:colcon.colcon_core.package_identification:_identify(src) by extension 'python'
[0.431s] Level 1:colcon.colcon_core.package_identification:_identify(src) by extensions ['python_setup_py']
[0.431s] Level 1:colcon.colcon_core.package_identification:_identify(src) by extension 'python_setup_py'
[0.432s] Level 1:colcon.colcon_core.package_identification:_identify(src/ebimu_pkg) by extensions ['ignore', 'ignore_ament_install']
[0.432s] Level 1:colcon.colcon_core.package_identification:_identify(src/ebimu_pkg) by extension 'ignore'
[0.432s] Level 1:colcon.colcon_core.package_identification:_identify(src/ebimu_pkg) by extension 'ignore_ament_install'
[0.432s] Level 1:colcon.colcon_core.package_identification:_identify(src/ebimu_pkg) by extensions ['colcon_pkg']
[0.432s] Level 1:colcon.colcon_core.package_identification:_identify(src/ebimu_pkg) by extension 'colcon_pkg'
[0.432s] Level 1:colcon.colcon_core.package_identification:_identify(src/ebimu_pkg) by extensions ['colcon_meta']
[0.432s] Level 1:colcon.colcon_core.package_identification:_identify(src/ebimu_pkg) by extension 'colcon_meta'
[0.432s] Level 1:colcon.colcon_core.package_identification:_identify(src/ebimu_pkg) by extensions ['ros']
[0.432s] Level 1:colcon.colcon_core.package_identification:_identify(src/ebimu_pkg) by extension 'ros'
[0.434s] DEBUG:colcon.colcon_core.package_identification:Package 'src/ebimu_pkg' with type 'ros.ament_python' and name 'ebimu_pkg'
[0.435s] Level 1:colcon.colcon_core.package_identification:_identify(src/localization_layer) by extensions ['ignore', 'ignore_ament_install']
[0.435s] Level 1:colcon.colcon_core.package_identification:_identify(src/localization_layer) by extension 'ignore'
[0.435s] Level 1:colcon.colcon_core.package_identification:_identify(src/localization_layer) by extension 'ignore_ament_install'
[0.435s] Level 1:colcon.colcon_core.package_identification:_identify(src/localization_layer) by extensions ['colcon_pkg']
[0.435s] Level 1:colcon.colcon_core.package_identification:_identify(src/localization_layer) by extension 'colcon_pkg'
[0.435s] Level 1:colcon.colcon_core.package_identification:_identify(src/localization_layer) by extensions ['colcon_meta']
[0.435s] Level 1:colcon.colcon_core.package_identification:_identify(src/localization_layer) by extension 'colcon_meta'
[0.435s] Level 1:colcon.colcon_core.package_identification:_identify(src/localization_layer) by extensions ['ros']
[0.435s] Level 1:colcon.colcon_core.package_identification:_identify(src/localization_layer) by extension 'ros'
[0.436s] DEBUG:colcon.colcon_core.package_identification:Package 'src/localization_layer' with type 'ros.ament_cmake' and name 'localization_layer'
[0.436s] Level 1:colcon.colcon_core.package_identification:_identify(src/race_layer) by extensions ['ignore', 'ignore_ament_install']
[0.436s] Level 1:colcon.colcon_core.package_identification:_identify(src/race_layer) by extension 'ignore'
[0.436s] Level 1:colcon.colcon_core.package_identification:_identify(src/race_layer) by extension 'ignore_ament_install'
[0.436s] Level 1:colcon.colcon_core.package_identification:_identify(src/race_layer) by extensions ['colcon_pkg']
[0.436s] Level 1:colcon.colcon_core.package_identification:_identify(src/race_layer) by extension 'colcon_pkg'
[0.436s] Level 1:colcon.colcon_core.package_identification:_identify(src/race_layer) by extensions ['colcon_meta']
[0.436s] Level 1:colcon.colcon_core.package_identification:_identify(src/race_layer) by extension 'colcon_meta'
[0.436s] Level 1:colcon.colcon_core.package_identification:_identify(src/race_layer) by extensions ['ros']
[0.436s] Level 1:colcon.colcon_core.package_identification:_identify(src/race_layer) by extension 'ros'
[0.437s] DEBUG:colcon.colcon_core.package_identification:Package 'src/race_layer' with type 'ros.ament_cmake' and name 'race_layer'
[0.437s] Level 1:colcon.colcon_core.package_identification:_identify(src/race_pkg) by extensions ['ignore', 'ignore_ament_install']
[0.437s] Level 1:colcon.colcon_core.package_identification:_identify(src/race_pkg) by extension 'ignore'
[0.437s] Level 1:colcon.colcon_core.package_identification:_identify(src/race_pkg) by extension 'ignore_ament_install'
[0.437s] Level 1:colcon.colcon_core.package_identification:_identify(src/race_pkg) by extensions ['colcon_pkg']
[0.437s] Level 1:colcon.colcon_core.package_identification:_identify(src/race_pkg) by extension 'colcon_pkg'
[0.437s] Level 1:colcon.colcon_core.package_identification:_identify(src/race_pkg) by extensions ['colcon_meta']
[0.437s] Level 1:colcon.colcon_core.package_identification:_identify(src/race_pkg) by extension 'colcon_meta'
[0.437s] Level 1:colcon.colcon_core.package_identification:_identify(src/race_pkg) by extensions ['ros']
[0.438s] Level 1:colcon.colcon_core.package_identification:_identify(src/race_pkg) by extension 'ros'
[0.438s] DEBUG:colcon.colcon_core.package_identification:Package 'src/race_pkg' with type 'ros.ament_python' and name 'race_pkg'
[0.438s] Level 1:colcon.colcon_core.package_identification:_identify(src/sensor_layer) by extensions ['ignore', 'ignore_ament_install']
[0.439s] Level 1:colcon.colcon_core.package_identification:_identify(src/sensor_layer) by extension 'ignore'
[0.439s] Level 1:colcon.colcon_core.package_identification:_identify(src/sensor_layer) by extension 'ignore_ament_install'
[0.439s] Level 1:colcon.colcon_core.package_identification:_identify(src/sensor_layer) by extensions ['colcon_pkg']
[0.439s] Level 1:colcon.colcon_core.package_identification:_identify(src/sensor_layer) by extension 'colcon_pkg'
[0.439s] Level 1:colcon.colcon_core.package_identification:_identify(src/sensor_layer) by extensions ['colcon_meta']
[0.439s] Level 1:colcon.colcon_core.package_identification:_identify(src/sensor_layer) by extension 'colcon_meta'
[0.439s] Level 1:colcon.colcon_core.package_identification:_identify(src/sensor_layer) by extensions ['ros']
[0.439s] Level 1:colcon.colcon_core.package_identification:_identify(src/sensor_layer) by extension 'ros'
[0.439s] DEBUG:colcon.colcon_core.package_identification:Package 'src/sensor_layer' with type 'ros.ament_cmake' and name 'sensor_layer'
[0.439s] Level 1:colcon.colcon_core.package_identification:_identify(src/sim_test) by extensions ['ignore', 'ignore_ament_install']
[0.440s] Level 1:colcon.colcon_core.package_identification:_identify(src/sim_test) by extension 'ignore'
[0.440s] Level 1:colcon.colcon_core.package_identification:_identify(src/sim_test) by extension 'ignore_ament_install'
[0.440s] Level 1:colcon.colcon_core.package_identification:_identify(src/sim_test) by extensions ['colcon_pkg']
[0.440s] Level 1:colcon.colcon_core.package_identification:_identify(src/sim_test) by extension 'colcon_pkg'
[0.440s] Level 1:colcon.colcon_core.package_identification:_identify(src/sim_test) by extensions ['colcon_meta']
[0.440s] Level 1:colcon.colcon_core.package_identification:_identify(src/sim_test) by extension 'colcon_meta'
[0.440s] Level 1:colcon.colcon_core.package_identification:_identify(src/sim_test) by extensions ['ros']
[0.440s] Level 1:colcon.colcon_core.package_identification:_identify(src/sim_test) by extension 'ros'
[0.441s] DEBUG:colcon.colcon_core.package_identification:Package 'src/sim_test' with type 'ros.ament_cmake' and name 'sim_test'
[0.441s] Level 1:colcon.colcon_core.package_identification:_identify(src/sllidar_ros2) by extensions ['ignore', 'ignore_ament_install']
[0.441s] Level 1:colcon.colcon_core.package_identification:_identify(src/sllidar_ros2) by extension 'ignore'
[0.441s] Level 1:colcon.colcon_core.package_identification:_identify(src/sllidar_ros2) by extension 'ignore_ament_install'
[0.441s] Level 1:colcon.colcon_core.package_identification:_identify(src/sllidar_ros2) by extensions ['colcon_pkg']
[0.441s] Level 1:colcon.colcon_core.package_identification:_identify(src/sllidar_ros2) by extension 'colcon_pkg'
[0.441s] Level 1:colcon.colcon_core.package_identification:_identify(src/sllidar_ros2) by extensions ['colcon_meta']
[0.441s] Level 1:colcon.colcon_core.package_identification:_identify(src/sllidar_ros2) by extension 'colcon_meta'
[0.441s] Level 1:colcon.colcon_core.package_identification:_identify(src/sllidar_ros2) by extensions ['ros']
[0.441s] Level 1:colcon.colcon_core.package_identification:_identify(src/sllidar_ros2) by extension 'ros'
[0.444s] DEBUG:colcon.colcon_core.package_identification:Package 'src/sllidar_ros2' with type 'ros.ament_cmake' and name 'sllidar_ros2'
[0.444s] Level 1:colcon.colcon_core.package_identification:_identify(src/tf_manager_cpp) by extensions ['ignore', 'ignore_ament_install']
[0.445s] Level 1:colcon.colcon_core.package_identification:_identify(src/tf_manager_cpp) by extension 'ignore'
[0.445s] Level 1:colcon.colcon_core.package_identification:_identify(src/tf_manager_cpp) by extension 'ignore_ament_install'
[0.445s] Level 1:colcon.colcon_core.package_identification:_identify(src/tf_manager_cpp) by extensions ['colcon_pkg']
[0.445s] Level 1:colcon.colcon_core.package_identification:_identify(src/tf_manager_cpp) by extension 'colcon_pkg'
[0.445s] Level 1:colcon.colcon_core.package_identification:_identify(src/tf_manager_cpp) by extensions ['colcon_meta']
[0.445s] Level 1:colcon.colcon_core.package_identification:_identify(src/tf_manager_cpp) by extension 'colcon_meta'
[0.445s] Level 1:colcon.colcon_core.package_identification:_identify(src/tf_manager_cpp) by extensions ['ros']
[0.445s] Level 1:colcon.colcon_core.package_identification:_identify(src/tf_manager_cpp) by extension 'ros'
[0.446s] DEBUG:colcon.colcon_core.package_identification:Package 'src/tf_manager_cpp' with type 'ros.ament_cmake' and name 'tf_manager_cpp'
[0.446s] Level 1:colcon.colcon_core.package_discovery:discover_packages(recursive) using defaults
[0.446s] Level 1:colcon.colcon_core.package_discovery:discover_packages(ignore) discover
[0.446s] Level 1:colcon.colcon_core.package_discovery:discover_packages(ignore) using defaults
[0.446s] Level 1:colcon.colcon_core.package_discovery:discover_packages(path) discover
[0.446s] Level 1:colcon.colcon_core.package_discovery:discover_packages(path) using defaults
[0.480s] INFO:colcon.colcon_core.package_selection:Skipping not selected package 'ebimu_pkg' in 'src/ebimu_pkg'
[0.481s] INFO:colcon.colcon_core.package_selection:Skipping not selected package 'race_pkg' in 'src/race_pkg'
[0.481s] INFO:colcon.colcon_core.package_selection:Skipping not selected package 'sllidar_ros2' in 'src/sllidar_ros2'
[0.481s] INFO:colcon.colcon_core.package_selection:Skipping not selected package 'tf_manager_cpp' in 'src/tf_manager_cpp'
[0.481s] INFO:colcon.colcon_core.package_selection:Skipping not selected package 'sensor_layer' in 'src/sensor_layer'
[0.481s] Level 1:colcon.colcon_core.package_discovery:discover_packages(prefix_path) check parameters
[0.481s] Level 1:colcon.colcon_core.package_discovery:discover_packages(prefix_path) discover
[0.484s] DEBUG:colcon.colcon_installed_package_information.package_discovery:Found 347 installed packages in /opt/ros/humble
[0.485s] Level 1:colcon.colcon_core.package_discovery:discover_packages(prefix_path) using defaults
[0.547s] Level 5:colcon.colcon_core.verb:set package 'race_layer' build argument 'cmake_args' from command line to 'None'
[0.547s] Level 5:colcon.colcon_core.verb:set package 'race_layer' build argument 'cmake_target' from command line to 'None'
[0.547s] Level 5:colcon.colcon_core.verb:set package 'race_layer' build argument 'cmake_target_skip_unavailable' from command line to 'False'
[0.547s] Level 5:colcon.colcon_core.verb:set package 'race_layer' build argument 'cmake_clean_cache' from command line to 'False'
[0.547s] Level 5:colcon.colcon_core.verb:set package 'race_layer' build argument 'cmake_clean_first' from command line to 'False'
[0.547s] Level 5:colcon.colcon_core.verb:set package 'race_layer' build argument 'cmake_force_configure' from command line to 'False'
[0.547s] Level 5:colcon.colcon_core.verb:set package 'race_layer' build argument 'ament_cmake_args' from command line to 'None'
[0.547s] Level 5:colcon.colcon_core.verb:set package 'race_layer' build argument 'catkin_cmake_args' from command line to 'None'
[0.547s] Level 5:colcon.colcon_core.verb:set package 'race_layer' build argument 'catkin_skip_building_tests' from command line to 'False'
[0.547s] DEBUG:colcon.colcon_core.verb:Building package 'race_layer' with the following arguments: {'ament_cmake_args': None, 'build_base': '/home/tkddn647/test/build/race_layer', 'catkin_cmake_args': None, 'catkin_skip_building_tests': False, 'cmake_args': None, 'cmake_clean_cache': False, 'cmake_clean_first': False, 'cmake_force_configure': False, 'cmake_target': None, 'cmake_target_skip_unavailable': False, 'install_base': '/home/tkddn647/test/install/race_layer', 'merge_install': False, 'path': '/home/tkddn647/test/src/race_layer', 'symlink_install': True, 'test_result_base': None}
[0.548s] Level 5:colcon.colcon_core.verb:set package 'localization_layer' build argument 'cmake_args' from command line to 'None'
[0.548s] Level 5:colcon.colcon_core.verb:set package 'localization_layer' build argument 'cmake_target' from command line to 'None'
[0.548s] Level 5:colcon.colcon_core.verb:set package 'localization_layer' build argument 'cmake_target_skip_unavailable' from command line to 'False'
[0.548s] Level 5:colcon.colcon_core.verb:set package 'localization_layer' build argument 'cmake_clean_cache' from command line to 'False'
[0.548s] Level 5:colcon.colcon_core.verb:set package 'localization_layer' build argument 'cmake_clean_first' from command line to 'False'
[0.548s] Level 5:colcon.colcon_core.verb:set package 'localization_layer' build argument 'cmake_force_configure' from command line to 'False'
[0.548s] Level 5:colcon.colcon_core.verb:set package 'localization_layer' build argument 'ament_cmake_args' from command line to 'None'
[0.548s] Level 5:colcon.colcon_core.verb:set package 'localization_layer' build argument 'catkin_cmake_args' from command line to 'None'
[0.548s] Level 5:colcon.colcon_core.verb:set package 'localization_layer' build argument 'catkin_skip_building_tests' from command line to 'False'
[0.548s] DEBUG:colcon.colcon_core.verb:Building package 'localization_layer' with the following arguments: {'ament_cmake_args': None, 'build_base': '/home/tkddn647/test/build/localization_layer', 'catkin_cmake_args': None, 'catkin_skip_building_tests': False, 'cmake_args': None, 'cmake_clean_cache': False, 'cmake_clean_first': False, 'cmake_force_configure': False, 'cmake_target': None, 'cmake_target_skip_unavailable': False, 'install_base': '/home/tkddn647/test/install/localization_layer', 'merge_install': False, 'path': '/home/tkddn647/test/src/localization_layer', 'symlink_install': True, 'test_result_base': None}
[0.548s] Level 5:colcon.colcon_core.verb:set package 'sim_test' build argument 'cmake_args' from command line to 'None'
[0.548s] Level 5:colcon.colcon_core.verb:set package 'sim_test' build argument 'cmake_target' from command line to 'None'
[0.548s] Level 5:colcon.colcon_core.verb:set package 'sim_test' build argument 'cmake_target_skip_unavailable' from command line to 'False'
[0.548s] Level 5:colcon.colcon_core.verb:set package 'sim_test' build argument 'cmake_clean_cache' from command line to 'False'
[0.548s] Level 5:colcon.colcon_core.verb:set package 'sim_test' build argument 'cmake_clean_first' from command line to 'False'
[0.548s] Level 5:colcon.colcon_core.verb:set package 'sim_test' build argument 'cmake_force_configure' from command line to 'False'
[0.548s] Level 5:colcon.colcon_core.verb:set package 'sim_test' build argument 'ament_cmake_args' from command line to 'None'
[0.548s] Level 5:colcon.colcon_core.verb:set package 'sim_test' build argument 'catkin_cmake_args' from command line to 'None'
[0.548s] Level 5:colcon.colcon_core.verb:set package 'sim_test' build argument 'catkin_skip_building_tests' from command line to 'False'
[0.549s] DEBUG:colcon.colcon_core.verb:Building package 'sim_test' with the following arguments: {'ament_cmake_args': None, 'build_base': '/home/tkddn647/test/build/sim_test', 'catkin_cmake_args': None, 'catkin_skip_building_tests': False, 'cmake_args': None, 'cmake_clean_cache': False, 'cmake_clean_first': False, 'cmake_force_configure': False, 'cmake_target': None, 'cmake_target_skip_unavailable': False, 'install_base': '/home/tkddn647/test/install/sim_test', 'merge_install': False, 'path': '/home/tkddn647/test/src/sim_test', 'symlink_install': True, 'test_result_base': None}
[0.549s] INFO:colcon.colcon_core.executor:Executing jobs using 'parallel' executor
[0.550s] DEBUG:colcon.colcon_parallel_executor.executor.parallel:run_until_complete
[0.550s] INFO:colcon.colcon_ros.task.ament_cmake.build:Building ROS package in '/home/tkddn647/test/src/localization_layer' with build type 'ament_cmake'
[0.551s] INFO:colcon.colcon_cmake.task.cmake.build:Building CMake package in '/home/tkddn647/test/src/localization_layer'
[0.554s] INFO:colcon.colcon_core.plugin_system:Skipping extension 'colcon_core.shell.bat': Not used on non-Windows systems
[0.554s] INFO:colcon.colcon_core.shell:Skip shell extension 'powershell' for command environment: Not usable outside of PowerShell
[0.554s] DEBUG:colcon.colcon_core.shell:Skip shell extension 'dsv' for command environment
[0.558s] INFO:colcon.colcon_ros.task.ament_cmake.build:Building ROS package in '/home/tkddn647/test/src/race_layer' with build type 'ament_cmake'
[0.559s] INFO:colcon.colcon_cmake.task.cmake.build:Building CMake package in '/home/tkddn647/test/src/race_layer'
[0.559s] INFO:colcon.colcon_core.shell:Skip shell extension 'powershell' for command environment: Not usable outside of PowerShell
[0.559s] DEBUG:colcon.colcon_core.shell:Skip shell extension 'dsv' for command environment
[0.570s] DEBUG:colcon.colcon_core.event_handler.log_command:Invoking command in '/home/tkddn647/test/build/race_layer': CMAKE_PREFIX_PATH=/opt/ros/humble /usr/bin/cmake --build /home/tkddn647/test/build/race_layer -- -j12 -l12
[0.789s] DEBUG:colcon.colcon_core.event_handler.log_command:Invoked command in '/home/tkddn647/test/build/race_layer' returned '0': CMAKE_PREFIX_PATH=/opt/ros/humble /usr/bin/cmake --build /home/tkddn647/test/build/race_layer -- -j12 -l12
[0.803s] DEBUG:colcon.colcon_core.event_handler.log_command:Invoking command in '/home/tkddn647/test/build/race_layer': CMAKE_PREFIX_PATH=/opt/ros/humble /usr/bin/cmake --install /home/tkddn647/test/build/race_layer
[0.808s] DEBUG:colcon.colcon_core.event_handler.log_command:Invoking command in '/home/tkddn647/test/build/localization_layer': AMENT_PREFIX_PATH=/home/tkddn647/test/install/sensor_layer:/home/tkddn647/test/install/tf_manager_cpp:/home/tkddn647/test/install/sllidar_ros2:/home/tkddn647/test/install/ebimu_pkg:${AMENT_PREFIX_PATH} CMAKE_PREFIX_PATH=/home/tkddn647/test/install/sensor_layer:/home/tkddn647/test/install/tf_manager_cpp:/home/tkddn647/test/install/sllidar_ros2:/opt/ros/humble PYTHONPATH=/home/tkddn647/test/install/ebimu_pkg/lib/python3.10/site-packages:${PYTHONPATH} /usr/bin/cmake --build /home/tkddn647/test/build/localization_layer -- -j12 -l12
[0.858s] Level 1:colcon.colcon_core.environment:create_environment_scripts_only(race_layer)
[0.858s] DEBUG:colcon.colcon_core.event_handler.log_command:Invoked command in '/home/tkddn647/test/build/race_layer' returned '0': CMAKE_PREFIX_PATH=/opt/ros/humble /usr/bin/cmake --install /home/tkddn647/test/build/race_layer
[0.861s] Level 1:colcon.colcon_core.environment:checking '/home/tkddn647/test/install/race_layer' for CMake module files
[0.862s] Level 1:colcon.colcon_core.environment:checking '/home/tkddn647/test/install/race_layer' for CMake config files
[0.862s] Level 1:colcon.colcon_core.shell:create_environment_hook('race_layer', 'cmake_prefix_path')
[0.862s] INFO:colcon.colcon_core.shell:Creating environment hook '/home/tkddn647/test/install/race_layer/share/race_layer/hook/cmake_prefix_path.ps1'
[0.863s] INFO:colcon.colcon_core.shell:Creating environment descriptor '/home/tkddn647/test/install/race_layer/share/race_layer/hook/cmake_prefix_path.dsv'
[0.863s] INFO:colcon.colcon_core.shell:Creating environment hook '/home/tkddn647/test/install/race_layer/share/race_layer/hook/cmake_prefix_path.sh'
[0.864s] Level 1:colcon.colcon_core.environment:checking '/home/tkddn647/test/install/race_layer/lib'
[0.864s] Level 1:colcon.colcon_core.environment:checking '/home/tkddn647/test/install/race_layer/bin'
[0.865s] Level 1:colcon.colcon_core.environment:checking '/home/tkddn647/test/install/race_layer/lib/pkgconfig/race_layer.pc'
[0.865s] Level 1:colcon.colcon_core.environment:checking '/home/tkddn647/test/install/race_layer/lib/python3.10/site-packages'
[0.865s] Level 1:colcon.colcon_core.environment:checking '/home/tkddn647/test/install/race_layer/bin'
[0.865s] INFO:colcon.colcon_core.shell:Creating package script '/home/tkddn647/test/install/race_layer/share/race_layer/package.ps1'
[0.866s] INFO:colcon.colcon_core.shell:Creating package descriptor '/home/tkddn647/test/install/race_layer/share/race_layer/package.dsv'
[0.867s] INFO:colcon.colcon_core.shell:Creating package script '/home/tkddn647/test/install/race_layer/share/race_layer/package.sh'
[0.867s] INFO:colcon.colcon_core.shell:Creating package script '/home/tkddn647/test/install/race_layer/share/race_layer/package.bash'
[0.868s] INFO:colcon.colcon_core.shell:Creating package script '/home/tkddn647/test/install/race_layer/share/race_layer/package.zsh'
[0.869s] Level 1:colcon.colcon_core.environment:create_file_with_runtime_dependencies(/home/tkddn647/test/install/race_layer/share/colcon-core/packages/race_layer)
[0.869s] Level 1:colcon.colcon_core.environment:create_environment_scripts_only(race_layer)
[0.869s] Level 1:colcon.colcon_core.environment:checking '/home/tkddn647/test/install/race_layer' for CMake module files
[0.870s] Level 1:colcon.colcon_core.environment:checking '/home/tkddn647/test/install/race_layer' for CMake config files
[0.870s] Level 1:colcon.colcon_core.shell:create_environment_hook('race_layer', 'cmake_prefix_path')
[0.870s] INFO:colcon.colcon_core.shell:Creating environment hook '/home/tkddn647/test/install/race_layer/share/race_layer/hook/cmake_prefix_path.ps1'
[0.871s] INFO:colcon.colcon_core.shell:Creating environment descriptor '/home/tkddn647/test/install/race_layer/share/race_layer/hook/cmake_prefix_path.dsv'
[0.871s] INFO:colcon.colcon_core.shell:Creating environment hook '/home/tkddn647/test/install/race_layer/share/race_layer/hook/cmake_prefix_path.sh'
[0.871s] Level 1:colcon.colcon_core.environment:checking '/home/tkddn647/test/install/race_layer/lib'
[0.872s] Level 1:colcon.colcon_core.environment:checking '/home/tkddn647/test/install/race_layer/bin'
[0.872s] Level 1:colcon.colcon_core.environment:checking '/home/tkddn647/test/install/race_layer/lib/pkgconfig/race_layer.pc'
[0.872s] Level 1:colcon.colcon_core.environment:checking '/home/tkddn647/test/install/race_layer/lib/python3.10/site-packages'
[0.872s] Level 1:colcon.colcon_core.environment:checking '/home/tkddn647/test/install/race_layer/bin'
[0.872s] INFO:colcon.colcon_core.shell:Creating package script '/home/tkddn647/test/install/race_layer/share/race_layer/package.ps1'
[0.873s] INFO:colcon.colcon_core.shell:Creating package descriptor '/home/tkddn647/test/install/race_layer/share/race_layer/package.dsv'
[0.873s] INFO:colcon.colcon_core.shell:Creating package script '/home/tkddn647/test/install/race_layer/share/race_layer/package.sh'
[0.874s] INFO:colcon.colcon_core.shell:Creating package script '/home/tkddn647/test/install/race_layer/share/race_layer/package.bash'
[0.874s] INFO:colcon.colcon_core.shell:Creating package script '/home/tkddn647/test/install/race_layer/share/race_layer/package.zsh'
[0.874s] Level 1:colcon.colcon_core.environment:create_file_with_runtime_dependencies(/home/tkddn647/test/install/race_layer/share/colcon-core/packages/race_layer)
[0.876s] DEBUG:colcon.colcon_core.event_handler.log_command:Invoked command in '/home/tkddn647/test/build/localization_layer' returned '0': AMENT_PREFIX_PATH=/home/tkddn647/test/install/sensor_layer:/home/tkddn647/test/install/tf_manager_cpp:/home/tkddn647/test/install/sllidar_ros2:/home/tkddn647/test/install/ebimu_pkg:${AMENT_PREFIX_PATH} CMAKE_PREFIX_PATH=/home/tkddn647/test/install/sensor_layer:/home/tkddn647/test/install/tf_manager_cpp:/home/tkddn647/test/install/sllidar_ros2:/opt/ros/humble PYTHONPATH=/home/tkddn647/test/install/ebimu_pkg/lib/python3.10/site-packages:${PYTHONPATH} /usr/bin/cmake --build /home/tkddn647/test/build/localization_layer -- -j12 -l12
[0.878s] DEBUG:colcon.colcon_core.event_handler.log_command:Invoking command in '/home/tkddn647/test/build/localization_layer': AMENT_PREFIX_PATH=/home/tkddn647/test/install/sensor_layer:/home/tkddn647/test/install/tf_manager_cpp:/home/tkddn647/test/install/sllidar_ros2:/home/tkddn647/test/install/ebimu_pkg:${AMENT_PREFIX_PATH} CMAKE_PREFIX_PATH=/home/tkddn647/test/install/sensor_layer:/home/tkddn647/test/install/tf_manager_cpp:/home/tkddn647/test/install/sllidar_ros2:/opt/ros/humble PYTHONPATH=/home/tkddn647/test/install/ebimu_pkg/lib/python3.10/site-packages:${PYTHONPATH} /usr/bin/cmake --install /home/tkddn647/test/build/localization_layer
[28.143s] Level 1:colcon.colcon_core.environment:create_environment_scripts_only(localization_layer)
[28.143s] Level 1:colcon.colcon_core.environment:checking '/home/tkddn647/test/install/localization_layer' for CMake module files
[28.144s] DEBUG:colcon.colcon_core.event_handler.log_command:Invoked command in '/home/tkddn647/test/build/localization_layer' returned '0': AMENT_PREFIX_PATH=/home/tkddn647/test/install/sensor_layer:/home/tkddn647/test/install/tf_manager_cpp:/home/tkddn647/test/install/sllidar_ros2:/home/tkddn647/test/install/ebimu_pkg:${AMENT_PREFIX_PATH} CMAKE_PREFIX_PATH=/home/tkddn647/test/install/sensor_layer:/home/tkddn647/test/install/tf_manager_cpp:/home/tkddn647/test/install/sllidar_ros2:/opt/ros/humble PYTHONPATH=/home/tkddn647/test/install/ebimu_pkg/lib/python3.10/site-packages:${PYTHONPATH} /usr/bin/cmake --install /home/tkddn647/test/build/localization_layer
[28.145s] Level 1:colcon.colcon_core.environment:checking '/home/tkddn647/test/install/localization_layer' for CMake config files
[28.146s] Level 1:colcon.colcon_core.shell:create_environment_hook('localization_layer', 'cmake_prefix_path')
[28.146s] INFO:colcon.colcon_core.shell:Creating environment hook '/home/tkddn647/test/install/localization_layer/share/localization_layer/hook/cmake_prefix_path.ps1'
[28.147s] INFO:colcon.colcon_core.shell:Creating environment descriptor '/home/tkddn647/test/install/localization_layer/share/localization_layer/hook/cmake_prefix_path.dsv'
[28.148s] INFO:colcon.colcon_core.shell:Creating environment hook '/home/tkddn647/test/install/localization_layer/share/localization_layer/hook/cmake_prefix_path.sh'
[28.148s] Level 1:colcon.colcon_core.environment:checking '/home/tkddn647/test/install/localization_layer/lib'
[28.148s] Level 1:colcon.colcon_core.environment:checking '/home/tkddn647/test/install/localization_layer/bin'
[28.148s] Level 1:colcon.colcon_core.environment:checking '/home/tkddn647/test/install/localization_layer/lib/pkgconfig/localization_layer.pc'
[28.149s] Level 1:colcon.colcon_core.environment:checking '/home/tkddn647/test/install/localization_layer/lib/python3.10/site-packages'
[28.149s] Level 1:colcon.colcon_core.environment:checking '/home/tkddn647/test/install/localization_layer/bin'
[28.149s] INFO:colcon.colcon_core.shell:Creating package script '/home/tkddn647/test/install/localization_layer/share/localization_layer/package.ps1'
[28.150s] INFO:colcon.colcon_core.shell:Creating package descriptor '/home/tkddn647/test/install/localization_layer/share/localization_layer/package.dsv'
[28.150s] INFO:colcon.colcon_core.shell:Creating package script '/home/tkddn647/test/install/localization_layer/share/localization_layer/package.sh'
[28.151s] INFO:colcon.colcon_core.shell:Creating package script '/home/tkddn647/test/install/localization_layer/share/localization_layer/package.bash'
[28.151s] INFO:colcon.colcon_core.shell:Creating package script '/home/tkddn647/test/install/localization_layer/share/localization_layer/package.zsh'
[28.151s] Level 1:colcon.colcon_core.environment:create_file_with_runtime_dependencies(/home/tkddn647/test/install/localization_layer/share/colcon-core/packages/localization_layer)
[28.152s] Level 1:colcon.colcon_core.environment:create_environment_scripts_only(localization_layer)
[28.152s] Level 1:colcon.colcon_core.environment:checking '/home/tkddn647/test/install/localization_layer' for CMake module files
[28.153s] Level 1:colcon.colcon_core.environment:checking '/home/tkddn647/test/install/localization_layer' for CMake config files
[28.153s] Level 1:colcon.colcon_core.shell:create_environment_hook('localization_layer', 'cmake_prefix_path')
[28.154s] INFO:colcon.colcon_core.shell:Creating environment hook '/home/tkddn647/test/install/localization_layer/share/localization_layer/hook/cmake_prefix_path.ps1'
[28.154s] INFO:colcon.colcon_core.shell:Creating environment descriptor '/home/tkddn647/test/install/localization_layer/share/localization_layer/hook/cmake_prefix_path.dsv'
[28.154s] INFO:colcon.colcon_core.shell:Creating environment hook '/home/tkddn647/test/install/localization_layer/share/localization_layer/hook/cmake_prefix_path.sh'
[28.155s] Level 1:colcon.colcon_core.environment:checking '/home/tkddn647/test/install/localization_layer/lib'
[28.155s] Level 1:colcon.colcon_core.environment:checking '/home/tkddn647/test/install/localization_layer/bin'
[28.155s] Level 1:colcon.colcon_core.environment:checking '/home/tkddn647/test/install/localization_layer/lib/pkgconfig/localization_layer.pc'
[28.155s] Level 1:colcon.colcon_core.environment:checking '/home/tkddn647/test/install/localization_layer/lib/python3.10/site-packages'
[28.156s] Level 1:colcon.colcon_core.environment:checking '/home/tkddn647/test/install/localization_layer/bin'
[28.156s] INFO:colcon.colcon_core.shell:Creating package script '/home/tkddn647/test/install/localization_layer/share/localization_layer/package.ps1'
[28.157s] INFO:colcon.colcon_core.shell:Creating package descriptor '/home/tkddn647/test/install/localization_layer/share/localization_layer/package.dsv'
[28.157s] INFO:colcon.colcon_core.shell:Creating package script '/home/tkddn647/test/install/localization_layer/share/localization_layer/package.sh'
[28.158s] INFO:colcon.colcon_core.shell:Creating package script '/home/tkddn647/test/install/localization_layer/share/localization_layer/package.bash'
[28.158s] INFO:colcon.colcon_core.shell:Creating package script '/home/tkddn647/test/install/localization_layer/share/localization_layer/package.zsh'
[28.158s] Level 1:colcon.colcon_core.environment:create_file_with_runtime_dependencies(/home/tkddn647/test/install/localization_layer/share/colcon-core/packages/localization_layer)
[28.159s] INFO:colcon.colcon_ros.task.ament_cmake.build:Building ROS package in '/home/tkddn647/test/src/sim_test' with build type 'ament_cmake'
[28.159s] INFO:colcon.colcon_cmake.task.cmake.build:Building CMake package in '/home/tkddn647/test/src/sim_test'
[28.160s] INFO:colcon.colcon_core.shell:Skip shell extension 'powershell' for command environment: Not usable outside of PowerShell
[28.160s] DEBUG:colcon.colcon_core.shell:Skip shell extension 'dsv' for command environment
[28.473s] DEBUG:colcon.colcon_core.event_handler.log_command:Invoking command in '/home/tkddn647/test/build/sim_test': AMENT_PREFIX_PATH=/home/tkddn647/test/install/localization_layer:/home/tkddn647/test/install/sensor_layer:/home/tkddn647/test/install/tf_manager_cpp:/home/tkddn647/test/install/sllidar_ros2:/home/tkddn647/test/install/ebimu_pkg:${AMENT_PREFIX_PATH} CMAKE_PREFIX_PATH=/home/tkddn647/test/install/localization_layer:/home/tkddn647/test/install/sensor_layer:/home/tkddn647/test/install/tf_manager_cpp:/home/tkddn647/test/install/sllidar_ros2:/opt/ros/humble PYTHONPATH=/home/tkddn647/test/install/ebimu_pkg/lib/python3.10/site-packages:${PYTHONPATH} /usr/bin/cmake --build /home/tkddn647/test/build/sim_test -- -j12 -l12
[28.523s] DEBUG:colcon.colcon_core.event_handler.log_command:Invoked command in '/home/tkddn647/test/build/sim_test' returned '0': AMENT_PREFIX_PATH=/home/tkddn647/test/install/localization_layer:/home/tkddn647/test/install/sensor_layer:/home/tkddn647/test/install/tf_manager_cpp:/home/tkddn647/test/install/sllidar_ros2:/home/tkddn647/test/install/ebimu_pkg:${AMENT_PREFIX_PATH} CMAKE_PREFIX_PATH=/home/tkddn647/test/install/localization_layer:/home/tkddn647/test/install/sensor_layer:/home/tkddn647/test/install/tf_manager_cpp:/home/tkddn647/test/install/sllidar_ros2:/opt/ros/humble PYTHONPATH=/home/tkddn647/test/install/ebimu_pkg/lib/python3.10/site-packages:${PYTHONPATH} /usr/bin/cmake --build /home/tkddn647/test/build/sim_test -- -j12 -l12
[28.526s] DEBUG:colcon.colcon_core.event_handler.log_command:Invoking command in '/home/tkddn647/test/build/sim_test': AMENT_PREFIX_PATH=/home/tkddn647/test/install/localization_layer:/home/tkddn647/test/install/sensor_layer:/home/tkddn647/test/install/tf_manager_cpp:/home/tkddn647/test/install/sllidar_ros2:/home/tkddn647/test/install/ebimu_pkg:${AMENT_PREFIX_PATH} CMAKE_PREFIX_PATH=/home/tkddn647/test/install/localization_layer:/home/tkddn647/test/install/sensor_layer:/home/tkddn647/test/install/tf_manager_cpp:/home/tkddn647/test/install/sllidar_ros2:/opt/ros/humble PYTHONPATH=/home/tkddn647/test/install/ebimu_pkg/lib/python3.10/site-packages:${PYTHONPATH} /usr/bin/cmake --install /home/tkddn647/test/build/sim_test
[28.565s] Level 1:colcon.colcon_core.environment:create_environment_scripts_only(sim_test)
[28.565s] Level 1:colcon.colcon_core.environment:checking '/home/tkddn647/test/install/sim_test' for CMake module files
[28.566s] DEBUG:colcon.colcon_core.event_handler.log_command:Invoked command in '/home/tkddn647/test/build/sim_test' returned '0': AMENT_PREFIX_PATH=/home/tkddn647/test/install/localization_layer:/home/tkddn647/test/install/sensor_layer:/home/tkddn647/test/install/tf_manager_cpp:/home/tkddn647/test/install/sllidar_ros2:/home/tkddn647/test/install/ebimu_pkg:${AMENT_PREFIX_PATH} CMAKE_PREFIX_PATH=/home/tkddn647/test/install/localization_layer:/home/tkddn647/test/install/sensor_layer:/home/tkddn647/test/install/tf_manager_cpp:/home/tkddn647/test/install/sllidar_ros2:/opt/ros/humble PYTHONPATH=/home/tkddn647/test/install/ebimu_pkg/lib/python3.10/site-packages:${PYTHONPATH} /usr/bin/cmake --install /home/tkddn647/test/build/sim_test
[28.566s] Level 1:colcon.colcon_core.environment:checking '/home/tkddn647/test/install/sim_test' for CMake config files
[28.567s] Level 1:colcon.colcon_core.shell:create_environment_hook('sim_test', 'cmake_prefix_path')
[28.567s] INFO:colcon.colcon_core.shell:Creating environment hook '/home/tkddn647/test/install/sim_test/share/sim_test/hook/cmake_prefix_path.ps1'
[28.568s] INFO:colcon.colcon_core.shell:Creating environment descriptor '/home/tkddn647/test/install/sim_test/share/sim_test/hook/cmake_prefix_path.dsv'
[28.568s] INFO:colcon.colcon_core.shell:Creating environment hook '/home/tkddn647/test/install/sim_test/share/sim_test/hook/cmake_prefix_path.sh'
[28.568s] Level 1:colcon.colcon_core.environment:checking '/home/tkddn647/test/install/sim_test/lib'
[28.569s] Level 1:colcon.colcon_core.environment:checking '/home/tkddn647/test/install/sim_test/bin'
[28.569s] Level 1:colcon.colcon_core.environment:checking '/home/tkddn647/test/install/sim_test/lib/pkgconfig/sim_test.pc'
[28.569s] Level 1:colcon.colcon_core.environment:checking '/home/tkddn647/test/install/sim_test/lib/python3.10/site-packages'
[28.569s] Level 1:colcon.colcon_core.environment:checking '/home/tkddn647/test/install/sim_test/bin'
[28.569s] INFO:colcon.colcon_core.shell:Creating package script '/home/tkddn647/test/install/sim_test/share/sim_test/package.ps1'
[28.570s] INFO:colcon.colcon_core.shell:Creating package descriptor '/home/tkddn647/test/install/sim_test/share/sim_test/package.dsv'
[28.570s] INFO:colcon.colcon_core.shell:Creating package script '/home/tkddn647/test/install/sim_test/share/sim_test/package.sh'
[28.571s] INFO:colcon.colcon_core.shell:Creating package script '/home/tkddn647/test/install/sim_test/share/sim_test/package.bash'
[28.571s] INFO:colcon.colcon_core.shell:Creating package script '/home/tkddn647/test/install/sim_test/share/sim_test/package.zsh'
[28.571s] Level 1:colcon.colcon_core.environment:create_file_with_runtime_dependencies(/home/tkddn647/test/install/sim_test/share/colcon-core/packages/sim_test)
[28.572s] Level 1:colcon.colcon_core.environment:create_environment_scripts_only(sim_test)
[28.572s] Level 1:colcon.colcon_core.environment:checking '/home/tkddn647/test/install/sim_test' for CMake module files
[28.573s] Level 1:colcon.colcon_core.environment:checking '/home/tkddn647/test/install/sim_test' for CMake config files
[28.573s] Level 1:colcon.colcon_core.shell:create_environment_hook('sim_test', 'cmake_prefix_path')
[28.573s] INFO:colcon.colcon_core.shell:Creating environment hook '/home/tkddn647/test/install/sim_test/share/sim_test/hook/cmake_prefix_path.ps1'
[28.574s] INFO:colcon.colcon_core.shell:Creating environment descriptor '/home/tkddn647/test/install/sim_test/share/sim_test/hook/cmake_prefix_path.dsv'
[28.574s] INFO:colcon.colcon_core.shell:Creating environment hook '/home/tkddn647/test/install/sim_test/share/sim_test/hook/cmake_prefix_path.sh'
[28.574s] Level 1:colcon.colcon_core.environment:checking '/home/tkddn647/test/install/sim_test/lib'
[28.574s] Level 1:colcon.colcon_core.environment:checking '/home/tkddn647/test/install/sim_test/bin'
[28.574s] Level 1:colcon.colcon_core.environment:checking '/home/tkddn647/test/install/sim_test/lib/pkgconfig/sim_test.pc'
[28.575s] Level 1:colcon.colcon_core.environment:checking '/home/tkddn647/test/install/sim_test/lib/python3.10/site-packages'
[28.575s] Level 1:colcon.colcon_core.environment:checking '/home/tkddn647/test/install/sim_test/bin'
[28.575s] INFO:colcon.colcon_core.shell:Creating package script '/home/tkddn647/test/install/sim_test/share/sim_test/package.ps1'
[28.576s] INFO:colcon.colcon_core.shell:Creating package descriptor '/home/tkddn647/test/install/sim_test/share/sim_test/package.dsv'
[28.576s] INFO:colcon.colcon_core.shell:Creating package script '/home/tkddn647/test/install/sim_test/share/sim_test/package.sh'
[28.576s] INFO:colcon.colcon_core.shell:Creating package script '/home/tkddn647/test/install/sim_test/share/sim_test/package.bash'
[28.577s] INFO:colcon.colcon_core.shell:Creating package script '/home/tkddn647/test/install/sim_test/share/sim_test/package.zsh'
[28.577s] Level 1:colcon.colcon_core.environment:create_file_with_runtime_dependencies(/home/tkddn647/test/install/sim_test/share/colcon-core/packages/sim_test)
[28.577s] DEBUG:colcon.colcon_parallel_executor.executor.parallel:closing loop
[28.578s] DEBUG:colcon.colcon_parallel_executor.executor.parallel:loop closed
[28.578s] DEBUG:colcon.colcon_parallel_executor.executor.parallel:run_until_complete finished with '0'
[28.578s] DEBUG:colcon.colcon_core.event_reactor:joining thread
[28.630s] INFO:colcon.colcon_core.plugin_system:Skipping extension 'colcon_notification.desktop_notification.notify_send': Could not find 'notify-send'
[28.630s] INFO:colcon.colcon_core.plugin_system:Skipping extension 'colcon_notification.desktop_notification.terminal_notifier': Not used on non-Darwin systems
[28.630s] INFO:colcon.colcon_core.plugin_system:Skipping extension 'colcon_notification.desktop_notification.win32': Not used on non-Windows systems
[28.630s] INFO:colcon.colcon_notification.desktop_notification:Sending desktop notification using 'notify2'
[28.630s] DEBUG:colcon.colcon_notification.desktop_notification.notify2:Failed to initialize notify2: org.freedesktop.DBus.Error.AccessDenied: Failed to connect to socket /run/user/1000/bus: Operation not permitted
[28.630s] DEBUG:colcon.colcon_core.event_reactor:joined thread
[28.631s] INFO:colcon.colcon_core.shell:Creating prefix script '/home/tkddn647/test/install/local_setup.ps1'
[28.632s] INFO:colcon.colcon_core.shell:Creating prefix util module '/home/tkddn647/test/install/_local_setup_util_ps1.py'
[28.633s] INFO:colcon.colcon_core.shell:Creating prefix chain script '/home/tkddn647/test/install/setup.ps1'
[28.634s] INFO:colcon.colcon_core.shell:Creating prefix script '/home/tkddn647/test/install/local_setup.sh'
[28.634s] INFO:colcon.colcon_core.shell:Creating prefix util module '/home/tkddn647/test/install/_local_setup_util_sh.py'
[28.635s] INFO:colcon.colcon_core.shell:Creating prefix chain script '/home/tkddn647/test/install/setup.sh'
[28.636s] INFO:colcon.colcon_core.shell:Creating prefix script '/home/tkddn647/test/install/local_setup.bash'
[28.636s] INFO:colcon.colcon_core.shell:Creating prefix chain script '/home/tkddn647/test/install/setup.bash'
[28.637s] INFO:colcon.colcon_core.shell:Creating prefix script '/home/tkddn647/test/install/local_setup.zsh'
[28.638s] INFO:colcon.colcon_core.shell:Creating prefix chain script '/home/tkddn647/test/install/setup.zsh'
