In file included from /home/tkddn647/test/src/sllidar_ros2/./sdk/include/sl_lidar_cmd.h:41,
                 from /home/tkddn647/test/src/sllidar_ros2/./sdk/include/sl_crc.h:36,
                 from /home/tkddn647/test/src/sllidar_ros2/sdk/src/sl_crc.cpp:33:
/home/tkddn647/test/src/sllidar_ros2/./sdk/include/sl_lidar_protocol.h:66:16: warning: ISO C++ forbids zero-size array ‘data’ [-Wpedantic]
   66 |     sl_u8 data[0];
      |                ^
In file included from /home/tkddn647/test/src/sllidar_ros2/./sdk/include/sl_crc.h:36,
                 from /home/tkddn647/test/src/sllidar_ros2/sdk/src/sl_crc.cpp:33:
/home/tkddn647/test/src/sllidar_ros2/./sdk/include/sl_lidar_cmd.h:324:20: warning: ISO C++ forbids zero-size array ‘payload’ [-Wpedantic]
  324 |     sl_u8  payload[0];
      |                    ^
In file included from /home/tkddn647/test/src/sllidar_ros2/./sdk/include/sl_lidar_cmd.h:41,
                 from /home/tkddn647/test/src/sllidar_ros2/./sdk/include/sl_lidar_driver.h:54,
                 from /home/tkddn647/test/src/sllidar_ros2/sdk/src/sl_tcp_channel.cpp:33:
/home/tkddn647/test/src/sllidar_ros2/./sdk/include/sl_lidar_protocol.h:66:16: warning: ISO C++ forbids zero-size array ‘data’ [-Wpedantic]
   66 |     sl_u8 data[0];
      |                ^
In file included from /home/tkddn647/test/src/sllidar_ros2/./sdk/include/sl_lidar_driver.h:54,
                 from /home/tkddn647/test/src/sllidar_ros2/sdk/src/sl_tcp_channel.cpp:33:
/home/tkddn647/test/src/sllidar_ros2/./sdk/include/sl_lidar_cmd.h:324:20: warning: ISO C++ forbids zero-size array ‘payload’ [-Wpedantic]
  324 |     sl_u8  payload[0];
      |                    ^
In file included from /home/tkddn647/test/src/sllidar_ros2/./sdk/include/sl_lidar_cmd.h:41,
                 from /home/tkddn647/test/src/sllidar_ros2/./sdk/include/sl_lidar_driver.h:54,
                 from /home/tkddn647/test/src/sllidar_ros2/sdk/src/sl_serial_channel.cpp:33:
/home/tkddn647/test/src/sllidar_ros2/./sdk/include/sl_lidar_protocol.h:66:16: warning: ISO C++ forbids zero-size array ‘data’ [-Wpedantic]
   66 |     sl_u8 data[0];
      |                ^
In file included from /home/tkddn647/test/src/sllidar_ros2/./sdk/include/sl_lidar_driver.h:54,
                 from /home/tkddn647/test/src/sllidar_ros2/sdk/src/sl_serial_channel.cpp:33:
/home/tkddn647/test/src/sllidar_ros2/./sdk/include/sl_lidar_cmd.h:324:20: warning: ISO C++ forbids zero-size array ‘payload’ [-Wpedantic]
  324 |     sl_u8  payload[0];
      |                    ^
/home/tkddn647/test/src/sllidar_ros2/sdk/src/sl_tcp_channel.cpp: In member function ‘void sl::TcpChannel::setStatus(_u32)’:
/home/tkddn647/test/src/sllidar_ros2/sdk/src/sl_tcp_channel.cpp:109:29: warning: unused parameter ‘flag’ [-Wunused-parameter]
  109 |         void setStatus(_u32 flag){}
      |                        ~~~~~^~~~
In file included from /home/tkddn647/test/src/sllidar_ros2/./sdk/include/sl_lidar_cmd.h:41,
                 from /home/tkddn647/test/src/sllidar_ros2/./sdk/include/sl_lidar_driver.h:54,
                 from /home/tkddn647/test/src/sllidar_ros2/sdk/src/sl_udp_channel.cpp:33:
/home/tkddn647/test/src/sllidar_ros2/./sdk/include/sl_lidar_protocol.h:66:16: warning: ISO C++ forbids zero-size array ‘data’ [-Wpedantic]
   66 |     sl_u8 data[0];
      |                ^
In file included from /home/tkddn647/test/src/sllidar_ros2/./sdk/include/sl_lidar_driver.h:54,
                 from /home/tkddn647/test/src/sllidar_ros2/sdk/src/sl_udp_channel.cpp:33:
/home/tkddn647/test/src/sllidar_ros2/./sdk/include/sl_lidar_cmd.h:324:20: warning: ISO C++ forbids zero-size array ‘payload’ [-Wpedantic]
  324 |     sl_u8  payload[0];
      |                    ^
/home/tkddn647/test/src/sllidar_ros2/sdk/src/sl_udp_channel.cpp: In member function ‘void sl::UdpChannel::setStatus(_u32)’:
/home/tkddn647/test/src/sllidar_ros2/sdk/src/sl_udp_channel.cpp:112:29: warning: unused parameter ‘flag’ [-Wunused-parameter]
  112 |         void setStatus(_u32 flag){}
      |                        ~~~~~^~~~
In file included from /home/tkddn647/test/src/sllidar_ros2/./sdk/include/rplidar_protocol.h:36,
                 from /home/tkddn647/test/src/sllidar_ros2/./sdk/include/rplidar.h:39,
                 from /home/tkddn647/test/src/sllidar_ros2/sdk/src/sdkcommon.h:49,
                 from /home/tkddn647/test/src/sllidar_ros2/sdk/src/rplidar_driver.cpp:33:
/home/tkddn647/test/src/sllidar_ros2/./sdk/include/sl_lidar_protocol.h:66:16: warning: ISO C++ forbids zero-size array ‘data’ [-Wpedantic]
   66 |     sl_u8 data[0];
      |                ^
In file included from /home/tkddn647/test/src/sllidar_ros2/./sdk/include/rplidar_cmd.h:36,
                 from /home/tkddn647/test/src/sllidar_ros2/./sdk/include/rplidar.h:40,
                 from /home/tkddn647/test/src/sllidar_ros2/sdk/src/sdkcommon.h:49,
                 from /home/tkddn647/test/src/sllidar_ros2/sdk/src/rplidar_driver.cpp:33:
/home/tkddn647/test/src/sllidar_ros2/./sdk/include/sl_lidar_cmd.h:324:20: warning: ISO C++ forbids zero-size array ‘payload’ [-Wpedantic]
  324 |     sl_u8  payload[0];
      |                    ^
In file included from /home/tkddn647/test/src/sllidar_ros2/./sdk/include/rplidar_protocol.h:36,
                 from /home/tkddn647/test/src/sllidar_ros2/./sdk/include/rplidar.h:39,
                 from /home/tkddn647/test/src/sllidar_ros2/./sdk/src/sdkcommon.h:49,
                 from /home/tkddn647/test/src/sllidar_ros2/sdk/src/hal/thread.cpp:35:
/home/tkddn647/test/src/sllidar_ros2/./sdk/include/sl_lidar_protocol.h:66:16: warning: ISO C++ forbids zero-size array ‘data’ [-Wpedantic]
   66 |     sl_u8 data[0];
      |                ^
In file included from /home/tkddn647/test/src/sllidar_ros2/./sdk/include/rplidar_cmd.h:36,
                 from /home/tkddn647/test/src/sllidar_ros2/./sdk/include/rplidar.h:40,
                 from /home/tkddn647/test/src/sllidar_ros2/./sdk/src/sdkcommon.h:49,
                 from /home/tkddn647/test/src/sllidar_ros2/sdk/src/hal/thread.cpp:35:
/home/tkddn647/test/src/sllidar_ros2/./sdk/include/sl_lidar_cmd.h:324:20: warning: ISO C++ forbids zero-size array ‘payload’ [-Wpedantic]
  324 |     sl_u8  payload[0];
      |                    ^
In file included from /home/tkddn647/test/src/sllidar_ros2/./sdk/include/rplidar_protocol.h:36,
                 from /home/tkddn647/test/src/sllidar_ros2/./sdk/include/rplidar.h:39,
                 from /home/tkddn647/test/src/sllidar_ros2/./sdk/src/sdkcommon.h:49,
                 from /home/tkddn647/test/src/sllidar_ros2/sdk/src/dataunpacker/dataunnpacker_commondef.h:41,
                 from /home/tkddn647/test/src/sllidar_ros2/sdk/src/dataunpacker/dataunpacker.cpp:39:
/home/tkddn647/test/src/sllidar_ros2/./sdk/include/sl_lidar_protocol.h:66:16: warning: ISO C++ forbids zero-size array ‘data’ [-Wpedantic]
   66 |     sl_u8 data[0];
      |                ^
In file included from /home/tkddn647/test/src/sllidar_ros2/./sdk/include/rplidar_cmd.h:36,
                 from /home/tkddn647/test/src/sllidar_ros2/./sdk/include/rplidar.h:40,
                 from /home/tkddn647/test/src/sllidar_ros2/./sdk/src/sdkcommon.h:49,
                 from /home/tkddn647/test/src/sllidar_ros2/sdk/src/dataunpacker/dataunnpacker_commondef.h:41,
                 from /home/tkddn647/test/src/sllidar_ros2/sdk/src/dataunpacker/dataunpacker.cpp:39:
/home/tkddn647/test/src/sllidar_ros2/./sdk/include/sl_lidar_cmd.h:324:20: warning: ISO C++ forbids zero-size array ‘payload’ [-Wpedantic]
  324 |     sl_u8  payload[0];
      |                    ^
In file included from /home/tkddn647/test/src/sllidar_ros2/sdk/src/hal/thread.cpp:43:
/home/tkddn647/test/src/sllidar_ros2/./sdk/src/arch/linux/thread.hpp: In static member function ‘static rp::hal::Thread rp::hal::Thread::create(thread_proc_t, void*)’:
/home/tkddn647/test/src/sllidar_ros2/./sdk/src/arch/linux/thread.hpp:52:57: warning: cast between incompatible function types from ‘thread_proc_t’ {aka ‘long unsigned int (*)(void*)’} to ‘void* (*)(void*)’ [-Wcast-function-type]
   52 |     pthread_create((pthread_t *)&newborn._handle, NULL, (void * (*)(void *))proc, data);
      |                                                         ^~~~~~~~~~~~~~~~~~~~~~~~
/home/tkddn647/test/src/sllidar_ros2/./sdk/src/arch/linux/thread.hpp: In member function ‘u_result rp::hal::Thread::join(long unsigned int)’:
/home/tkddn647/test/src/sllidar_ros2/./sdk/src/arch/linux/thread.hpp:176:37: warning: unused parameter ‘timeout’ [-Wunused-parameter]
  176 | u_result Thread::join(unsigned long timeout)
      |                       ~~~~~~~~~~~~~~^~~~~~~
/home/tkddn647/test/src/sllidar_ros2/sdk/src/rplidar_driver.cpp: In member function ‘u_result rp::standalone::rplidar::RPlidarDriver::connect(const char*, _u32, _u32)’:
/home/tkddn647/test/src/sllidar_ros2/sdk/src/rplidar_driver.cpp:67:77: warning: unused parameter ‘flag’ [-Wunused-parameter]
   67 |     u_result RPlidarDriver::connect(const char *path, _u32 portOrBaud, _u32 flag)
      |                                                                        ~~~~~^~~~
/home/tkddn647/test/src/sllidar_ros2/sdk/src/rplidar_driver.cpp: In member function ‘u_result rp::standalone::rplidar::RPlidarDriver::reset(_u32)’:
/home/tkddn647/test/src/sllidar_ros2/sdk/src/rplidar_driver.cpp:101:40: warning: unused parameter ‘timeout’ [-Wunused-parameter]
  101 |     u_result RPlidarDriver::reset(_u32 timeout)
      |                                   ~~~~~^~~~~~~
/home/tkddn647/test/src/sllidar_ros2/sdk/src/rplidar_driver.cpp: In member function ‘u_result rp::standalone::rplidar::RPlidarDriver::getScanDataWithInterval(rplidar_response_measurement_node_t*, size_t&)’:
/home/tkddn647/test/src/sllidar_ros2/sdk/src/rplidar_driver.cpp:180:91: warning: unused parameter ‘nodebuffer’ [-Wunused-parameter]
  180 |     u_result RPlidarDriver::getScanDataWithInterval(rplidar_response_measurement_node_t * nodebuffer, size_t & count)
      |                                                     ~~~~~~~~~~~~~~~~~~~~~~~~~~~~~~~~~~~~~~^~~~~~~~~~
/home/tkddn647/test/src/sllidar_ros2/sdk/src/rplidar_driver.cpp:180:112: warning: unused parameter ‘count’ [-Wunused-parameter]
  180 |     u_result RPlidarDriver::getScanDataWithInterval(rplidar_response_measurement_node_t * nodebuffer, size_t & count)
      |                                                                                                       ~~~~~~~~~^~~~~
In file included from /home/tkddn647/test/src/sllidar_ros2/sdk/src/dataunpacker/dataunpacker.cpp:40:
/home/tkddn647/test/src/sllidar_ros2/sdk/src/dataunpacker/dataunpacker.h: In member function ‘virtual void sl::internal::LIDARSampleDataListener::onCustomSampleDataDecoded(_u8, _u32, const void*, size_t)’:
/home/tkddn647/test/src/sllidar_ros2/sdk/src/dataunpacker/dataunpacker.h:54:52: warning: unused parameter ‘ansType’ [-Wunused-parameter]
   54 |         virtual void onCustomSampleDataDecoded(_u8 ansType, _u32 customCode, const void* data, size_t size) {}
      |                                                ~~~~^~~~~~~
/home/tkddn647/test/src/sllidar_ros2/sdk/src/dataunpacker/dataunpacker.h:54:66: warning: unused parameter ‘customCode’ [-Wunused-parameter]
   54 |         virtual void onCustomSampleDataDecoded(_u8 ansType, _u32 customCode, const void* data, size_t size) {}
      |                                                             ~~~~~^~~~~~~~~~
/home/tkddn647/test/src/sllidar_ros2/sdk/src/dataunpacker/dataunpacker.h:54:90: warning: unused parameter ‘data’ [-Wunused-parameter]
   54 |         virtual void onCustomSampleDataDecoded(_u8 ansType, _u32 customCode, const void* data, size_t size) {}
      |                                                                              ~~~~~~~~~~~~^~~~
/home/tkddn647/test/src/sllidar_ros2/sdk/src/dataunpacker/dataunpacker.h:54:103: warning: unused parameter ‘size’ [-Wunused-parameter]
   54 |         virtual void onCustomSampleDataDecoded(_u8 ansType, _u32 customCode, const void* data, size_t size) {}
      |                                                                                                ~~~~~~~^~~~
/home/tkddn647/test/src/sllidar_ros2/sdk/src/dataunpacker/dataunpacker.h: In member function ‘virtual void sl::internal::LIDARSampleDataListener::onDecodingError(int, _u8, const void*, size_t)’:
/home/tkddn647/test/src/sllidar_ros2/sdk/src/dataunpacker/dataunpacker.h:56:42: warning: unused parameter ‘errMsg’ [-Wunused-parameter]
   56 |         virtual void onDecodingError(int errMsg, _u8 ansType, const void* payload, size_t size) {}
      |                                      ~~~~^~~~~~
/home/tkddn647/test/src/sllidar_ros2/sdk/src/dataunpacker/dataunpacker.h:56:54: warning: unused parameter ‘ansType’ [-Wunused-parameter]
   56 |         virtual void onDecodingError(int errMsg, _u8 ansType, const void* payload, size_t size) {}
      |                                                  ~~~~^~~~~~~
/home/tkddn647/test/src/sllidar_ros2/sdk/src/dataunpacker/dataunpacker.h:56:75: warning: unused parameter ‘payload’ [-Wunused-parameter]
   56 |         virtual void onDecodingError(int errMsg, _u8 ansType, const void* payload, size_t size) {}
      |                                                               ~~~~~~~~~~~~^~~~~~~
/home/tkddn647/test/src/sllidar_ros2/sdk/src/dataunpacker/dataunpacker.h:56:91: warning: unused parameter ‘size’ [-Wunused-parameter]
   56 |         virtual void onDecodingError(int errMsg, _u8 ansType, const void* payload, size_t size) {}
      |                                                                                    ~~~~~~~^~~~
In file included from /home/tkddn647/test/src/sllidar_ros2/./sdk/include/sl_lidar_cmd.h:41,
                 from /home/tkddn647/test/src/sllidar_ros2/./sdk/include/sl_lidar_driver.h:54,
                 from /home/tkddn647/test/src/sllidar_ros2/./sdk/include/sl_lidar.h:36,
                 from /home/tkddn647/test/src/sllidar_ros2/src/sllidar_node.cpp:38:
/home/tkddn647/test/src/sllidar_ros2/./sdk/include/sl_lidar_protocol.h:66:16: warning: ISO C++ forbids zero-size array ‘data’ [-Wpedantic]
   66 |     sl_u8 data[0];
      |                ^
In file included from /home/tkddn647/test/src/sllidar_ros2/./sdk/include/sl_lidar_driver.h:54,
                 from /home/tkddn647/test/src/sllidar_ros2/./sdk/include/sl_lidar.h:36,
                 from /home/tkddn647/test/src/sllidar_ros2/src/sllidar_node.cpp:38:
/home/tkddn647/test/src/sllidar_ros2/./sdk/include/sl_lidar_cmd.h:324:20: warning: ISO C++ forbids zero-size array ‘payload’ [-Wpedantic]
  324 |     sl_u8  payload[0];
      |                    ^
