[0.059s] Invoking command in '/home/tkddn647/test/build/sllidar_ros2': CMAKE_PREFIX_PATH=/opt/ros/humble /usr/bin/cmake /home/tkddn647/test/src/sllidar_ros2 -DAMENT_CMAKE_SYMLINK_INSTALL=1 -DCMAKE_INSTALL_PREFIX=/home/tkddn647/test/install/sllidar_ros2
[0.209s] -- Found ament_cmake: 1.3.12 (/opt/ros/humble/share/ament_cmake/cmake)
[0.488s] -- Override CMake install command with custom implementation using symlinks instead of copying resources
[0.553s] -- Found rclcpp: 16.0.17 (/opt/ros/humble/share/rclcpp/cmake)
[0.940s] -- Found rosidl_generator_c: 3.1.8 (/opt/ros/humble/share/rosidl_generator_c/cmake)
[0.950s] -- Found rosidl_adapter: 3.1.8 (/opt/ros/humble/share/rosidl_adapter/cmake)
[0.972s] -- Found rosidl_generator_cpp: 3.1.8 (/opt/ros/humble/share/rosidl_generator_cpp/cmake)
[1.002s] -- Using all available rosidl_typesupport_c: rosidl_typesupport_fastrtps_c;rosidl_typesupport_introspection_c
[1.038s] -- Using all available rosidl_typesupport_cpp: rosidl_typesupport_fastrtps_cpp;rosidl_typesupport_introspection_cpp
[1.141s] -- Found rmw_implementation_cmake: 6.1.2 (/opt/ros/humble/share/rmw_implementation_cmake/cmake)
[1.151s] -- Found rmw_fastrtps_cpp: 6.2.9 (/opt/ros/humble/share/rmw_fastrtps_cpp/cmake)
[8.344s] -- Using RMW implementation 'rmw_fastrtps_cpp' as default
[8.456s] -- Found sensor_msgs: 4.9.0 (/opt/ros/humble/share/sensor_msgs/cmake)
[8.508s] -- Found std_srvs: 4.9.0 (/opt/ros/humble/share/std_srvs/cmake)
[8.628s] -- Configuring done
[8.676s] -- Generating done
[8.685s] -- Build files have been written to: /home/tkddn647/test/build/sllidar_ros2
[30.032s] Invoked command in '/home/tkddn647/test/build/sllidar_ros2' returned '0': CMAKE_PREFIX_PATH=/opt/ros/humble /usr/bin/cmake /home/tkddn647/test/src/sllidar_ros2 -DAMENT_CMAKE_SYMLINK_INSTALL=1 -DCMAKE_INSTALL_PREFIX=/home/tkddn647/test/install/sllidar_ros2
[30.035s] Invoking command in '/home/tkddn647/test/build/sllidar_ros2': CMAKE_PREFIX_PATH=/opt/ros/humble /usr/bin/cmake --build /home/tkddn647/test/build/sllidar_ros2 -- -j12 -l12
[30.166s] Consolidate compiler generated dependencies of target sllidar_client
[30.208s] Consolidate compiler generated dependencies of target sllidar_node
[30.294s] [  5%] Building CXX object CMakeFiles/sllidar_client.dir/src/sllidar_client.cpp.o
[30.298s] [ 10%] Building CXX object CMakeFiles/sllidar_node.dir/sdk/src/hal/thread.cpp.o
[30.298s] [ 15%] Building CXX object CMakeFiles/sllidar_node.dir/src/sllidar_node.cpp.o
[30.304s] [ 20%] Building CXX object CMakeFiles/sllidar_node.dir/sdk/src/sl_crc.cpp.o
[30.306s] [ 25%] Building CXX object CMakeFiles/sllidar_node.dir/sdk/src/rplidar_driver.cpp.o
[30.312s] [ 30%] Building CXX object CMakeFiles/sllidar_node.dir/sdk/src/arch/linux/timer.cpp.o
[30.313s] [ 35%] Building CXX object CMakeFiles/sllidar_node.dir/sdk/src/sl_serial_channel.cpp.o
[30.313s] [ 40%] Building CXX object CMakeFiles/sllidar_node.dir/sdk/src/dataunpacker/dataunpacker.cpp.o
[30.318s] [ 45%] Building CXX object CMakeFiles/sllidar_node.dir/sdk/src/sl_udp_channel.cpp.o
[30.318s] [ 50%] Building CXX object CMakeFiles/sllidar_node.dir/sdk/src/sl_tcp_channel.cpp.o
[30.467s] In file included from /home/tkddn647/test/src/sllidar_ros2/./sdk/include/sl_lidar_cmd.h:41,
[30.467s]                  from /home/tkddn647/test/src/sllidar_ros2/./sdk/include/sl_crc.h:36,
[30.467s]                  from /home/tkddn647/test/src/sllidar_ros2/sdk/src/sl_crc.cpp:33:
[30.467s] /home/tkddn647/test/src/sllidar_ros2/./sdk/include/sl_lidar_protocol.h:66:16: warning: ISO C++ forbids zero-size array ‘data’ [-Wpedantic]
[30.467s]    66 |     sl_u8 data[0];
[30.469s]       |                ^
[30.471s] In file included from /home/tkddn647/test/src/sllidar_ros2/./sdk/include/sl_crc.h:36,
[30.471s]                  from /home/tkddn647/test/src/sllidar_ros2/sdk/src/sl_crc.cpp:33:
[30.471s] /home/tkddn647/test/src/sllidar_ros2/./sdk/include/sl_lidar_cmd.h:324:20: warning: ISO C++ forbids zero-size array ‘payload’ [-Wpedantic]
[30.471s]   324 |     sl_u8  payload[0];
[30.472s]       |                    ^
[31.146s] In file included from /home/tkddn647/test/src/sllidar_ros2/./sdk/include/sl_lidar_cmd.h:41,
[31.146s]                  from /home/tkddn647/test/src/sllidar_ros2/./sdk/include/sl_lidar_driver.h:54,
[31.146s]                  from /home/tkddn647/test/src/sllidar_ros2/sdk/src/sl_tcp_channel.cpp:33:
[31.146s] /home/tkddn647/test/src/sllidar_ros2/./sdk/include/sl_lidar_protocol.h:66:16: warning: ISO C++ forbids zero-size array ‘data’ [-Wpedantic]
[31.147s]    66 |     sl_u8 data[0];
[31.147s]       |                ^
[31.147s] In file included from /home/tkddn647/test/src/sllidar_ros2/./sdk/include/sl_lidar_driver.h:54,
[31.147s]                  from /home/tkddn647/test/src/sllidar_ros2/sdk/src/sl_tcp_channel.cpp:33:
[31.147s] /home/tkddn647/test/src/sllidar_ros2/./sdk/include/sl_lidar_cmd.h:324:20: warning: ISO C++ forbids zero-size array ‘payload’ [-Wpedantic]
[31.148s]   324 |     sl_u8  payload[0];
[31.148s]       |                    ^
[31.148s] In file included from /home/tkddn647/test/src/sllidar_ros2/./sdk/include/sl_lidar_cmd.h:41,
[31.148s]                  from /home/tkddn647/test/src/sllidar_ros2/./sdk/include/sl_lidar_driver.h:54,
[31.149s]                  from /home/tkddn647/test/src/sllidar_ros2/sdk/src/sl_serial_channel.cpp:33:
[31.150s] /home/tkddn647/test/src/sllidar_ros2/./sdk/include/sl_lidar_protocol.h:66:16: warning: ISO C++ forbids zero-size array ‘data’ [-Wpedantic]
[31.150s]    66 |     sl_u8 data[0];
[31.150s]       |                ^
[31.150s] In file included from /home/tkddn647/test/src/sllidar_ros2/./sdk/include/sl_lidar_driver.h:54,
[31.150s]                  from /home/tkddn647/test/src/sllidar_ros2/sdk/src/sl_serial_channel.cpp:33:
[31.151s] /home/tkddn647/test/src/sllidar_ros2/./sdk/include/sl_lidar_cmd.h:324:20: warning: ISO C++ forbids zero-size array ‘payload’ [-Wpedantic]
[31.151s]   324 |     sl_u8  payload[0];
[31.151s]       |                    ^
[31.156s] /home/tkddn647/test/src/sllidar_ros2/sdk/src/sl_tcp_channel.cpp: In member function ‘void sl::TcpChannel::setStatus(_u32)’:
[31.156s] /home/tkddn647/test/src/sllidar_ros2/sdk/src/sl_tcp_channel.cpp:109:29: warning: unused parameter ‘flag’ [-Wunused-parameter]
[31.156s]   109 |         void setStatus(_u32 flag){}
[31.157s]       |                        ~~~~~^~~~
[31.167s] In file included from /home/tkddn647/test/src/sllidar_ros2/./sdk/include/sl_lidar_cmd.h:41,
[31.167s]                  from /home/tkddn647/test/src/sllidar_ros2/./sdk/include/sl_lidar_driver.h:54,
[31.168s]                  from /home/tkddn647/test/src/sllidar_ros2/sdk/src/sl_udp_channel.cpp:33:
[31.168s] /home/tkddn647/test/src/sllidar_ros2/./sdk/include/sl_lidar_protocol.h:66:16: warning: ISO C++ forbids zero-size array ‘data’ [-Wpedantic]
[31.169s]    66 |     sl_u8 data[0];
[31.169s]       |                ^
[31.169s] In file included from /home/tkddn647/test/src/sllidar_ros2/./sdk/include/sl_lidar_driver.h:54,
[31.170s]                  from /home/tkddn647/test/src/sllidar_ros2/sdk/src/sl_udp_channel.cpp:33:
[31.170s] /home/tkddn647/test/src/sllidar_ros2/./sdk/include/sl_lidar_cmd.h:324:20: warning: ISO C++ forbids zero-size array ‘payload’ [-Wpedantic]
[31.170s]   324 |     sl_u8  payload[0];
[31.170s]       |                    ^
[31.182s] /home/tkddn647/test/src/sllidar_ros2/sdk/src/sl_udp_channel.cpp: In member function ‘void sl::UdpChannel::setStatus(_u32)’:
[31.182s] /home/tkddn647/test/src/sllidar_ros2/sdk/src/sl_udp_channel.cpp:112:29: warning: unused parameter ‘flag’ [-Wunused-parameter]
[31.182s]   112 |         void setStatus(_u32 flag){}
[31.182s]       |                        ~~~~~^~~~
[31.530s] In file included from /home/tkddn647/test/src/sllidar_ros2/./sdk/include/rplidar_protocol.h:36,
[31.530s]                  from /home/tkddn647/test/src/sllidar_ros2/./sdk/include/rplidar.h:39,
[31.530s]                  from /home/tkddn647/test/src/sllidar_ros2/sdk/src/sdkcommon.h:49,
[31.531s]                  from /home/tkddn647/test/src/sllidar_ros2/sdk/src/rplidar_driver.cpp:33:
[31.531s] /home/tkddn647/test/src/sllidar_ros2/./sdk/include/sl_lidar_protocol.h:66:16: warning: ISO C++ forbids zero-size array ‘data’ [-Wpedantic]
[31.532s]    66 |     sl_u8 data[0];
[31.532s]       |                ^
[31.533s] In file included from /home/tkddn647/test/src/sllidar_ros2/./sdk/include/rplidar_cmd.h:36,
[31.533s]                  from /home/tkddn647/test/src/sllidar_ros2/./sdk/include/rplidar.h:40,
[31.533s]                  from /home/tkddn647/test/src/sllidar_ros2/sdk/src/sdkcommon.h:49,
[31.533s]                  from /home/tkddn647/test/src/sllidar_ros2/sdk/src/rplidar_driver.cpp:33:
[31.533s] /home/tkddn647/test/src/sllidar_ros2/./sdk/include/sl_lidar_cmd.h:324:20: warning: ISO C++ forbids zero-size array ‘payload’ [-Wpedantic]
[31.534s]   324 |     sl_u8  payload[0];
[31.534s]       |                    ^
[31.548s] In file included from /home/tkddn647/test/src/sllidar_ros2/./sdk/include/rplidar_protocol.h:36,
[31.549s]                  from /home/tkddn647/test/src/sllidar_ros2/./sdk/include/rplidar.h:39,
[31.549s]                  from /home/tkddn647/test/src/sllidar_ros2/./sdk/src/sdkcommon.h:49,
[31.549s]                  from /home/tkddn647/test/src/sllidar_ros2/sdk/src/hal/thread.cpp:35:
[31.549s] /home/tkddn647/test/src/sllidar_ros2/./sdk/include/sl_lidar_protocol.h:66:16: warning: ISO C++ forbids zero-size array ‘data’ [-Wpedantic]
[31.549s]    66 |     sl_u8 data[0];
[31.549s]       |                ^
[31.549s] In file included from /home/tkddn647/test/src/sllidar_ros2/./sdk/include/rplidar_cmd.h:36,
[31.549s]                  from /home/tkddn647/test/src/sllidar_ros2/./sdk/include/rplidar.h:40,
[31.550s]                  from /home/tkddn647/test/src/sllidar_ros2/./sdk/src/sdkcommon.h:49,
[31.550s]                  from /home/tkddn647/test/src/sllidar_ros2/sdk/src/hal/thread.cpp:35:
[31.550s] /home/tkddn647/test/src/sllidar_ros2/./sdk/include/sl_lidar_cmd.h:324:20: warning: ISO C++ forbids zero-size array ‘payload’ [-Wpedantic]
[31.550s]   324 |     sl_u8  payload[0];
[31.550s]       |                    ^
[31.555s] In file included from /home/tkddn647/test/src/sllidar_ros2/./sdk/include/rplidar_protocol.h:36,
[31.555s]                  from /home/tkddn647/test/src/sllidar_ros2/./sdk/include/rplidar.h:39,
[31.555s]                  from /home/tkddn647/test/src/sllidar_ros2/./sdk/src/sdkcommon.h:49,
[31.556s]                  from /home/tkddn647/test/src/sllidar_ros2/sdk/src/dataunpacker/dataunnpacker_commondef.h:41,
[31.556s]                  from /home/tkddn647/test/src/sllidar_ros2/sdk/src/dataunpacker/dataunpacker.cpp:39:
[31.556s] /home/tkddn647/test/src/sllidar_ros2/./sdk/include/sl_lidar_protocol.h:66:16: warning: ISO C++ forbids zero-size array ‘data’ [-Wpedantic]
[31.556s]    66 |     sl_u8 data[0];
[31.556s]       |                ^
[31.556s] In file included from /home/tkddn647/test/src/sllidar_ros2/./sdk/include/rplidar_cmd.h:36,
[31.556s]                  from /home/tkddn647/test/src/sllidar_ros2/./sdk/include/rplidar.h:40,
[31.556s]                  from /home/tkddn647/test/src/sllidar_ros2/./sdk/src/sdkcommon.h:49,
[31.556s]                  from /home/tkddn647/test/src/sllidar_ros2/sdk/src/dataunpacker/dataunnpacker_commondef.h:41,
[31.557s]                  from /home/tkddn647/test/src/sllidar_ros2/sdk/src/dataunpacker/dataunpacker.cpp:39:
[31.557s] /home/tkddn647/test/src/sllidar_ros2/./sdk/include/sl_lidar_cmd.h:324:20: warning: ISO C++ forbids zero-size array ‘payload’ [-Wpedantic]
[31.557s]   324 |     sl_u8  payload[0];
[31.557s]       |                    ^
[31.638s] In file included from /home/tkddn647/test/src/sllidar_ros2/sdk/src/hal/thread.cpp:43:
[31.638s] /home/tkddn647/test/src/sllidar_ros2/./sdk/src/arch/linux/thread.hpp: In static member function ‘static rp::hal::Thread rp::hal::Thread::create(thread_proc_t, void*)’:
[31.638s] /home/tkddn647/test/src/sllidar_ros2/./sdk/src/arch/linux/thread.hpp:52:57: warning: cast between incompatible function types from ‘thread_proc_t’ {aka ‘long unsigned int (*)(void*)’} to ‘void* (*)(void*)’ [-Wcast-function-type]
[31.638s]    52 |     pthread_create((pthread_t *)&newborn._handle, NULL, (void * (*)(void *))proc, data);
[31.638s]       |                                                         ^~~~~~~~~~~~~~~~~~~~~~~~
[31.639s] /home/tkddn647/test/src/sllidar_ros2/./sdk/src/arch/linux/thread.hpp: In member function ‘u_result rp::hal::Thread::join(long unsigned int)’:
[31.639s] /home/tkddn647/test/src/sllidar_ros2/./sdk/src/arch/linux/thread.hpp:176:37: warning: unused parameter ‘timeout’ [-Wunused-parameter]
[31.639s]   176 | u_result Thread::join(unsigned long timeout)
[31.640s]       |                       ~~~~~~~~~~~~~~^~~~~~~
[31.768s] /home/tkddn647/test/src/sllidar_ros2/sdk/src/rplidar_driver.cpp: In member function ‘u_result rp::standalone::rplidar::RPlidarDriver::connect(const char*, _u32, _u32)’:
[31.769s] /home/tkddn647/test/src/sllidar_ros2/sdk/src/rplidar_driver.cpp:67:77: warning: unused parameter ‘flag’ [-Wunused-parameter]
[31.769s]    67 |     u_result RPlidarDriver::connect(const char *path, _u32 portOrBaud, _u32 flag)
[31.769s]       |                                                                        ~~~~~^~~~
[31.770s] /home/tkddn647/test/src/sllidar_ros2/sdk/src/rplidar_driver.cpp: In member function ‘u_result rp::standalone::rplidar::RPlidarDriver::reset(_u32)’:
[31.770s] /home/tkddn647/test/src/sllidar_ros2/sdk/src/rplidar_driver.cpp:101:40: warning: unused parameter ‘timeout’ [-Wunused-parameter]
[31.770s]   101 |     u_result RPlidarDriver::reset(_u32 timeout)
[31.770s]       |                                   ~~~~~^~~~~~~
[31.771s] /home/tkddn647/test/src/sllidar_ros2/sdk/src/rplidar_driver.cpp: In member function ‘u_result rp::standalone::rplidar::RPlidarDriver::getScanDataWithInterval(rplidar_response_measurement_node_t*, size_t&)’:
[31.771s] /home/tkddn647/test/src/sllidar_ros2/sdk/src/rplidar_driver.cpp:180:91: warning: unused parameter ‘nodebuffer’ [-Wunused-parameter]
[31.771s]   180 |     u_result RPlidarDriver::getScanDataWithInterval(rplidar_response_measurement_node_t * nodebuffer, size_t & count)
[31.771s]       |                                                     ~~~~~~~~~~~~~~~~~~~~~~~~~~~~~~~~~~~~~~^~~~~~~~~~
[31.771s] /home/tkddn647/test/src/sllidar_ros2/sdk/src/rplidar_driver.cpp:180:112: warning: unused parameter ‘count’ [-Wunused-parameter]
[31.771s]   180 |     u_result RPlidarDriver::getScanDataWithInterval(rplidar_response_measurement_node_t * nodebuffer, size_t & count)
[31.772s]       |                                                                                                       ~~~~~~~~~^~~~~
[31.861s] In file included from /home/tkddn647/test/src/sllidar_ros2/sdk/src/dataunpacker/dataunpacker.cpp:40:
[31.861s] /home/tkddn647/test/src/sllidar_ros2/sdk/src/dataunpacker/dataunpacker.h: In member function ‘virtual void sl::internal::LIDARSampleDataListener::onCustomSampleDataDecoded(_u8, _u32, const void*, size_t)’:
[31.861s] /home/tkddn647/test/src/sllidar_ros2/sdk/src/dataunpacker/dataunpacker.h:54:52: warning: unused parameter ‘ansType’ [-Wunused-parameter]
[31.862s]    54 |         virtual void onCustomSampleDataDecoded(_u8 ansType, _u32 customCode, const void* data, size_t size) {}
[31.862s]       |                                                ~~~~^~~~~~~
[31.862s] /home/tkddn647/test/src/sllidar_ros2/sdk/src/dataunpacker/dataunpacker.h:54:66: warning: unused parameter ‘customCode’ [-Wunused-parameter]
[31.862s]    54 |         virtual void onCustomSampleDataDecoded(_u8 ansType, _u32 customCode, const void* data, size_t size) {}
[31.862s]       |                                                             ~~~~~^~~~~~~~~~
[31.862s] /home/tkddn647/test/src/sllidar_ros2/sdk/src/dataunpacker/dataunpacker.h:54:90: warning: unused parameter ‘data’ [-Wunused-parameter]
[31.862s]    54 |         virtual void onCustomSampleDataDecoded(_u8 ansType, _u32 customCode, const void* data, size_t size) {}
[31.863s]       |                                                                              ~~~~~~~~~~~~^~~~
[31.863s] /home/tkddn647/test/src/sllidar_ros2/sdk/src/dataunpacker/dataunpacker.h:54:103: warning: unused parameter ‘size’ [-Wunused-parameter]
[31.863s]    54 |         virtual void onCustomSampleDataDecoded(_u8 ansType, _u32 customCode, const void* data, size_t size) {}
[31.863s]       |                                                                                                ~~~~~~~^~~~
[31.863s] /home/tkddn647/test/src/sllidar_ros2/sdk/src/dataunpacker/dataunpacker.h: In member function ‘virtual void sl::internal::LIDARSampleDataListener::onDecodingError(int, _u8, const void*, size_t)’:
[31.863s] /home/tkddn647/test/src/sllidar_ros2/sdk/src/dataunpacker/dataunpacker.h:56:42: warning: unused parameter ‘errMsg’ [-Wunused-parameter]
[31.863s]    56 |         virtual void onDecodingError(int errMsg, _u8 ansType, const void* payload, size_t size) {}
[31.864s]       |                                      ~~~~^~~~~~
[31.864s] /home/tkddn647/test/src/sllidar_ros2/sdk/src/dataunpacker/dataunpacker.h:56:54: warning: unused parameter ‘ansType’ [-Wunused-parameter]
[31.864s]    56 |         virtual void onDecodingError(int errMsg, _u8 ansType, const void* payload, size_t size) {}
[31.864s]       |                                                  ~~~~^~~~~~~
[31.864s] /home/tkddn647/test/src/sllidar_ros2/sdk/src/dataunpacker/dataunpacker.h:56:75: warning: unused parameter ‘payload’ [-Wunused-parameter]
[31.864s]    56 |         virtual void onDecodingError(int errMsg, _u8 ansType, const void* payload, size_t size) {}
[31.864s]       |                                                               ~~~~~~~~~~~~^~~~~~~
[31.864s] /home/tkddn647/test/src/sllidar_ros2/sdk/src/dataunpacker/dataunpacker.h:56:91: warning: unused parameter ‘size’ [-Wunused-parameter]
[31.864s]    56 |         virtual void onDecodingError(int errMsg, _u8 ansType, const void* payload, size_t size) {}
[31.864s]       |                                                                                    ~~~~~~~^~~~
[34.774s] In file included from /home/tkddn647/test/src/sllidar_ros2/./sdk/include/sl_lidar_cmd.h:41,
[34.774s]                  from /home/tkddn647/test/src/sllidar_ros2/./sdk/include/sl_lidar_driver.h:54,
[34.775s]                  from /home/tkddn647/test/src/sllidar_ros2/./sdk/include/sl_lidar.h:36,
[34.775s]                  from /home/tkddn647/test/src/sllidar_ros2/src/sllidar_node.cpp:38:
[34.775s] /home/tkddn647/test/src/sllidar_ros2/./sdk/include/sl_lidar_protocol.h:66:16: warning: ISO C++ forbids zero-size array ‘data’ [-Wpedantic]
[34.775s]    66 |     sl_u8 data[0];
[34.775s]       |                ^
[34.775s] In file included from /home/tkddn647/test/src/sllidar_ros2/./sdk/include/sl_lidar_driver.h:54,
[34.776s]                  from /home/tkddn647/test/src/sllidar_ros2/./sdk/include/sl_lidar.h:36,
[34.776s]                  from /home/tkddn647/test/src/sllidar_ros2/src/sllidar_node.cpp:38:
[34.776s] /home/tkddn647/test/src/sllidar_ros2/./sdk/include/sl_lidar_cmd.h:324:20: warning: ISO C++ forbids zero-size array ‘payload’ [-Wpedantic]
[34.776s]   324 |     sl_u8  payload[0];
[34.776s]       |                    ^
[38.203s] [ 55%] Linking CXX executable sllidar_node
[38.815s] [ 95%] Built target sllidar_node
[41.498s] [100%] Linking CXX executable sllidar_client
[42.005s] [100%] Built target sllidar_client
[42.021s] Invoked command in '/home/tkddn647/test/build/sllidar_ros2' returned '0': CMAKE_PREFIX_PATH=/opt/ros/humble /usr/bin/cmake --build /home/tkddn647/test/build/sllidar_ros2 -- -j12 -l12
[42.037s] Invoking command in '/home/tkddn647/test/build/sllidar_ros2': CMAKE_PREFIX_PATH=/opt/ros/humble /usr/bin/cmake --install /home/tkddn647/test/build/sllidar_ros2
[42.047s] -- Install configuration: ""
[42.047s] -- Execute custom install script
[42.047s] -- Symlinking: /home/tkddn647/test/install/sllidar_ros2/share/sllidar_ros2/launch/sllidar_t1_launch.py
[42.062s] -- Symlinking: /home/tkddn647/test/install/sllidar_ros2/share/sllidar_ros2/launch/view_sllidar_t1_launch.py
[42.076s] -- Symlinking: /home/tkddn647/test/install/sllidar_ros2/share/sllidar_ros2/rviz/sllidar_ros2.rviz
[42.089s] -- Symlinking: /home/tkddn647/test/install/sllidar_ros2/lib/sllidar_ros2/sllidar_node
[42.100s] -- Symlinking: /home/tkddn647/test/install/sllidar_ros2/lib/sllidar_ros2/sllidar_client
[42.112s] -- Symlinking: /home/tkddn647/test/install/sllidar_ros2/share/ament_index/resource_index/package_run_dependencies/sllidar_ros2
[42.134s] -- Symlinking: /home/tkddn647/test/install/sllidar_ros2/share/ament_index/resource_index/parent_prefix_path/sllidar_ros2
[42.148s] -- Symlinking: /home/tkddn647/test/install/sllidar_ros2/share/sllidar_ros2/environment/ament_prefix_path.sh
[42.161s] -- Symlinking: /home/tkddn647/test/install/sllidar_ros2/share/sllidar_ros2/environment/ament_prefix_path.dsv
[42.174s] -- Symlinking: /home/tkddn647/test/install/sllidar_ros2/share/sllidar_ros2/environment/path.sh
[42.187s] -- Symlinking: /home/tkddn647/test/install/sllidar_ros2/share/sllidar_ros2/environment/path.dsv
[42.199s] -- Symlinking: /home/tkddn647/test/install/sllidar_ros2/share/sllidar_ros2/local_setup.bash
[42.213s] -- Symlinking: /home/tkddn647/test/install/sllidar_ros2/share/sllidar_ros2/local_setup.sh
[42.227s] -- Symlinking: /home/tkddn647/test/install/sllidar_ros2/share/sllidar_ros2/local_setup.zsh
[42.239s] -- Symlinking: /home/tkddn647/test/install/sllidar_ros2/share/sllidar_ros2/local_setup.dsv
[42.252s] -- Symlinking: /home/tkddn647/test/install/sllidar_ros2/share/sllidar_ros2/package.dsv
[42.266s] -- Symlinking: /home/tkddn647/test/install/sllidar_ros2/share/ament_index/resource_index/packages/sllidar_ros2
[42.279s] -- Symlinking: /home/tkddn647/test/install/sllidar_ros2/share/sllidar_ros2/cmake/ament_cmake_export_dependencies-extras.cmake
[42.292s] -- Symlinking: /home/tkddn647/test/install/sllidar_ros2/share/sllidar_ros2/cmake/ament_cmake_export_include_directories-extras.cmake
[42.305s] -- Symlinking: /home/tkddn647/test/install/sllidar_ros2/share/sllidar_ros2/cmake/sllidar_ros2Config.cmake
[42.319s] -- Symlinking: /home/tkddn647/test/install/sllidar_ros2/share/sllidar_ros2/cmake/sllidar_ros2Config-version.cmake
[42.337s] -- Symlinking: /home/tkddn647/test/install/sllidar_ros2/share/sllidar_ros2/package.xml
[42.356s] Invoked command in '/home/tkddn647/test/build/sllidar_ros2' returned '0': CMAKE_PREFIX_PATH=/opt/ros/humble /usr/bin/cmake --install /home/tkddn647/test/build/sllidar_ros2
