-- Install configuration: ""
-- Execute custom install script
-- Up-to-date symlink: /home/tkddn647/test/install/race_layer/lib/race_layer/path_following.py
-- Up-to-date symlink: /home/tkddn647/test/install/race_layer/lib/race_layer/static_node.py
-- Up-to-date symlink: /home/tkddn647/test/install/race_layer/lib/race_layer/FGM_node.py
-- Up-to-date symlink: /home/tkddn647/test/install/race_layer/lib/race_layer/local.py
-- Up-to-date symlink: /home/tkddn647/test/install/race_layer/share/race_layer/launch/.gitkeep
-- Up-to-date symlink: /home/tkddn647/test/install/race_layer/share/race_layer/launch/FGM_node.py
-- Up-to-date symlink: /home/tkddn647/test/install/race_layer/share/race_layer/launch/__pycache__/centerline.cpython-310.pyc
-- Up-to-date symlink: /home/tkddn647/test/install/race_layer/share/race_layer/launch/__pycache__/path_following.cpython-310.pyc
-- Up-to-date symlink: /home/tkddn647/test/install/race_layer/share/race_layer/launch/centerline.py
-- Up-to-date symlink: /home/tkddn647/test/install/race_layer/share/race_layer/launch/local.py
-- Up-to-date symlink: /home/tkddn647/test/install/race_layer/share/race_layer/launch/make_csv.py
-- Up-to-date symlink: /home/tkddn647/test/install/race_layer/share/race_layer/launch/path_following.py
-- Up-to-date symlink: /home/tkddn647/test/install/race_layer/share/race_layer/launch/race_layer.launch.py
-- Up-to-date symlink: /home/tkddn647/test/install/race_layer/share/race_layer/launch/static_node.py
-- Up-to-date symlink: /home/tkddn647/test/install/race_layer/share/ament_index/resource_index/package_run_dependencies/race_layer
-- Up-to-date symlink: /home/tkddn647/test/install/race_layer/share/ament_index/resource_index/parent_prefix_path/race_layer
-- Up-to-date symlink: /home/tkddn647/test/install/race_layer/share/race_layer/environment/ament_prefix_path.sh
-- Up-to-date symlink: /home/tkddn647/test/install/race_layer/share/race_layer/environment/ament_prefix_path.dsv
-- Up-to-date symlink: /home/tkddn647/test/install/race_layer/share/race_layer/environment/path.sh
-- Up-to-date symlink: /home/tkddn647/test/install/race_layer/share/race_layer/environment/path.dsv
-- Up-to-date symlink: /home/tkddn647/test/install/race_layer/share/race_layer/local_setup.bash
-- Up-to-date symlink: /home/tkddn647/test/install/race_layer/share/race_layer/local_setup.sh
-- Up-to-date symlink: /home/tkddn647/test/install/race_layer/share/race_layer/local_setup.zsh
-- Up-to-date symlink: /home/tkddn647/test/install/race_layer/share/race_layer/local_setup.dsv
-- Symlinking: /home/tkddn647/test/install/race_layer/share/race_layer/package.dsv
-- Up-to-date symlink: /home/tkddn647/test/install/race_layer/share/ament_index/resource_index/packages/race_layer
-- Up-to-date symlink: /home/tkddn647/test/install/race_layer/share/race_layer/cmake/race_layerConfig.cmake
-- Up-to-date symlink: /home/tkddn647/test/install/race_layer/share/race_layer/cmake/race_layerConfig-version.cmake
-- Up-to-date symlink: /home/tkddn647/test/install/race_layer/share/race_layer/package.xml
