[INFO] [1773484881.778757755] [cartographer logger]: I0314 19:41:21.000000 118573 configuration_file_resolver.cc:41] Found '/home/tkddn647/test/install/localization_layer/share/localization_layer/config/cartographer_2d_mapping_lidar_only.lua' for 'cartographer_2d_mapping_lidar_only.lua'.
[INFO] [1773484881.779859646] [cartographer logger]: I0314 19:41:21.000000 118573 configuration_file_resolver.cc:41] Found '/home/tkddn647/test/install/localization_layer/share/localization_layer/config/map_builder_mapping.lua' for 'map_builder_mapping.lua'.
[INFO] [1773484881.779930301] [cartographer logger]: I0314 19:41:21.000000 118573 configuration_file_resolver.cc:41] Found '/home/tkddn647/test/install/localization_layer/share/localization_layer/config/map_builder_mapping.lua' for 'map_builder_mapping.lua'.
[INFO] [1773484881.780569008] [cartographer logger]: I0314 19:41:21.000000 118573 configuration_file_resolver.cc:41] Found '/home/tkddn647/test/install/localization_layer/share/localization_layer/config/pose_graph_mapping.lua' for 'pose_graph_mapping.lua'.
[INFO] [1773484881.780637719] [cartographer logger]: I0314 19:41:21.000000 118573 configuration_file_resolver.cc:41] Found '/home/tkddn647/test/install/localization_layer/share/localization_layer/config/pose_graph_mapping.lua' for 'pose_graph_mapping.lua'.
[INFO] [1773484881.781162731] [cartographer logger]: I0314 19:41:21.000000 118573 configuration_file_resolver.cc:41] Found '/home/tkddn647/test/install/localization_layer/share/localization_layer/config/trajectory_builder.lua' for 'trajectory_builder.lua'.
[INFO] [1773484881.781230971] [cartographer logger]: I0314 19:41:21.000000 118573 configuration_file_resolver.cc:41] Found '/home/tkddn647/test/install/localization_layer/share/localization_layer/config/trajectory_builder.lua' for 'trajectory_builder.lua'.
[INFO] [1773484881.781649278] [cartographer logger]: I0314 19:41:21.000000 118573 configuration_file_resolver.cc:41] Found '/opt/ros/humble/share/cartographer/configuration_files/trajectory_builder_2d.lua' for 'trajectory_builder_2d.lua'.
[INFO] [1773484881.781691579] [cartographer logger]: I0314 19:41:21.000000 118573 configuration_file_resolver.cc:41] Found '/opt/ros/humble/share/cartographer/configuration_files/trajectory_builder_2d.lua' for 'trajectory_builder_2d.lua'.
[INFO] [1773484881.782222651] [cartographer logger]: I0314 19:41:21.000000 118573 configuration_file_resolver.cc:41] Found '/opt/ros/humble/share/cartographer/configuration_files/trajectory_builder_3d.lua' for 'trajectory_builder_3d.lua'.
[INFO] [1773484881.782297574] [cartographer logger]: I0314 19:41:21.000000 118573 configuration_file_resolver.cc:41] Found '/opt/ros/humble/share/cartographer/configuration_files/trajectory_builder_3d.lua' for 'trajectory_builder_3d.lua'.
[INFO] [1773484881.799637540] [cartographer logger]: I0314 19:41:21.000000 118573 map_builder_bridge.cpp:136] Added trajectory with ID '0'.
[WARN] [1773484881.800844501] [cartographer logger]: W0314 19:41:21.000000 118573 fixed_ratio_sampler.cc:26] FixedRatioSampler is dropping all data.
[INFO] [1773484881.844947544] [cartographer logger]: I0314 19:41:21.000000 118573 ordered_multi_queue.cc:172] All sensor data for trajectory 0 is available starting at '639090816818417489'.
[WARN] [1773484881.911235105] [cartographer logger]: W0314 19:41:21.000000 118573 pose_extrapolator.cc:168] Queue too short for velocity estimation. Queue duration: 0 s
[INFO] [1773484881.928774888] [cartographer logger]: I0314 19:41:21.000000 118573 pose_graph_2d.cc:148] Inserted submap (0, 0).
[INFO] [1773484887.197276834] [cartographer logger]: I0314 19:41:27.000000 118573 pose_graph_2d.cc:148] Inserted submap (0, 1).
[INFO] [1773484893.076306335] [cartographer logger]: I0314 19:41:33.000000 118573 pose_graph_2d.cc:148] Inserted submap (0, 2).
[INFO] [1773484897.403065823] [cartographer logger]: I0314 19:41:37.000000 118573 collated_trajectory_builder.cc:81] odom rate: 14.46 Hz 6.92e-02 s +/- 3.73e-02 s (pulsed at 103.86% real time)
[INFO] [1773484897.403127861] [cartographer logger]: I0314 19:41:37.000000 118573 collated_trajectory_builder.cc:81] scan rate: 14.46 Hz 6.92e-02 s +/- 3.73e-02 s (pulsed at 104.20% real time)
[INFO] [1773484898.408931030] [cartographer logger]: I0314 19:41:38.000000 118573 pose_graph_2d.cc:148] Inserted submap (0, 3).
[INFO] [1773484903.741700023] [cartographer logger]: I0314 19:41:43.000000 118573 pose_graph_2d.cc:148] Inserted submap (0, 4).
[INFO] [1773484909.075147953] [cartographer logger]: I0314 19:41:49.000000 118573 pose_graph_2d.cc:148] Inserted submap (0, 5).
[INFO] [1773484912.404038617] [cartographer logger]: I0314 19:41:52.000000 118573 collated_trajectory_builder.cc:81] odom rate: 15.00 Hz 6.67e-02 s +/- 2.01e-04 s (pulsed at 99.99% real time)
[INFO] [1773484912.404115072] [cartographer logger]: I0314 19:41:52.000000 118573 collated_trajectory_builder.cc:81] scan rate: 15.00 Hz 6.67e-02 s +/- 1.25e-04 s (pulsed at 99.90% real time)
[INFO] [1773484914.410249285] [cartographer logger]: I0314 19:41:54.000000 118573 pose_graph_2d.cc:148] Inserted submap (0, 6).
[INFO] [1773484915.737294730] [cartographer logger]: I0314 19:41:55.000000 118573 motion_filter.cc:42] Motion filter reduced the number of nodes to 100%.
[INFO] [1773484919.745289283] [cartographer logger]: I0314 19:41:59.000000 118573 pose_graph_2d.cc:148] Inserted submap (0, 7).
[INFO] [1773484925.670015057] [cartographer logger]: I0314 19:42:05.000000 118573 pose_graph_2d.cc:148] Inserted submap (0, 8).
[INFO] [1773484928.063911554] [cartographer logger]: I0314 19:42:08.000000 118573 collated_trajectory_builder.cc:81] odom rate: 14.43 Hz 6.93e-02 s +/- 3.96e-02 s (pulsed at 103.97% real time)
[INFO] [1773484928.064013900] [cartographer logger]: I0314 19:42:08.000000 118573 collated_trajectory_builder.cc:81] scan rate: 14.43 Hz 6.93e-02 s +/- 3.96e-02 s (pulsed at 103.97% real time)
[INFO] [1773484931.002551987] [cartographer logger]: I0314 19:42:11.000000 118573 pose_graph_2d.cc:148] Inserted submap (0, 9).
[INFO] [1773484936.337172749] [cartographer logger]: I0314 19:42:16.000000 118573 pose_graph_2d.cc:148] Inserted submap (0, 10).
[INFO] [1773484941.669939642] [cartographer logger]: I0314 19:42:21.000000 118573 pose_graph_2d.cc:148] Inserted submap (0, 11).
[INFO] [1773484943.130561222] [cartographer logger]: I0314 19:42:23.000000 118573 collated_trajectory_builder.cc:81] odom rate: 15.00 Hz 6.67e-02 s +/- 1.57e-04 s (pulsed at 100.00% real time)
[INFO] [1773484943.130652625] [cartographer logger]: I0314 19:42:23.000000 118573 collated_trajectory_builder.cc:81] scan rate: 15.00 Hz 6.67e-02 s +/- 1.34e-04 s (pulsed at 100.00% real time)
[INFO] [1773484947.004766342] [cartographer logger]: I0314 19:42:27.000000 118573 pose_graph_2d.cc:148] Inserted submap (0, 12).
[INFO] [1773484949.663998020] [cartographer logger]: I0314 19:42:29.000000 118573 motion_filter.cc:42] Motion filter reduced the number of nodes to 100%.
[INFO] [1773484952.337038013] [cartographer logger]: I0314 19:42:32.000000 118573 pose_graph_2d.cc:148] Inserted submap (0, 13).
[INFO] [1773484958.242029846] [cartographer logger]: I0314 19:42:38.000000 118573 pose_graph_2d.cc:148] Inserted submap (0, 14).
[INFO] [1773484958.707242902] [cartographer logger]: I0314 19:42:38.000000 118573 collated_trajectory_builder.cc:81] odom rate: 14.38 Hz 6.95e-02 s +/- 3.87e-02 s (pulsed at 103.83% real time)
[INFO] [1773484958.707357654] [cartographer logger]: I0314 19:42:38.000000 118573 collated_trajectory_builder.cc:81] scan rate: 14.44 Hz 6.92e-02 s +/- 3.84e-02 s (pulsed at 103.84% real time)
[INFO] [1773484963.646581410] [cartographer logger]: I0314 19:42:43.000000 118573 pose_graph_2d.cc:148] Inserted submap (0, 15).
[INFO] [1773484968.977684977] [cartographer logger]: I0314 19:42:48.000000 118573 pose_graph_2d.cc:148] Inserted submap (0, 16).
[INFO] [1773484973.771582266] [cartographer logger]: I0314 19:42:53.000000 118573 collated_trajectory_builder.cc:81] odom rate: 14.80 Hz 6.76e-02 s +/- 9.98e-03 s (pulsed at 100.04% real time)
[INFO] [1773484973.771654283] [cartographer logger]: I0314 19:42:53.000000 118573 collated_trajectory_builder.cc:81] scan rate: 14.80 Hz 6.76e-02 s +/- 9.99e-03 s (pulsed at 100.01% real time)
[INFO] [1773484974.459774556] [cartographer logger]: I0314 19:42:54.000000 118573 pose_graph_2d.cc:148] Inserted submap (0, 17).
[INFO] [1773484979.778804213] [cartographer logger]: I0314 19:42:59.000000 118573 pose_graph_2d.cc:148] Inserted submap (0, 18).
[INFO] [1773484983.905616962] [cartographer logger]: I0314 19:43:03.000000 118573 motion_filter.cc:42] Motion filter reduced the number of nodes to 100%.
[INFO] [1773484985.245599887] [cartographer logger]: I0314 19:43:05.000000 118573 pose_graph_2d.cc:148] Inserted submap (0, 19).
[INFO] [1773484988.772632745] [cartographer logger]: I0314 19:43:08.000000 118573 collated_trajectory_builder.cc:81] odom rate: 14.87 Hz 6.73e-02 s +/- 8.95e-03 s (pulsed at 99.99% real time)
[INFO] [1773484988.772752641] [cartographer logger]: I0314 19:43:08.000000 118573 collated_trajectory_builder.cc:81] scan rate: 14.87 Hz 6.73e-02 s +/- 8.92e-03 s (pulsed at 100.01% real time)
[INFO] [1773484991.091938936] [cartographer logger]: I0314 19:43:11.000000 118573 pose_graph_2d.cc:148] Inserted submap (0, 20).
[INFO] [1773484996.707583562] [cartographer logger]: I0314 19:43:16.000000 118573 pose_graph_2d.cc:148] Inserted submap (0, 21).
[INFO] [1773485002.551681661] [cartographer logger]: I0314 19:43:22.000000 118573 pose_graph_2d.cc:148] Inserted submap (0, 22).
[INFO] [1773485004.352307861] [cartographer logger]: I0314 19:43:24.000000 118573 collated_trajectory_builder.cc:81] odom rate: 13.99 Hz 7.15e-02 s +/- 4.31e-02 s (pulsed at 103.43% real time)
[INFO] [1773485004.352402061] [cartographer logger]: I0314 19:43:24.000000 118573 collated_trajectory_builder.cc:81] scan rate: 13.99 Hz 7.15e-02 s +/- 4.31e-02 s (pulsed at 103.43% real time)
[INFO] [1773485007.625295634] [cartographer logger]: I0314 19:43:27.000000 118573 pose_graph_2d.cc:148] Inserted submap (0, 23).
[INFO] [1773485013.290437128] [cartographer logger]: I0314 19:43:33.000000 118573 pose_graph_2d.cc:148] Inserted submap (0, 24).
[INFO] [1773485018.620009203] [cartographer logger]: I0314 19:43:38.000000 118573 motion_filter.cc:42] Motion filter reduced the number of nodes to 100%.
[INFO] [1773485018.624264544] [cartographer logger]: I0314 19:43:38.000000 118573 pose_graph_2d.cc:148] Inserted submap (0, 25).
[INFO] [1773485019.353205771] [cartographer logger]: I0314 19:43:39.000000 118573 collated_trajectory_builder.cc:81] odom rate: 14.67 Hz 6.82e-02 s +/- 2.25e-02 s (pulsed at 99.99% real time)
[INFO] [1773485019.353273149] [cartographer logger]: I0314 19:43:39.000000 118573 collated_trajectory_builder.cc:81] scan rate: 14.67 Hz 6.82e-02 s +/- 2.25e-02 s (pulsed at 99.96% real time)
[INFO] [1773485027.410884980] [cartographer logger]: I0314 19:43:47.000000 118573 pose_graph_2d.cc:148] Inserted submap (0, 26).
[INFO] [1773485033.151797460] [cartographer logger]: I0314 19:43:53.000000 118573 pose_graph_2d.cc:148] Inserted submap (0, 27).
[INFO] [1773485034.872797455] [cartographer logger]: I0314 19:43:54.000000 118573 collated_trajectory_builder.cc:81] odom rate: 13.72 Hz 7.29e-02 s +/- 5.24e-02 s (pulsed at 103.46% real time)
[INFO] [1773485034.872866617] [cartographer logger]: I0314 19:43:54.000000 118573 collated_trajectory_builder.cc:81] scan rate: 11.28 Hz 8.87e-02 s +/- 2.63e-01 s (pulsed at 103.50% real time)
[INFO] [1773485038.487545918] [cartographer logger]: I0314 19:43:58.000000 118573 pose_graph_2d.cc:148] Inserted submap (0, 28).
[INFO] [1773485044.342154417] [cartographer logger]: I0314 19:44:04.000000 118573 pose_graph_2d.cc:148] Inserted submap (0, 29).
[INFO] [1773485049.676610089] [cartographer logger]: I0314 19:44:09.000000 118573 pose_graph_2d.cc:148] Inserted submap (0, 30).
[INFO] [1773485049.938099984] [cartographer logger]: I0314 19:44:09.000000 118573 collated_trajectory_builder.cc:81] odom rate: 14.47 Hz 6.91e-02 s +/- 3.62e-02 s (pulsed at 100.01% real time)
[INFO] [1773485049.938201327] [cartographer logger]: I0314 19:44:09.000000 118573 collated_trajectory_builder.cc:81] scan rate: 14.47 Hz 6.91e-02 s +/- 3.62e-02 s (pulsed at 100.02% real time)
[INFO] [1773485055.544160959] [cartographer logger]: I0314 19:44:15.000000 118573 pose_graph_2d.cc:148] Inserted submap (0, 31).
[INFO] [1773485057.395604701] [cartographer logger]: I0314 19:44:17.000000 118573 motion_filter.cc:42] Motion filter reduced the number of nodes to 100%.
[INFO] [1773485061.402158165] [cartographer logger]: I0314 19:44:21.000000 118573 pose_graph_2d.cc:148] Inserted submap (0, 32).
[INFO] [1773485065.529110514] [cartographer logger]: I0314 19:44:25.000000 118573 collated_trajectory_builder.cc:81] odom rate: 13.40 Hz 7.46e-02 s +/- 6.62e-02 s (pulsed at 103.50% real time)
[INFO] [1773485065.529181249] [cartographer logger]: I0314 19:44:25.000000 118573 collated_trajectory_builder.cc:81] scan rate: 13.40 Hz 7.46e-02 s +/- 6.61e-02 s (pulsed at 103.50% real time)
[INFO] [1773485067.334036704] [cartographer logger]: I0314 19:44:27.000000 118573 pose_graph_2d.cc:148] Inserted submap (0, 33).
[INFO] [1773485073.344218397] [cartographer logger]: I0314 19:44:33.000000 118573 pose_graph_2d.cc:148] Inserted submap (0, 34).
[INFO] [1773485078.672174700] [cartographer logger]: I0314 19:44:38.000000 118573 pose_graph_2d.cc:148] Inserted submap (0, 35).
[INFO] [1773485080.593958266] [cartographer logger]: I0314 19:44:40.000000 118573 collated_trajectory_builder.cc:81] odom rate: 14.33 Hz 6.98e-02 s +/- 4.55e-02 s (pulsed at 100.01% real time)
[INFO] [1773485080.594049369] [cartographer logger]: I0314 19:44:40.000000 118573 collated_trajectory_builder.cc:81] scan rate: 14.33 Hz 6.98e-02 s +/- 4.56e-02 s (pulsed at 100.01% real time)
[INFO] [1773485084.735274671] [cartographer logger]: I0314 19:44:44.000000 118573 pose_graph_2d.cc:148] Inserted submap (0, 36).
[INFO] [1773485090.652698456] [cartographer logger]: I0314 19:44:50.000000 118573 pose_graph_2d.cc:148] Inserted submap (0, 37).
[INFO] [1773485094.044138463] [cartographer logger]: I0314 19:44:54.000000 118573 motion_filter.cc:42] Motion filter reduced the number of nodes to 100%.
[INFO] [1773485096.245973426] [cartographer logger]: I0314 19:44:56.000000 118573 collated_trajectory_builder.cc:81] odom rate: 13.02 Hz 7.68e-02 s +/- 8.33e-02 s (pulsed at 103.89% real time)
[INFO] [1773485096.246041481] [cartographer logger]: I0314 19:44:56.000000 118573 collated_trajectory_builder.cc:81] scan rate: 13.03 Hz 7.68e-02 s +/- 8.31e-02 s (pulsed at 103.88% real time)
[INFO] [1773485096.716088965] [cartographer logger]: I0314 19:44:56.000000 118573 pose_graph_2d.cc:148] Inserted submap (0, 38).
[INFO] [1773485103.014743176] [cartographer logger]: I0314 19:45:03.000000 118573 pose_graph_2d.cc:148] Inserted submap (0, 39).
[INFO] [1773485108.118033958] [cartographer logger]: I0314 19:45:08.000000 118573 pose_graph_2d.cc:148] Inserted submap (0, 40).
[INFO] [1773485111.310706417] [cartographer logger]: I0314 19:45:11.000000 118573 collated_trajectory_builder.cc:81] odom rate: 14.27 Hz 7.01e-02 s +/- 5.01e-02 s (pulsed at 100.00% real time)
[INFO] [1773485111.310796253] [cartographer logger]: I0314 19:45:11.000000 118573 collated_trajectory_builder.cc:81] scan rate: 14.27 Hz 7.01e-02 s +/- 5.01e-02 s (pulsed at 100.01% real time)
[INFO] [1773485114.190414431] [cartographer logger]: I0314 19:45:14.000000 118573 pose_graph_2d.cc:148] Inserted submap (0, 41).
[INFO] [1773485119.580724476] [cartographer logger]: I0314 19:45:19.000000 118573 pose_graph_2d.cc:148] Inserted submap (0, 42).
[INFO] [1773485126.305033530] [cartographer logger]: I0314 19:45:26.000000 118573 pose_graph_2d.cc:148] Inserted submap (0, 43).
[INFO] [1773485126.962833480] [cartographer logger]: I0314 19:45:26.000000 118573 collated_trajectory_builder.cc:81] odom rate: 12.90 Hz 7.75e-02 s +/- 1.15e-01 s (pulsed at 103.96% real time)
[INFO] [1773485126.962893374] [cartographer logger]: I0314 19:45:26.000000 118573 collated_trajectory_builder.cc:81] scan rate: 12.90 Hz 7.75e-02 s +/- 1.14e-01 s (pulsed at 103.91% real time)
[INFO] [1773485130.297840541] [cartographer logger]: I0314 19:45:30.000000 118573 motion_filter.cc:42] Motion filter reduced the number of nodes to 100%.
[INFO] [1773485131.639471731] [cartographer logger]: I0314 19:45:31.000000 118573 pose_graph_2d.cc:148] Inserted submap (0, 44).
[INFO] [1773485137.911324695] [cartographer logger]: I0314 19:45:37.000000 118573 pose_graph_2d.cc:148] Inserted submap (0, 45).
[INFO] [1773485143.261536242] [cartographer logger]: I0314 19:45:43.000000 118573 collated_trajectory_builder.cc:81] odom rate: 13.98 Hz 7.16e-02 s +/- 6.75e-02 s (pulsed at 91.32% real time)
[INFO] [1773485143.261603661] [cartographer logger]: I0314 19:45:43.000000 118573 collated_trajectory_builder.cc:81] scan rate: 14.06 Hz 7.11e-02 s +/- 6.44e-02 s (pulsed at 100.00% real time)
[INFO] [1773485144.239595993] [cartographer logger]: I0314 19:45:44.000000 118573 pose_graph_2d.cc:148] Inserted submap (0, 46).
[INFO] [1773485149.567648465] [cartographer logger]: I0314 19:45:49.000000 118573 pose_graph_2d.cc:148] Inserted submap (0, 47).
[INFO] [1773485156.554854779] [cartographer logger]: I0314 19:45:56.000000 118573 pose_graph_2d.cc:148] Inserted submap (0, 48).
[INFO] [1773485158.882278348] [cartographer logger]: I0314 19:45:58.000000 118573 collated_trajectory_builder.cc:81] odom rate: 13.43 Hz 7.45e-02 s +/- 8.34e-02 s (pulsed at 105.35% real time)
[INFO] [1773485158.882346578] [cartographer logger]: I0314 19:45:58.000000 118573 collated_trajectory_builder.cc:81] scan rate: 13.44 Hz 7.44e-02 s +/- 8.32e-02 s (pulsed at 105.92% real time)
[INFO] [1773485161.886699340] [cartographer logger]: I0314 19:46:01.000000 118573 pose_graph_2d.cc:148] Inserted submap (0, 49).
[INFO] [1773485168.348776665] [cartographer logger]: I0314 19:46:08.000000 118573 motion_filter.cc:42] Motion filter reduced the number of nodes to 100%.
[INFO] [1773485168.354434071] [cartographer logger]: I0314 19:46:08.000000 118573 pose_graph_2d.cc:148] Inserted submap (0, 50).
[INFO] [1773485173.895773806] [cartographer logger]: I0314 19:46:13.000000 118573 collated_trajectory_builder.cc:81] odom rate: 12.72 Hz 7.86e-02 s +/- 1.16e-01 s (pulsed at 99.91% real time)
[INFO] [1773485173.895901219] [cartographer logger]: I0314 19:46:13.000000 118573 collated_trajectory_builder.cc:81] scan rate: 12.72 Hz 7.86e-02 s +/- 1.16e-01 s (pulsed at 100.00% real time)
[INFO] [1773485174.821787487] [cartographer logger]: I0314 19:46:14.000000 118573 pose_graph_2d.cc:148] Inserted submap (0, 51).
[INFO] [1773485180.162927115] [cartographer logger]: I0314 19:46:20.000000 118573 pose_graph_2d.cc:148] Inserted submap (0, 52).
[INFO] [1773485186.755806164] [cartographer logger]: I0314 19:46:26.000000 118573 pose_graph_2d.cc:148] Inserted submap (0, 53).
[INFO] [1773485189.538431040] [cartographer logger]: I0314 19:46:29.000000 118573 collated_trajectory_builder.cc:81] odom rate: 13.21 Hz 7.57e-02 s +/- 9.74e-02 s (pulsed at 103.94% real time)
[INFO] [1773485189.538500561] [cartographer logger]: I0314 19:46:29.000000 118573 collated_trajectory_builder.cc:81] scan rate: 13.21 Hz 7.57e-02 s +/- 9.71e-02 s (pulsed at 104.01% real time)
[INFO] [1773485193.877867619] [cartographer logger]: I0314 19:46:33.000000 118573 pose_graph_2d.cc:148] Inserted submap (0, 54).
[INFO] [1773485199.210067383] [cartographer logger]: I0314 19:46:39.000000 118573 pose_graph_2d.cc:148] Inserted submap (0, 55).
[INFO] [1773485204.554194268] [cartographer logger]: I0314 19:46:44.000000 118573 collated_trajectory_builder.cc:81] odom rate: 12.52 Hz 7.99e-02 s +/- 1.27e-01 s (pulsed at 99.90% real time)
[INFO] [1773485204.554255489] [cartographer logger]: I0314 19:46:44.000000 118573 collated_trajectory_builder.cc:81] scan rate: 12.53 Hz 7.98e-02 s +/- 1.27e-01 s (pulsed at 100.00% real time)
[INFO] [1773485205.810943095] [cartographer logger]: I0314 19:46:45.000000 118573 pose_graph_2d.cc:148] Inserted submap (0, 56).
[INFO] [1773485207.137393572] [cartographer logger]: I0314 19:46:47.000000 118573 motion_filter.cc:42] Motion filter reduced the number of nodes to 100%.
[INFO] [1773485211.142080645] [cartographer logger]: I0314 19:46:51.000000 118573 pose_graph_2d.cc:148] Inserted submap (0, 57).
[INFO] [1773485217.809541923] [cartographer logger]: I0314 19:46:57.000000 118573 pose_graph_2d.cc:148] Inserted submap (0, 58).
[INFO] [1773485219.604510991] [cartographer logger]: I0314 19:46:59.000000 118573 collated_trajectory_builder.cc:81] odom rate: 13.66 Hz 7.32e-02 s +/- 9.34e-02 s (pulsed at 100.00% real time)
[INFO] [1773485219.604607828] [cartographer logger]: I0314 19:46:59.000000 118573 collated_trajectory_builder.cc:81] scan rate: 13.67 Hz 7.32e-02 s +/- 9.31e-02 s (pulsed at 100.11% real time)
[INFO] [1773485225.037222570] [cartographer logger]: I0314 19:47:05.000000 118573 pose_graph_2d.cc:148] Inserted submap (0, 59).
[INFO] [1773485230.382906071] [cartographer logger]: I0314 19:47:10.000000 118573 pose_graph_2d.cc:148] Inserted submap (0, 60).
[INFO] [1773485235.166367522] [cartographer logger]: I0314 19:47:15.000000 118573 collated_trajectory_builder.cc:81] odom rate: 11.81 Hz 8.47e-02 s +/- 1.50e-01 s (pulsed at 103.31% real time)
[INFO] [1773485235.166449545] [cartographer logger]: I0314 19:47:15.000000 118573 collated_trajectory_builder.cc:81] scan rate: 11.81 Hz 8.47e-02 s +/- 1.50e-01 s (pulsed at 103.31% real time)
[INFO] [1773485237.103830098] [cartographer logger]: I0314 19:47:17.000000 118573 pose_graph_2d.cc:148] Inserted submap (0, 61).
[INFO] [1773485243.839122512] [cartographer logger]: I0314 19:47:23.000000 118573 pose_graph_2d.cc:148] Inserted submap (0, 62).
[INFO] [1773485246.501549357] [cartographer logger]: I0314 19:47:26.000000 118573 motion_filter.cc:42] Motion filter reduced the number of nodes to 100%.
[INFO] [1773485249.173000562] [cartographer logger]: I0314 19:47:29.000000 118573 pose_graph_2d.cc:148] Inserted submap (0, 63).
[INFO] [1773485250.232090481] [cartographer logger]: I0314 19:47:30.000000 118573 collated_trajectory_builder.cc:81] odom rate: 13.60 Hz 7.35e-02 s +/- 9.80e-02 s (pulsed at 100.02% real time)
[INFO] [1773485250.232182642] [cartographer logger]: I0314 19:47:30.000000 118573 collated_trajectory_builder.cc:81] scan rate: 13.60 Hz 7.35e-02 s +/- 9.80e-02 s (pulsed at 100.00% real time)
[INFO] [1773485256.622605007] [cartographer logger]: I0314 19:47:36.000000 118573 pose_graph_2d.cc:148] Inserted submap (0, 64).
[INFO] [1773485263.846280012] [cartographer logger]: I0314 19:47:43.000000 118573 pose_graph_2d.cc:148] Inserted submap (0, 65).
[INFO] [1773485265.817113322] [cartographer logger]: I0314 19:47:45.000000 118573 collated_trajectory_builder.cc:81] odom rate: 11.44 Hz 8.74e-02 s +/- 1.70e-01 s (pulsed at 104.33% real time)
[INFO] [1773485265.817188533] [cartographer logger]: I0314 19:47:45.000000 118573 collated_trajectory_builder.cc:81] scan rate: 11.41 Hz 8.77e-02 s +/- 1.71e-01 s (pulsed at 103.89% real time)
[INFO] [1773485268.888031576] [cartographer logger]: I0314 19:47:48.000000 118573 pose_graph_2d.cc:148] Inserted submap (0, 66).
[INFO] [1773485275.891736118] [cartographer logger]: I0314 19:47:55.000000 118573 pose_graph_2d.cc:148] Inserted submap (0, 67).
[INFO] [1773485280.882928087] [cartographer logger]: I0314 19:48:00.000000 118573 collated_trajectory_builder.cc:81] odom rate: 13.33 Hz 7.50e-02 s +/- 1.18e-01 s (pulsed at 99.99% real time)
[INFO] [1773485280.883024071] [cartographer logger]: I0314 19:48:00.000000 118573 collated_trajectory_builder.cc:81] scan rate: 13.33 Hz 7.50e-02 s +/- 1.18e-01 s (pulsed at 100.02% real time)
[INFO] [1773485281.222304270] [cartographer logger]: I0314 19:48:01.000000 118573 pose_graph_2d.cc:148] Inserted submap (0, 68).
[INFO] [1773485286.815369812] [cartographer logger]: I0314 19:48:06.000000 118573 motion_filter.cc:42] Motion filter reduced the number of nodes to 100%.
[INFO] [1773485288.730784839] [cartographer logger]: I0314 19:48:08.000000 118573 pose_graph_2d.cc:148] Inserted submap (0, 69).
[INFO] [1773485295.719010327] [cartographer logger]: I0314 19:48:15.000000 118573 pose_graph_2d.cc:148] Inserted submap (0, 70).
[INFO] [1773485296.510832990] [cartographer logger]: I0314 19:48:16.000000 118573 collated_trajectory_builder.cc:81] odom rate: 11.29 Hz 8.85e-02 s +/- 1.79e-01 s (pulsed at 103.75% real time)
[INFO] [1773485296.510894295] [cartographer logger]: I0314 19:48:16.000000 118573 collated_trajectory_builder.cc:81] scan rate: 11.31 Hz 8.84e-02 s +/- 1.78e-01 s (pulsed at 103.74% real time)
[INFO] [1773485301.049988534] [cartographer logger]: I0314 19:48:21.000000 118573 pose_graph_2d.cc:148] Inserted submap (0, 71).
[INFO] [1773485308.121609819] [cartographer logger]: I0314 19:48:28.000000 118573 pose_graph_2d.cc:148] Inserted submap (0, 72).
[INFO] [1773485311.576384498] [cartographer logger]: I0314 19:48:31.000000 118573 collated_trajectory_builder.cc:81] odom rate: 13.27 Hz 7.54e-02 s +/- 1.23e-01 s (pulsed at 100.01% real time)
[INFO] [1773485311.576444745] [cartographer logger]: I0314 19:48:31.000000 118573 collated_trajectory_builder.cc:81] scan rate: 13.27 Hz 7.54e-02 s +/- 1.23e-01 s (pulsed at 100.01% real time)
[INFO] [1773485315.182186846] [cartographer logger]: I0314 19:48:35.000000 118573 pose_graph_2d.cc:148] Inserted submap (0, 73).
[INFO] [1773485321.024241282] [cartographer logger]: I0314 19:48:41.000000 118573 pose_graph_2d.cc:148] Inserted submap (0, 74).
[INFO] [1773485327.086003208] [cartographer logger]: I0314 19:48:47.000000 118573 collated_trajectory_builder.cc:81] odom rate: 11.09 Hz 9.02e-02 s +/- 1.94e-01 s (pulsed at 103.84% real time)
[INFO] [1773485327.086060517] [cartographer logger]: I0314 19:48:47.000000 118573 collated_trajectory_builder.cc:81] scan rate: 11.07 Hz 9.03e-02 s +/- 1.94e-01 s (pulsed at 102.96% real time)
[INFO] [1773485328.153474921] [cartographer logger]: I0314 19:48:48.000000 118573 motion_filter.cc:42] Motion filter reduced the number of nodes to 100%.
[INFO] [1773485328.158447082] [cartographer logger]: I0314 19:48:48.000000 118573 pose_graph_2d.cc:148] Inserted submap (0, 75).
[INFO] [1773485335.373692147] [rclcpp]: signal_handler(SIGINT/SIGTERM)
