[INFO] [1773477292.428147288] [cartographer logger]: I0314 17:34:52.000000 24612 configuration_file_resolver.cc:41] Found '/home/tkddn647/test/install/localization_layer/share/localization_layer/config/cartographer_2d_mapping_lidar_only.lua' for 'cartographer_2d_mapping_lidar_only.lua'.
[INFO] [1773477292.428603138] [cartographer logger]: I0314 17:34:52.000000 24612 configuration_file_resolver.cc:41] Found '/home/tkddn647/test/install/localization_layer/share/localization_layer/config/map_builder_mapping.lua' for 'map_builder_mapping.lua'.
[INFO] [1773477292.428650047] [cartographer logger]: I0314 17:34:52.000000 24612 configuration_file_resolver.cc:41] Found '/home/tkddn647/test/install/localization_layer/share/localization_layer/config/map_builder_mapping.lua' for 'map_builder_mapping.lua'.
[INFO] [1773477292.428704241] [cartographer logger]: I0314 17:34:52.000000 24612 configuration_file_resolver.cc:41] Found '/home/tkddn647/test/install/localization_layer/share/localization_layer/config/pose_graph_mapping.lua' for 'pose_graph_mapping.lua'.
[INFO] [1773477292.428722586] [cartographer logger]: I0314 17:34:52.000000 24612 configuration_file_resolver.cc:41] Found '/home/tkddn647/test/install/localization_layer/share/localization_layer/config/pose_graph_mapping.lua' for 'pose_graph_mapping.lua'.
[INFO] [1773477292.428833868] [cartographer logger]: I0314 17:34:52.000000 24612 configuration_file_resolver.cc:41] Found '/home/tkddn647/test/install/localization_layer/share/localization_layer/config/trajectory_builder.lua' for 'trajectory_builder.lua'.
[INFO] [1773477292.428854388] [cartographer logger]: I0314 17:34:52.000000 24612 configuration_file_resolver.cc:41] Found '/home/tkddn647/test/install/localization_layer/share/localization_layer/config/trajectory_builder.lua' for 'trajectory_builder.lua'.
[INFO] [1773477292.428898201] [cartographer logger]: I0314 17:34:52.000000 24612 configuration_file_resolver.cc:41] Found '/opt/ros/humble/share/cartographer/configuration_files/trajectory_builder_2d.lua' for 'trajectory_builder_2d.lua'.
[INFO] [1773477292.428924081] [cartographer logger]: I0314 17:34:52.000000 24612 configuration_file_resolver.cc:41] Found '/opt/ros/humble/share/cartographer/configuration_files/trajectory_builder_2d.lua' for 'trajectory_builder_2d.lua'.
[INFO] [1773477292.429076502] [cartographer logger]: I0314 17:34:52.000000 24612 configuration_file_resolver.cc:41] Found '/opt/ros/humble/share/cartographer/configuration_files/trajectory_builder_3d.lua' for 'trajectory_builder_3d.lua'.
[INFO] [1773477292.429115246] [cartographer logger]: I0314 17:34:52.000000 24612 configuration_file_resolver.cc:41] Found '/opt/ros/humble/share/cartographer/configuration_files/trajectory_builder_3d.lua' for 'trajectory_builder_3d.lua'.
[INFO] [1773477292.440707979] [cartographer logger]: I0314 17:34:52.000000 24612 map_builder_bridge.cpp:136] Added trajectory with ID '0'.
[WARN] [1773477292.441599881] [cartographer logger]: W0314 17:34:52.000000 24612 fixed_ratio_sampler.cc:26] FixedRatioSampler is dropping all data.
[INFO] [1773477292.489318310] [cartographer logger]: I0314 17:34:52.000000 24612 ordered_multi_queue.cc:172] All sensor data for trajectory 0 is available starting at '639090740924857454'.
[WARN] [1773477292.556510579] [cartographer logger]: W0314 17:34:52.000000 24612 pose_extrapolator.cc:168] Queue too short for velocity estimation. Queue duration: 0 s
[INFO] [1773477292.579810587] [cartographer logger]: I0314 17:34:52.000000 24612 pose_graph_2d.cc:148] Inserted submap (0, 0).
[INFO] [1773477297.841195622] [cartographer logger]: I0314 17:34:57.000000 24612 pose_graph_2d.cc:148] Inserted submap (0, 1).
[INFO] [1773477303.236157067] [cartographer logger]: I0314 17:35:03.000000 24612 pose_graph_2d.cc:148] Inserted submap (0, 2).
[INFO] [1773477307.488261925] [cartographer logger]: I0314 17:35:07.000000 24612 collated_trajectory_builder.cc:81] odom rate: 15.00 Hz 6.67e-02 s +/- 5.07e-04 s (pulsed at 100.17% real time)
[INFO] [1773477307.488327731] [cartographer logger]: I0314 17:35:07.000000 24612 collated_trajectory_builder.cc:81] scan rate: 15.00 Hz 6.67e-02 s +/- 5.72e-04 s (pulsed at 100.45% real time)
[INFO] [1773477308.494344162] [cartographer logger]: I0314 17:35:08.000000 24612 pose_graph_2d.cc:148] Inserted submap (0, 3).
[INFO] [1773477313.833393063] [cartographer logger]: I0314 17:35:13.000000 24612 pose_graph_2d.cc:148] Inserted submap (0, 4).
[INFO] [1773477315.296267768] [rclcpp]: signal_handler(SIGINT/SIGTERM)
