[INFO] [1773475046.241832731] [cartographer logger]: I0314 16:57:26.000000  9578 configuration_file_resolver.cc:41] Found '/home/tkddn647/test/install/localization_layer/share/localization_layer/config/cartographer_2d_mapping_lidar_only.lua' for 'cartographer_2d_mapping_lidar_only.lua'.
[INFO] [1773475046.244023273] [cartographer logger]: I0314 16:57:26.000000  9578 configuration_file_resolver.cc:41] Found '/home/tkddn647/test/install/localization_layer/share/localization_layer/config/map_builder_mapping.lua' for 'map_builder_mapping.lua'.
[INFO] [1773475046.244125288] [cartographer logger]: I0314 16:57:26.000000  9578 configuration_file_resolver.cc:41] Found '/home/tkddn647/test/install/localization_layer/share/localization_layer/config/map_builder_mapping.lua' for 'map_builder_mapping.lua'.
[INFO] [1773475046.244852490] [cartographer logger]: I0314 16:57:26.000000  9578 configuration_file_resolver.cc:41] Found '/home/tkddn647/test/install/localization_layer/share/localization_layer/config/pose_graph_mapping.lua' for 'pose_graph_mapping.lua'.
[INFO] [1773475046.244929036] [cartographer logger]: I0314 16:57:26.000000  9578 configuration_file_resolver.cc:41] Found '/home/tkddn647/test/install/localization_layer/share/localization_layer/config/pose_graph_mapping.lua' for 'pose_graph_mapping.lua'.
[INFO] [1773475046.245642249] [cartographer logger]: I0314 16:57:26.000000  9578 configuration_file_resolver.cc:41] Found '/home/tkddn647/test/install/localization_layer/share/localization_layer/config/trajectory_builder.lua' for 'trajectory_builder.lua'.
[INFO] [1773475046.245713645] [cartographer logger]: I0314 16:57:26.000000  9578 configuration_file_resolver.cc:41] Found '/home/tkddn647/test/install/localization_layer/share/localization_layer/config/trajectory_builder.lua' for 'trajectory_builder.lua'.
[INFO] [1773475046.248136188] [cartographer logger]: I0314 16:57:26.000000  9578 configuration_file_resolver.cc:41] Found '/opt/ros/humble/share/cartographer/configuration_files/trajectory_builder_2d.lua' for 'trajectory_builder_2d.lua'.
[INFO] [1773475046.248219097] [cartographer logger]: I0314 16:57:26.000000  9578 configuration_file_resolver.cc:41] Found '/opt/ros/humble/share/cartographer/configuration_files/trajectory_builder_2d.lua' for 'trajectory_builder_2d.lua'.
[INFO] [1773475046.248770527] [cartographer logger]: I0314 16:57:26.000000  9578 configuration_file_resolver.cc:41] Found '/opt/ros/humble/share/cartographer/configuration_files/trajectory_builder_3d.lua' for 'trajectory_builder_3d.lua'.
[INFO] [1773475046.248836844] [cartographer logger]: I0314 16:57:26.000000  9578 configuration_file_resolver.cc:41] Found '/opt/ros/humble/share/cartographer/configuration_files/trajectory_builder_3d.lua' for 'trajectory_builder_3d.lua'.
[INFO] [1773475046.268935789] [cartographer logger]: I0314 16:57:26.000000  9578 map_builder_bridge.cpp:136] Added trajectory with ID '0'.
[WARN] [1773475046.269785215] [cartographer logger]: W0314 16:57:26.000000  9578 fixed_ratio_sampler.cc:26] FixedRatioSampler is dropping all data.
[INFO] [1773475046.333041555] [cartographer logger]: I0314 16:57:26.000000  9578 ordered_multi_queue.cc:172] All sensor data for trajectory 0 is available starting at '639090718463306976'.
[WARN] [1773475046.400322276] [cartographer logger]: W0314 16:57:26.000000  9578 pose_extrapolator.cc:168] Queue too short for velocity estimation. Queue duration: 0 s
[INFO] [1773475046.402652345] [cartographer logger]: I0314 16:57:26.000000  9578 pose_graph_2d.cc:148] Inserted submap (0, 0).
[INFO] [1773475051.733732461] [cartographer logger]: I0314 16:57:31.000000  9578 pose_graph_2d.cc:148] Inserted submap (0, 1).
[INFO] [1773475057.002074355] [cartographer logger]: I0314 16:57:37.000000  9578 pose_graph_2d.cc:148] Inserted submap (0, 2).
[INFO] [1773475061.332153336] [cartographer logger]: I0314 16:57:41.000000  9578 collated_trajectory_builder.cc:81] odom rate: 15.00 Hz 6.67e-02 s +/- 6.06e-04 s (pulsed at 100.03% real time)
[INFO] [1773475061.332239892] [cartographer logger]: I0314 16:57:41.000000  9578 collated_trajectory_builder.cc:81] scan rate: 15.00 Hz 6.67e-02 s +/- 5.73e-04 s (pulsed at 100.45% real time)
[INFO] [1773475062.333984851] [cartographer logger]: I0314 16:57:42.000000  9578 pose_graph_2d.cc:148] Inserted submap (0, 3).
[INFO] [1773475067.667645674] [cartographer logger]: I0314 16:57:47.000000  9578 pose_graph_2d.cc:148] Inserted submap (0, 4).
[INFO] [1773475073.000890089] [cartographer logger]: I0314 16:57:53.000000  9578 pose_graph_2d.cc:148] Inserted submap (0, 5).
[INFO] [1773475076.332625920] [cartographer logger]: I0314 16:57:56.000000  9578 collated_trajectory_builder.cc:81] odom rate: 15.00 Hz 6.67e-02 s +/- 5.76e-04 s (pulsed at 100.01% real time)
[INFO] [1773475076.332692567] [cartographer logger]: I0314 16:57:56.000000  9578 collated_trajectory_builder.cc:81] scan rate: 15.00 Hz 6.67e-02 s +/- 6.13e-04 s (pulsed at 100.01% real time)
[INFO] [1773475078.334680887] [cartographer logger]: I0314 16:57:58.000000  9578 pose_graph_2d.cc:148] Inserted submap (0, 6).
[INFO] [1773475079.665888057] [cartographer logger]: I0314 16:57:59.000000  9578 motion_filter.cc:42] Motion filter reduced the number of nodes to 100%.
[INFO] [1773475083.667395945] [cartographer logger]: I0314 16:58:03.000000  9578 pose_graph_2d.cc:148] Inserted submap (0, 7).
[INFO] [1773475089.000483309] [cartographer logger]: I0314 16:58:09.000000  9578 pose_graph_2d.cc:148] Inserted submap (0, 8).
[INFO] [1773475091.398187800] [cartographer logger]: I0314 16:58:11.000000  9578 collated_trajectory_builder.cc:81] odom rate: 15.00 Hz 6.67e-02 s +/- 5.80e-04 s (pulsed at 100.44% real time)
[INFO] [1773475091.398310063] [cartographer logger]: I0314 16:58:11.000000  9578 collated_trajectory_builder.cc:81] scan rate: 15.00 Hz 6.67e-02 s +/- 6.25e-04 s (pulsed at 99.68% real time)
[INFO] [1773475092.674187710] [rclcpp]: signal_handler(SIGINT/SIGTERM)
