[INFO] [1773381141.748060909] [cartographer logger]: I0313 14:52:21.000000  6020 configuration_file_resolver.cc:41] Found '/home/tkddn647/test/install/localization_layer/share/localization_layer/config/cartographer_2d_mapping_lidar_only.lua' for 'cartographer_2d_mapping_lidar_only.lua'.
[INFO] [1773381141.748708958] [cartographer logger]: I0313 14:52:21.000000  6020 configuration_file_resolver.cc:41] Found '/home/tkddn647/test/install/localization_layer/share/localization_layer/config/map_builder_mapping.lua' for 'map_builder_mapping.lua'.
[INFO] [1773381141.748786105] [cartographer logger]: I0313 14:52:21.000000  6020 configuration_file_resolver.cc:41] Found '/home/tkddn647/test/install/localization_layer/share/localization_layer/config/map_builder_mapping.lua' for 'map_builder_mapping.lua'.
[INFO] [1773381141.748858065] [cartographer logger]: I0313 14:52:21.000000  6020 configuration_file_resolver.cc:41] Found '/home/tkddn647/test/install/localization_layer/share/localization_layer/config/pose_graph_mapping.lua' for 'pose_graph_mapping.lua'.
[INFO] [1773381141.748899683] [cartographer logger]: I0313 14:52:21.000000  6020 configuration_file_resolver.cc:41] Found '/home/tkddn647/test/install/localization_layer/share/localization_layer/config/pose_graph_mapping.lua' for 'pose_graph_mapping.lua'.
[INFO] [1773381141.749105752] [cartographer logger]: I0313 14:52:21.000000  6020 configuration_file_resolver.cc:41] Found '/home/tkddn647/test/install/localization_layer/share/localization_layer/config/trajectory_builder.lua' for 'trajectory_builder.lua'.
[INFO] [1773381141.749129040] [cartographer logger]: I0313 14:52:21.000000  6020 configuration_file_resolver.cc:41] Found '/home/tkddn647/test/install/localization_layer/share/localization_layer/config/trajectory_builder.lua' for 'trajectory_builder.lua'.
[INFO] [1773381141.749224928] [cartographer logger]: I0313 14:52:21.000000  6020 configuration_file_resolver.cc:41] Found '/opt/ros/humble/share/cartographer/configuration_files/trajectory_builder_2d.lua' for 'trajectory_builder_2d.lua'.
[INFO] [1773381141.749252265] [cartographer logger]: I0313 14:52:21.000000  6020 configuration_file_resolver.cc:41] Found '/opt/ros/humble/share/cartographer/configuration_files/trajectory_builder_2d.lua' for 'trajectory_builder_2d.lua'.
[INFO] [1773381141.749375403] [cartographer logger]: I0313 14:52:21.000000  6020 configuration_file_resolver.cc:41] Found '/opt/ros/humble/share/cartographer/configuration_files/trajectory_builder_3d.lua' for 'trajectory_builder_3d.lua'.
[INFO] [1773381141.749412234] [cartographer logger]: I0313 14:52:21.000000  6020 configuration_file_resolver.cc:41] Found '/opt/ros/humble/share/cartographer/configuration_files/trajectory_builder_3d.lua' for 'trajectory_builder_3d.lua'.
[INFO] [1773381141.768546471] [cartographer logger]: I0313 14:52:21.000000  6020 map_builder_bridge.cpp:136] Added trajectory with ID '0'.
[WARN] [1773381141.769505670] [cartographer logger]: W0313 14:52:21.000000  6020 fixed_ratio_sampler.cc:26] FixedRatioSampler is dropping all data.
[INFO] [1773381141.815977130] [cartographer logger]: I0313 14:52:21.000000  6020 ordered_multi_queue.cc:172] All sensor data for trajectory 0 is available starting at '639089779418145486'.
[WARN] [1773381141.882553801] [cartographer logger]: W0313 14:52:21.000000  6020 pose_extrapolator.cc:168] Queue too short for velocity estimation. Queue duration: 0 s
[INFO] [1773381141.884963353] [cartographer logger]: I0313 14:52:21.000000  6020 pose_graph_2d.cc:148] Inserted submap (0, 0).
[INFO] [1773381147.154772581] [cartographer logger]: I0313 14:52:27.000000  6020 pose_graph_2d.cc:148] Inserted submap (0, 1).
[INFO] [1773381150.121814579] [cartographer logger]: I0313 14:52:30.000000  6020 pose_graph_2d.cc:148] Inserted submap (0, 2).
[INFO] [1773381154.325409845] [cartographer logger]: I0313 14:52:34.000000  6020 collated_trajectory_builder.cc:81] odom rate: 18.01 Hz 5.55e-02 s +/- 2.44e-02 s (pulsed at 83.28% real time)
[INFO] [1773381154.325475174] [cartographer logger]: I0313 14:52:34.000000  6020 collated_trajectory_builder.cc:81] scan rate: 18.01 Hz 5.55e-02 s +/- 2.45e-02 s (pulsed at 83.67% real time)
[INFO] [1773381156.456657438] [cartographer logger]: I0313 14:52:36.000000  6020 pose_graph_2d.cc:148] Inserted submap (0, 3).
[INFO] [1773381161.791465736] [cartographer logger]: I0313 14:52:41.000000  6020 pose_graph_2d.cc:148] Inserted submap (0, 4).
[INFO] [1773381167.122002588] [cartographer logger]: I0313 14:52:47.000000  6020 pose_graph_2d.cc:148] Inserted submap (0, 5).
[INFO] [1773381169.387560552] [cartographer logger]: I0313 14:52:49.000000  6020 collated_trajectory_builder.cc:81] odom rate: 15.00 Hz 6.67e-02 s +/- 1.35e-03 s (pulsed at 100.47% real time)
[INFO] [1773381169.387664698] [cartographer logger]: I0313 14:52:49.000000  6020 collated_trajectory_builder.cc:81] scan rate: 15.00 Hz 6.67e-02 s +/- 1.86e-03 s (pulsed at 99.99% real time)
[INFO] [1773381172.454842040] [cartographer logger]: I0313 14:52:52.000000  6020 pose_graph_2d.cc:148] Inserted submap (0, 6).
[INFO] [1773381172.720949876] [cartographer logger]: I0313 14:52:52.000000  6020 motion_filter.cc:42] Motion filter reduced the number of nodes to 96.6%.
[INFO] [1773381177.855009376] [cartographer logger]: I0313 14:52:57.000000  6020 pose_graph_2d.cc:148] Inserted submap (0, 7).
[INFO] [1773381181.958868896] [cartographer logger]: I0313 14:53:01.000000  6020 collated_trajectory_builder.cc:81] odom rate: 17.24 Hz 5.80e-02 s +/- 2.21e-02 s (pulsed at 86.98% real time)
[INFO] [1773381181.958985501] [cartographer logger]: I0313 14:53:01.000000  6020 collated_trajectory_builder.cc:81] scan rate: 17.23 Hz 5.80e-02 s +/- 2.21e-02 s (pulsed at 87.45% real time)
[INFO] [1773381183.021595888] [cartographer logger]: I0313 14:53:03.000000  6020 pose_graph_2d.cc:148] Inserted submap (0, 8).
[INFO] [1773381188.355732875] [cartographer logger]: I0313 14:53:08.000000  6020 pose_graph_2d.cc:148] Inserted submap (0, 9).
[INFO] [1773381193.754708127] [cartographer logger]: I0313 14:53:13.000000  6020 pose_graph_2d.cc:148] Inserted submap (0, 10).
[INFO] [1773381197.024813587] [cartographer logger]: I0313 14:53:17.000000  6020 collated_trajectory_builder.cc:81] odom rate: 15.30 Hz 6.53e-02 s +/- 9.23e-03 s (pulsed at 98.01% real time)
[INFO] [1773381197.024917831] [cartographer logger]: I0313 14:53:17.000000  6020 collated_trajectory_builder.cc:81] scan rate: 15.44 Hz 6.48e-02 s +/- 1.09e-02 s (pulsed at 97.56% real time)
[INFO] [1773381199.022259485] [cartographer logger]: I0313 14:53:19.000000  6020 pose_graph_2d.cc:148] Inserted submap (0, 11).
[INFO] [1773381203.622269061] [cartographer logger]: I0313 14:53:23.000000  6020 motion_filter.cc:42] Motion filter reduced the number of nodes to 94.8%.
[INFO] [1773381204.355344928] [cartographer logger]: I0313 14:53:24.000000  6020 pose_graph_2d.cc:148] Inserted submap (0, 12).
[INFO] [1773381209.694689887] [cartographer logger]: I0313 14:53:29.000000  6020 pose_graph_2d.cc:148] Inserted submap (0, 13).
[INFO] [1773381212.088340983] [cartographer logger]: I0313 14:53:32.000000  6020 collated_trajectory_builder.cc:81] odom rate: 15.00 Hz 6.66e-02 s +/- 2.35e-03 s (pulsed at 99.99% real time)
[INFO] [1773381212.088447954] [cartographer logger]: I0313 14:53:32.000000  6020 collated_trajectory_builder.cc:81] scan rate: 15.01 Hz 6.66e-02 s +/- 2.07e-03 s (pulsed at 100.00% real time)
[INFO] [1773381214.946960852] [cartographer logger]: I0313 14:53:34.000000  6020 pose_graph_2d.cc:148] Inserted submap (0, 14).
[INFO] [1773381220.346582260] [cartographer logger]: I0313 14:53:40.000000  6020 pose_graph_2d.cc:148] Inserted submap (0, 15).
[INFO] [1773381224.610667225] [cartographer logger]: I0313 14:53:44.000000  6020 collated_trajectory_builder.cc:81] odom rate: 18.11 Hz 5.52e-02 s +/- 2.46e-02 s (pulsed at 82.84% real time)
[INFO] [1773381224.610769289] [cartographer logger]: I0313 14:53:44.000000  6020 collated_trajectory_builder.cc:81] scan rate: 18.07 Hz 5.53e-02 s +/- 2.46e-02 s (pulsed at 83.02% real time)
[INFO] [1773381225.608736034] [cartographer logger]: I0313 14:53:45.000000  6020 pose_graph_2d.cc:148] Inserted submap (0, 16).
[INFO] [1773381230.946434135] [cartographer logger]: I0313 14:53:50.000000  6020 pose_graph_2d.cc:148] Inserted submap (0, 17).
[INFO] [1773381234.345071786] [cartographer logger]: I0313 14:53:54.000000  6020 motion_filter.cc:42] Motion filter reduced the number of nodes to 94.0667%.
[INFO] [1773381236.340628374] [cartographer logger]: I0313 14:53:56.000000  6020 pose_graph_2d.cc:148] Inserted submap (0, 18).
[INFO] [1773381239.672823652] [cartographer logger]: I0313 14:53:59.000000  6020 collated_trajectory_builder.cc:81] odom rate: 15.00 Hz 6.67e-02 s +/- 1.54e-03 s (pulsed at 100.02% real time)
[INFO] [1773381239.672922384] [cartographer logger]: I0313 14:53:59.000000  6020 collated_trajectory_builder.cc:81] scan rate: 15.00 Hz 6.67e-02 s +/- 1.98e-03 s (pulsed at 100.41% real time)
[INFO] [1773381241.607643512] [cartographer logger]: I0313 14:54:01.000000  6020 pose_graph_2d.cc:148] Inserted submap (0, 19).
[INFO] [1773381246.846784978] [cartographer logger]: I0313 14:54:06.000000  6020 pose_graph_2d.cc:148] Inserted submap (0, 20).
[INFO] [1773381252.113715945] [cartographer logger]: I0313 14:54:12.000000  6020 pose_graph_2d.cc:148] Inserted submap (0, 21).
[INFO] [1773381252.181842631] [cartographer logger]: I0313 14:54:12.000000  6020 collated_trajectory_builder.cc:81] odom rate: 18.01 Hz 5.55e-02 s +/- 2.44e-02 s (pulsed at 83.27% real time)
[INFO] [1773381252.181962621] [cartographer logger]: I0313 14:54:12.000000  6020 collated_trajectory_builder.cc:81] scan rate: 17.99 Hz 5.56e-02 s +/- 2.44e-02 s (pulsed at 83.38% real time)
[INFO] [1773381257.449136053] [cartographer logger]: I0313 14:54:17.000000  6020 pose_graph_2d.cc:148] Inserted submap (0, 22).
[INFO] [1773381262.784269837] [cartographer logger]: I0313 14:54:22.000000  6020 pose_graph_2d.cc:148] Inserted submap (0, 23).
[INFO] [1773381265.245012877] [cartographer logger]: I0313 14:54:25.000000  6020 motion_filter.cc:42] Motion filter reduced the number of nodes to 93.8%.
[INFO] [1773381267.243851910] [cartographer logger]: I0313 14:54:27.000000  6020 collated_trajectory_builder.cc:81] odom rate: 15.00 Hz 6.67e-02 s +/- 1.74e-03 s (pulsed at 100.46% real time)
[INFO] [1773381267.243929676] [cartographer logger]: I0313 14:54:27.000000  6020 collated_trajectory_builder.cc:81] scan rate: 15.00 Hz 6.67e-02 s +/- 2.21e-03 s (pulsed at 99.99% real time)
[INFO] [1773381268.113415002] [cartographer logger]: I0313 14:54:28.000000  6020 pose_graph_2d.cc:148] Inserted submap (0, 24).
[INFO] [1773381273.424707658] [cartographer logger]: I0313 14:54:33.000000  6020 pose_graph_2d.cc:148] Inserted submap (0, 25).
[INFO] [1773381278.693004130] [cartographer logger]: I0313 14:54:38.000000  6020 pose_graph_2d.cc:148] Inserted submap (0, 26).
[INFO] [1773381279.755981996] [cartographer logger]: I0313 14:54:39.000000  6020 collated_trajectory_builder.cc:81] odom rate: 18.00 Hz 5.56e-02 s +/- 2.44e-02 s (pulsed at 83.70% real time)
[INFO] [1773381279.756104222] [cartographer logger]: I0313 14:54:39.000000  6020 collated_trajectory_builder.cc:81] scan rate: 18.00 Hz 5.56e-02 s +/- 2.44e-02 s (pulsed at 82.99% real time)
[INFO] [1773381284.027691642] [cartographer logger]: I0313 14:54:44.000000  6020 pose_graph_2d.cc:148] Inserted submap (0, 27).
[INFO] [1773381289.357934035] [cartographer logger]: I0313 14:54:49.000000  6020 pose_graph_2d.cc:148] Inserted submap (0, 28).
[INFO] [1773381294.695234552] [cartographer logger]: I0313 14:54:54.000000  6020 pose_graph_2d.cc:148] Inserted submap (0, 29).
[INFO] [1773381294.756736851] [cartographer logger]: I0313 14:54:54.000000  6020 collated_trajectory_builder.cc:81] odom rate: 15.00 Hz 6.67e-02 s +/- 1.29e-03 s (pulsed at 100.02% real time)
[INFO] [1773381294.756806456] [cartographer logger]: I0313 14:54:54.000000  6020 collated_trajectory_builder.cc:81] scan rate: 15.00 Hz 6.67e-02 s +/- 2.19e-03 s (pulsed at 100.41% real time)
[INFO] [1773381296.023941091] [cartographer logger]: I0313 14:54:56.000000  6020 motion_filter.cc:42] Motion filter reduced the number of nodes to 93.6%.
[INFO] [1773381300.025458053] [cartographer logger]: I0313 14:55:00.000000  6020 pose_graph_2d.cc:148] Inserted submap (0, 30).
[INFO] [1773381305.335490591] [cartographer logger]: I0313 14:55:05.000000  6020 pose_graph_2d.cc:148] Inserted submap (0, 31).
[INFO] [1773381307.271713357] [cartographer logger]: I0313 14:55:07.000000  6020 collated_trajectory_builder.cc:81] odom rate: 17.98 Hz 5.56e-02 s +/- 2.43e-02 s (pulsed at 83.75% real time)
[INFO] [1773381307.271858539] [cartographer logger]: I0313 14:55:07.000000  6020 collated_trajectory_builder.cc:81] scan rate: 17.99 Hz 5.56e-02 s +/- 2.44e-02 s (pulsed at 82.99% real time)
[INFO] [1773381310.602116292] [cartographer logger]: I0313 14:55:10.000000  6020 pose_graph_2d.cc:148] Inserted submap (0, 32).
[INFO] [1773381315.935156458] [cartographer logger]: I0313 14:55:15.000000  6020 pose_graph_2d.cc:148] Inserted submap (0, 33).
[INFO] [1773381321.270158870] [cartographer logger]: I0313 14:55:21.000000  6020 pose_graph_2d.cc:148] Inserted submap (0, 34).
[INFO] [1773381322.333242683] [cartographer logger]: I0313 14:55:22.000000  6020 collated_trajectory_builder.cc:81] odom rate: 15.00 Hz 6.67e-02 s +/- 1.37e-03 s (pulsed at 99.58% real time)
[INFO] [1773381322.333303020] [cartographer logger]: I0313 14:55:22.000000  6020 collated_trajectory_builder.cc:81] scan rate: 15.00 Hz 6.66e-02 s +/- 1.65e-03 s (pulsed at 100.41% real time)
[INFO] [1773381326.601753635] [cartographer logger]: I0313 14:55:26.000000  6020 pose_graph_2d.cc:148] Inserted submap (0, 35).
[INFO] [1773381326.867628620] [cartographer logger]: I0313 14:55:26.000000  6020 motion_filter.cc:42] Motion filter reduced the number of nodes to 93.4667%.
[INFO] [1773381331.936919014] [cartographer logger]: I0313 14:55:31.000000  6020 pose_graph_2d.cc:148] Inserted submap (0, 36).
[INFO] [1773381334.845703826] [cartographer logger]: I0313 14:55:34.000000  6020 collated_trajectory_builder.cc:81] odom rate: 18.00 Hz 5.56e-02 s +/- 2.44e-02 s (pulsed at 83.34% real time)
[INFO] [1773381334.845766062] [cartographer logger]: I0313 14:55:34.000000  6020 collated_trajectory_builder.cc:81] scan rate: 18.00 Hz 5.56e-02 s +/- 2.44e-02 s (pulsed at 83.32% real time)
[INFO] [1773381337.180462658] [cartographer logger]: I0313 14:55:37.000000  6020 pose_graph_2d.cc:148] Inserted submap (0, 37).
[INFO] [1773381342.515423826] [cartographer logger]: I0313 14:55:42.000000  6020 pose_graph_2d.cc:148] Inserted submap (0, 38).
[INFO] [1773381347.846188717] [cartographer logger]: I0313 14:55:47.000000  6020 pose_graph_2d.cc:148] Inserted submap (0, 39).
[INFO] [1773381349.849032511] [cartographer logger]: I0313 14:55:49.000000  6020 collated_trajectory_builder.cc:81] odom rate: 15.00 Hz 6.67e-02 s +/- 1.39e-03 s (pulsed at 100.43% real time)
[INFO] [1773381349.849133446] [cartographer logger]: I0313 14:55:49.000000  6020 collated_trajectory_builder.cc:81] scan rate: 15.00 Hz 6.67e-02 s +/- 1.60e-03 s (pulsed at 100.00% real time)
[INFO] [1773381353.184573480] [cartographer logger]: I0313 14:55:53.000000  6020 pose_graph_2d.cc:148] Inserted submap (0, 40).
[INFO] [1773381357.777930517] [cartographer logger]: I0313 14:55:57.000000  6020 motion_filter.cc:42] Motion filter reduced the number of nodes to 93.3714%.
[INFO] [1773381358.514614190] [cartographer logger]: I0313 14:55:58.000000  6020 pose_graph_2d.cc:148] Inserted submap (0, 41).
[INFO] [1773381362.416550244] [cartographer logger]: I0313 14:56:02.000000  6020 collated_trajectory_builder.cc:81] odom rate: 17.77 Hz 5.63e-02 s +/- 2.39e-02 s (pulsed at 84.05% real time)
[INFO] [1773381362.416718505] [cartographer logger]: I0313 14:56:02.000000  6020 collated_trajectory_builder.cc:81] scan rate: 17.76 Hz 5.63e-02 s +/- 2.38e-02 s (pulsed at 84.83% real time)
[INFO] [1773381363.748612074] [cartographer logger]: I0313 14:56:03.000000  6020 pose_graph_2d.cc:148] Inserted submap (0, 42).
[INFO] [1773381369.086122279] [cartographer logger]: I0313 14:56:09.000000  6020 pose_graph_2d.cc:148] Inserted submap (0, 43).
[INFO] [1773381374.421413329] [cartographer logger]: I0313 14:56:14.000000  6020 pose_graph_2d.cc:148] Inserted submap (0, 44).
[INFO] [1773381377.479541735] [cartographer logger]: I0313 14:56:17.000000  6020 collated_trajectory_builder.cc:81] odom rate: 15.04 Hz 6.65e-02 s +/- 3.53e-03 s (pulsed at 99.74% real time)
[INFO] [1773381377.479670689] [cartographer logger]: I0313 14:56:17.000000  6020 collated_trajectory_builder.cc:81] scan rate: 15.11 Hz 6.62e-02 s +/- 5.44e-03 s (pulsed at 99.72% real time)
[INFO] [1773381379.748892161] [cartographer logger]: I0313 14:56:19.000000  6020 pose_graph_2d.cc:148] Inserted submap (0, 45).
[INFO] [1773381385.151299904] [cartographer logger]: I0313 14:56:25.000000  6020 pose_graph_2d.cc:148] Inserted submap (0, 46).
[INFO] [1773381388.617395071] [cartographer logger]: I0313 14:56:28.000000  6020 motion_filter.cc:42] Motion filter reduced the number of nodes to 93.3%.
[INFO] [1773381390.549583135] [cartographer logger]: I0313 14:56:30.000000  6020 pose_graph_2d.cc:148] Inserted submap (0, 47).
[INFO] [1773381389.988393968] [cartographer logger]: I0313 14:56:29.000000  6020 collated_trajectory_builder.cc:81] odom rate: 14.93 Hz 6.70e-02 s +/- 4.65e-03 s (pulsed at 100.00% real time)
[INFO] [1773381389.988453958] [cartographer logger]: I0313 14:56:29.000000  6020 collated_trajectory_builder.cc:81] scan rate: 14.93 Hz 6.70e-02 s +/- 4.71e-03 s (pulsed at 100.00% real time)
[INFO] [1773381395.659314435] [cartographer logger]: I0313 14:56:35.000000  6020 pose_graph_2d.cc:148] Inserted submap (0, 48).
[INFO] [1773381400.992053283] [cartographer logger]: I0313 14:56:40.000000  6020 pose_graph_2d.cc:148] Inserted submap (0, 49).
[INFO] [1773381404.988759535] [cartographer logger]: I0313 14:56:44.000000  6020 collated_trajectory_builder.cc:81] odom rate: 17.91 Hz 5.58e-02 s +/- 2.42e-02 s (pulsed at 83.79% real time)
[INFO] [1773381404.988863779] [cartographer logger]: I0313 14:56:44.000000  6020 collated_trajectory_builder.cc:81] scan rate: 17.91 Hz 5.58e-02 s +/- 2.42e-02 s (pulsed at 83.73% real time)
[INFO] [1773381406.323712876] [cartographer logger]: I0313 14:56:46.000000  6020 pose_graph_2d.cc:148] Inserted submap (0, 50).
[INFO] [1773381411.662281751] [cartographer logger]: I0313 14:56:51.000000  6020 pose_graph_2d.cc:148] Inserted submap (0, 51).
[INFO] [1773381417.057799115] [cartographer logger]: I0313 14:56:57.000000  6020 pose_graph_2d.cc:148] Inserted submap (0, 52).
[INFO] [1773381419.522595674] [cartographer logger]: I0313 14:56:59.000000  6020 motion_filter.cc:42] Motion filter reduced the number of nodes to 93.2667%.
[INFO] [1773381419.991451130] [cartographer logger]: I0313 14:56:59.000000  6020 collated_trajectory_builder.cc:81] odom rate: 14.94 Hz 6.69e-02 s +/- 4.61e-03 s (pulsed at 99.95% real time)
[INFO] [1773381419.991559683] [cartographer logger]: I0313 14:56:59.000000  6020 collated_trajectory_builder.cc:81] scan rate: 14.93 Hz 6.70e-02 s +/- 4.84e-03 s (pulsed at 100.02% real time)
[INFO] [1773381422.392319651] [cartographer logger]: I0313 14:57:02.000000  6020 pose_graph_2d.cc:148] Inserted submap (0, 53).
[INFO] [1773381427.631686577] [cartographer logger]: I0313 14:57:07.000000  6020 pose_graph_2d.cc:148] Inserted submap (0, 54).
[INFO] [1773381432.500385118] [cartographer logger]: I0313 14:57:12.000000  6020 collated_trajectory_builder.cc:81] odom rate: 17.98 Hz 5.56e-02 s +/- 2.44e-02 s (pulsed at 83.42% real time)
[INFO] [1773381432.500448668] [cartographer logger]: I0313 14:57:12.000000  6020 collated_trajectory_builder.cc:81] scan rate: 17.99 Hz 5.56e-02 s +/- 2.44e-02 s (pulsed at 83.37% real time)
[INFO] [1773381432.965290304] [cartographer logger]: I0313 14:57:12.000000  6020 pose_graph_2d.cc:148] Inserted submap (0, 55).
[INFO] [1773381438.298919388] [cartographer logger]: I0313 14:57:18.000000  6020 pose_graph_2d.cc:148] Inserted submap (0, 56).
[INFO] [1773381443.767546618] [cartographer logger]: I0313 14:57:23.000000  6020 pose_graph_2d.cc:148] Inserted submap (0, 57).
[INFO] [1773381447.501870532] [cartographer logger]: I0313 14:57:27.000000  6020 collated_trajectory_builder.cc:81] odom rate: 14.87 Hz 6.73e-02 s +/- 9.02e-03 s (pulsed at 99.97% real time)
[INFO] [1773381447.501974201] [cartographer logger]: I0313 14:57:27.000000  6020 collated_trajectory_builder.cc:81] scan rate: 14.86 Hz 6.73e-02 s +/- 8.82e-03 s (pulsed at 100.01% real time)
[INFO] [1773381449.099135169] [cartographer logger]: I0313 14:57:29.000000  6020 pose_graph_2d.cc:148] Inserted submap (0, 58).
[INFO] [1773381450.501548561] [cartographer logger]: I0313 14:57:30.000000  6020 motion_filter.cc:42] Motion filter reduced the number of nodes to 93.22%.
[INFO] [1773381454.379385335] [cartographer logger]: I0313 14:57:34.000000  6020 pose_graph_2d.cc:148] Inserted submap (0, 59).
[INFO] [1773381459.720267747] [cartographer logger]: I0313 14:57:39.000000  6020 pose_graph_2d.cc:148] Inserted submap (0, 60).
[INFO] [1773381460.050493799] [cartographer logger]: I0313 14:57:40.000000  6020 collated_trajectory_builder.cc:81] odom rate: 17.95 Hz 5.57e-02 s +/- 2.44e-02 s (pulsed at 83.54% real time)
[INFO] [1773381460.050559031] [cartographer logger]: I0313 14:57:40.000000  6020 collated_trajectory_builder.cc:81] scan rate: 17.94 Hz 5.58e-02 s +/- 2.43e-02 s (pulsed at 83.65% real time)
[INFO] [1773381465.047583319] [cartographer logger]: I0313 14:57:45.000000  6020 pose_graph_2d.cc:148] Inserted submap (0, 61).
[INFO] [1773381470.380490276] [cartographer logger]: I0313 14:57:50.000000  6020 pose_graph_2d.cc:148] Inserted submap (0, 62).
[INFO] [1773381475.113461171] [cartographer logger]: I0313 14:57:55.000000  6020 collated_trajectory_builder.cc:81] odom rate: 14.80 Hz 6.76e-02 s +/- 1.36e-02 s (pulsed at 100.46% real time)
[INFO] [1773381475.113564851] [cartographer logger]: I0313 14:57:55.000000  6020 collated_trajectory_builder.cc:81] scan rate: 14.80 Hz 6.76e-02 s +/- 1.35e-02 s (pulsed at 100.01% real time)
[INFO] [1773381475.913788191] [cartographer logger]: I0313 14:57:55.000000  6020 pose_graph_2d.cc:148] Inserted submap (0, 63).
[INFO] [1773381481.313634760] [cartographer logger]: I0313 14:58:01.000000  6020 pose_graph_2d.cc:148] Inserted submap (0, 64).
[INFO] [1773381481.578651884] [cartographer logger]: I0313 14:58:01.000000  6020 motion_filter.cc:42] Motion filter reduced the number of nodes to 93.1818%.
[INFO] [1773381486.518645951] [cartographer logger]: I0313 14:58:06.000000  6020 pose_graph_2d.cc:148] Inserted submap (0, 65).
[INFO] [1773381487.584126930] [cartographer logger]: I0313 14:58:07.000000  6020 collated_trajectory_builder.cc:81] odom rate: 18.04 Hz 5.54e-02 s +/- 2.45e-02 s (pulsed at 83.13% real time)
[INFO] [1773381487.584193388] [cartographer logger]: I0313 14:58:07.000000  6020 collated_trajectory_builder.cc:81] scan rate: 18.06 Hz 5.54e-02 s +/- 2.46e-02 s (pulsed at 83.02% real time)
[INFO] [1773381491.849462672] [cartographer logger]: I0313 14:58:11.000000  6020 pose_graph_2d.cc:148] Inserted submap (0, 66).
[INFO] [1773381497.186328641] [cartographer logger]: I0313 14:58:17.000000  6020 pose_graph_2d.cc:148] Inserted submap (0, 67).
[INFO] [1773381502.649590626] [cartographer logger]: I0313 14:58:22.000000  6020 collated_trajectory_builder.cc:81] odom rate: 14.80 Hz 6.76e-02 s +/- 1.35e-02 s (pulsed at 100.01% real time)
[INFO] [1773381502.649693579] [cartographer logger]: I0313 14:58:22.000000  6020 collated_trajectory_builder.cc:81] scan rate: 14.80 Hz 6.75e-02 s +/- 1.35e-02 s (pulsed at 100.43% real time)
[INFO] [1773381502.782133192] [cartographer logger]: I0313 14:58:22.000000  6020 pose_graph_2d.cc:148] Inserted submap (0, 68).
[INFO] [1773381508.120311956] [cartographer logger]: I0313 14:58:28.000000  6020 pose_graph_2d.cc:148] Inserted submap (0, 69).
[INFO] [1773381510.095050811] [cartographer logger]: I0313 14:58:30.000000  6020 motion_filter.cc:42] Motion filter reduced the number of nodes to 93.1167%.
[INFO] [1773381513.293247043] [cartographer logger]: I0313 14:58:33.000000  6020 pose_graph_2d.cc:148] Inserted submap (0, 70).
[INFO] [1773381515.161823309] [cartographer logger]: I0313 14:58:35.000000  6020 collated_trajectory_builder.cc:81] odom rate: 18.01 Hz 5.55e-02 s +/- 2.45e-02 s (pulsed at 82.91% real time)
[INFO] [1773381515.161962090] [cartographer logger]: I0313 14:58:35.000000  6020 collated_trajectory_builder.cc:81] scan rate: 18.00 Hz 5.56e-02 s +/- 2.45e-02 s (pulsed at 83.67% real time)
[INFO] [1773381518.625670925] [cartographer logger]: I0313 14:58:38.000000  6020 pose_graph_2d.cc:148] Inserted submap (0, 71).
[INFO] [1773381523.964477464] [cartographer logger]: I0313 14:58:43.000000  6020 pose_graph_2d.cc:148] Inserted submap (0, 72).
[INFO] [1773381529.296886076] [cartographer logger]: I0313 14:58:49.000000  6020 pose_graph_2d.cc:148] Inserted submap (0, 73).
[INFO] [1773381530.162282317] [cartographer logger]: I0313 14:58:50.000000  6020 collated_trajectory_builder.cc:81] odom rate: 15.00 Hz 6.67e-02 s +/- 2.42e-03 s (pulsed at 100.44% real time)
[INFO] [1773381530.162422709] [cartographer logger]: I0313 14:58:50.000000  6020 collated_trajectory_builder.cc:81] scan rate: 15.00 Hz 6.67e-02 s +/- 2.13e-03 s (pulsed at 99.55% real time)
[INFO] [1773381534.893562188] [cartographer logger]: I0313 14:58:54.000000  6020 pose_graph_2d.cc:148] Inserted submap (0, 74).
[INFO] [1773381540.291281366] [cartographer logger]: I0313 14:59:00.000000  6020 pose_graph_2d.cc:148] Inserted submap (0, 75).
[INFO] [1773381541.229498945] [cartographer logger]: I0313 14:59:01.000000  6020 motion_filter.cc:42] Motion filter reduced the number of nodes to 92.8462%.
[INFO] [1773381542.762395314] [cartographer logger]: I0313 14:59:02.000000  6020 collated_trajectory_builder.cc:81] odom rate: 17.63 Hz 5.67e-02 s +/- 3.09e-02 s (pulsed at 83.57% real time)
[INFO] [1773381542.762459439] [cartographer logger]: I0313 14:59:02.000000  6020 collated_trajectory_builder.cc:81] scan rate: 17.62 Hz 5.68e-02 s +/- 3.08e-02 s (pulsed at 84.03% real time)
[INFO] [1773381545.497679695] [cartographer logger]: I0313 14:59:05.000000  6020 pose_graph_2d.cc:148] Inserted submap (0, 76).
[INFO] [1773381550.830880050] [cartographer logger]: I0313 14:59:10.000000  6020 pose_graph_2d.cc:148] Inserted submap (0, 77).
[INFO] [1773381556.164878503] [cartographer logger]: I0313 14:59:16.000000  6020 pose_graph_2d.cc:148] Inserted submap (0, 78).
[INFO] [1773381557.763549999] [cartographer logger]: I0313 14:59:17.000000  6020 collated_trajectory_builder.cc:81] odom rate: 15.00 Hz 6.67e-02 s +/- 1.14e-03 s (pulsed at 100.43% real time)
[INFO] [1773381557.763621351] [cartographer logger]: I0313 14:59:17.000000  6020 collated_trajectory_builder.cc:81] scan rate: 15.00 Hz 6.67e-02 s +/- 1.75e-03 s (pulsed at 100.00% real time)
[INFO] [1773381561.498622584] [cartographer logger]: I0313 14:59:21.000000  6020 pose_graph_2d.cc:148] Inserted submap (0, 79).
[INFO] [1773381567.296923593] [cartographer logger]: I0313 14:59:27.000000  6020 pose_graph_2d.cc:148] Inserted submap (0, 80).
[INFO] [1773381570.123718810] [cartographer logger]: I0313 14:59:30.000000  6020 pose_graph_2d.cc:148] Inserted submap (0, 81).
[INFO] [1773381570.192631590] [cartographer logger]: I0313 14:59:30.000000  6020 collated_trajectory_builder.cc:81] odom rate: 14.59 Hz 6.85e-02 s +/- 3.24e-02 s (pulsed at 99.58% real time)
[INFO] [1773381570.192701444] [cartographer logger]: I0313 14:59:30.000000  6020 collated_trajectory_builder.cc:81] scan rate: 14.60 Hz 6.85e-02 s +/- 3.20e-02 s (pulsed at 99.99% real time)
[INFO] [1773381572.521788158] [cartographer logger]: I0313 14:59:32.000000  6020 motion_filter.cc:42] Motion filter reduced the number of nodes to 92.6143%.
[INFO] [1773381577.924050052] [cartographer logger]: I0313 14:59:37.000000  6020 pose_graph_2d.cc:148] Inserted submap (0, 82).
[INFO] [1773381583.257919316] [cartographer logger]: I0313 14:59:43.000000  6020 pose_graph_2d.cc:148] Inserted submap (0, 83).
[INFO] [1773381585.253884963] [cartographer logger]: I0313 14:59:45.000000  6020 collated_trajectory_builder.cc:81] odom rate: 17.84 Hz 5.61e-02 s +/- 2.40e-02 s (pulsed at 83.73% real time)
[INFO] [1773381585.253947905] [cartographer logger]: I0313 14:59:45.000000  6020 collated_trajectory_builder.cc:81] scan rate: 17.93 Hz 5.58e-02 s +/- 2.43e-02 s (pulsed at 84.02% real time)
[INFO] [1773381588.590310660] [cartographer logger]: I0313 14:59:48.000000  6020 pose_graph_2d.cc:148] Inserted submap (0, 84).
[INFO] [1773381594.390189354] [cartographer logger]: I0313 14:59:54.000000  6020 pose_graph_2d.cc:148] Inserted submap (0, 85).
[INFO] [1773381599.723451180] [cartographer logger]: I0313 14:59:59.000000  6020 pose_graph_2d.cc:148] Inserted submap (0, 86).
[INFO] [1773381600.255970115] [cartographer logger]: I0313 15:00:00.000000  6020 collated_trajectory_builder.cc:81] odom rate: 14.60 Hz 6.85e-02 s +/- 2.71e-02 s (pulsed at 100.40% real time)
[INFO] [1773381600.256052146] [cartographer logger]: I0313 15:00:00.000000  6020 collated_trajectory_builder.cc:81] scan rate: 14.60 Hz 6.85e-02 s +/- 2.70e-02 s (pulsed at 99.59% real time)
[INFO] [1773381603.815422628] [cartographer logger]: I0313 15:00:03.000000  6020 motion_filter.cc:42] Motion filter reduced the number of nodes to 92.5733%.
[INFO] [1773381604.951132031] [cartographer logger]: I0313 15:00:04.000000  6020 pose_graph_2d.cc:148] Inserted submap (0, 87).
[INFO] [1773381610.220503725] [cartographer logger]: I0313 15:00:10.000000  6020 pose_graph_2d.cc:148] Inserted submap (0, 88).
[INFO] [1773381612.819790042] [cartographer logger]: I0313 15:00:12.000000  6020 collated_trajectory_builder.cc:81] odom rate: 17.92 Hz 5.58e-02 s +/- 2.42e-02 s (pulsed at 84.08% real time)
[INFO] [1773381612.819886668] [cartographer logger]: I0313 15:00:12.000000  6020 collated_trajectory_builder.cc:81] scan rate: 17.91 Hz 5.58e-02 s +/- 2.42e-02 s (pulsed at 83.77% real time)
[INFO] [1773381615.617792411] [cartographer logger]: I0313 15:00:15.000000  6020 pose_graph_2d.cc:148] Inserted submap (0, 89).
[INFO] [1773381620.886331587] [cartographer logger]: I0313 15:00:20.000000  6020 pose_graph_2d.cc:148] Inserted submap (0, 90).
[INFO] [1773381626.953661887] [cartographer logger]: I0313 15:00:26.000000  6020 pose_graph_2d.cc:148] Inserted submap (0, 91).
[INFO] [1773381627.881530328] [cartographer logger]: I0313 15:00:27.000000  6020 collated_trajectory_builder.cc:81] odom rate: 14.27 Hz 7.01e-02 s +/- 5.02e-02 s (pulsed at 100.01% real time)
[INFO] [1773381627.881678501] [cartographer logger]: I0313 15:00:27.000000  6020 collated_trajectory_builder.cc:81] scan rate: 14.26 Hz 7.01e-02 s +/- 5.03e-02 s (pulsed at 100.00% real time)
[INFO] [1773381632.351291147] [cartographer logger]: I0313 15:00:32.000000  6020 pose_graph_2d.cc:148] Inserted submap (0, 92).
[INFO] [1773381635.328111108] [cartographer logger]: I0313 15:00:35.000000  6020 motion_filter.cc:42] Motion filter reduced the number of nodes to 92.5875%.
[INFO] [1773381637.529568921] [cartographer logger]: I0313 15:00:37.000000  6020 pose_graph_2d.cc:148] Inserted submap (0, 93).
[INFO] [1773381640.394072518] [cartographer logger]: I0313 15:00:40.000000  6020 collated_trajectory_builder.cc:81] odom rate: 17.99 Hz 5.56e-02 s +/- 2.44e-02 s (pulsed at 83.38% real time)
[INFO] [1773381640.394176187] [cartographer logger]: I0313 15:00:40.000000  6020 collated_trajectory_builder.cc:81] scan rate: 17.99 Hz 5.56e-02 s +/- 2.43e-02 s (pulsed at 83.73% real time)
[INFO] [1773381642.863616833] [cartographer logger]: I0313 15:00:42.000000  6020 pose_graph_2d.cc:148] Inserted submap (0, 94).
[INFO] [1773381648.195489353] [cartographer logger]: I0313 15:00:48.000000  6020 pose_graph_2d.cc:148] Inserted submap (0, 95).
[INFO] [1773381654.197622352] [cartographer logger]: I0313 15:00:54.000000  6020 pose_graph_2d.cc:148] Inserted submap (0, 96).
[INFO] [1773381655.395030664] [cartographer logger]: I0313 15:00:55.000000  6020 collated_trajectory_builder.cc:81] odom rate: 14.34 Hz 6.98e-02 s +/- 4.55e-02 s (pulsed at 100.44% real time)
[INFO] [1773381655.395118088] [cartographer logger]: I0313 15:00:55.000000  6020 collated_trajectory_builder.cc:81] scan rate: 14.33 Hz 6.98e-02 s +/- 4.56e-02 s (pulsed at 99.59% real time)
[INFO] [1773381659.530189146] [cartographer logger]: I0313 15:00:59.000000  6020 pose_graph_2d.cc:148] Inserted submap (0, 97).
[INFO] [1773381664.771758407] [cartographer logger]: I0313 15:01:04.000000  6020 pose_graph_2d.cc:148] Inserted submap (0, 98).
[INFO] [1773381666.836048300] [cartographer logger]: I0313 15:01:06.000000  6020 motion_filter.cc:42] Motion filter reduced the number of nodes to 92.6%.
[INFO] [1773381667.967249216] [cartographer logger]: I0313 15:01:07.000000  6020 collated_trajectory_builder.cc:81] odom rate: 18.00 Hz 5.55e-02 s +/- 2.44e-02 s (pulsed at 82.97% real time)
[INFO] [1773381667.967342294] [cartographer logger]: I0313 15:01:07.000000  6020 collated_trajectory_builder.cc:81] scan rate: 17.99 Hz 5.56e-02 s +/- 2.44e-02 s (pulsed at 83.73% real time)
[INFO] [1773381670.106740882] [cartographer logger]: I0313 15:01:10.000000  6020 pose_graph_2d.cc:148] Inserted submap (0, 99).
[INFO] [1773381675.438119482] [cartographer logger]: I0313 15:01:15.000000  6020 pose_graph_2d.cc:148] Inserted submap (0, 100).
[INFO] [1773381680.774246869] [cartographer logger]: I0313 15:01:20.000000  6020 pose_graph_2d.cc:148] Inserted submap (0, 101).
[INFO] [1773381682.968647081] [cartographer logger]: I0313 15:01:22.000000  6020 collated_trajectory_builder.cc:81] odom rate: 14.32 Hz 6.98e-02 s +/- 4.59e-02 s (pulsed at 98.65% real time)
[INFO] [1773381682.968757576] [cartographer logger]: I0313 15:01:22.000000  6020 collated_trajectory_builder.cc:81] scan rate: 14.32 Hz 6.98e-02 s +/- 4.59e-02 s (pulsed at 98.22% real time)
[INFO] [1773381686.835664256] [cartographer logger]: I0313 15:01:26.000000  6020 pose_graph_2d.cc:148] Inserted submap (0, 102).
[INFO] [1773381692.104104282] [cartographer logger]: I0313 15:01:32.000000  6020 pose_graph_2d.cc:148] Inserted submap (0, 103).
[INFO] [1773381695.497615228] [cartographer logger]: I0313 15:01:35.000000  6020 collated_trajectory_builder.cc:81] odom rate: 17.95 Hz 5.57e-02 s +/- 2.43e-02 s (pulsed at 83.97% real time)
[INFO] [1773381695.497720135] [cartographer logger]: I0313 15:01:35.000000  6020 collated_trajectory_builder.cc:81] scan rate: 17.90 Hz 5.59e-02 s +/- 2.41e-02 s (pulsed at 85.65% real time)
[INFO] [1773381697.364233746] [cartographer logger]: I0313 15:01:37.000000  6020 pose_graph_2d.cc:148] Inserted submap (0, 104).
[INFO] [1773381698.362088292] [cartographer logger]: I0313 15:01:38.000000  6020 motion_filter.cc:42] Motion filter reduced the number of nodes to 92.6111%.
[INFO] [1773381702.696038695] [cartographer logger]: I0313 15:01:42.000000  6020 pose_graph_2d.cc:148] Inserted submap (0, 105).
[INFO] [1773381708.029098625] [cartographer logger]: I0313 15:01:48.000000  6020 pose_graph_2d.cc:148] Inserted submap (0, 106).
[INFO] [1773381710.559356791] [cartographer logger]: I0313 15:01:50.000000  6020 collated_trajectory_builder.cc:81] odom rate: 15.00 Hz 6.67e-02 s +/- 1.32e-03 s (pulsed at 100.46% real time)
[INFO] [1773381710.559453320] [cartographer logger]: I0313 15:01:50.000000  6020 collated_trajectory_builder.cc:81] scan rate: 15.00 Hz 6.67e-02 s +/- 1.55e-03 s (pulsed at 100.00% real time)
[INFO] [1773381714.029097022] [cartographer logger]: I0313 15:01:54.000000  6020 pose_graph_2d.cc:148] Inserted submap (0, 107).
[INFO] [1773381719.364398968] [cartographer logger]: I0313 15:01:59.000000  6020 pose_graph_2d.cc:148] Inserted submap (0, 108).
[INFO] [1773381723.052591835] [cartographer logger]: I0313 15:02:03.000000  6020 collated_trajectory_builder.cc:81] odom rate: 17.23 Hz 5.80e-02 s +/- 5.27e-02 s (pulsed at 82.84% real time)
[INFO] [1773381723.052723503] [cartographer logger]: I0313 15:02:03.000000  6020 collated_trajectory_builder.cc:81] scan rate: 17.22 Hz 5.81e-02 s +/- 5.25e-02 s (pulsed at 83.57% real time)
[INFO] [1773381724.653700623] [cartographer logger]: I0313 15:02:04.000000  6020 pose_graph_2d.cc:148] Inserted submap (0, 109).
[INFO] [1773381729.852515826] [cartographer logger]: I0313 15:02:09.000000  6020 motion_filter.cc:42] Motion filter reduced the number of nodes to 92.6105%.
[INFO] [1773381729.985510847] [cartographer logger]: I0313 15:02:09.000000  6020 pose_graph_2d.cc:148] Inserted submap (0, 110).
[INFO] [1773381735.321415491] [cartographer logger]: I0313 15:02:15.000000  6020 pose_graph_2d.cc:148] Inserted submap (0, 111).
[INFO] [1773381738.115424223] [cartographer logger]: I0313 15:02:18.000000  6020 collated_trajectory_builder.cc:81] odom rate: 15.00 Hz 6.67e-02 s +/- 1.97e-03 s (pulsed at 100.02% real time)
[INFO] [1773381738.115536129] [cartographer logger]: I0313 15:02:18.000000  6020 collated_trajectory_builder.cc:81] scan rate: 15.00 Hz 6.67e-02 s +/- 1.42e-03 s (pulsed at 99.98% real time)
[INFO] [1773381740.655080948] [cartographer logger]: I0313 15:02:20.000000  6020 pose_graph_2d.cc:148] Inserted submap (0, 112).
[INFO] [1773381746.717536347] [cartographer logger]: I0313 15:02:26.000000  6020 pose_graph_2d.cc:148] Inserted submap (0, 113).
[INFO] [1773381752.050989616] [cartographer logger]: I0313 15:02:32.000000  6020 pose_graph_2d.cc:148] Inserted submap (0, 114).
[INFO] [1773381750.721155087] [cartographer logger]: I0313 15:02:30.000000  6020 collated_trajectory_builder.cc:81] odom rate: 14.91 Hz 6.71e-02 s +/- 5.23e-02 s (pulsed at 95.66% real time)
[INFO] [1773381750.721226504] [cartographer logger]: I0313 15:02:30.000000  6020 collated_trajectory_builder.cc:81] scan rate: 14.91 Hz 6.71e-02 s +/- 5.22e-02 s (pulsed at 95.70% real time)
[INFO] [1773381757.324029215] [cartographer logger]: I0313 15:02:37.000000  6020 pose_graph_2d.cc:148] Inserted submap (0, 115).
[INFO] [1773381761.518693629] [cartographer logger]: I0313 15:02:41.000000  6020 motion_filter.cc:42] Motion filter reduced the number of nodes to 92.62%.
[INFO] [1773381762.656507528] [cartographer logger]: I0313 15:02:42.000000  6020 pose_graph_2d.cc:148] Inserted submap (0, 116).
[INFO] [1773381765.786628184] [cartographer logger]: I0313 15:02:45.000000  6020 collated_trajectory_builder.cc:81] odom rate: 16.98 Hz 5.89e-02 s +/- 2.11e-02 s (pulsed at 88.32% real time)
[INFO] [1773381765.786697583] [cartographer logger]: I0313 15:02:45.000000  6020 collated_trajectory_builder.cc:81] scan rate: 16.98 Hz 5.89e-02 s +/- 2.11e-02 s (pulsed at 88.34% real time)
[INFO] [1773381767.989805776] [cartographer logger]: I0313 15:02:47.000000  6020 pose_graph_2d.cc:148] Inserted submap (0, 117).
[INFO] [1773381774.122176312] [cartographer logger]: I0313 15:02:54.000000  6020 pose_graph_2d.cc:148] Inserted submap (0, 118).
[INFO] [1773381779.455311410] [cartographer logger]: I0313 15:02:59.000000  6020 pose_graph_2d.cc:148] Inserted submap (0, 119).
[INFO] [1773381780.787549226] [cartographer logger]: I0313 15:03:00.000000  6020 collated_trajectory_builder.cc:81] odom rate: 14.20 Hz 7.04e-02 s +/- 5.48e-02 s (pulsed at 100.45% real time)
[INFO] [1773381780.787670704] [cartographer logger]: I0313 15:03:00.000000  6020 collated_trajectory_builder.cc:81] scan rate: 14.20 Hz 7.04e-02 s +/- 5.48e-02 s (pulsed at 99.99% real time)
[INFO] [1773381784.803804025] [cartographer logger]: I0313 15:03:04.000000  6020 pose_graph_2d.cc:148] Inserted submap (0, 120).
[INFO] [1773381790.071640641] [cartographer logger]: I0313 15:03:10.000000  6020 pose_graph_2d.cc:148] Inserted submap (0, 121).
[INFO] [1773381793.071277788] [cartographer logger]: I0313 15:03:13.000000  6020 motion_filter.cc:42] Motion filter reduced the number of nodes to 92.619%.
[INFO] [1773381793.337485505] [cartographer logger]: I0313 15:03:13.000000  6020 collated_trajectory_builder.cc:81] odom rate: 18.04 Hz 5.54e-02 s +/- 2.46e-02 s (pulsed at 83.13% real time)
[INFO] [1773381793.337574698] [cartographer logger]: I0313 15:03:13.000000  6020 collated_trajectory_builder.cc:81] scan rate: 18.02 Hz 5.55e-02 s +/- 2.45e-02 s (pulsed at 83.23% real time)
[INFO] [1773381795.470919323] [cartographer logger]: I0313 15:03:15.000000  6020 pose_graph_2d.cc:148] Inserted submap (0, 122).
[INFO] [1773381800.738365008] [cartographer logger]: I0313 15:03:20.000000  6020 pose_graph_2d.cc:148] Inserted submap (0, 123).
[INFO] [1773381806.939016555] [cartographer logger]: I0313 15:03:26.000000  6020 pose_graph_2d.cc:148] Inserted submap (0, 124).
[INFO] [1773381808.402791702] [cartographer logger]: I0313 15:03:28.000000  6020 collated_trajectory_builder.cc:81] odom rate: 14.13 Hz 7.08e-02 s +/- 5.96e-02 s (pulsed at 99.99% real time)
[INFO] [1773381808.402881123] [cartographer logger]: I0313 15:03:28.000000  6020 collated_trajectory_builder.cc:81] scan rate: 14.14 Hz 7.07e-02 s +/- 5.94e-02 s (pulsed at 100.43% real time)
[INFO] [1773381812.274371713] [cartographer logger]: I0313 15:03:32.000000  6020 pose_graph_2d.cc:148] Inserted submap (0, 125).
[INFO] [1773381817.511712145] [cartographer logger]: I0313 15:03:37.000000  6020 pose_graph_2d.cc:148] Inserted submap (0, 126).
[INFO] [1773381820.911096007] [cartographer logger]: I0313 15:03:40.000000  6020 collated_trajectory_builder.cc:81] odom rate: 17.99 Hz 5.56e-02 s +/- 2.44e-02 s (pulsed at 83.74% real time)
[INFO] [1773381820.911217496] [cartographer logger]: I0313 15:03:40.000000  6020 collated_trajectory_builder.cc:81] scan rate: 18.00 Hz 5.55e-02 s +/- 2.45e-02 s (pulsed at 83.30% real time)
[INFO] [1773381822.842416173] [cartographer logger]: I0313 15:03:42.000000  6020 pose_graph_2d.cc:148] Inserted submap (0, 127).
[INFO] [1773381824.841390395] [cartographer logger]: I0313 15:03:44.000000  6020 motion_filter.cc:42] Motion filter reduced the number of nodes to 92.6273%.
[INFO] [1773381828.241804706] [cartographer logger]: I0313 15:03:48.000000  6020 pose_graph_2d.cc:148] Inserted submap (0, 128).
[INFO] [1773381834.443563768] [cartographer logger]: I0313 15:03:54.000000  6020 pose_graph_2d.cc:148] Inserted submap (0, 129).
[INFO] [1773381835.973275765] [cartographer logger]: I0313 15:03:55.000000  6020 collated_trajectory_builder.cc:81] odom rate: 14.07 Hz 7.11e-02 s +/- 6.43e-02 s (pulsed at 100.40% real time)
[INFO] [1773381835.973347866] [cartographer logger]: I0313 15:03:55.000000  6020 collated_trajectory_builder.cc:81] scan rate: 14.06 Hz 7.11e-02 s +/- 6.44e-02 s (pulsed at 99.60% real time)
[INFO] [1773381839.778378211] [cartographer logger]: I0313 15:03:59.000000  6020 pose_graph_2d.cc:148] Inserted submap (0, 130).
[INFO] [1773381843.886096704] [cartographer logger]: I0313 15:04:03.000000  6020 pose_graph_2d.cc:148] Inserted submap (0, 131).
[INFO] [1773381848.487880487] [cartographer logger]: I0313 15:04:08.000000  6020 collated_trajectory_builder.cc:81] odom rate: 18.00 Hz 5.56e-02 s +/- 2.44e-02 s (pulsed at 83.32% real time)
[INFO] [1773381848.487997916] [cartographer logger]: I0313 15:04:08.000000  6020 collated_trajectory_builder.cc:81] scan rate: 17.99 Hz 5.56e-02 s +/- 2.44e-02 s (pulsed at 83.74% real time)
[INFO] [1773381849.219515821] [cartographer logger]: I0313 15:04:09.000000  6020 pose_graph_2d.cc:148] Inserted submap (0, 132).
[INFO] [1773381854.552630602] [cartographer logger]: I0313 15:04:14.000000  6020 pose_graph_2d.cc:148] Inserted submap (0, 133).
[INFO] [1773381856.550958580] [cartographer logger]: I0313 15:04:16.000000  6020 motion_filter.cc:42] Motion filter reduced the number of nodes to 92.7826%.
[INFO] [1773381859.885722473] [cartographer logger]: I0313 15:04:19.000000  6020 pose_graph_2d.cc:148] Inserted submap (0, 134).
[INFO] [1773381863.551349942] [cartographer logger]: I0313 15:04:23.000000  6020 collated_trajectory_builder.cc:81] odom rate: 13.93 Hz 7.18e-02 s +/- 7.42e-02 s (pulsed at 100.01% real time)
[INFO] [1773381863.551446569] [cartographer logger]: I0313 15:04:23.000000  6020 collated_trajectory_builder.cc:81] scan rate: 13.94 Hz 7.17e-02 s +/- 7.41e-02 s (pulsed at 100.41% real time)
[INFO] [1773381866.355293698] [cartographer logger]: I0313 15:04:26.000000  6020 pose_graph_2d.cc:148] Inserted submap (0, 135).
[INFO] [1773381871.684860558] [cartographer logger]: I0313 15:04:31.000000  6020 pose_graph_2d.cc:148] Inserted submap (0, 136).
[INFO] [1773381876.065390240] [cartographer logger]: I0313 15:04:36.000000  6020 collated_trajectory_builder.cc:81] odom rate: 17.99 Hz 5.56e-02 s +/- 2.44e-02 s (pulsed at 83.73% real time)
[INFO] [1773381876.065462211] [cartographer logger]: I0313 15:04:36.000000  6020 collated_trajectory_builder.cc:81] scan rate: 18.00 Hz 5.56e-02 s +/- 2.45e-02 s (pulsed at 83.01% real time)
[INFO] [1773381876.929836720] [cartographer logger]: I0313 15:04:36.000000  6020 pose_graph_2d.cc:148] Inserted submap (0, 137).
[INFO] [1773381882.263390416] [cartographer logger]: I0313 15:04:42.000000  6020 pose_graph_2d.cc:148] Inserted submap (0, 138).
[INFO] [1773381887.530841071] [cartographer logger]: I0313 15:04:47.000000  6020 pose_graph_2d.cc:148] Inserted submap (0, 139).
[INFO] [1773381888.527668296] [cartographer logger]: I0313 15:04:48.000000  6020 motion_filter.cc:42] Motion filter reduced the number of nodes to 92.7833%.
[INFO] [1773381891.133401564] [cartographer logger]: I0313 15:04:51.000000  6020 collated_trajectory_builder.cc:81] odom rate: 15.00 Hz 6.67e-02 s +/- 1.79e-03 s (pulsed at 99.99% real time)
[INFO] [1773381891.133471136] [cartographer logger]: I0313 15:04:51.000000  6020 collated_trajectory_builder.cc:81] scan rate: 15.00 Hz 6.66e-02 s +/- 2.18e-03 s (pulsed at 100.41% real time)
[INFO] [1773381893.930715081] [cartographer logger]: I0313 15:04:53.000000  6020 pose_graph_2d.cc:148] Inserted submap (0, 140).
[INFO] [1773381899.332166647] [cartographer logger]: I0313 15:04:59.000000  6020 pose_graph_2d.cc:148] Inserted submap (0, 141).
[INFO] [1773381903.700279419] [cartographer logger]: I0313 15:05:03.000000  6020 collated_trajectory_builder.cc:81] odom rate: 16.70 Hz 5.99e-02 s +/- 7.86e-02 s (pulsed at 83.81% real time)
[INFO] [1773381903.700414266] [cartographer logger]: I0313 15:05:03.000000  6020 collated_trajectory_builder.cc:81] scan rate: 16.72 Hz 5.98e-02 s +/- 7.91e-02 s (pulsed at 83.30% real time)
[INFO] [1773381904.504709788] [cartographer logger]: I0313 15:05:04.000000  6020 pose_graph_2d.cc:148] Inserted submap (0, 142).
[INFO] [1773381909.837385879] [cartographer logger]: I0313 15:05:09.000000  6020 pose_graph_2d.cc:148] Inserted submap (0, 143).
[INFO] [1773381915.169743581] [cartographer logger]: I0313 15:05:15.000000  6020 pose_graph_2d.cc:148] Inserted submap (0, 144).
[INFO] [1773381918.704645783] [cartographer logger]: I0313 15:05:18.000000  6020 collated_trajectory_builder.cc:81] odom rate: 15.00 Hz 6.67e-02 s +/- 2.07e-03 s (pulsed at 100.01% real time)
[INFO] [1773381918.704764005] [cartographer logger]: I0313 15:05:18.000000  6020 collated_trajectory_builder.cc:81] scan rate: 15.00 Hz 6.67e-02 s +/- 1.91e-03 s (pulsed at 99.97% real time)
[INFO] [1773381920.371462403] [cartographer logger]: I0313 15:05:20.000000  6020 motion_filter.cc:42] Motion filter reduced the number of nodes to 92.784%.
[INFO] [1773381920.568982671] [cartographer logger]: I0313 15:05:20.000000  6020 pose_graph_2d.cc:148] Inserted submap (0, 145).
[INFO] [1773381927.103601237] [cartographer logger]: I0313 15:05:27.000000  6020 pose_graph_2d.cc:148] Inserted submap (0, 146).
[INFO] [1773381932.437488633] [cartographer logger]: I0313 15:05:32.000000  6020 pose_graph_2d.cc:148] Inserted submap (0, 147).
[INFO] [1773381931.282217299] [cartographer logger]: I0313 15:05:31.000000  6020 collated_trajectory_builder.cc:81] odom rate: 14.96 Hz 6.68e-02 s +/- 8.58e-02 s (pulsed at 92.62% real time)
[INFO] [1773381931.282318299] [cartographer logger]: I0313 15:05:31.000000  6020 collated_trajectory_builder.cc:81] scan rate: 14.96 Hz 6.69e-02 s +/- 8.63e-02 s (pulsed at 91.83% real time)
[INFO] [1773381937.618118138] [cartographer logger]: I0313 15:05:37.000000  6020 pose_graph_2d.cc:148] Inserted submap (0, 148).
[INFO] [1773381942.951096657] [cartographer logger]: I0313 15:05:42.000000  6020 pose_graph_2d.cc:148] Inserted submap (0, 149).
[INFO] [1773381946.283193393] [cartographer logger]: I0313 15:05:46.000000  6020 collated_trajectory_builder.cc:81] odom rate: 16.38 Hz 6.10e-02 s +/- 1.82e-02 s (pulsed at 91.98% real time)
[INFO] [1773381946.283263692] [cartographer logger]: I0313 15:05:46.000000  6020 collated_trajectory_builder.cc:81] scan rate: 16.31 Hz 6.13e-02 s +/- 1.79e-02 s (pulsed at 91.97% real time)
[INFO] [1773381948.355753077] [cartographer logger]: I0313 15:05:48.000000  6020 pose_graph_2d.cc:148] Inserted submap (0, 150).
[INFO] [1773381953.747829034] [cartographer logger]: I0313 15:05:53.000000  6020 motion_filter.cc:42] Motion filter reduced the number of nodes to 92.7846%.
[INFO] [1773381954.883859870] [cartographer logger]: I0313 15:05:54.000000  6020 pose_graph_2d.cc:148] Inserted submap (0, 151).
[INFO] [1773381960.218869307] [cartographer logger]: I0313 15:06:00.000000  6020 pose_graph_2d.cc:148] Inserted submap (0, 152).
[INFO] [1773381961.287185030] [cartographer logger]: I0313 15:06:01.000000  6020 collated_trajectory_builder.cc:81] odom rate: 13.73 Hz 7.28e-02 s +/- 8.83e-02 s (pulsed at 100.41% real time)
[INFO] [1773381961.287304315] [cartographer logger]: I0313 15:06:01.000000  6020 collated_trajectory_builder.cc:81] scan rate: 13.73 Hz 7.28e-02 s +/- 8.79e-02 s (pulsed at 100.00% real time)
[INFO] [1773381965.467328896] [cartographer logger]: I0313 15:06:05.000000  6020 pose_graph_2d.cc:148] Inserted submap (0, 153).
[INFO] [1773381970.799392897] [cartographer logger]: I0313 15:06:10.000000  6020 pose_graph_2d.cc:148] Inserted submap (0, 154).
[INFO] [1773381973.796027592] [cartographer logger]: I0313 15:06:13.000000  6020 collated_trajectory_builder.cc:81] odom rate: 18.09 Hz 5.53e-02 s +/- 2.46e-02 s (pulsed at 82.93% real time)
[INFO] [1773381973.796139628] [cartographer logger]: I0313 15:06:13.000000  6020 collated_trajectory_builder.cc:81] scan rate: 18.08 Hz 5.53e-02 s +/- 2.46e-02 s (pulsed at 83.32% real time)
[INFO] [1773381976.131579305] [cartographer logger]: I0313 15:06:16.000000  6020 pose_graph_2d.cc:148] Inserted submap (0, 155).
[INFO] [1773381981.467726701] [cartographer logger]: I0313 15:06:21.000000  6020 pose_graph_2d.cc:148] Inserted submap (0, 156).
[INFO] [1773381985.665940756] [cartographer logger]: I0313 15:06:25.000000  6020 motion_filter.cc:42] Motion filter reduced the number of nodes to 92.7778%.
[INFO] [1773381988.002770308] [cartographer logger]: I0313 15:06:28.000000  6020 pose_graph_2d.cc:148] Inserted submap (0, 157).
[INFO] [1773381988.796607398] [cartographer logger]: I0313 15:06:28.000000  6020 collated_trajectory_builder.cc:81] odom rate: 13.80 Hz 7.25e-02 s +/- 8.36e-02 s (pulsed at 100.00% real time)
[INFO] [1773381988.796710492] [cartographer logger]: I0313 15:06:28.000000  6020 collated_trajectory_builder.cc:81] scan rate: 13.80 Hz 7.25e-02 s +/- 8.36e-02 s (pulsed at 100.00% real time)
[INFO] [1773381993.293741565] [cartographer logger]: I0313 15:06:33.000000  6020 pose_graph_2d.cc:148] Inserted submap (0, 158).
[INFO] [1773381998.561781795] [cartographer logger]: I0313 15:06:38.000000  6020 pose_graph_2d.cc:148] Inserted submap (0, 159).
[INFO] [1773382001.429101155] [cartographer logger]: I0313 15:06:41.000000  6020 collated_trajectory_builder.cc:81] odom rate: 17.93 Hz 5.58e-02 s +/- 2.42e-02 s (pulsed at 83.64% real time)
[INFO] [1773382001.429171314] [cartographer logger]: I0313 15:06:41.000000  6020 collated_trajectory_builder.cc:81] scan rate: 17.91 Hz 5.58e-02 s +/- 2.42e-02 s (pulsed at 83.75% real time)
[INFO] [1773382003.895410810] [cartographer logger]: I0313 15:06:43.000000  6020 pose_graph_2d.cc:148] Inserted submap (0, 160).
[INFO] [1773382009.231495514] [cartographer logger]: I0313 15:06:49.000000  6020 pose_graph_2d.cc:148] Inserted submap (0, 161).
[INFO] [1773382016.027562455] [cartographer logger]: I0313 15:06:56.000000  6020 pose_graph_2d.cc:148] Inserted submap (0, 162).
[INFO] [1773382016.429339042] [cartographer logger]: I0313 15:06:56.000000  6020 collated_trajectory_builder.cc:81] odom rate: 13.60 Hz 7.35e-02 s +/- 9.80e-02 s (pulsed at 100.41% real time)
[INFO] [1773382016.429462147] [cartographer logger]: I0313 15:06:56.000000  6020 collated_trajectory_builder.cc:81] scan rate: 13.59 Hz 7.36e-02 s +/- 9.83e-02 s (pulsed at 99.61% real time)
[INFO] [1773382017.960700485] [cartographer logger]: I0313 15:06:57.000000  6020 motion_filter.cc:42] Motion filter reduced the number of nodes to 92.7857%.
[INFO] [1773382021.294785200] [cartographer logger]: I0313 15:07:01.000000  6020 pose_graph_2d.cc:148] Inserted submap (0, 163).
[INFO] [1773382026.549592927] [cartographer logger]: I0313 15:07:06.000000  6020 pose_graph_2d.cc:148] Inserted submap (0, 164).
[INFO] [1773382028.946966277] [cartographer logger]: I0313 15:07:08.000000  6020 collated_trajectory_builder.cc:81] odom rate: 18.08 Hz 5.53e-02 s +/- 2.46e-02 s (pulsed at 82.62% real time)
[INFO] [1773382028.947179595] [cartographer logger]: I0313 15:07:08.000000  6020 collated_trajectory_builder.cc:81] scan rate: 18.07 Hz 5.53e-02 s +/- 2.46e-02 s (pulsed at 83.37% real time)
[INFO] [1773382031.949011574] [cartographer logger]: I0313 15:07:11.000000  6020 pose_graph_2d.cc:148] Inserted submap (0, 165).
[INFO] [1773382037.283154000] [cartographer logger]: I0313 15:07:17.000000  6020 pose_graph_2d.cc:148] Inserted submap (0, 166).
[INFO] [1773382043.948214840] [cartographer logger]: I0313 15:07:23.000000  6020 collated_trajectory_builder.cc:81] odom rate: 13.59 Hz 7.36e-02 s +/- 9.83e-02 s (pulsed at 100.00% real time)
[INFO] [1773382043.948368505] [cartographer logger]: I0313 15:07:23.000000  6020 collated_trajectory_builder.cc:81] scan rate: 13.60 Hz 7.35e-02 s +/- 9.84e-02 s (pulsed at 100.00% real time)
[INFO] [1773382043.951590013] [cartographer logger]: I0313 15:07:23.000000  6020 pose_graph_2d.cc:148] Inserted submap (0, 167).
[INFO] [1773382049.284227360] [cartographer logger]: I0313 15:07:29.000000  6020 pose_graph_2d.cc:148] Inserted submap (0, 168).
[INFO] [1773382050.148288693] [cartographer logger]: I0313 15:07:30.000000  6020 motion_filter.cc:42] Motion filter reduced the number of nodes to 92.7793%.
[INFO] [1773382054.595032855] [cartographer logger]: I0313 15:07:34.000000  6020 pose_graph_2d.cc:148] Inserted submap (0, 169).
[INFO] [1773382056.462009754] [cartographer logger]: I0313 15:07:36.000000  6020 collated_trajectory_builder.cc:81] odom rate: 18.10 Hz 5.53e-02 s +/- 2.47e-02 s (pulsed at 82.86% real time)
[INFO] [1773382056.462079088] [cartographer logger]: I0313 15:07:36.000000  6020 collated_trajectory_builder.cc:81] scan rate: 18.08 Hz 5.53e-02 s +/- 2.46e-02 s (pulsed at 82.97% real time)
[INFO] [1773382059.927362769] [cartographer logger]: I0313 15:07:39.000000  6020 pose_graph_2d.cc:148] Inserted submap (0, 170).
[INFO] [1773382065.194326730] [cartographer logger]: I0313 15:07:45.000000  6020 pose_graph_2d.cc:148] Inserted submap (0, 171).
[INFO] [1773382070.595373533] [cartographer logger]: I0313 15:07:50.000000  6020 pose_graph_2d.cc:148] Inserted submap (0, 172).
[INFO] [1773382071.526189632] [cartographer logger]: I0313 15:07:51.000000  6020 collated_trajectory_builder.cc:81] odom rate: 15.00 Hz 6.67e-02 s +/- 1.33e-03 s (pulsed at 99.56% real time)
[INFO] [1773382071.526263600] [cartographer logger]: I0313 15:07:51.000000  6020 collated_trajectory_builder.cc:81] scan rate: 15.00 Hz 6.66e-02 s +/- 2.04e-03 s (pulsed at 100.40% real time)
[INFO] [1773382077.328710026] [cartographer logger]: I0313 15:07:57.000000  6020 pose_graph_2d.cc:148] Inserted submap (0, 173).
[INFO] [1773382082.395582835] [cartographer logger]: I0313 15:08:02.000000  6020 motion_filter.cc:42] Motion filter reduced the number of nodes to 92.7733%.
[INFO] [1773382082.661132508] [cartographer logger]: I0313 15:08:02.000000  6020 pose_graph_2d.cc:148] Inserted submap (0, 174).
[INFO] [1773382084.094135124] [cartographer logger]: I0313 15:08:04.000000  6020 collated_trajectory_builder.cc:81] odom rate: 16.16 Hz 6.19e-02 s +/- 1.07e-01 s (pulsed at 84.13% real time)
[INFO] [1773382084.094260312] [cartographer logger]: I0313 15:08:04.000000  6020 collated_trajectory_builder.cc:81] scan rate: 16.16 Hz 6.19e-02 s +/- 1.07e-01 s (pulsed at 83.69% real time)
[INFO] [1773382087.895574575] [cartographer logger]: I0313 15:08:07.000000  6020 pose_graph_2d.cc:148] Inserted submap (0, 175).
[INFO] [1773382093.291915205] [cartographer logger]: I0313 15:08:13.000000  6020 pose_graph_2d.cc:148] Inserted submap (0, 176).
[INFO] [1773382098.626644212] [cartographer logger]: I0313 15:08:18.000000  6020 pose_graph_2d.cc:148] Inserted submap (0, 177).
[INFO] [1773382099.159504537] [cartographer logger]: I0313 15:08:19.000000  6020 collated_trajectory_builder.cc:81] odom rate: 15.00 Hz 6.67e-02 s +/- 1.58e-03 s (pulsed at 100.00% real time)
[INFO] [1773382099.159622607] [cartographer logger]: I0313 15:08:19.000000  6020 collated_trajectory_builder.cc:81] scan rate: 15.00 Hz 6.66e-02 s +/- 2.12e-03 s (pulsed at 100.43% real time)
[INFO] [1773382105.427118815] [cartographer logger]: I0313 15:08:25.000000  6020 pose_graph_2d.cc:148] Inserted submap (0, 178).
[INFO] [1773382110.760005267] [cartographer logger]: I0313 15:08:30.000000  6020 pose_graph_2d.cc:148] Inserted submap (0, 179).
[INFO] [1773382111.735245788] [cartographer logger]: I0313 15:08:31.000000  6020 collated_trajectory_builder.cc:81] odom rate: 14.74 Hz 6.79e-02 s +/- 1.10e-01 s (pulsed at 91.37% real time)
[INFO] [1773382111.735322143] [cartographer logger]: I0313 15:08:31.000000  6020 collated_trajectory_builder.cc:81] scan rate: 14.74 Hz 6.78e-02 s +/- 1.10e-01 s (pulsed at 91.77% real time)
[INFO] [1773382112.401518312] [cartographer logger]: I0313 15:08:32.000000  6020 motion_filter.cc:42] Motion filter reduced the number of nodes to 92.6%.
[INFO] [1773382116.004194605] [cartographer logger]: I0313 15:08:36.000000  6020 pose_graph_2d.cc:148] Inserted submap (0, 180).
[INFO] [1773382121.338461012] [cartographer logger]: I0313 15:08:41.000000  6020 pose_graph_2d.cc:148] Inserted submap (0, 181).
[INFO] [1773382126.737763906] [cartographer logger]: I0313 15:08:46.000000  6020 pose_graph_2d.cc:148] Inserted submap (0, 182).
[INFO] [1773382126.737991136] [cartographer logger]: I0313 15:08:46.000000  6020 collated_trajectory_builder.cc:81] odom rate: 16.30 Hz 6.14e-02 s +/- 1.77e-02 s (pulsed at 92.41% real time)
[INFO] [1773382126.738021663] [cartographer logger]: I0313 15:08:46.000000  6020 collated_trajectory_builder.cc:81] scan rate: 16.15 Hz 6.19e-02 s +/- 1.69e-02 s (pulsed at 93.25% real time)
[INFO] [1773382133.921534690] [cartographer logger]: I0313 15:08:53.000000  6020 pose_graph_2d.cc:148] Inserted submap (0, 183).
[INFO] [1773382138.938473644] [cartographer logger]: I0313 15:08:58.000000  6020 pose_graph_2d.cc:148] Inserted submap (0, 184).
[INFO] [1773382141.739788162] [cartographer logger]: I0313 15:09:01.000000  6020 collated_trajectory_builder.cc:81] odom rate: 13.39 Hz 7.47e-02 s +/- 1.13e-01 s (pulsed at 100.01% real time)
[INFO] [1773382141.739869129] [cartographer logger]: I0313 15:09:01.000000  6020 collated_trajectory_builder.cc:81] scan rate: 13.39 Hz 7.47e-02 s +/- 1.13e-01 s (pulsed at 99.97% real time)
[INFO] [1773382144.174562982] [cartographer logger]: I0313 15:09:04.000000  6020 pose_graph_2d.cc:148] Inserted submap (0, 185).
[INFO] [1773382144.771537701] [cartographer logger]: I0313 15:09:04.000000  6020 motion_filter.cc:42] Motion filter reduced the number of nodes to 92.5563%.
[INFO] [1773382149.507082335] [cartographer logger]: I0313 15:09:09.000000  6020 pose_graph_2d.cc:148] Inserted submap (0, 186).
[INFO] [1773382154.303978139] [cartographer logger]: I0313 15:09:14.000000  6020 collated_trajectory_builder.cc:81] odom rate: 18.00 Hz 5.55e-02 s +/- 2.44e-02 s (pulsed at 83.67% real time)
[INFO] [1773382154.304063121] [cartographer logger]: I0313 15:09:14.000000  6020 collated_trajectory_builder.cc:81] scan rate: 18.01 Hz 5.55e-02 s +/- 2.44e-02 s (pulsed at 82.95% real time)
[INFO] [1773382154.841747529] [cartographer logger]: I0313 15:09:14.000000  6020 pose_graph_2d.cc:148] Inserted submap (0, 187).
[INFO] [1773382160.174703586] [cartographer logger]: I0313 15:09:20.000000  6020 pose_graph_2d.cc:148] Inserted submap (0, 188).
[INFO] [1773382167.176158645] [cartographer logger]: I0313 15:09:27.000000  6020 pose_graph_2d.cc:148] Inserted submap (0, 189).
[INFO] [1773382169.308363729] [cartographer logger]: I0313 15:09:29.000000  6020 collated_trajectory_builder.cc:81] odom rate: 13.40 Hz 7.46e-02 s +/- 1.13e-01 s (pulsed at 100.00% real time)
[INFO] [1773382169.308467594] [cartographer logger]: I0313 15:09:29.000000  6020 collated_trajectory_builder.cc:81] scan rate: 13.40 Hz 7.46e-02 s +/- 1.13e-01 s (pulsed at 100.00% real time)
[INFO] [1773382172.506970863] [cartographer logger]: I0313 15:09:32.000000  6020 pose_graph_2d.cc:148] Inserted submap (0, 190).
[INFO] [1773382176.518265361] [cartographer logger]: I0313 15:09:36.000000  6020 pose_graph_2d.cc:148] Inserted submap (0, 191).
[INFO] [1773382177.249768631] [cartographer logger]: I0313 15:09:37.000000  6020 motion_filter.cc:42] Motion filter reduced the number of nodes to 92.6727%.
[INFO] [1773382181.914228219] [cartographer logger]: I0313 15:09:41.000000  6020 collated_trajectory_builder.cc:81] odom rate: 17.94 Hz 5.58e-02 s +/- 2.43e-02 s (pulsed at 83.63% real time)
[INFO] [1773382181.914333321] [cartographer logger]: I0313 15:09:41.000000  6020 collated_trajectory_builder.cc:81] scan rate: 17.94 Hz 5.57e-02 s +/- 2.43e-02 s (pulsed at 83.62% real time)
[INFO] [1773382181.917258124] [cartographer logger]: I0313 15:09:41.000000  6020 pose_graph_2d.cc:148] Inserted submap (0, 192).
[INFO] [1773382187.184778394] [cartographer logger]: I0313 15:09:47.000000  6020 pose_graph_2d.cc:148] Inserted submap (0, 193).
[INFO] [1773382194.250901607] [cartographer logger]: I0313 15:09:54.000000  6020 pose_graph_2d.cc:148] Inserted submap (0, 194).
[INFO] [1773382196.915148864] [cartographer logger]: I0313 15:09:56.000000  6020 collated_trajectory_builder.cc:81] odom rate: 13.33 Hz 7.50e-02 s +/- 1.18e-01 s (pulsed at 100.01% real time)
[INFO] [1773382196.915261378] [cartographer logger]: I0313 15:09:56.000000  6020 collated_trajectory_builder.cc:81] scan rate: 13.32 Hz 7.51e-02 s +/- 1.18e-01 s (pulsed at 99.59% real time)
[INFO] [1773382199.516785428] [cartographer logger]: I0313 15:09:59.000000  6020 pose_graph_2d.cc:148] Inserted submap (0, 195).
[INFO] [1773382204.756579388] [cartographer logger]: I0313 15:10:04.000000  6020 pose_graph_2d.cc:148] Inserted submap (0, 196).
[INFO] [1773382209.420547033] [cartographer logger]: I0313 15:10:09.000000  6020 collated_trajectory_builder.cc:81] odom rate: 18.00 Hz 5.56e-02 s +/- 2.44e-02 s (pulsed at 83.72% real time)
[INFO] [1773382209.420617919] [cartographer logger]: I0313 15:10:09.000000  6020 collated_trajectory_builder.cc:81] scan rate: 17.99 Hz 5.56e-02 s +/- 2.44e-02 s (pulsed at 83.38% real time)
[INFO] [1773382209.818884459] [cartographer logger]: I0313 15:10:09.000000  6020 motion_filter.cc:42] Motion filter reduced the number of nodes to 92.6765%.
[INFO] [1773382210.154132490] [cartographer logger]: I0313 15:10:10.000000  6020 pose_graph_2d.cc:148] Inserted submap (0, 197).
[INFO] [1773382215.487487314] [cartographer logger]: I0313 15:10:15.000000  6020 pose_graph_2d.cc:148] Inserted submap (0, 198).
[INFO] [1773382220.820951957] [cartographer logger]: I0313 15:10:20.000000  6020 pose_graph_2d.cc:148] Inserted submap (0, 199).
[INFO] [1773382224.422683391] [cartographer logger]: I0313 15:10:24.000000  6020 collated_trajectory_builder.cc:81] odom rate: 13.26 Hz 7.54e-02 s +/- 1.23e-01 s (pulsed at 100.02% real time)
[INFO] [1773382224.422791531] [cartographer logger]: I0313 15:10:24.000000  6020 collated_trajectory_builder.cc:81] scan rate: 13.26 Hz 7.54e-02 s +/- 1.23e-01 s (pulsed at 100.00% real time)
[INFO] [1773382227.821731205] [cartographer logger]: I0313 15:10:27.000000  6020 pose_graph_2d.cc:148] Inserted submap (0, 200).
[INFO] [1773382233.180002248] [cartographer logger]: I0313 15:10:33.000000  6020 pose_graph_2d.cc:148] Inserted submap (0, 201).
[INFO] [1773382236.977751920] [cartographer logger]: I0313 15:10:36.000000  6020 collated_trajectory_builder.cc:81] odom rate: 18.01 Hz 5.55e-02 s +/- 2.45e-02 s (pulsed at 83.28% real time)
[INFO] [1773382236.977874928] [cartographer logger]: I0313 15:10:36.000000  6020 collated_trajectory_builder.cc:81] scan rate: 18.03 Hz 5.55e-02 s +/- 2.45e-02 s (pulsed at 83.21% real time)
[INFO] [1773382238.447833802] [cartographer logger]: I0313 15:10:38.000000  6020 pose_graph_2d.cc:148] Inserted submap (0, 202).
[INFO] [1773382242.311239370] [cartographer logger]: I0313 15:10:42.000000  6020 motion_filter.cc:42] Motion filter reduced the number of nodes to 92.6743%.
[INFO] [1773382243.781103687] [cartographer logger]: I0313 15:10:43.000000  6020 pose_graph_2d.cc:148] Inserted submap (0, 203).
[INFO] [1773382249.181295311] [cartographer logger]: I0313 15:10:49.000000  6020 pose_graph_2d.cc:148] Inserted submap (0, 204).
[INFO] [1773382254.016364004] [cartographer logger]: I0313 15:10:54.000000  6020 collated_trajectory_builder.cc:81] odom rate: 15.00 Hz 6.67e-02 s +/- 1.82e-03 s (pulsed at 86.31% real time)
[INFO] [1773382254.016518819] [cartographer logger]: I0313 15:10:54.000000  6020 collated_trajectory_builder.cc:81] scan rate: 15.00 Hz 6.67e-02 s +/- 1.92e-03 s (pulsed at 100.43% real time)
[INFO] [1773382256.245950093] [cartographer logger]: I0313 15:10:56.000000  6020 pose_graph_2d.cc:148] Inserted submap (0, 205).
[INFO] [1773382261.514334799] [cartographer logger]: I0313 15:11:01.000000  6020 pose_graph_2d.cc:148] Inserted submap (0, 206).
[INFO] [1773382266.540740660] [cartographer logger]: I0313 15:11:06.000000  6020 collated_trajectory_builder.cc:81] odom rate: 18.02 Hz 5.55e-02 s +/- 2.45e-02 s (pulsed at 83.24% real time)
[INFO] [1773382266.540850005] [cartographer logger]: I0313 15:11:06.000000  6020 collated_trajectory_builder.cc:81] scan rate: 17.95 Hz 5.57e-02 s +/- 2.43e-02 s (pulsed at 85.29% real time)
[INFO] [1773382266.742336554] [cartographer logger]: I0313 15:11:06.000000  6020 pose_graph_2d.cc:148] Inserted submap (0, 207).
[INFO] [1773382272.008658743] [cartographer logger]: I0313 15:11:12.000000  6020 pose_graph_2d.cc:148] Inserted submap (0, 208).
[INFO] [1773382274.939983246] [cartographer logger]: I0313 15:11:14.000000  6020 motion_filter.cc:42] Motion filter reduced the number of nodes to 92.6833%.
[INFO] [1773382277.342866400] [cartographer logger]: I0313 15:11:17.000000  6020 pose_graph_2d.cc:148] Inserted submap (0, 209).
[INFO] [1773382281.606632649] [cartographer logger]: I0313 15:11:21.000000  6020 collated_trajectory_builder.cc:81] odom rate: 15.00 Hz 6.67e-02 s +/- 1.45e-03 s (pulsed at 100.01% real time)
[INFO] [1773382281.606703914] [cartographer logger]: I0313 15:11:21.000000  6020 collated_trajectory_builder.cc:81] scan rate: 15.00 Hz 6.67e-02 s +/- 1.98e-03 s (pulsed at 100.00% real time)
[INFO] [1773382284.478267332] [cartographer logger]: I0313 15:11:24.000000  6020 pose_graph_2d.cc:148] Inserted submap (0, 210).
[INFO] [1773382289.809030855] [cartographer logger]: I0313 15:11:29.000000  6020 pose_graph_2d.cc:148] Inserted submap (0, 211).
[INFO] [1773382294.118787332] [cartographer logger]: I0313 15:11:34.000000  6020 collated_trajectory_builder.cc:81] odom rate: 15.83 Hz 6.32e-02 s +/- 1.32e-01 s (pulsed at 82.93% real time)
[INFO] [1773382294.118896004] [cartographer logger]: I0313 15:11:34.000000  6020 collated_trajectory_builder.cc:81] scan rate: 15.83 Hz 6.32e-02 s +/- 1.32e-01 s (pulsed at 83.70% real time)
[INFO] [1773382295.053083799] [cartographer logger]: I0313 15:11:35.000000  6020 pose_graph_2d.cc:148] Inserted submap (0, 212).
[INFO] [1773382300.387897255] [cartographer logger]: I0313 15:11:40.000000  6020 pose_graph_2d.cc:148] Inserted submap (0, 213).
[INFO] [1773382305.719663745] [cartographer logger]: I0313 15:11:45.000000  6020 pose_graph_2d.cc:148] Inserted submap (0, 214).
[INFO] [1773382307.517833074] [cartographer logger]: I0313 15:11:47.000000  6020 motion_filter.cc:42] Motion filter reduced the number of nodes to 92.6865%.
[INFO] [1773382309.187494684] [cartographer logger]: I0313 15:11:49.000000  6020 collated_trajectory_builder.cc:81] odom rate: 15.00 Hz 6.67e-02 s +/- 1.61e-03 s (pulsed at 99.97% real time)
[INFO] [1773382309.187608956] [cartographer logger]: I0313 15:11:49.000000  6020 collated_trajectory_builder.cc:81] scan rate: 15.00 Hz 6.67e-02 s +/- 2.04e-03 s (pulsed at 100.42% real time)
[INFO] [1773382311.119725782] [cartographer logger]: I0313 15:11:51.000000  6020 pose_graph_2d.cc:148] Inserted submap (0, 215).
[INFO] [1773382318.254414071] [cartographer logger]: I0313 15:11:58.000000  6020 pose_graph_2d.cc:148] Inserted submap (0, 216).
[INFO] [1773382321.698040749] [cartographer logger]: I0313 15:12:01.000000  6020 collated_trajectory_builder.cc:81] odom rate: 14.29 Hz 7.00e-02 s +/- 1.35e-01 s (pulsed at 91.33% real time)
[INFO] [1773382321.698156475] [cartographer logger]: I0313 15:12:01.000000  6020 collated_trajectory_builder.cc:81] scan rate: 14.30 Hz 6.99e-02 s +/- 1.35e-01 s (pulsed at 92.16% real time)
[INFO] [1773382323.561760255] [cartographer logger]: I0313 15:12:03.000000  6020 pose_graph_2d.cc:148] Inserted submap (0, 217).
[INFO] [1773382328.829304301] [cartographer logger]: I0313 15:12:08.000000  6020 pose_graph_2d.cc:148] Inserted submap (0, 218).
[INFO] [1773382334.163900760] [cartographer logger]: I0313 15:12:14.000000  6020 pose_graph_2d.cc:148] Inserted submap (0, 219).
[INFO] [1773382336.759836288] [cartographer logger]: I0313 15:12:16.000000  6020 collated_trajectory_builder.cc:81] odom rate: 16.24 Hz 6.16e-02 s +/- 1.73e-02 s (pulsed at 91.99% real time)
[INFO] [1773382336.759948498] [cartographer logger]: I0313 15:12:16.000000  6020 collated_trajectory_builder.cc:81] scan rate: 16.31 Hz 6.13e-02 s +/- 1.78e-02 s (pulsed at 92.40% real time)
[INFO] [1773382339.561848949] [cartographer logger]: I0313 15:12:19.000000  6020 pose_graph_2d.cc:148] Inserted submap (0, 220).
[INFO] [1773382340.229783004] [cartographer logger]: I0313 15:12:20.000000  6020 motion_filter.cc:42] Motion filter reduced the number of nodes to 92.6895%.
[INFO] [1773382346.893983289] [cartographer logger]: I0313 15:12:26.000000  6020 pose_graph_2d.cc:148] Inserted submap (0, 221).
[INFO] [1773382351.764117481] [cartographer logger]: I0313 15:12:31.000000  6020 collated_trajectory_builder.cc:81] odom rate: 13.00 Hz 7.69e-02 s +/- 1.43e-01 s (pulsed at 100.43% real time)
[INFO] [1773382351.764209994] [cartographer logger]: I0313 15:12:31.000000  6020 collated_trajectory_builder.cc:81] scan rate: 12.99 Hz 7.70e-02 s +/- 1.44e-01 s (pulsed at 99.57% real time)
[INFO] [1773382352.162540647] [cartographer logger]: I0313 15:12:32.000000  6020 pose_graph_2d.cc:148] Inserted submap (0, 222).
[INFO] [1773382357.401836705] [cartographer logger]: I0313 15:12:37.000000  6020 pose_graph_2d.cc:148] Inserted submap (0, 223).
[INFO] [1773382362.801143213] [cartographer logger]: I0313 15:12:42.000000  6020 pose_graph_2d.cc:148] Inserted submap (0, 224).
[INFO] [1773382364.339346953] [cartographer logger]: I0313 15:12:44.000000  6020 collated_trajectory_builder.cc:81] odom rate: 17.99 Hz 5.56e-02 s +/- 2.44e-02 s (pulsed at 83.39% real time)
[INFO] [1773382364.339430622] [cartographer logger]: I0313 15:12:44.000000  6020 collated_trajectory_builder.cc:81] scan rate: 18.02 Hz 5.55e-02 s +/- 2.45e-02 s (pulsed at 82.85% real time)
[INFO] [1773382368.070769813] [cartographer logger]: I0313 15:12:48.000000  6020 pose_graph_2d.cc:148] Inserted submap (0, 225).
[INFO] [1773382375.004332056] [cartographer logger]: I0313 15:12:55.000000  6020 motion_filter.cc:42] Motion filter reduced the number of nodes to 92.6923%.
[INFO] [1773382375.336716424] [cartographer logger]: I0313 15:12:55.000000  6020 pose_graph_2d.cc:148] Inserted submap (0, 226).
[INFO] [1773382379.399078141] [cartographer logger]: I0313 15:12:59.000000  6020 collated_trajectory_builder.cc:81] odom rate: 13.07 Hz 7.65e-02 s +/- 1.38e-01 s (pulsed at 100.41% real time)
[INFO] [1773382379.399178891] [cartographer logger]: I0313 15:12:59.000000  6020 collated_trajectory_builder.cc:81] scan rate: 13.06 Hz 7.66e-02 s +/- 1.38e-01 s (pulsed at 99.59% real time)
[INFO] [1773382380.671881040] [cartographer logger]: I0313 15:13:00.000000  6020 pose_graph_2d.cc:148] Inserted submap (0, 227).
[INFO] [1773382385.914190723] [cartographer logger]: I0313 15:13:05.000000  6020 pose_graph_2d.cc:148] Inserted submap (0, 228).
[INFO] [1773382391.248857166] [cartographer logger]: I0313 15:13:11.000000  6020 pose_graph_2d.cc:148] Inserted submap (0, 229).
[INFO] [1773382391.911726631] [cartographer logger]: I0313 15:13:11.000000  6020 collated_trajectory_builder.cc:81] odom rate: 18.00 Hz 5.56e-02 s +/- 2.44e-02 s (pulsed at 83.34% real time)
[INFO] [1773382391.911842270] [cartographer logger]: I0313 15:13:11.000000  6020 collated_trajectory_builder.cc:81] scan rate: 18.00 Hz 5.56e-02 s +/- 2.44e-02 s (pulsed at 83.34% real time)
[INFO] [1773382396.581085164] [cartographer logger]: I0313 15:13:16.000000  6020 pose_graph_2d.cc:148] Inserted submap (0, 230).
[INFO] [1773382401.917677668] [cartographer logger]: I0313 15:13:21.000000  6020 pose_graph_2d.cc:148] Inserted submap (0, 231).
[INFO] [1773382406.912003293] [cartographer logger]: I0313 15:13:26.000000  6020 collated_trajectory_builder.cc:81] odom rate: 12.85 Hz 7.78e-02 s +/- 1.54e-01 s (pulsed at 99.60% real time)
[INFO] [1773382406.912067135] [cartographer logger]: I0313 15:13:26.000000  6020 collated_trajectory_builder.cc:81] scan rate: 12.87 Hz 7.77e-02 s +/- 1.54e-01 s (pulsed at 100.42% real time)
[INFO] [1773382407.982396702] [cartographer logger]: I0313 15:13:27.000000  6020 motion_filter.cc:42] Motion filter reduced the number of nodes to 92.695%.
[INFO] [1773382409.447194736] [cartographer logger]: I0313 15:13:29.000000  6020 pose_graph_2d.cc:148] Inserted submap (0, 232).
[INFO] [1773382414.624950346] [cartographer logger]: I0313 15:13:34.000000  6020 pose_graph_2d.cc:148] Inserted submap (0, 233).
[INFO] [1773382419.489662846] [cartographer logger]: I0313 15:13:39.000000  6020 collated_trajectory_builder.cc:81] odom rate: 18.00 Hz 5.56e-02 s +/- 2.44e-02 s (pulsed at 83.33% real time)
[INFO] [1773382419.489750498] [cartographer logger]: I0313 15:13:39.000000  6020 collated_trajectory_builder.cc:81] scan rate: 17.99 Hz 5.56e-02 s +/- 2.44e-02 s (pulsed at 83.40% real time)
[INFO] [1773382419.959890391] [cartographer logger]: I0313 15:13:39.000000  6020 pose_graph_2d.cc:148] Inserted submap (0, 234).
[INFO] [1773382425.298185596] [cartographer logger]: I0313 15:13:45.000000  6020 pose_graph_2d.cc:148] Inserted submap (0, 235).
[INFO] [1773382430.626481912] [cartographer logger]: I0313 15:13:50.000000  6020 pose_graph_2d.cc:148] Inserted submap (0, 236).
[INFO] [1773382434.490434321] [cartographer logger]: I0313 15:13:54.000000  6020 collated_trajectory_builder.cc:81] odom rate: 12.87 Hz 7.77e-02 s +/- 1.54e-01 s (pulsed at 100.44% real time)
[INFO] [1773382434.490513736] [cartographer logger]: I0313 15:13:54.000000  6020 collated_trajectory_builder.cc:81] scan rate: 12.86 Hz 7.78e-02 s +/- 1.54e-01 s (pulsed at 99.58% real time)
[INFO] [1773382438.158285155] [cartographer logger]: I0313 15:13:58.000000  6020 pose_graph_2d.cc:148] Inserted submap (0, 237).
[INFO] [1773382441.022143418] [cartographer logger]: I0313 15:14:01.000000  6020 motion_filter.cc:42] Motion filter reduced the number of nodes to 92.6976%.
[INFO] [1773382443.335546326] [cartographer logger]: I0313 15:14:03.000000  6020 pose_graph_2d.cc:148] Inserted submap (0, 238).
[INFO] [1773382447.002515199] [cartographer logger]: I0313 15:14:07.000000  6020 collated_trajectory_builder.cc:81] odom rate: 18.00 Hz 5.56e-02 s +/- 2.44e-02 s (pulsed at 83.32% real time)
[INFO] [1773382447.002585259] [cartographer logger]: I0313 15:14:07.000000  6020 collated_trajectory_builder.cc:81] scan rate: 18.00 Hz 5.56e-02 s +/- 2.44e-02 s (pulsed at 83.31% real time)
[INFO] [1773382448.733616191] [cartographer logger]: I0313 15:14:08.000000  6020 pose_graph_2d.cc:148] Inserted submap (0, 239).
[INFO] [1773382454.001587962] [cartographer logger]: I0313 15:14:14.000000  6020 pose_graph_2d.cc:148] Inserted submap (0, 240).
[INFO] [1773382455.517858372] [rclcpp]: signal_handler(SIGINT/SIGTERM)
