[INFO] [1773484594.364503489] [cartographer logger]: I0314 19:36:34.000000 117392 configuration_file_resolver.cc:41] Found '/home/tkddn647/test/install/localization_layer/share/localization_layer/config/cartographer_2d_mapping_lidar_only.lua' for 'cartographer_2d_mapping_lidar_only.lua'.
[INFO] [1773484594.841158865] [cartographer logger]: I0314 19:36:34.000000 117392 configuration_file_resolver.cc:41] Found '/home/tkddn647/test/install/localization_layer/share/localization_layer/config/map_builder_mapping.lua' for 'map_builder_mapping.lua'.
[INFO] [1773484594.841255821] [cartographer logger]: I0314 19:36:34.000000 117392 configuration_file_resolver.cc:41] Found '/home/tkddn647/test/install/localization_layer/share/localization_layer/config/map_builder_mapping.lua' for 'map_builder_mapping.lua'.
[INFO] [1773484594.841872929] [cartographer logger]: I0314 19:36:34.000000 117392 configuration_file_resolver.cc:41] Found '/home/tkddn647/test/install/localization_layer/share/localization_layer/config/pose_graph_mapping.lua' for 'pose_graph_mapping.lua'.
[INFO] [1773484594.841913828] [cartographer logger]: I0314 19:36:34.000000 117392 configuration_file_resolver.cc:41] Found '/home/tkddn647/test/install/localization_layer/share/localization_layer/config/pose_graph_mapping.lua' for 'pose_graph_mapping.lua'.
[INFO] [1773484594.842682386] [cartographer logger]: I0314 19:36:34.000000 117392 configuration_file_resolver.cc:41] Found '/home/tkddn647/test/install/localization_layer/share/localization_layer/config/trajectory_builder.lua' for 'trajectory_builder.lua'.
[INFO] [1773484594.842762215] [cartographer logger]: I0314 19:36:34.000000 117392 configuration_file_resolver.cc:41] Found '/home/tkddn647/test/install/localization_layer/share/localization_layer/config/trajectory_builder.lua' for 'trajectory_builder.lua'.
[INFO] [1773484594.843269495] [cartographer logger]: I0314 19:36:34.000000 117392 configuration_file_resolver.cc:41] Found '/opt/ros/humble/share/cartographer/configuration_files/trajectory_builder_2d.lua' for 'trajectory_builder_2d.lua'.
[INFO] [1773484594.843370488] [cartographer logger]: I0314 19:36:34.000000 117392 configuration_file_resolver.cc:41] Found '/opt/ros/humble/share/cartographer/configuration_files/trajectory_builder_2d.lua' for 'trajectory_builder_2d.lua'.
[INFO] [1773484594.843903808] [cartographer logger]: I0314 19:36:34.000000 117392 configuration_file_resolver.cc:41] Found '/opt/ros/humble/share/cartographer/configuration_files/trajectory_builder_3d.lua' for 'trajectory_builder_3d.lua'.
[INFO] [1773484594.843958137] [cartographer logger]: I0314 19:36:34.000000 117392 configuration_file_resolver.cc:41] Found '/opt/ros/humble/share/cartographer/configuration_files/trajectory_builder_3d.lua' for 'trajectory_builder_3d.lua'.
[INFO] [1773484594.858519932] [cartographer logger]: I0314 19:36:34.000000 117392 map_builder_bridge.cpp:136] Added trajectory with ID '0'.
[WARN] [1773484594.859472400] [cartographer logger]: W0314 19:36:34.000000 117392 fixed_ratio_sampler.cc:26] FixedRatioSampler is dropping all data.
[INFO] [1773484594.893893661] [cartographer logger]: I0314 19:36:34.000000 117392 ordered_multi_queue.cc:172] All sensor data for trajectory 0 is available starting at '639090813948910216'.
[WARN] [1773484594.960241559] [cartographer logger]: W0314 19:36:34.000000 117392 pose_extrapolator.cc:168] Queue too short for velocity estimation. Queue duration: 0 s
[INFO] [1773484594.979205132] [cartographer logger]: I0314 19:36:34.000000 117392 pose_graph_2d.cc:148] Inserted submap (0, 0).
[INFO] [1773484600.273248670] [cartographer logger]: I0314 19:36:40.000000 117392 pose_graph_2d.cc:148] Inserted submap (0, 1).
[INFO] [1773484605.566598074] [cartographer logger]: I0314 19:36:45.000000 117392 pose_graph_2d.cc:148] Inserted submap (0, 2).
[INFO] [1773484609.893597544] [cartographer logger]: I0314 19:36:49.000000 117392 collated_trajectory_builder.cc:81] odom rate: 15.00 Hz 6.67e-02 s +/- 5.09e-04 s (pulsed at 100.13% real time)
[INFO] [1773484609.893655140] [cartographer logger]: I0314 19:36:49.000000 117392 collated_trajectory_builder.cc:81] scan rate: 15.00 Hz 6.67e-02 s +/- 1.80e-04 s (pulsed at 100.44% real time)
[INFO] [1773484610.898373959] [cartographer logger]: I0314 19:36:50.000000 117392 pose_graph_2d.cc:148] Inserted submap (0, 3).
[INFO] [1773484612.763715059] [rclcpp]: signal_handler(SIGINT/SIGTERM)
