[INFO] [1773380826.914515075] [cartographer logger]: I0313 14:47:06.000000  3762 configuration_file_resolver.cc:41] Found '/home/tkddn647/test/install/localization_layer/share/localization_layer/config/cartographer_2d_mapping_lidar_only.lua' for 'cartographer_2d_mapping_lidar_only.lua'.
[INFO] [1773380826.914838519] [cartographer logger]: I0313 14:47:06.000000  3762 configuration_file_resolver.cc:41] Found '/home/tkddn647/test/install/localization_layer/share/localization_layer/config/map_builder_mapping.lua' for 'map_builder_mapping.lua'.
[INFO] [1773380826.914873734] [cartographer logger]: I0313 14:47:06.000000  3762 configuration_file_resolver.cc:41] Found '/home/tkddn647/test/install/localization_layer/share/localization_layer/config/map_builder_mapping.lua' for 'map_builder_mapping.lua'.
[INFO] [1773380826.914911499] [cartographer logger]: I0313 14:47:06.000000  3762 configuration_file_resolver.cc:41] Found '/home/tkddn647/test/install/localization_layer/share/localization_layer/config/pose_graph_mapping.lua' for 'pose_graph_mapping.lua'.
[INFO] [1773380826.914927311] [cartographer logger]: I0313 14:47:06.000000  3762 configuration_file_resolver.cc:41] Found '/home/tkddn647/test/install/localization_layer/share/localization_layer/config/pose_graph_mapping.lua' for 'pose_graph_mapping.lua'.
[INFO] [1773380826.915027073] [cartographer logger]: I0313 14:47:06.000000  3762 configuration_file_resolver.cc:41] Found '/home/tkddn647/test/install/localization_layer/share/localization_layer/config/trajectory_builder.lua' for 'trajectory_builder.lua'.
[INFO] [1773380826.915044306] [cartographer logger]: I0313 14:47:06.000000  3762 configuration_file_resolver.cc:41] Found '/home/tkddn647/test/install/localization_layer/share/localization_layer/config/trajectory_builder.lua' for 'trajectory_builder.lua'.
[INFO] [1773380826.915121073] [cartographer logger]: I0313 14:47:06.000000  3762 configuration_file_resolver.cc:41] Found '/opt/ros/humble/share/cartographer/configuration_files/trajectory_builder_2d.lua' for 'trajectory_builder_2d.lua'.
[INFO] [1773380826.915143591] [cartographer logger]: I0313 14:47:06.000000  3762 configuration_file_resolver.cc:41] Found '/opt/ros/humble/share/cartographer/configuration_files/trajectory_builder_2d.lua' for 'trajectory_builder_2d.lua'.
[INFO] [1773380826.915310463] [cartographer logger]: I0313 14:47:06.000000  3762 configuration_file_resolver.cc:41] Found '/opt/ros/humble/share/cartographer/configuration_files/trajectory_builder_3d.lua' for 'trajectory_builder_3d.lua'.
[INFO] [1773380826.915337278] [cartographer logger]: I0313 14:47:06.000000  3762 configuration_file_resolver.cc:41] Found '/opt/ros/humble/share/cartographer/configuration_files/trajectory_builder_3d.lua' for 'trajectory_builder_3d.lua'.
[INFO] [1773380826.927968774] [cartographer logger]: I0313 14:47:06.000000  3762 map_builder_bridge.cpp:136] Added trajectory with ID '0'.
[WARN] [1773380826.929004621] [cartographer logger]: W0313 14:47:06.000000  3762 fixed_ratio_sampler.cc:26] FixedRatioSampler is dropping all data.
[WARN] [1773380857.773712269] [cartographer logger]: W0313 14:47:37.000000  3762 ordered_multi_queue.cc:155] Queue waiting for data: (0, scan)
[WARN] [1773380861.773613055] [cartographer logger]: W0313 14:47:41.000000  3762 ordered_multi_queue.cc:155] Queue waiting for data: (0, scan)
[WARN] [1773380865.778270052] [cartographer logger]: W0313 14:47:45.000000  3762 ordered_multi_queue.cc:155] Queue waiting for data: (0, scan)
[WARN] [1773380869.777869648] [cartographer logger]: W0313 14:47:49.000000  3762 ordered_multi_queue.cc:155] Queue waiting for data: (0, scan)
[WARN] [1773380873.777608618] [cartographer logger]: W0313 14:47:53.000000  3762 ordered_multi_queue.cc:155] Queue waiting for data: (0, scan)
[WARN] [1773380877.773999657] [cartographer logger]: W0313 14:47:57.000000  3762 ordered_multi_queue.cc:155] Queue waiting for data: (0, scan)
[WARN] [1773380881.778043509] [cartographer logger]: W0313 14:48:01.000000  3762 ordered_multi_queue.cc:155] Queue waiting for data: (0, scan)
[WARN] [1773380883.278037607] [cartographer logger]: W0313 14:48:03.000000  3762 ordered_multi_queue.cc:155] Queue waiting for data: (0, scan)
[WARN] [1773380887.278660716] [cartographer logger]: W0313 14:48:07.000000  3762 ordered_multi_queue.cc:155] Queue waiting for data: (0, scan)
[WARN] [1773380891.282992723] [cartographer logger]: W0313 14:48:11.000000  3762 ordered_multi_queue.cc:155] Queue waiting for data: (0, scan)
[WARN] [1773380895.281537627] [cartographer logger]: W0313 14:48:15.000000  3762 ordered_multi_queue.cc:155] Queue waiting for data: (0, scan)
[WARN] [1773380899.283212817] [cartographer logger]: W0313 14:48:19.000000  3762 ordered_multi_queue.cc:155] Queue waiting for data: (0, scan)
[WARN] [1773380903.281816308] [cartographer logger]: W0313 14:48:23.000000  3762 ordered_multi_queue.cc:155] Queue waiting for data: (0, scan)
[WARN] [1773380907.282937142] [cartographer logger]: W0313 14:48:27.000000  3762 ordered_multi_queue.cc:155] Queue waiting for data: (0, scan)
[WARN] [1773380911.282965845] [cartographer logger]: W0313 14:48:31.000000  3762 ordered_multi_queue.cc:155] Queue waiting for data: (0, scan)
[WARN] [1773380912.802876712] [cartographer logger]: W0313 14:48:32.000000  3762 ordered_multi_queue.cc:155] Queue waiting for data: (0, scan)
[WARN] [1773380916.803316359] [cartographer logger]: W0313 14:48:36.000000  3762 ordered_multi_queue.cc:155] Queue waiting for data: (0, scan)
[WARN] [1773380920.799129826] [cartographer logger]: W0313 14:48:40.000000  3762 ordered_multi_queue.cc:155] Queue waiting for data: (0, scan)
[WARN] [1773380924.800006536] [cartographer logger]: W0313 14:48:44.000000  3762 ordered_multi_queue.cc:155] Queue waiting for data: (0, scan)
[WARN] [1773380928.798451630] [cartographer logger]: W0313 14:48:48.000000  3762 ordered_multi_queue.cc:155] Queue waiting for data: (0, scan)
[WARN] [1773380932.800460797] [cartographer logger]: W0313 14:48:52.000000  3762 ordered_multi_queue.cc:155] Queue waiting for data: (0, scan)
[WARN] [1773380936.799106203] [cartographer logger]: W0313 14:48:56.000000  3762 ordered_multi_queue.cc:155] Queue waiting for data: (0, scan)
[WARN] [1773380940.800328187] [cartographer logger]: W0313 14:49:00.000000  3762 ordered_multi_queue.cc:155] Queue waiting for data: (0, scan)
[WARN] [1773380942.303001825] [cartographer logger]: W0313 14:49:02.000000  3762 ordered_multi_queue.cc:155] Queue waiting for data: (0, scan)
[WARN] [1773380946.305105306] [cartographer logger]: W0313 14:49:06.000000  3762 ordered_multi_queue.cc:155] Queue waiting for data: (0, scan)
[WARN] [1773380950.305096933] [cartographer logger]: W0313 14:49:10.000000  3762 ordered_multi_queue.cc:155] Queue waiting for data: (0, scan)
[WARN] [1773380954.304962475] [cartographer logger]: W0313 14:49:14.000000  3762 ordered_multi_queue.cc:155] Queue waiting for data: (0, scan)
[WARN] [1773380958.300950899] [cartographer logger]: W0313 14:49:18.000000  3762 ordered_multi_queue.cc:155] Queue waiting for data: (0, scan)
[WARN] [1773380962.300846649] [cartographer logger]: W0313 14:49:22.000000  3762 ordered_multi_queue.cc:155] Queue waiting for data: (0, scan)
[WARN] [1773380966.304914058] [cartographer logger]: W0313 14:49:26.000000  3762 ordered_multi_queue.cc:155] Queue waiting for data: (0, scan)
[WARN] [1773380970.303612215] [cartographer logger]: W0313 14:49:30.000000  3762 ordered_multi_queue.cc:155] Queue waiting for data: (0, scan)
[WARN] [1773380971.808834202] [cartographer logger]: W0313 14:49:31.000000  3762 ordered_multi_queue.cc:155] Queue waiting for data: (0, scan)
[WARN] [1773380975.808605078] [cartographer logger]: W0313 14:49:35.000000  3762 ordered_multi_queue.cc:155] Queue waiting for data: (0, scan)
[WARN] [1773380979.805722819] [cartographer logger]: W0313 14:49:39.000000  3762 ordered_multi_queue.cc:155] Queue waiting for data: (0, scan)
[WARN] [1773380983.803918008] [cartographer logger]: W0313 14:49:43.000000  3762 ordered_multi_queue.cc:155] Queue waiting for data: (0, scan)
[WARN] [1773380987.808952633] [cartographer logger]: W0313 14:49:47.000000  3762 ordered_multi_queue.cc:155] Queue waiting for data: (0, scan)
[WARN] [1773380991.804355486] [cartographer logger]: W0313 14:49:51.000000  3762 ordered_multi_queue.cc:155] Queue waiting for data: (0, scan)
[WARN] [1773380995.803810263] [cartographer logger]: W0313 14:49:55.000000  3762 ordered_multi_queue.cc:155] Queue waiting for data: (0, scan)
[WARN] [1773380999.808656501] [cartographer logger]: W0313 14:49:59.000000  3762 ordered_multi_queue.cc:155] Queue waiting for data: (0, scan)
[WARN] [1773381001.318951998] [cartographer logger]: W0313 14:50:01.000000  3762 ordered_multi_queue.cc:155] Queue waiting for data: (0, scan)
[WARN] [1773381005.320237581] [cartographer logger]: W0313 14:50:05.000000  3762 ordered_multi_queue.cc:155] Queue waiting for data: (0, scan)
[WARN] [1773381009.323897264] [cartographer logger]: W0313 14:50:09.000000  3762 ordered_multi_queue.cc:155] Queue waiting for data: (0, scan)
[WARN] [1773381013.323669836] [cartographer logger]: W0313 14:50:13.000000  3762 ordered_multi_queue.cc:155] Queue waiting for data: (0, scan)
[WARN] [1773381017.319007003] [cartographer logger]: W0313 14:50:17.000000  3762 ordered_multi_queue.cc:155] Queue waiting for data: (0, scan)
[WARN] [1773381021.323529977] [cartographer logger]: W0313 14:50:21.000000  3762 ordered_multi_queue.cc:155] Queue waiting for data: (0, scan)
[WARN] [1773381025.319271073] [cartographer logger]: W0313 14:50:25.000000  3762 ordered_multi_queue.cc:155] Queue waiting for data: (0, scan)
[WARN] [1773381029.319424014] [cartographer logger]: W0313 14:50:29.000000  3762 ordered_multi_queue.cc:155] Queue waiting for data: (0, scan)
[WARN] [1773381030.774720050] [cartographer logger]: W0313 14:50:30.000000  3762 ordered_multi_queue.cc:155] Queue waiting for data: (0, scan)
[WARN] [1773381034.774717233] [cartographer logger]: W0313 14:50:34.000000  3762 ordered_multi_queue.cc:155] Queue waiting for data: (0, scan)
[WARN] [1773381038.773945827] [cartographer logger]: W0313 14:50:38.000000  3762 ordered_multi_queue.cc:155] Queue waiting for data: (0, scan)
[WARN] [1773381042.779954146] [cartographer logger]: W0313 14:50:42.000000  3762 ordered_multi_queue.cc:155] Queue waiting for data: (0, scan)
[INFO] [1773381045.441253570] [cartographer logger]: I0313 14:50:45.000000  3762 ordered_multi_queue.cc:172] All sensor data for trajectory 0 is available starting at '639089778454392973'.
[INFO] [1773381045.445435218] [cartographer logger]: I0313 14:50:45.000000  3762 collated_trajectory_builder.cc:81] odom rate: unknown
[INFO] [1773381045.445600636] [cartographer logger]: I0313 14:50:45.000000  3762 local_trajectory_builder_2d.cc:312] Extrapolator not yet initialized.
[WARN] [1773381045.446240265] [cartographer logger]: W0313 14:50:45.000000  3762 pose_extrapolator.cc:168] Queue too short for velocity estimation. Queue duration: 0 s
[INFO] [1773381045.448283808] [cartographer logger]: I0313 14:50:45.000000  3762 pose_graph_2d.cc:148] Inserted submap (0, 0).
[INFO] [1773381050.781259048] [cartographer logger]: I0313 14:50:50.000000  3762 pose_graph_2d.cc:148] Inserted submap (0, 1).
[INFO] [1773381056.180833635] [cartographer logger]: I0313 14:50:56.000000  3762 pose_graph_2d.cc:148] Inserted submap (0, 2).
[INFO] [1773381060.446204895] [cartographer logger]: I0313 14:51:00.000000  3762 collated_trajectory_builder.cc:81] odom rate: 15.00 Hz 6.67e-02 s +/- 2.35e-03 s (pulsed at 99.96% real time)
[INFO] [1773381060.446287772] [cartographer logger]: I0313 14:51:00.000000  3762 collated_trajectory_builder.cc:81] scan rate: 15.00 Hz 6.67e-02 s +/- 1.72e-03 s (pulsed at 100.03% real time)
[INFO] [1773381061.446470504] [cartographer logger]: I0313 14:51:01.000000  3762 pose_graph_2d.cc:148] Inserted submap (0, 3).
[INFO] [1773381069.081991239] [cartographer logger]: I0313 14:51:09.000000  3762 pose_graph_2d.cc:148] Inserted submap (0, 4).
[INFO] [1773381073.017386257] [cartographer logger]: I0313 14:51:13.000000  3762 collated_trajectory_builder.cc:81] odom rate: 17.98 Hz 5.56e-02 s +/- 2.44e-02 s (pulsed at 83.81% real time)
[INFO] [1773381073.017490502] [cartographer logger]: I0313 14:51:13.000000  3762 collated_trajectory_builder.cc:81] scan rate: 15.11 Hz 6.62e-02 s +/- 1.78e-01 s (pulsed at 82.93% real time)
[INFO] [1773381074.416857300] [cartographer logger]: I0313 14:51:14.000000  3762 pose_graph_2d.cc:148] Inserted submap (0, 5).
[INFO] [1773381074.911620801] [rclcpp]: signal_handler(SIGINT/SIGTERM)
