[INFO] [1773475358.847333629] [cartographer logger]: I0314 17:02:38.000000 11056 configuration_file_resolver.cc:41] Found '/home/tkddn647/test/install/localization_layer/share/localization_layer/config/cartographer_2d_mapping_lidar_only.lua' for 'cartographer_2d_mapping_lidar_only.lua'.
[INFO] [1773475358.847987594] [cartographer logger]: I0314 17:02:38.000000 11056 configuration_file_resolver.cc:41] Found '/home/tkddn647/test/install/localization_layer/share/localization_layer/config/map_builder_mapping.lua' for 'map_builder_mapping.lua'.
[INFO] [1773475358.848052669] [cartographer logger]: I0314 17:02:38.000000 11056 configuration_file_resolver.cc:41] Found '/home/tkddn647/test/install/localization_layer/share/localization_layer/config/map_builder_mapping.lua' for 'map_builder_mapping.lua'.
[INFO] [1773475358.848128877] [cartographer logger]: I0314 17:02:38.000000 11056 configuration_file_resolver.cc:41] Found '/home/tkddn647/test/install/localization_layer/share/localization_layer/config/pose_graph_mapping.lua' for 'pose_graph_mapping.lua'.
[INFO] [1773475358.848148775] [cartographer logger]: I0314 17:02:38.000000 11056 configuration_file_resolver.cc:41] Found '/home/tkddn647/test/install/localization_layer/share/localization_layer/config/pose_graph_mapping.lua' for 'pose_graph_mapping.lua'.
[INFO] [1773475358.848305298] [cartographer logger]: I0314 17:02:38.000000 11056 configuration_file_resolver.cc:41] Found '/home/tkddn647/test/install/localization_layer/share/localization_layer/config/trajectory_builder.lua' for 'trajectory_builder.lua'.
[INFO] [1773475358.848339744] [cartographer logger]: I0314 17:02:38.000000 11056 configuration_file_resolver.cc:41] Found '/home/tkddn647/test/install/localization_layer/share/localization_layer/config/trajectory_builder.lua' for 'trajectory_builder.lua'.
[INFO] [1773475358.848412104] [cartographer logger]: I0314 17:02:38.000000 11056 configuration_file_resolver.cc:41] Found '/opt/ros/humble/share/cartographer/configuration_files/trajectory_builder_2d.lua' for 'trajectory_builder_2d.lua'.
[INFO] [1773475358.848454216] [cartographer logger]: I0314 17:02:38.000000 11056 configuration_file_resolver.cc:41] Found '/opt/ros/humble/share/cartographer/configuration_files/trajectory_builder_2d.lua' for 'trajectory_builder_2d.lua'.
[INFO] [1773475358.848687296] [cartographer logger]: I0314 17:02:38.000000 11056 configuration_file_resolver.cc:41] Found '/opt/ros/humble/share/cartographer/configuration_files/trajectory_builder_3d.lua' for 'trajectory_builder_3d.lua'.
[INFO] [1773475358.848736101] [cartographer logger]: I0314 17:02:38.000000 11056 configuration_file_resolver.cc:41] Found '/opt/ros/humble/share/cartographer/configuration_files/trajectory_builder_3d.lua' for 'trajectory_builder_3d.lua'.
[INFO] [1773475358.860955695] [cartographer logger]: I0314 17:02:38.000000 11056 map_builder_bridge.cpp:136] Added trajectory with ID '0'.
[WARN] [1773475358.862224107] [cartographer logger]: W0314 17:02:38.000000 11056 fixed_ratio_sampler.cc:26] FixedRatioSampler is dropping all data.
[INFO] [1773475358.879280703] [cartographer logger]: I0314 17:02:38.000000 11056 ordered_multi_queue.cc:172] All sensor data for trajectory 0 is available starting at '639090721588775550'.
[WARN] [1773475358.945582591] [cartographer logger]: W0314 17:02:38.000000 11056 pose_extrapolator.cc:168] Queue too short for velocity estimation. Queue duration: 0 s
[INFO] [1773475358.947937724] [cartographer logger]: I0314 17:02:38.000000 11056 pose_graph_2d.cc:148] Inserted submap (0, 0).
[INFO] [1773475364.213848121] [cartographer logger]: I0314 17:02:44.000000 11056 pose_graph_2d.cc:148] Inserted submap (0, 1).
[INFO] [1773475369.547368219] [cartographer logger]: I0314 17:02:49.000000 11056 pose_graph_2d.cc:148] Inserted submap (0, 2).
[INFO] [1773475373.879400400] [cartographer logger]: I0314 17:02:53.000000 11056 collated_trajectory_builder.cc:81] odom rate: 15.00 Hz 6.67e-02 s +/- 4.76e-04 s (pulsed at 100.02% real time)
[INFO] [1773475373.879482659] [cartographer logger]: I0314 17:02:53.000000 11056 collated_trajectory_builder.cc:81] scan rate: 15.00 Hz 6.67e-02 s +/- 4.60e-04 s (pulsed at 100.44% real time)
[INFO] [1773475374.879520257] [cartographer logger]: I0314 17:02:54.000000 11056 pose_graph_2d.cc:148] Inserted submap (0, 3).
[INFO] [1773475380.278664285] [cartographer logger]: I0314 17:03:00.000000 11056 pose_graph_2d.cc:148] Inserted submap (0, 4).
[INFO] [1773475385.548104358] [cartographer logger]: I0314 17:03:05.000000 11056 pose_graph_2d.cc:148] Inserted submap (0, 5).
[INFO] [1773475388.944717385] [cartographer logger]: I0314 17:03:08.000000 11056 collated_trajectory_builder.cc:81] odom rate: 15.00 Hz 6.67e-02 s +/- 4.10e-04 s (pulsed at 100.01% real time)
[INFO] [1773475388.944839387] [cartographer logger]: I0314 17:03:08.000000 11056 collated_trajectory_builder.cc:81] scan rate: 15.00 Hz 6.67e-02 s +/- 4.64e-04 s (pulsed at 100.01% real time)
[INFO] [1773475390.880513553] [cartographer logger]: I0314 17:03:10.000000 11056 pose_graph_2d.cc:148] Inserted submap (0, 6).
[INFO] [1773475392.212248665] [cartographer logger]: I0314 17:03:12.000000 11056 motion_filter.cc:42] Motion filter reduced the number of nodes to 100%.
[INFO] [1773475396.214333290] [cartographer logger]: I0314 17:03:16.000000 11056 pose_graph_2d.cc:148] Inserted submap (0, 7).
[INFO] [1773475401.546763701] [cartographer logger]: I0314 17:03:21.000000 11056 pose_graph_2d.cc:148] Inserted submap (0, 8).
[INFO] [1773475404.012536111] [cartographer logger]: I0314 17:03:24.000000 11056 collated_trajectory_builder.cc:81] odom rate: 15.00 Hz 6.67e-02 s +/- 4.93e-04 s (pulsed at 100.00% real time)
[INFO] [1773475404.012645638] [cartographer logger]: I0314 17:03:24.000000 11056 collated_trajectory_builder.cc:81] scan rate: 15.00 Hz 6.67e-02 s +/- 3.37e-04 s (pulsed at 100.00% real time)
[INFO] [1773475406.881307307] [cartographer logger]: I0314 17:03:26.000000 11056 pose_graph_2d.cc:148] Inserted submap (0, 9).
[INFO] [1773475412.214476449] [cartographer logger]: I0314 17:03:32.000000 11056 pose_graph_2d.cc:148] Inserted submap (0, 10).
[INFO] [1773475417.548357530] [cartographer logger]: I0314 17:03:37.000000 11056 pose_graph_2d.cc:148] Inserted submap (0, 11).
[INFO] [1773475419.078598535] [cartographer logger]: I0314 17:03:39.000000 11056 collated_trajectory_builder.cc:81] odom rate: 15.00 Hz 6.67e-02 s +/- 4.43e-04 s (pulsed at 100.00% real time)
[INFO] [1773475419.078692493] [cartographer logger]: I0314 17:03:39.000000 11056 collated_trajectory_builder.cc:81] scan rate: 15.00 Hz 6.67e-02 s +/- 4.74e-04 s (pulsed at 100.01% real time)
[INFO] [1773475422.880949733] [cartographer logger]: I0314 17:03:42.000000 11056 pose_graph_2d.cc:148] Inserted submap (0, 12).
[INFO] [1773475425.545368533] [cartographer logger]: I0314 17:03:45.000000 11056 motion_filter.cc:42] Motion filter reduced the number of nodes to 100%.
[INFO] [1773475428.214465622] [cartographer logger]: I0314 17:03:48.000000 11056 pose_graph_2d.cc:148] Inserted submap (0, 13).
[INFO] [1773475433.547748528] [cartographer logger]: I0314 17:03:53.000000 11056 pose_graph_2d.cc:148] Inserted submap (0, 14).
[INFO] [1773475434.078812862] [cartographer logger]: I0314 17:03:54.000000 11056 collated_trajectory_builder.cc:81] odom rate: 15.00 Hz 6.67e-02 s +/- 4.97e-04 s (pulsed at 100.00% real time)
[INFO] [1773475434.078909926] [cartographer logger]: I0314 17:03:54.000000 11056 collated_trajectory_builder.cc:81] scan rate: 15.00 Hz 6.67e-02 s +/- 5.11e-04 s (pulsed at 100.00% real time)
[INFO] [1773475438.880913464] [cartographer logger]: I0314 17:03:58.000000 11056 pose_graph_2d.cc:148] Inserted submap (0, 15).
[INFO] [1773475444.214595109] [cartographer logger]: I0314 17:04:04.000000 11056 pose_graph_2d.cc:148] Inserted submap (0, 16).
[INFO] [1773475449.145995941] [cartographer logger]: I0314 17:04:09.000000 11056 collated_trajectory_builder.cc:81] odom rate: 15.00 Hz 6.67e-02 s +/- 6.43e-04 s (pulsed at 100.00% real time)
[INFO] [1773475449.146081403] [cartographer logger]: I0314 17:04:09.000000 11056 collated_trajectory_builder.cc:81] scan rate: 15.00 Hz 6.67e-02 s +/- 4.56e-04 s (pulsed at 100.00% real time)
[INFO] [1773475449.547421756] [cartographer logger]: I0314 17:04:09.000000 11056 pose_graph_2d.cc:148] Inserted submap (0, 17).
[INFO] [1773475454.881274201] [cartographer logger]: I0314 17:04:14.000000 11056 pose_graph_2d.cc:148] Inserted submap (0, 18).
[INFO] [1773475458.879083876] [cartographer logger]: I0314 17:04:18.000000 11056 motion_filter.cc:42] Motion filter reduced the number of nodes to 100%.
[INFO] [1773475460.214216812] [cartographer logger]: I0314 17:04:20.000000 11056 pose_graph_2d.cc:148] Inserted submap (0, 19).
[INFO] [1773475464.146313209] [cartographer logger]: I0314 17:04:24.000000 11056 collated_trajectory_builder.cc:81] odom rate: 15.00 Hz 6.67e-02 s +/- 5.07e-04 s (pulsed at 99.99% real time)
[INFO] [1773475464.146390405] [cartographer logger]: I0314 17:04:24.000000 11056 collated_trajectory_builder.cc:81] scan rate: 15.00 Hz 6.67e-02 s +/- 4.15e-04 s (pulsed at 100.00% real time)
[INFO] [1773475465.547021594] [cartographer logger]: I0314 17:04:25.000000 11056 pose_graph_2d.cc:148] Inserted submap (0, 20).
[INFO] [1773475470.881601877] [cartographer logger]: I0314 17:04:30.000000 11056 pose_graph_2d.cc:148] Inserted submap (0, 21).
[INFO] [1773475476.214851042] [cartographer logger]: I0314 17:04:36.000000 11056 pose_graph_2d.cc:148] Inserted submap (0, 22).
[INFO] [1773475479.216960268] [cartographer logger]: I0314 17:04:39.000000 11056 collated_trajectory_builder.cc:81] odom rate: 15.00 Hz 6.67e-02 s +/- 5.62e-04 s (pulsed at 99.07% real time)
[INFO] [1773475479.217018202] [cartographer logger]: I0314 17:04:39.000000 11056 collated_trajectory_builder.cc:81] scan rate: 15.00 Hz 6.67e-02 s +/- 4.98e-04 s (pulsed at 100.00% real time)
[INFO] [1773475481.548329033] [cartographer logger]: I0314 17:04:41.000000 11056 pose_graph_2d.cc:148] Inserted submap (0, 23).
[INFO] [1773475486.879903456] [cartographer logger]: I0314 17:04:46.000000 11056 pose_graph_2d.cc:148] Inserted submap (0, 24).
[INFO] [1773475492.212980199] [cartographer logger]: I0314 17:04:52.000000 11056 motion_filter.cc:42] Motion filter reduced the number of nodes to 100%.
[INFO] [1773475492.214243216] [cartographer logger]: I0314 17:04:52.000000 11056 pose_graph_2d.cc:148] Inserted submap (0, 25).
[INFO] [1773475494.278881302] [cartographer logger]: I0314 17:04:54.000000 11056 collated_trajectory_builder.cc:81] odom rate: 15.00 Hz 6.67e-02 s +/- 5.00e-04 s (pulsed at 100.00% real time)
[INFO] [1773475494.278953222] [cartographer logger]: I0314 17:04:54.000000 11056 collated_trajectory_builder.cc:81] scan rate: 15.00 Hz 6.67e-02 s +/- 4.86e-04 s (pulsed at 100.92% real time)
[INFO] [1773475497.547150979] [cartographer logger]: I0314 17:04:57.000000 11056 pose_graph_2d.cc:148] Inserted submap (0, 26).
[INFO] [1773475502.945895332] [cartographer logger]: I0314 17:05:02.000000 11056 pose_graph_2d.cc:148] Inserted submap (0, 27).
[INFO] [1773475508.213794274] [cartographer logger]: I0314 17:05:08.000000 11056 pose_graph_2d.cc:148] Inserted submap (0, 28).
[INFO] [1773475509.345409135] [cartographer logger]: I0314 17:05:09.000000 11056 collated_trajectory_builder.cc:81] odom rate: 15.00 Hz 6.67e-02 s +/- 5.71e-04 s (pulsed at 100.01% real time)
[INFO] [1773475509.345503875] [cartographer logger]: I0314 17:05:09.000000 11056 collated_trajectory_builder.cc:81] scan rate: 15.00 Hz 6.67e-02 s +/- 5.90e-04 s (pulsed at 100.00% real time)
[INFO] [1773475513.547072188] [cartographer logger]: I0314 17:05:13.000000 11056 pose_graph_2d.cc:148] Inserted submap (0, 29).
[INFO] [1773475518.882786789] [cartographer logger]: I0314 17:05:18.000000 11056 pose_graph_2d.cc:148] Inserted submap (0, 30).
[INFO] [1773475524.214057898] [cartographer logger]: I0314 17:05:24.000000 11056 pose_graph_2d.cc:148] Inserted submap (0, 31).
[INFO] [1773475524.412073390] [cartographer logger]: I0314 17:05:24.000000 11056 collated_trajectory_builder.cc:81] odom rate: 15.00 Hz 6.67e-02 s +/- 7.25e-04 s (pulsed at 100.00% real time)
[INFO] [1773475524.412173160] [cartographer logger]: I0314 17:05:24.000000 11056 collated_trajectory_builder.cc:81] scan rate: 15.00 Hz 6.67e-02 s +/- 4.27e-04 s (pulsed at 100.00% real time)
[INFO] [1773475525.546306357] [cartographer logger]: I0314 17:05:25.000000 11056 motion_filter.cc:42] Motion filter reduced the number of nodes to 100%.
[INFO] [1773475529.547607227] [cartographer logger]: I0314 17:05:29.000000 11056 pose_graph_2d.cc:148] Inserted submap (0, 32).
[INFO] [1773475534.945953981] [cartographer logger]: I0314 17:05:34.000000 11056 pose_graph_2d.cc:148] Inserted submap (0, 33).
[INFO] [1773475539.413324953] [cartographer logger]: I0314 17:05:39.000000 11056 collated_trajectory_builder.cc:81] odom rate: 15.00 Hz 6.67e-02 s +/- 4.93e-04 s (pulsed at 100.00% real time)
[INFO] [1773475539.413429722] [cartographer logger]: I0314 17:05:39.000000 11056 collated_trajectory_builder.cc:81] scan rate: 15.00 Hz 6.67e-02 s +/- 5.12e-04 s (pulsed at 100.00% real time)
[INFO] [1773475540.213812814] [cartographer logger]: I0314 17:05:40.000000 11056 pose_graph_2d.cc:148] Inserted submap (0, 34).
[INFO] [1773475545.546764021] [cartographer logger]: I0314 17:05:45.000000 11056 pose_graph_2d.cc:148] Inserted submap (0, 35).
[INFO] [1773475550.880064933] [cartographer logger]: I0314 17:05:50.000000 11056 pose_graph_2d.cc:148] Inserted submap (0, 36).
[INFO] [1773475554.479993864] [cartographer logger]: I0314 17:05:54.000000 11056 collated_trajectory_builder.cc:81] odom rate: 15.00 Hz 6.67e-02 s +/- 4.81e-04 s (pulsed at 99.99% real time)
[INFO] [1773475554.480089034] [cartographer logger]: I0314 17:05:54.000000 11056 collated_trajectory_builder.cc:81] scan rate: 15.00 Hz 6.67e-02 s +/- 3.30e-04 s (pulsed at 100.01% real time)
[INFO] [1773475556.213109438] [cartographer logger]: I0314 17:05:56.000000 11056 pose_graph_2d.cc:148] Inserted submap (0, 37).
[INFO] [1773475558.880546144] [cartographer logger]: I0314 17:05:58.000000 11056 motion_filter.cc:42] Motion filter reduced the number of nodes to 100%.
[INFO] [1773475561.616314900] [cartographer logger]: I0314 17:06:01.000000 11056 pose_graph_2d.cc:148] Inserted submap (0, 38).
[INFO] [1773475566.949220536] [cartographer logger]: I0314 17:06:06.000000 11056 pose_graph_2d.cc:148] Inserted submap (0, 39).
[INFO] [1773475569.546714047] [cartographer logger]: I0314 17:06:09.000000 11056 collated_trajectory_builder.cc:81] odom rate: 14.93 Hz 6.70e-02 s +/- 4.54e-03 s (pulsed at 99.99% real time)
[INFO] [1773475569.546803888] [cartographer logger]: I0314 17:06:09.000000 11056 collated_trajectory_builder.cc:81] scan rate: 14.93 Hz 6.70e-02 s +/- 4.50e-03 s (pulsed at 100.00% real time)
[INFO] [1773475572.282263281] [cartographer logger]: I0314 17:06:12.000000 11056 pose_graph_2d.cc:148] Inserted submap (0, 40).
[INFO] [1773475577.683821039] [cartographer logger]: I0314 17:06:17.000000 11056 pose_graph_2d.cc:148] Inserted submap (0, 41).
[INFO] [1773475583.015011556] [cartographer logger]: I0314 17:06:23.000000 11056 pose_graph_2d.cc:148] Inserted submap (0, 42).
[INFO] [1773475584.547025760] [cartographer logger]: I0314 17:06:24.000000 11056 collated_trajectory_builder.cc:81] odom rate: 14.53 Hz 6.88e-02 s +/- 2.75e-02 s (pulsed at 100.00% real time)
[INFO] [1773475584.547148904] [cartographer logger]: I0314 17:06:24.000000 11056 collated_trajectory_builder.cc:81] scan rate: 14.53 Hz 6.88e-02 s +/- 2.75e-02 s (pulsed at 100.00% real time)
[INFO] [1773475588.749778737] [cartographer logger]: I0314 17:06:28.000000 11056 pose_graph_2d.cc:148] Inserted submap (0, 43).
[INFO] [1773475593.014885157] [cartographer logger]: I0314 17:06:33.000000 11056 motion_filter.cc:42] Motion filter reduced the number of nodes to 100%.
[INFO] [1773475594.349521745] [cartographer logger]: I0314 17:06:34.000000 11056 pose_graph_2d.cc:148] Inserted submap (0, 44).
[INFO] [1773475599.611683426] [cartographer logger]: I0314 17:06:39.000000 11056 collated_trajectory_builder.cc:81] odom rate: 14.73 Hz 6.79e-02 s +/- 1.79e-02 s (pulsed at 100.01% real time)
[INFO] [1773475599.611780462] [cartographer logger]: I0314 17:06:39.000000 11056 collated_trajectory_builder.cc:81] scan rate: 14.73 Hz 6.79e-02 s +/- 1.79e-02 s (pulsed at 100.01% real time)
[INFO] [1773475599.681881618] [cartographer logger]: I0314 17:06:39.000000 11056 pose_graph_2d.cc:148] Inserted submap (0, 45).
[INFO] [1773475605.013508945] [cartographer logger]: I0314 17:06:45.000000 11056 pose_graph_2d.cc:148] Inserted submap (0, 46).
[INFO] [1773475610.347283687] [cartographer logger]: I0314 17:06:50.000000 11056 pose_graph_2d.cc:148] Inserted submap (0, 47).
[INFO] [1773475614.612782937] [cartographer logger]: I0314 17:06:54.000000 11056 collated_trajectory_builder.cc:81] odom rate: 15.00 Hz 6.67e-02 s +/- 3.87e-04 s (pulsed at 100.00% real time)
[INFO] [1773475614.612859906] [cartographer logger]: I0314 17:06:54.000000 11056 collated_trajectory_builder.cc:81] scan rate: 15.00 Hz 6.67e-02 s +/- 4.25e-04 s (pulsed at 100.00% real time)
[INFO] [1773475615.681873008] [cartographer logger]: I0314 17:06:55.000000 11056 pose_graph_2d.cc:148] Inserted submap (0, 48).
[INFO] [1773475621.014052150] [cartographer logger]: I0314 17:07:01.000000 11056 pose_graph_2d.cc:148] Inserted submap (0, 49).
[INFO] [1773475626.412349018] [cartographer logger]: I0314 17:07:06.000000 11056 motion_filter.cc:42] Motion filter reduced the number of nodes to 100%.
[INFO] [1773475626.413591330] [cartographer logger]: I0314 17:07:06.000000 11056 pose_graph_2d.cc:148] Inserted submap (0, 50).
[INFO] [1773475629.678528163] [cartographer logger]: I0314 17:07:09.000000 11056 collated_trajectory_builder.cc:81] odom rate: 14.93 Hz 6.70e-02 s +/- 4.40e-03 s (pulsed at 100.00% real time)
[INFO] [1773475629.678623103] [cartographer logger]: I0314 17:07:09.000000 11056 collated_trajectory_builder.cc:81] scan rate: 14.93 Hz 6.70e-02 s +/- 4.46e-03 s (pulsed at 100.00% real time)
[INFO] [1773475631.814586868] [cartographer logger]: I0314 17:07:11.000000 11056 pose_graph_2d.cc:148] Inserted submap (0, 51).
[INFO] [1773475637.147736873] [cartographer logger]: I0314 17:07:17.000000 11056 pose_graph_2d.cc:148] Inserted submap (0, 52).
[INFO] [1773475642.547921875] [cartographer logger]: I0314 17:07:22.000000 11056 pose_graph_2d.cc:148] Inserted submap (0, 53).
[INFO] [1773475644.679454967] [cartographer logger]: I0314 17:07:24.000000 11056 collated_trajectory_builder.cc:81] odom rate: 14.87 Hz 6.73e-02 s +/- 6.34e-03 s (pulsed at 100.44% real time)
[INFO] [1773475644.679517526] [cartographer logger]: I0314 17:07:24.000000 11056 collated_trajectory_builder.cc:81] scan rate: 14.87 Hz 6.73e-02 s +/- 6.33e-03 s (pulsed at 100.00% real time)
[INFO] [1773475647.947768079] [cartographer logger]: I0314 17:07:27.000000 11056 pose_graph_2d.cc:148] Inserted submap (0, 54).
[INFO] [1773475653.280108808] [cartographer logger]: I0314 17:07:33.000000 11056 pose_graph_2d.cc:148] Inserted submap (0, 55).
[INFO] [1773475658.680031939] [cartographer logger]: I0314 17:07:38.000000 11056 pose_graph_2d.cc:148] Inserted submap (0, 56).
[INFO] [1773475659.745951340] [cartographer logger]: I0314 17:07:39.000000 11056 collated_trajectory_builder.cc:81] odom rate: 14.87 Hz 6.73e-02 s +/- 6.36e-03 s (pulsed at 99.99% real time)
[INFO] [1773475659.746043085] [cartographer logger]: I0314 17:07:39.000000 11056 collated_trajectory_builder.cc:81] scan rate: 14.87 Hz 6.73e-02 s +/- 6.33e-03 s (pulsed at 100.00% real time)
[INFO] [1773475660.012651390] [cartographer logger]: I0314 17:07:40.000000 11056 motion_filter.cc:42] Motion filter reduced the number of nodes to 100%.
[INFO] [1773475664.081632541] [cartographer logger]: I0314 17:07:44.000000 11056 pose_graph_2d.cc:148] Inserted submap (0, 57).
[INFO] [1773475669.413301625] [cartographer logger]: I0314 17:07:49.000000 11056 pose_graph_2d.cc:148] Inserted submap (0, 58).
[INFO] [1773475674.813231757] [cartographer logger]: I0314 17:07:54.000000 11056 collated_trajectory_builder.cc:81] odom rate: 14.80 Hz 6.76e-02 s +/- 1.00e-02 s (pulsed at 99.99% real time)
[INFO] [1773475674.813296350] [cartographer logger]: I0314 17:07:54.000000 11056 collated_trajectory_builder.cc:81] scan rate: 14.80 Hz 6.76e-02 s +/- 9.99e-03 s (pulsed at 100.00% real time)
[INFO] [1773475674.880592092] [cartographer logger]: I0314 17:07:54.000000 11056 pose_graph_2d.cc:148] Inserted submap (0, 59).
[INFO] [1773475680.348224711] [cartographer logger]: I0314 17:08:00.000000 11056 pose_graph_2d.cc:148] Inserted submap (0, 60).
[INFO] [1773475685.680585524] [cartographer logger]: I0314 17:08:05.000000 11056 pose_graph_2d.cc:148] Inserted submap (0, 61).
[INFO] [1773475689.813393103] [cartographer logger]: I0314 17:08:09.000000 11056 collated_trajectory_builder.cc:81] odom rate: 14.73 Hz 6.79e-02 s +/- 1.27e-02 s (pulsed at 100.00% real time)
[INFO] [1773475689.813458628] [cartographer logger]: I0314 17:08:09.000000 11056 collated_trajectory_builder.cc:81] scan rate: 14.73 Hz 6.79e-02 s +/- 1.26e-02 s (pulsed at 100.01% real time)
[INFO] [1773475691.146815941] [cartographer logger]: I0314 17:08:11.000000 11056 pose_graph_2d.cc:148] Inserted submap (0, 62).
[INFO] [1773475693.813377939] [cartographer logger]: I0314 17:08:13.000000 11056 motion_filter.cc:42] Motion filter reduced the number of nodes to 100%.
[INFO] [1773475696.613307431] [cartographer logger]: I0314 17:08:16.000000 11056 pose_graph_2d.cc:148] Inserted submap (0, 63).
[INFO] [1773475701.947882223] [cartographer logger]: I0314 17:08:21.000000 11056 pose_graph_2d.cc:148] Inserted submap (0, 64).
[INFO] [1773475704.879619001] [cartographer logger]: I0314 17:08:24.000000 11056 collated_trajectory_builder.cc:81] odom rate: 14.67 Hz 6.82e-02 s +/- 1.62e-02 s (pulsed at 100.01% real time)
[INFO] [1773475704.879697191] [cartographer logger]: I0314 17:08:24.000000 11056 collated_trajectory_builder.cc:81] scan rate: 14.67 Hz 6.82e-02 s +/- 1.62e-02 s (pulsed at 100.00% real time)
[INFO] [1773475707.480146270] [cartographer logger]: I0314 17:08:27.000000 11056 pose_graph_2d.cc:148] Inserted submap (0, 65).
[INFO] [1773475712.948089333] [cartographer logger]: I0314 17:08:32.000000 11056 pose_graph_2d.cc:148] Inserted submap (0, 66).
[INFO] [1773475718.282193889] [cartographer logger]: I0314 17:08:38.000000 11056 pose_graph_2d.cc:148] Inserted submap (0, 67).
[INFO] [1773475719.946076690] [cartographer logger]: I0314 17:08:39.000000 11056 collated_trajectory_builder.cc:81] odom rate: 14.67 Hz 6.82e-02 s +/- 1.62e-02 s (pulsed at 100.01% real time)
[INFO] [1773475719.946196059] [cartographer logger]: I0314 17:08:39.000000 11056 collated_trajectory_builder.cc:81] scan rate: 14.67 Hz 6.82e-02 s +/- 1.62e-02 s (pulsed at 100.00% real time)
[INFO] [1773475723.813768043] [cartographer logger]: I0314 17:08:43.000000 11056 pose_graph_2d.cc:148] Inserted submap (0, 68).
[INFO] [1773475728.013156473] [cartographer logger]: I0314 17:08:48.000000 11056 motion_filter.cc:42] Motion filter reduced the number of nodes to 100%.
[INFO] [1773475729.347347179] [cartographer logger]: I0314 17:08:49.000000 11056 pose_graph_2d.cc:148] Inserted submap (0, 69).
[INFO] [1773475734.681214066] [cartographer logger]: I0314 17:08:54.000000 11056 pose_graph_2d.cc:148] Inserted submap (0, 70).
[INFO] [1773475735.012427454] [cartographer logger]: I0314 17:08:55.000000 11056 collated_trajectory_builder.cc:81] odom rate: 14.80 Hz 6.76e-02 s +/- 1.35e-02 s (pulsed at 100.00% real time)
[INFO] [1773475735.012528035] [cartographer logger]: I0314 17:08:55.000000 11056 collated_trajectory_builder.cc:81] scan rate: 14.80 Hz 6.76e-02 s +/- 1.34e-02 s (pulsed at 100.01% real time)
[INFO] [1773475740.216010976] [cartographer logger]: I0314 17:09:00.000000 11056 pose_graph_2d.cc:148] Inserted submap (0, 71).
[INFO] [1773475745.880745671] [cartographer logger]: I0314 17:09:05.000000 11056 pose_graph_2d.cc:148] Inserted submap (0, 72).
[INFO] [1773475750.078757547] [cartographer logger]: I0314 17:09:10.000000 11056 collated_trajectory_builder.cc:81] odom rate: 14.47 Hz 6.91e-02 s +/- 2.64e-02 s (pulsed at 103.43% real time)
[INFO] [1773475750.078837389] [cartographer logger]: I0314 17:09:10.000000 11056 collated_trajectory_builder.cc:81] scan rate: 14.47 Hz 6.91e-02 s +/- 2.63e-02 s (pulsed at 100.00% real time)
[INFO] [1773475751.641727885] [cartographer logger]: I0314 17:09:11.000000 11056 pose_graph_2d.cc:148] Inserted submap (0, 73).
[INFO] [1773475756.813786387] [cartographer logger]: I0314 17:09:16.000000 11056 pose_graph_2d.cc:148] Inserted submap (0, 74).
[INFO] [1773475762.412483352] [cartographer logger]: I0314 17:09:22.000000 11056 motion_filter.cc:42] Motion filter reduced the number of nodes to 100%.
[INFO] [1773475762.414323693] [cartographer logger]: I0314 17:09:22.000000 11056 pose_graph_2d.cc:148] Inserted submap (0, 75).
[INFO] [1773475765.079531903] [cartographer logger]: I0314 17:09:25.000000 11056 collated_trajectory_builder.cc:81] odom rate: 14.46 Hz 6.91e-02 s +/- 2.56e-02 s (pulsed at 100.00% real time)
[INFO] [1773475765.079624740] [cartographer logger]: I0314 17:09:25.000000 11056 collated_trajectory_builder.cc:81] scan rate: 14.46 Hz 6.91e-02 s +/- 2.56e-02 s (pulsed at 99.99% real time)
[INFO] [1773475768.014661910] [cartographer logger]: I0314 17:09:28.000000 11056 pose_graph_2d.cc:148] Inserted submap (0, 76).
[INFO] [1773475773.347454215] [cartographer logger]: I0314 17:09:33.000000 11056 pose_graph_2d.cc:148] Inserted submap (0, 77).
[INFO] [1773475778.948203522] [cartographer logger]: I0314 17:09:38.000000 11056 pose_graph_2d.cc:148] Inserted submap (0, 78).
[INFO] [1773475780.145681457] [cartographer logger]: I0314 17:09:40.000000 11056 collated_trajectory_builder.cc:81] odom rate: 14.47 Hz 6.91e-02 s +/- 2.55e-02 s (pulsed at 100.00% real time)
[INFO] [1773475780.145789242] [cartographer logger]: I0314 17:09:40.000000 11056 collated_trajectory_builder.cc:81] scan rate: 14.47 Hz 6.91e-02 s +/- 2.55e-02 s (pulsed at 100.00% real time)
[INFO] [1773475784.548583439] [cartographer logger]: I0314 17:09:44.000000 11056 pose_graph_2d.cc:148] Inserted submap (0, 79).
[INFO] [1773475789.880773486] [cartographer logger]: I0314 17:09:49.000000 11056 pose_graph_2d.cc:148] Inserted submap (0, 80).
[INFO] [1773475795.212324312] [cartographer logger]: I0314 17:09:55.000000 11056 collated_trajectory_builder.cc:81] odom rate: 14.40 Hz 6.95e-02 s +/- 2.91e-02 s (pulsed at 100.00% real time)
[INFO] [1773475795.212389205] [cartographer logger]: I0314 17:09:55.000000 11056 collated_trajectory_builder.cc:81] scan rate: 14.40 Hz 6.94e-02 s +/- 2.90e-02 s (pulsed at 100.00% real time)
[INFO] [1773475795.548572183] [cartographer logger]: I0314 17:09:55.000000 11056 pose_graph_2d.cc:148] Inserted submap (0, 81).
[INFO] [1773475796.879629444] [cartographer logger]: I0314 17:09:56.000000 11056 motion_filter.cc:42] Motion filter reduced the number of nodes to 100%.
[INFO] [1773475800.836800830] [rclcpp]: signal_handler(SIGINT/SIGTERM)
