[INFO] [1773475300.862117546] [cartographer logger]: I0314 17:01:40.000000 10701 configuration_file_resolver.cc:41] Found '/home/tkddn647/test/install/localization_layer/share/localization_layer/config/cartographer_2d_mapping_lidar_only.lua' for 'cartographer_2d_mapping_lidar_only.lua'.
[INFO] [1773475300.862565599] [cartographer logger]: I0314 17:01:40.000000 10701 configuration_file_resolver.cc:41] Found '/home/tkddn647/test/install/localization_layer/share/localization_layer/config/map_builder_mapping.lua' for 'map_builder_mapping.lua'.
[INFO] [1773475300.862609833] [cartographer logger]: I0314 17:01:40.000000 10701 configuration_file_resolver.cc:41] Found '/home/tkddn647/test/install/localization_layer/share/localization_layer/config/map_builder_mapping.lua' for 'map_builder_mapping.lua'.
[INFO] [1773475300.862652193] [cartographer logger]: I0314 17:01:40.000000 10701 configuration_file_resolver.cc:41] Found '/home/tkddn647/test/install/localization_layer/share/localization_layer/config/pose_graph_mapping.lua' for 'pose_graph_mapping.lua'.
[INFO] [1773475300.862688240] [cartographer logger]: I0314 17:01:40.000000 10701 configuration_file_resolver.cc:41] Found '/home/tkddn647/test/install/localization_layer/share/localization_layer/config/pose_graph_mapping.lua' for 'pose_graph_mapping.lua'.
[INFO] [1773475300.862813336] [cartographer logger]: I0314 17:01:40.000000 10701 configuration_file_resolver.cc:41] Found '/home/tkddn647/test/install/localization_layer/share/localization_layer/config/trajectory_builder.lua' for 'trajectory_builder.lua'.
[INFO] [1773475300.862832312] [cartographer logger]: I0314 17:01:40.000000 10701 configuration_file_resolver.cc:41] Found '/home/tkddn647/test/install/localization_layer/share/localization_layer/config/trajectory_builder.lua' for 'trajectory_builder.lua'.
[INFO] [1773475300.862896172] [cartographer logger]: I0314 17:01:40.000000 10701 configuration_file_resolver.cc:41] Found '/opt/ros/humble/share/cartographer/configuration_files/trajectory_builder_2d.lua' for 'trajectory_builder_2d.lua'.
[INFO] [1773475300.862945274] [cartographer logger]: I0314 17:01:40.000000 10701 configuration_file_resolver.cc:41] Found '/opt/ros/humble/share/cartographer/configuration_files/trajectory_builder_2d.lua' for 'trajectory_builder_2d.lua'.
[INFO] [1773475300.863065461] [cartographer logger]: I0314 17:01:40.000000 10701 configuration_file_resolver.cc:41] Found '/opt/ros/humble/share/cartographer/configuration_files/trajectory_builder_3d.lua' for 'trajectory_builder_3d.lua'.
[INFO] [1773475300.863111508] [cartographer logger]: I0314 17:01:40.000000 10701 configuration_file_resolver.cc:41] Found '/opt/ros/humble/share/cartographer/configuration_files/trajectory_builder_3d.lua' for 'trajectory_builder_3d.lua'.
[INFO] [1773475300.876024165] [cartographer logger]: I0314 17:01:40.000000 10701 map_builder_bridge.cpp:136] Added trajectory with ID '0'.
[WARN] [1773475300.876802761] [cartographer logger]: W0314 17:01:40.000000 10701 fixed_ratio_sampler.cc:26] FixedRatioSampler is dropping all data.
[INFO] [1773475300.940716905] [cartographer logger]: I0314 17:01:40.000000 10701 ordered_multi_queue.cc:172] All sensor data for trajectory 0 is available starting at '639090721009390133'.
[WARN] [1773475301.006702447] [cartographer logger]: W0314 17:01:41.000000 10701 pose_extrapolator.cc:168] Queue too short for velocity estimation. Queue duration: 0 s
[INFO] [1773475301.009330746] [cartographer logger]: I0314 17:01:41.000000 10701 pose_graph_2d.cc:148] Inserted submap (0, 0).
[INFO] [1773475306.275415159] [cartographer logger]: I0314 17:01:46.000000 10701 pose_graph_2d.cc:148] Inserted submap (0, 1).
[INFO] [1773475311.608271355] [cartographer logger]: I0314 17:01:51.000000 10701 pose_graph_2d.cc:148] Inserted submap (0, 2).
[INFO] [1773475315.940127274] [cartographer logger]: I0314 17:01:55.000000 10701 collated_trajectory_builder.cc:81] odom rate: 15.00 Hz 6.67e-02 s +/- 6.45e-04 s (pulsed at 100.02% real time)
[INFO] [1773475315.940198458] [cartographer logger]: I0314 17:01:55.000000 10701 collated_trajectory_builder.cc:81] scan rate: 15.00 Hz 6.67e-02 s +/- 5.19e-04 s (pulsed at 100.44% real time)
[INFO] [1773475316.225347032] [rclcpp]: signal_handler(SIGINT/SIGTERM)
