[INFO] [1773476850.825992460] [map_auto_saver]: Periodic auto-save enabled: every 10.0s -> /home/tkddn647/test/maps
[INFO] [1773476860.816233952] [map_auto_saver]: Saving map (periodic) -> /home/tkddn647/test/maps/my_map_20260314_172740.pbstream
[INFO] [1773476860.818777448] [map_auto_saver]: Map saved successfully.
[INFO] [1773476860.819334489] [map_auto_saver]: Exporting ROS map (periodic) -> /home/tkddn647/test/maps/my_map_20260314_172740.png + .yaml
[ERROR] [1773476863.283604471] [map_auto_saver]: ROS map export failed (code=1). stdout="[ros2run]: Process exited with failure 1" stderr="1773476861.022467 [0] map_saver_: selected interface "lo" is not multicast-capable: disabling multicast
[INFO] [1773476861.034857338] [map_saver]: 
	map_saver lifecycle node launched. 
	Waiting on external lifecycle transitions to activate
	See https://design.ros2.org/articles/node_lifecycle.html for more information.
[INFO] [1773476861.035477394] [map_saver]: Creating
[INFO] [1773476861.035960474] [map_saver]: Configuring
[INFO] [1773476861.039221643] [map_saver]: Saving map from '/map' topic to '/home/tkddn647/test/maps/my_map_20260314_172740' file
[WARN] [1773476861.039282359] [map_saver]: Free threshold unspecified. Setting it to default value: 0.250000
[WARN] [1773476861.039303930] [map_saver]: Occupied threshold unspecified. Setting it to default value: 0.650000
[ERROR] [1773476863.040011608] [map_saver]: Failed to spin map subscription
[INFO] [1773476863.043186517] [map_saver]: Destroying"
[WARN] [1773476863.284135924] [map_auto_saver]: Falling back to pbstream->ros_map export (periodic) -> /home/tkddn647/test/maps/my_map_20260314_172740_rosmap.yaml
[ERROR] [1773476863.535853797] [map_auto_saver]: pbstream_to_ros_map failed (code=250). stdout="[ros2run]: Aborted" stderr="I0314 17:27:43.436656 22116 pbstream_to_ros_map_main.cpp:44] Loading submap slices from serialized data.
I0314 17:27:43.438445 22116 pbstream_to_ros_map_main.cpp:52] Generating combined map image from submap slices.
F0314 17:27:43.442207 22116 image.cc:55] Check failed: cairo_image_surface_get_format(surface.get()) == kCairoFormat (-1 vs. 0) 
*** Check failure stack trace: ***
    @     0x7c8c9d6e9b03  google::LogMessage::Fail()
    @     0x7c8c9d6f19d1  google::LogMessage::SendToLog()
    @     0x7c8c9d6e97c2  google::LogMessage::Flush()
    @     0x7c8c9d6eb78f  google::LogMessageFatal::~LogMessageFatal()
    @     0x63e8feebdca2  (unknown)
    @     0x63e8feebcae8  (unknown)
    @     0x63e8feebb12f  (unknown)
    @     0x7c8c9ca29d90  (unknown)
    @     0x7c8c9ca29e40  __libc_start_main
    @     0x63e8feebc0f5  (unknown)"
[INFO] [1773476870.816896993] [map_auto_saver]: Saving map (periodic) -> /home/tkddn647/test/maps/my_map_20260314_172750.pbstream
[INFO] [1773476870.821462280] [map_auto_saver]: Map saved successfully.
[INFO] [1773476870.821921014] [map_auto_saver]: Exporting ROS map (periodic) -> /home/tkddn647/test/maps/my_map_20260314_172750.png + .yaml
[ERROR] [1773476873.234697397] [map_auto_saver]: ROS map export failed (code=1). stdout="[ros2run]: Process exited with failure 1" stderr="1773476870.987393 [0] map_saver_: selected interface "lo" is not multicast-capable: disabling multicast
[INFO] [1773476870.997487992] [map_saver]: 
	map_saver lifecycle node launched. 
	Waiting on external lifecycle transitions to activate
	See https://design.ros2.org/articles/node_lifecycle.html for more information.
[INFO] [1773476870.997607219] [map_saver]: Creating
[INFO] [1773476870.997990739] [map_saver]: Configuring
[INFO] [1773476870.999914324] [map_saver]: Saving map from '/map' topic to '/home/tkddn647/test/maps/my_map_20260314_172750' file
[WARN] [1773476870.999953258] [map_saver]: Free threshold unspecified. Setting it to default value: 0.250000
[WARN] [1773476870.999978196] [map_saver]: Occupied threshold unspecified. Setting it to default value: 0.650000
[ERROR] [1773476873.000692021] [map_saver]: Failed to spin map subscription
[INFO] [1773476873.004058698] [map_saver]: Destroying"
[WARN] [1773476873.235735188] [map_auto_saver]: Falling back to pbstream->ros_map export (periodic) -> /home/tkddn647/test/maps/my_map_20260314_172750_rosmap.yaml
[ERROR] [1773476873.541955873] [map_auto_saver]: pbstream_to_ros_map failed (code=250). stdout="[ros2run]: Aborted" stderr="I0314 17:27:53.417662 22230 pbstream_to_ros_map_main.cpp:44] Loading submap slices from serialized data.
I0314 17:27:53.418493 22230 pbstream_to_ros_map_main.cpp:52] Generating combined map image from submap slices.
F0314 17:27:53.424923 22230 image.cc:55] Check failed: cairo_image_surface_get_format(surface.get()) == kCairoFormat (-1 vs. 0) 
*** Check failure stack trace: ***
    @     0x72034a62fb03  google::LogMessage::Fail()
    @     0x72034a6379d1  google::LogMessage::SendToLog()
    @     0x72034a62f7c2  google::LogMessage::Flush()
    @     0x72034a63178f  google::LogMessageFatal::~LogMessageFatal()
    @     0x63acf5b6aca2  (unknown)
    @     0x63acf5b69ae8  (unknown)
    @     0x63acf5b6812f  (unknown)
    @     0x720349829d90  (unknown)
    @     0x720349829e40  __libc_start_main
    @     0x63acf5b690f5  (unknown)"
[INFO] [1773476876.555462201] [map_auto_saver]: KeyboardInterrupt received. Attempting shutdown save...
