[WARN] [1773484880.161477195] [sim_fake_sensor_publisher]: Centerline CSV not found: /tmp/none.csv
[INFO] [1773484880.705144634] [sim_fake_sensor_publisher]: Map path ready. length=157.98 m, points=721
[INFO] [1773484880.776395581] [sim_fake_sensor_publisher]: Fake sensor publisher started. world_type=map, rates(lidar/imu/odom/state)=15.0/15.0/15.0/60.0 Hz
[INFO] [1773484880.776984572] [sim_fake_sensor_publisher]: Publish flags: scan=True, imu=False, odom=True, odom_tf=True
[INFO] [1773484880.777440729] [sim_fake_sensor_publisher]: Scan scheduler: threaded
[INFO] [1773484880.777861825] [sim_fake_sensor_publisher]: Odom scheduler: threaded
[INFO] [1773484880.778400173] [sim_fake_sensor_publisher]: Active scan params: range_max=30.00 m, angle_min/max=-135.0/135.0 deg, increment=1.000 deg
[INFO] [1773484880.778768142] [sim_fake_sensor_publisher]: Control mode: centerline s-progress (pure_pursuit forced OFF, waypoint_yaw forced OFF)
[INFO] [1773484880.779168631] [sim_fake_sensor_publisher]: Motion source: internal_path
[INFO] [1773484885.178818952] [sim_fake_sensor_publisher]: scan publisher diag: pub_hz=13.31, avg_gen=3.5ms, target=15.00Hz
[INFO] [1773484890.244548364] [sim_fake_sensor_publisher]: scan publisher diag: pub_hz=15.00, avg_gen=3.3ms, target=15.00Hz
[INFO] [1773484895.803734826] [sim_fake_sensor_publisher]: scan publisher diag: pub_hz=15.00, avg_gen=4.2ms, target=15.00Hz
[INFO] [1773484900.869680176] [sim_fake_sensor_publisher]: scan publisher diag: pub_hz=15.00, avg_gen=3.3ms, target=15.00Hz
[INFO] [1773484905.936358032] [sim_fake_sensor_publisher]: scan publisher diag: pub_hz=15.00, avg_gen=3.4ms, target=15.00Hz
[INFO] [1773484910.936348856] [sim_fake_sensor_publisher]: scan publisher diag: pub_hz=15.00, avg_gen=3.3ms, target=15.00Hz
[INFO] [1773484915.936289815] [sim_fake_sensor_publisher]: scan publisher diag: pub_hz=15.00, avg_gen=3.4ms, target=15.00Hz
[INFO] [1773484920.938325684] [sim_fake_sensor_publisher]: scan publisher diag: pub_hz=14.99, avg_gen=3.6ms, target=15.00Hz
[INFO] [1773484926.598560782] [sim_fake_sensor_publisher]: scan publisher diag: pub_hz=15.00, avg_gen=3.7ms, target=15.00Hz
[INFO] [1773484931.598595522] [sim_fake_sensor_publisher]: scan publisher diag: pub_hz=15.00, avg_gen=3.7ms, target=15.00Hz
[INFO] [1773484936.664977046] [sim_fake_sensor_publisher]: scan publisher diag: pub_hz=15.00, avg_gen=3.7ms, target=15.00Hz
[INFO] [1773484941.731410790] [sim_fake_sensor_publisher]: scan publisher diag: pub_hz=15.00, avg_gen=3.6ms, target=15.00Hz
[INFO] [1773484946.797912698] [sim_fake_sensor_publisher]: scan publisher diag: pub_hz=15.00, avg_gen=3.5ms, target=15.00Hz
[INFO] [1773484951.865428764] [sim_fake_sensor_publisher]: scan publisher diag: pub_hz=15.00, avg_gen=3.7ms, target=15.00Hz
[INFO] [1773484957.506239714] [sim_fake_sensor_publisher]: scan publisher diag: pub_hz=15.00, avg_gen=3.7ms, target=15.00Hz
[INFO] [1773484962.572962387] [sim_fake_sensor_publisher]: scan publisher diag: pub_hz=15.00, avg_gen=3.8ms, target=15.00Hz
[INFO] [1773484967.639874510] [sim_fake_sensor_publisher]: scan publisher diag: pub_hz=15.00, avg_gen=3.7ms, target=15.00Hz
[INFO] [1773484972.705570350] [sim_fake_sensor_publisher]: scan publisher diag: pub_hz=15.00, avg_gen=3.7ms, target=15.00Hz
[INFO] [1773484977.706029320] [sim_fake_sensor_publisher]: scan publisher diag: pub_hz=15.00, avg_gen=3.7ms, target=15.00Hz
[INFO] [1773484982.707039522] [sim_fake_sensor_publisher]: scan publisher diag: pub_hz=15.00, avg_gen=3.7ms, target=15.00Hz
[INFO] [1773484987.771729646] [sim_fake_sensor_publisher]: scan publisher diag: pub_hz=15.01, avg_gen=3.7ms, target=15.00Hz
[INFO] [1773484993.286008046] [sim_fake_sensor_publisher]: scan publisher diag: pub_hz=15.00, avg_gen=3.7ms, target=15.00Hz
[INFO] [1773484998.286822390] [sim_fake_sensor_publisher]: scan publisher diag: pub_hz=15.00, avg_gen=3.6ms, target=15.00Hz
[INFO] [1773485003.354546664] [sim_fake_sensor_publisher]: scan publisher diag: pub_hz=15.00, avg_gen=4.0ms, target=15.00Hz
[INFO] [1773485008.419561723] [sim_fake_sensor_publisher]: scan publisher diag: pub_hz=15.00, avg_gen=3.6ms, target=15.00Hz
[INFO] [1773485013.419995707] [sim_fake_sensor_publisher]: scan publisher diag: pub_hz=15.00, avg_gen=3.9ms, target=15.00Hz
[INFO] [1773485018.485832966] [sim_fake_sensor_publisher]: scan publisher diag: pub_hz=15.00, avg_gen=3.6ms, target=15.00Hz
[INFO] [1773485024.071442028] [sim_fake_sensor_publisher]: scan publisher diag: pub_hz=15.00, avg_gen=3.7ms, target=15.00Hz
[INFO] [1773485029.137523160] [sim_fake_sensor_publisher]: scan publisher diag: pub_hz=15.00, avg_gen=3.5ms, target=15.00Hz
[INFO] [1773485034.137967504] [sim_fake_sensor_publisher]: scan publisher diag: pub_hz=15.00, avg_gen=3.7ms, target=15.00Hz
[INFO] [1773485039.139717256] [sim_fake_sensor_publisher]: scan publisher diag: pub_hz=15.00, avg_gen=3.8ms, target=15.00Hz
[INFO] [1773485044.204754610] [sim_fake_sensor_publisher]: scan publisher diag: pub_hz=15.00, avg_gen=3.9ms, target=15.00Hz
[INFO] [1773485049.270847031] [sim_fake_sensor_publisher]: scan publisher diag: pub_hz=15.00, avg_gen=3.8ms, target=15.00Hz
[INFO] [1773485054.272851063] [sim_fake_sensor_publisher]: scan publisher diag: pub_hz=14.99, avg_gen=3.8ms, target=15.00Hz
[INFO] [1773485059.862475380] [sim_fake_sensor_publisher]: scan publisher diag: pub_hz=15.00, avg_gen=3.8ms, target=15.00Hz
[INFO] [1773485064.862597554] [sim_fake_sensor_publisher]: scan publisher diag: pub_hz=15.00, avg_gen=3.7ms, target=15.00Hz
[INFO] [1773485069.928647817] [sim_fake_sensor_publisher]: scan publisher diag: pub_hz=15.00, avg_gen=3.7ms, target=15.00Hz
[INFO] [1773485074.928935836] [sim_fake_sensor_publisher]: scan publisher diag: pub_hz=15.00, avg_gen=3.7ms, target=15.00Hz
[INFO] [1773485079.995775026] [sim_fake_sensor_publisher]: scan publisher diag: pub_hz=15.00, avg_gen=3.7ms, target=15.00Hz
[INFO] [1773485085.061465062] [sim_fake_sensor_publisher]: scan publisher diag: pub_hz=15.00, avg_gen=3.7ms, target=15.00Hz
[INFO] [1773485090.646889900] [sim_fake_sensor_publisher]: scan publisher diag: pub_hz=14.99, avg_gen=3.6ms, target=15.00Hz
[INFO] [1773485095.711160787] [sim_fake_sensor_publisher]: scan publisher diag: pub_hz=15.01, avg_gen=3.9ms, target=15.00Hz
[INFO] [1773485100.711741217] [sim_fake_sensor_publisher]: scan publisher diag: pub_hz=15.00, avg_gen=3.8ms, target=15.00Hz
[INFO] [1773485105.777516597] [sim_fake_sensor_publisher]: scan publisher diag: pub_hz=15.00, avg_gen=3.7ms, target=15.00Hz
[INFO] [1773485110.777900076] [sim_fake_sensor_publisher]: scan publisher diag: pub_hz=15.00, avg_gen=3.7ms, target=15.00Hz
[INFO] [1773485115.844322966] [sim_fake_sensor_publisher]: scan publisher diag: pub_hz=15.00, avg_gen=3.9ms, target=15.00Hz
[INFO] [1773485120.845245086] [sim_fake_sensor_publisher]: scan publisher diag: pub_hz=15.00, avg_gen=3.9ms, target=15.00Hz
[INFO] [1773485126.432353594] [sim_fake_sensor_publisher]: scan publisher diag: pub_hz=15.00, avg_gen=3.9ms, target=15.00Hz
[INFO] [1773485131.496607637] [sim_fake_sensor_publisher]: scan publisher diag: pub_hz=15.01, avg_gen=3.5ms, target=15.00Hz
[INFO] [1773485136.563517840] [sim_fake_sensor_publisher]: scan publisher diag: pub_hz=15.00, avg_gen=3.5ms, target=15.00Hz
[INFO] [1773485141.629850660] [sim_fake_sensor_publisher]: scan publisher diag: pub_hz=15.00, avg_gen=3.8ms, target=15.00Hz
[INFO] [1773485146.631401230] [sim_fake_sensor_publisher]: scan publisher diag: pub_hz=15.00, avg_gen=3.9ms, target=15.00Hz
[INFO] [1773485151.696400838] [sim_fake_sensor_publisher]: scan publisher diag: pub_hz=15.01, avg_gen=3.6ms, target=15.00Hz
[INFO] [1773485157.349325419] [sim_fake_sensor_publisher]: scan publisher diag: pub_hz=15.00, avg_gen=4.0ms, target=15.00Hz
[INFO] [1773485162.349803410] [sim_fake_sensor_publisher]: scan publisher diag: pub_hz=15.00, avg_gen=3.6ms, target=15.00Hz
[INFO] [1773485167.350759323] [sim_fake_sensor_publisher]: scan publisher diag: pub_hz=15.00, avg_gen=4.2ms, target=15.00Hz
[INFO] [1773485172.415866545] [sim_fake_sensor_publisher]: scan publisher diag: pub_hz=15.00, avg_gen=3.9ms, target=15.00Hz
[INFO] [1773485177.417033233] [sim_fake_sensor_publisher]: scan publisher diag: pub_hz=15.00, avg_gen=3.7ms, target=15.00Hz
[INFO] [1773485182.417466730] [sim_fake_sensor_publisher]: scan publisher diag: pub_hz=15.00, avg_gen=3.7ms, target=15.00Hz
[INFO] [1773485187.482753392] [sim_fake_sensor_publisher]: scan publisher diag: pub_hz=15.00, avg_gen=4.3ms, target=15.00Hz
[INFO] [1773485193.071360891] [sim_fake_sensor_publisher]: scan publisher diag: pub_hz=15.00, avg_gen=3.9ms, target=15.00Hz
[INFO] [1773485198.071619292] [sim_fake_sensor_publisher]: scan publisher diag: pub_hz=15.00, avg_gen=3.8ms, target=15.00Hz
[INFO] [1773485203.137924276] [sim_fake_sensor_publisher]: scan publisher diag: pub_hz=15.00, avg_gen=3.5ms, target=15.00Hz
[INFO] [1773485208.205203950] [sim_fake_sensor_publisher]: scan publisher diag: pub_hz=15.00, avg_gen=3.7ms, target=15.00Hz
[INFO] [1773485213.270878057] [sim_fake_sensor_publisher]: scan publisher diag: pub_hz=15.00, avg_gen=3.6ms, target=15.00Hz
[INFO] [1773485218.272618807] [sim_fake_sensor_publisher]: scan publisher diag: pub_hz=15.00, avg_gen=3.5ms, target=15.00Hz
[INFO] [1773485223.767416004] [sim_fake_sensor_publisher]: scan publisher diag: pub_hz=15.00, avg_gen=3.7ms, target=15.00Hz
[INFO] [1773485228.832644813] [sim_fake_sensor_publisher]: scan publisher diag: pub_hz=15.00, avg_gen=3.6ms, target=15.00Hz
[INFO] [1773485233.834383801] [sim_fake_sensor_publisher]: scan publisher diag: pub_hz=14.99, avg_gen=3.7ms, target=15.00Hz
[INFO] [1773485238.899355218] [sim_fake_sensor_publisher]: scan publisher diag: pub_hz=15.00, avg_gen=3.7ms, target=15.00Hz
[INFO] [1773485243.899950817] [sim_fake_sensor_publisher]: scan publisher diag: pub_hz=15.00, avg_gen=3.7ms, target=15.00Hz
[INFO] [1773485248.901841431] [sim_fake_sensor_publisher]: scan publisher diag: pub_hz=15.00, avg_gen=3.8ms, target=15.00Hz
[INFO] [1773485253.967137696] [sim_fake_sensor_publisher]: scan publisher diag: pub_hz=15.00, avg_gen=3.8ms, target=15.00Hz
[INFO] [1773485259.615291195] [sim_fake_sensor_publisher]: scan publisher diag: pub_hz=15.00, avg_gen=3.8ms, target=15.00Hz
[INFO] [1773485264.616519971] [sim_fake_sensor_publisher]: scan publisher diag: pub_hz=15.00, avg_gen=4.1ms, target=15.00Hz
[INFO] [1773485269.682678477] [sim_fake_sensor_publisher]: scan publisher diag: pub_hz=15.00, avg_gen=3.7ms, target=15.00Hz
[INFO] [1773485274.683144331] [sim_fake_sensor_publisher]: scan publisher diag: pub_hz=15.00, avg_gen=3.9ms, target=15.00Hz
[INFO] [1773485279.749451405] [sim_fake_sensor_publisher]: scan publisher diag: pub_hz=15.00, avg_gen=3.8ms, target=15.00Hz
[INFO] [1773485284.816351788] [sim_fake_sensor_publisher]: scan publisher diag: pub_hz=15.00, avg_gen=3.9ms, target=15.00Hz
[INFO] [1773485290.379010347] [sim_fake_sensor_publisher]: scan publisher diag: pub_hz=15.00, avg_gen=3.7ms, target=15.00Hz
[INFO] [1773485295.443455398] [sim_fake_sensor_publisher]: scan publisher diag: pub_hz=15.01, avg_gen=3.8ms, target=15.00Hz
[INFO] [1773485300.445892197] [sim_fake_sensor_publisher]: scan publisher diag: pub_hz=14.99, avg_gen=3.9ms, target=15.00Hz
[INFO] [1773485305.510619325] [sim_fake_sensor_publisher]: scan publisher diag: pub_hz=15.01, avg_gen=4.1ms, target=15.00Hz
[INFO] [1773485310.510936221] [sim_fake_sensor_publisher]: scan publisher diag: pub_hz=15.00, avg_gen=4.1ms, target=15.00Hz
[INFO] [1773485315.512072742] [sim_fake_sensor_publisher]: scan publisher diag: pub_hz=15.00, avg_gen=3.9ms, target=15.00Hz
[INFO] [1773485321.085611176] [sim_fake_sensor_publisher]: scan publisher diag: pub_hz=15.00, avg_gen=3.8ms, target=15.00Hz
[INFO] [1773485326.150572803] [sim_fake_sensor_publisher]: scan publisher diag: pub_hz=15.00, avg_gen=3.8ms, target=15.00Hz
[INFO] [1773485331.151705722] [sim_fake_sensor_publisher]: scan publisher diag: pub_hz=15.00, avg_gen=3.8ms, target=15.00Hz
