[INFO] [1773477422.986208167] [map_auto_saver]: Periodic auto-save enabled: every 10.0s -> /home/tkddn647/test/maps
[INFO] [1773477432.979151321] [map_auto_saver]: Saving map (periodic) -> /home/tkddn647/test/maps/my_map_20260314_173712.pbstream
[INFO] [1773477433.057678439] [map_auto_saver]: Map saved successfully.
[INFO] [1773477433.058378904] [map_auto_saver]: Exporting ROS map (periodic) -> /home/tkddn647/test/maps/my_map_20260314_173712.png + .yaml
[INFO] [1773477433.681090400] [map_auto_saver]: ROS map export succeeded.
[INFO] [1773477442.978805430] [map_auto_saver]: Saving map (periodic) -> /home/tkddn647/test/maps/my_map_20260314_173722.pbstream
[INFO] [1773477443.096535716] [map_auto_saver]: Map saved successfully.
[INFO] [1773477443.097067159] [map_auto_saver]: Exporting ROS map (periodic) -> /home/tkddn647/test/maps/my_map_20260314_173722.png + .yaml
[INFO] [1773477443.706662339] [map_auto_saver]: ROS map export succeeded.
[INFO] [1773477452.979218500] [map_auto_saver]: Saving map (periodic) -> /home/tkddn647/test/maps/my_map_20260314_173732.pbstream
[INFO] [1773477453.140114813] [map_auto_saver]: Map saved successfully.
[INFO] [1773477453.140696432] [map_auto_saver]: Exporting ROS map (periodic) -> /home/tkddn647/test/maps/my_map_20260314_173732.png + .yaml
[INFO] [1773477453.753961517] [map_auto_saver]: ROS map export succeeded.
[INFO] [1773477462.978761804] [map_auto_saver]: Saving map (periodic) -> /home/tkddn647/test/maps/my_map_20260314_173742.pbstream
[INFO] [1773477463.182871810] [map_auto_saver]: Map saved successfully.
[INFO] [1773477463.183336856] [map_auto_saver]: Exporting ROS map (periodic) -> /home/tkddn647/test/maps/my_map_20260314_173742.png + .yaml
[INFO] [1773477463.766624904] [map_auto_saver]: ROS map export succeeded.
[INFO] [1773477472.978658429] [map_auto_saver]: Saving map (periodic) -> /home/tkddn647/test/maps/my_map_20260314_173752.pbstream
[INFO] [1773477473.222981209] [map_auto_saver]: Map saved successfully.
[INFO] [1773477473.223458298] [map_auto_saver]: Exporting ROS map (periodic) -> /home/tkddn647/test/maps/my_map_20260314_173752.png + .yaml
[INFO] [1773477473.848043193] [map_auto_saver]: ROS map export succeeded.
[INFO] [1773477482.979154629] [map_auto_saver]: Saving map (periodic) -> /home/tkddn647/test/maps/my_map_20260314_173802.pbstream
[INFO] [1773477483.271598085] [map_auto_saver]: Map saved successfully.
[INFO] [1773477483.272060887] [map_auto_saver]: Exporting ROS map (periodic) -> /home/tkddn647/test/maps/my_map_20260314_173802.png + .yaml
[INFO] [1773477483.906032651] [map_auto_saver]: ROS map export succeeded.
[INFO] [1773477492.978938050] [map_auto_saver]: Saving map (periodic) -> /home/tkddn647/test/maps/my_map_20260314_173812.pbstream
[INFO] [1773477493.321204243] [map_auto_saver]: Map saved successfully.
[INFO] [1773477493.321635816] [map_auto_saver]: Exporting ROS map (periodic) -> /home/tkddn647/test/maps/my_map_20260314_173812.png + .yaml
[INFO] [1773477493.949539117] [map_auto_saver]: ROS map export succeeded.
[INFO] [1773477502.979036858] [map_auto_saver]: Saving map (periodic) -> /home/tkddn647/test/maps/my_map_20260314_173822.pbstream
[INFO] [1773477503.397968141] [map_auto_saver]: Map saved successfully.
[INFO] [1773477503.398548557] [map_auto_saver]: Exporting ROS map (periodic) -> /home/tkddn647/test/maps/my_map_20260314_173822.png + .yaml
[INFO] [1773477504.043870613] [map_auto_saver]: ROS map export succeeded.
[INFO] [1773477512.978869105] [map_auto_saver]: Saving map (periodic) -> /home/tkddn647/test/maps/my_map_20260314_173832.pbstream
[INFO] [1773477513.403278013] [map_auto_saver]: Map saved successfully.
[INFO] [1773477513.403799657] [map_auto_saver]: Exporting ROS map (periodic) -> /home/tkddn647/test/maps/my_map_20260314_173832.png + .yaml
[INFO] [1773477514.048823393] [map_auto_saver]: ROS map export succeeded.
[INFO] [1773477522.978987443] [map_auto_saver]: Saving map (periodic) -> /home/tkddn647/test/maps/my_map_20260314_173842.pbstream
[INFO] [1773477523.465555304] [map_auto_saver]: Map saved successfully.
[INFO] [1773477523.466030660] [map_auto_saver]: Exporting ROS map (periodic) -> /home/tkddn647/test/maps/my_map_20260314_173842.png + .yaml
[INFO] [1773477524.087340981] [map_auto_saver]: ROS map export succeeded.
[INFO] [1773477532.979356016] [map_auto_saver]: Saving map (periodic) -> /home/tkddn647/test/maps/my_map_20260314_173852.pbstream
[INFO] [1773477533.515561440] [map_auto_saver]: Map saved successfully.
[INFO] [1773477533.516456025] [map_auto_saver]: Exporting ROS map (periodic) -> /home/tkddn647/test/maps/my_map_20260314_173852.png + .yaml
[INFO] [1773477534.139998381] [map_auto_saver]: ROS map export succeeded.
[INFO] [1773477542.979191426] [map_auto_saver]: Saving map (periodic) -> /home/tkddn647/test/maps/my_map_20260314_173902.pbstream
[INFO] [1773477543.558083628] [map_auto_saver]: Map saved successfully.
[INFO] [1773477543.558590153] [map_auto_saver]: Exporting ROS map (periodic) -> /home/tkddn647/test/maps/my_map_20260314_173902.png + .yaml
[INFO] [1773477544.175321807] [map_auto_saver]: ROS map export succeeded.
[INFO] [1773477552.979276255] [map_auto_saver]: Saving map (periodic) -> /home/tkddn647/test/maps/my_map_20260314_173912.pbstream
[INFO] [1773477553.636374602] [map_auto_saver]: Map saved successfully.
[INFO] [1773477553.636926294] [map_auto_saver]: Exporting ROS map (periodic) -> /home/tkddn647/test/maps/my_map_20260314_173912.png + .yaml
[INFO] [1773477554.263189080] [map_auto_saver]: ROS map export succeeded.
[INFO] [1773477562.979066630] [map_auto_saver]: Saving map (periodic) -> /home/tkddn647/test/maps/my_map_20260314_173922.pbstream
[INFO] [1773477563.685789072] [map_auto_saver]: Map saved successfully.
[INFO] [1773477563.686697583] [map_auto_saver]: Exporting ROS map (periodic) -> /home/tkddn647/test/maps/my_map_20260314_173922.png + .yaml
[INFO] [1773477564.429798223] [map_auto_saver]: ROS map export succeeded.
[INFO] [1773477572.979123716] [map_auto_saver]: Saving map (periodic) -> /home/tkddn647/test/maps/my_map_20260314_173932.pbstream
[INFO] [1773477573.694725573] [map_auto_saver]: Map saved successfully.
[INFO] [1773477573.695207531] [map_auto_saver]: Exporting ROS map (periodic) -> /home/tkddn647/test/maps/my_map_20260314_173932.png + .yaml
[INFO] [1773477574.456233987] [map_auto_saver]: ROS map export succeeded.
[INFO] [1773477582.978984550] [map_auto_saver]: Saving map (periodic) -> /home/tkddn647/test/maps/my_map_20260314_173942.pbstream
[INFO] [1773477583.803452252] [map_auto_saver]: Map saved successfully.
[INFO] [1773477583.803916838] [map_auto_saver]: Exporting ROS map (periodic) -> /home/tkddn647/test/maps/my_map_20260314_173942.png + .yaml
[INFO] [1773477584.674617172] [map_auto_saver]: ROS map export succeeded.
[INFO] [1773477590.228969041] [map_auto_saver]: KeyboardInterrupt received. Attempting shutdown save...
