[INFO] [1773484881.924540827] [map_auto_saver]: Periodic auto-save enabled: every 10.0s -> /home/tkddn647/test/maps
[INFO] [1773484891.916978342] [map_auto_saver]: Saving map (periodic) -> /home/tkddn647/test/maps/my_map_20260314_194131.pbstream
[INFO] [1773484892.001490078] [map_auto_saver]: Map saved successfully.
[INFO] [1773484892.002029529] [map_auto_saver]: Exporting ROS map (periodic) -> /home/tkddn647/test/maps/my_map_20260314_194131.png + .yaml
[INFO] [1773484892.675980495] [map_auto_saver]: ROS map export succeeded.
[INFO] [1773484901.916360430] [map_auto_saver]: Saving map (periodic) -> /home/tkddn647/test/maps/my_map_20260314_194141.pbstream
[INFO] [1773484902.025411229] [map_auto_saver]: Map saved successfully.
[INFO] [1773484902.025891525] [map_auto_saver]: Exporting ROS map (periodic) -> /home/tkddn647/test/maps/my_map_20260314_194141.png + .yaml
[INFO] [1773484902.579512712] [map_auto_saver]: ROS map export succeeded.
[INFO] [1773484911.916892099] [map_auto_saver]: Saving map (periodic) -> /home/tkddn647/test/maps/my_map_20260314_194151.pbstream
[INFO] [1773484912.073926875] [map_auto_saver]: Map saved successfully.
[INFO] [1773484912.074351547] [map_auto_saver]: Exporting ROS map (periodic) -> /home/tkddn647/test/maps/my_map_20260314_194151.png + .yaml
[INFO] [1773484912.686583847] [map_auto_saver]: ROS map export succeeded.
[INFO] [1773484921.917234705] [map_auto_saver]: Saving map (periodic) -> /home/tkddn647/test/maps/my_map_20260314_194201.pbstream
[INFO] [1773484922.129673162] [map_auto_saver]: Map saved successfully.
[INFO] [1773484922.130097208] [map_auto_saver]: Exporting ROS map (periodic) -> /home/tkddn647/test/maps/my_map_20260314_194201.png + .yaml
[INFO] [1773484922.753800507] [map_auto_saver]: ROS map export succeeded.
[INFO] [1773484931.916917836] [map_auto_saver]: Saving map (periodic) -> /home/tkddn647/test/maps/my_map_20260314_194211.pbstream
[INFO] [1773484932.150290665] [map_auto_saver]: Map saved successfully.
[INFO] [1773484932.150816450] [map_auto_saver]: Exporting ROS map (periodic) -> /home/tkddn647/test/maps/my_map_20260314_194211.png + .yaml
[INFO] [1773484932.757686240] [map_auto_saver]: ROS map export succeeded.
[INFO] [1773484941.916871529] [map_auto_saver]: Saving map (periodic) -> /home/tkddn647/test/maps/my_map_20260314_194221.pbstream
[INFO] [1773484942.210393706] [map_auto_saver]: Map saved successfully.
[INFO] [1773484942.210925026] [map_auto_saver]: Exporting ROS map (periodic) -> /home/tkddn647/test/maps/my_map_20260314_194221.png + .yaml
[INFO] [1773484942.830222390] [map_auto_saver]: ROS map export succeeded.
[INFO] [1773484951.916897976] [map_auto_saver]: Saving map (periodic) -> /home/tkddn647/test/maps/my_map_20260314_194231.pbstream
[INFO] [1773484952.262820671] [map_auto_saver]: Map saved successfully.
[INFO] [1773484952.263272178] [map_auto_saver]: Exporting ROS map (periodic) -> /home/tkddn647/test/maps/my_map_20260314_194231.png + .yaml
[INFO] [1773484952.903216484] [map_auto_saver]: ROS map export succeeded.
[INFO] [1773484961.916783563] [map_auto_saver]: Saving map (periodic) -> /home/tkddn647/test/maps/my_map_20260314_194241.pbstream
[INFO] [1773484962.319887743] [map_auto_saver]: Map saved successfully.
[INFO] [1773484962.320362385] [map_auto_saver]: Exporting ROS map (periodic) -> /home/tkddn647/test/maps/my_map_20260314_194241.png + .yaml
[INFO] [1773484962.936487781] [map_auto_saver]: ROS map export succeeded.
[INFO] [1773484971.916779129] [map_auto_saver]: Saving map (periodic) -> /home/tkddn647/test/maps/my_map_20260314_194251.pbstream
[INFO] [1773484972.378538186] [map_auto_saver]: Map saved successfully.
[INFO] [1773484972.379010236] [map_auto_saver]: Exporting ROS map (periodic) -> /home/tkddn647/test/maps/my_map_20260314_194251.png + .yaml
[INFO] [1773484973.004790487] [map_auto_saver]: ROS map export succeeded.
[INFO] [1773484981.917099908] [map_auto_saver]: Saving map (periodic) -> /home/tkddn647/test/maps/my_map_20260314_194301.pbstream
[INFO] [1773484982.416093387] [map_auto_saver]: Map saved successfully.
[INFO] [1773484982.417015321] [map_auto_saver]: Exporting ROS map (periodic) -> /home/tkddn647/test/maps/my_map_20260314_194301.png + .yaml
[INFO] [1773484983.057143883] [map_auto_saver]: ROS map export succeeded.
[INFO] [1773484991.916735228] [map_auto_saver]: Saving map (periodic) -> /home/tkddn647/test/maps/my_map_20260314_194311.pbstream
[INFO] [1773484992.516987066] [map_auto_saver]: Map saved successfully.
[INFO] [1773484992.517450001] [map_auto_saver]: Exporting ROS map (periodic) -> /home/tkddn647/test/maps/my_map_20260314_194311.png + .yaml
[INFO] [1773484993.122695264] [map_auto_saver]: ROS map export succeeded.
[INFO] [1773485001.916827353] [map_auto_saver]: Saving map (periodic) -> /home/tkddn647/test/maps/my_map_20260314_194321.pbstream
[INFO] [1773485002.537542316] [map_auto_saver]: Map saved successfully.
[INFO] [1773485002.538018203] [map_auto_saver]: Exporting ROS map (periodic) -> /home/tkddn647/test/maps/my_map_20260314_194321.png + .yaml
[INFO] [1773485003.306707976] [map_auto_saver]: ROS map export succeeded.
[INFO] [1773485011.916780973] [map_auto_saver]: Saving map (periodic) -> /home/tkddn647/test/maps/my_map_20260314_194331.pbstream
[INFO] [1773485012.601242388] [map_auto_saver]: Map saved successfully.
[INFO] [1773485012.601708838] [map_auto_saver]: Exporting ROS map (periodic) -> /home/tkddn647/test/maps/my_map_20260314_194331.png + .yaml
[INFO] [1773485013.236472371] [map_auto_saver]: ROS map export succeeded.
[INFO] [1773485021.916729647] [map_auto_saver]: Saving map (periodic) -> /home/tkddn647/test/maps/my_map_20260314_194341.pbstream
[INFO] [1773485022.627772952] [map_auto_saver]: Map saved successfully.
[INFO] [1773485022.628385955] [map_auto_saver]: Exporting ROS map (periodic) -> /home/tkddn647/test/maps/my_map_20260314_194341.png + .yaml
[INFO] [1773485023.773652268] [map_auto_saver]: ROS map export succeeded.
[INFO] [1773485031.916712441] [map_auto_saver]: Saving map (periodic) -> /home/tkddn647/test/maps/my_map_20260314_194351.pbstream
[INFO] [1773485032.653698197] [map_auto_saver]: Map saved successfully.
[INFO] [1773485032.654131302] [map_auto_saver]: Exporting ROS map (periodic) -> /home/tkddn647/test/maps/my_map_20260314_194351.png + .yaml
[INFO] [1773485033.293955536] [map_auto_saver]: ROS map export succeeded.
[INFO] [1773485041.916328546] [map_auto_saver]: Saving map (periodic) -> /home/tkddn647/test/maps/my_map_20260314_194401.pbstream
[INFO] [1773485042.764373710] [map_auto_saver]: Map saved successfully.
[INFO] [1773485042.765197330] [map_auto_saver]: Exporting ROS map (periodic) -> /home/tkddn647/test/maps/my_map_20260314_194401.png + .yaml
[INFO] [1773485043.526116216] [map_auto_saver]: ROS map export succeeded.
[INFO] [1773485051.916791940] [map_auto_saver]: Saving map (periodic) -> /home/tkddn647/test/maps/my_map_20260314_194411.pbstream
[INFO] [1773485052.799492574] [map_auto_saver]: Map saved successfully.
[INFO] [1773485052.799992707] [map_auto_saver]: Exporting ROS map (periodic) -> /home/tkddn647/test/maps/my_map_20260314_194411.png + .yaml
[INFO] [1773485053.558621675] [map_auto_saver]: ROS map export succeeded.
[INFO] [1773485061.916410951] [map_auto_saver]: Saving map (periodic) -> /home/tkddn647/test/maps/my_map_20260314_194421.pbstream
[INFO] [1773485062.807527332] [map_auto_saver]: Map saved successfully.
[INFO] [1773485062.807975161] [map_auto_saver]: Exporting ROS map (periodic) -> /home/tkddn647/test/maps/my_map_20260314_194421.png + .yaml
[INFO] [1773485063.499879157] [map_auto_saver]: ROS map export succeeded.
[INFO] [1773485071.916524763] [map_auto_saver]: Saving map (periodic) -> /home/tkddn647/test/maps/my_map_20260314_194431.pbstream
[INFO] [1773485072.887786459] [map_auto_saver]: Map saved successfully.
[INFO] [1773485072.888243520] [map_auto_saver]: Exporting ROS map (periodic) -> /home/tkddn647/test/maps/my_map_20260314_194431.png + .yaml
[INFO] [1773485073.677915930] [map_auto_saver]: ROS map export succeeded.
[INFO] [1773485081.916547555] [map_auto_saver]: Saving map (periodic) -> /home/tkddn647/test/maps/my_map_20260314_194441.pbstream
[INFO] [1773485082.970995608] [map_auto_saver]: Map saved successfully.
[INFO] [1773485082.971809580] [map_auto_saver]: Exporting ROS map (periodic) -> /home/tkddn647/test/maps/my_map_20260314_194441.png + .yaml
[INFO] [1773485083.720654115] [map_auto_saver]: ROS map export succeeded.
[INFO] [1773485091.916898193] [map_auto_saver]: Saving map (periodic) -> /home/tkddn647/test/maps/my_map_20260314_194451.pbstream
[INFO] [1773485093.003638726] [map_auto_saver]: Map saved successfully.
[INFO] [1773485093.004118701] [map_auto_saver]: Exporting ROS map (periodic) -> /home/tkddn647/test/maps/my_map_20260314_194451.png + .yaml
[INFO] [1773485093.821517117] [map_auto_saver]: ROS map export succeeded.
[INFO] [1773485101.916826407] [map_auto_saver]: Saving map (periodic) -> /home/tkddn647/test/maps/my_map_20260314_194501.pbstream
[INFO] [1773485102.999769361] [map_auto_saver]: Map saved successfully.
[INFO] [1773485103.000221709] [map_auto_saver]: Exporting ROS map (periodic) -> /home/tkddn647/test/maps/my_map_20260314_194501.png + .yaml
[INFO] [1773485103.753708745] [map_auto_saver]: ROS map export succeeded.
[INFO] [1773485111.916623668] [map_auto_saver]: Saving map (periodic) -> /home/tkddn647/test/maps/my_map_20260314_194511.pbstream
[INFO] [1773485113.033795465] [map_auto_saver]: Map saved successfully.
[INFO] [1773485113.034340163] [map_auto_saver]: Exporting ROS map (periodic) -> /home/tkddn647/test/maps/my_map_20260314_194511.png + .yaml
[INFO] [1773485113.791682231] [map_auto_saver]: ROS map export succeeded.
[INFO] [1773485121.916910884] [map_auto_saver]: Saving map (periodic) -> /home/tkddn647/test/maps/my_map_20260314_194521.pbstream
[INFO] [1773485123.700336025] [map_auto_saver]: Map saved successfully.
[INFO] [1773485123.700803787] [map_auto_saver]: Exporting ROS map (periodic) -> /home/tkddn647/test/maps/my_map_20260314_194521.png + .yaml
[INFO] [1773485124.438271529] [map_auto_saver]: ROS map export succeeded.
[INFO] [1773485131.917143668] [map_auto_saver]: Saving map (periodic) -> /home/tkddn647/test/maps/my_map_20260314_194531.pbstream
[INFO] [1773485133.194454904] [map_auto_saver]: Map saved successfully.
[INFO] [1773485133.194905383] [map_auto_saver]: Exporting ROS map (periodic) -> /home/tkddn647/test/maps/my_map_20260314_194531.png + .yaml
[INFO] [1773485133.931986823] [map_auto_saver]: ROS map export succeeded.
[INFO] [1773485141.916784507] [map_auto_saver]: Saving map (periodic) -> /home/tkddn647/test/maps/my_map_20260314_194541.pbstream
[INFO] [1773485143.263160644] [map_auto_saver]: Map saved successfully.
[INFO] [1773485143.263627033] [map_auto_saver]: Exporting ROS map (periodic) -> /home/tkddn647/test/maps/my_map_20260314_194541.png + .yaml
[INFO] [1773485144.023397984] [map_auto_saver]: ROS map export succeeded.
[INFO] [1773485151.916500961] [map_auto_saver]: Saving map (periodic) -> /home/tkddn647/test/maps/my_map_20260314_194551.pbstream
[INFO] [1773485153.315153153] [map_auto_saver]: Map saved successfully.
[INFO] [1773485153.316056605] [map_auto_saver]: Exporting ROS map (periodic) -> /home/tkddn647/test/maps/my_map_20260314_194551.png + .yaml
[INFO] [1773485154.099262149] [map_auto_saver]: ROS map export succeeded.
[INFO] [1773485161.917040608] [map_auto_saver]: Saving map (periodic) -> /home/tkddn647/test/maps/my_map_20260314_194601.pbstream
[INFO] [1773485163.362434916] [map_auto_saver]: Map saved successfully.
[INFO] [1773485163.363017897] [map_auto_saver]: Exporting ROS map (periodic) -> /home/tkddn647/test/maps/my_map_20260314_194601.png + .yaml
[INFO] [1773485164.108413042] [map_auto_saver]: ROS map export succeeded.
[INFO] [1773485171.917053627] [map_auto_saver]: Saving map (periodic) -> /home/tkddn647/test/maps/my_map_20260314_194611.pbstream
[INFO] [1773485173.373249534] [map_auto_saver]: Map saved successfully.
[INFO] [1773485173.373739428] [map_auto_saver]: Exporting ROS map (periodic) -> /home/tkddn647/test/maps/my_map_20260314_194611.png + .yaml
[INFO] [1773485174.156818863] [map_auto_saver]: ROS map export succeeded.
[INFO] [1773485181.917103194] [map_auto_saver]: Saving map (periodic) -> /home/tkddn647/test/maps/my_map_20260314_194621.pbstream
[INFO] [1773485183.502455046] [map_auto_saver]: Map saved successfully.
[INFO] [1773485183.502939419] [map_auto_saver]: Exporting ROS map (periodic) -> /home/tkddn647/test/maps/my_map_20260314_194621.png + .yaml
[INFO] [1773485184.371941986] [map_auto_saver]: ROS map export succeeded.
[INFO] [1773485191.916837171] [map_auto_saver]: Saving map (periodic) -> /home/tkddn647/test/maps/my_map_20260314_194631.pbstream
[INFO] [1773485193.461488378] [map_auto_saver]: Map saved successfully.
[INFO] [1773485193.461924340] [map_auto_saver]: Exporting ROS map (periodic) -> /home/tkddn647/test/maps/my_map_20260314_194631.png + .yaml
[INFO] [1773485194.212034787] [map_auto_saver]: ROS map export succeeded.
[INFO] [1773485201.917207933] [map_auto_saver]: Saving map (periodic) -> /home/tkddn647/test/maps/my_map_20260314_194641.pbstream
[INFO] [1773485203.533378439] [map_auto_saver]: Map saved successfully.
[INFO] [1773485203.534048895] [map_auto_saver]: Exporting ROS map (periodic) -> /home/tkddn647/test/maps/my_map_20260314_194641.png + .yaml
[INFO] [1773485204.266507003] [map_auto_saver]: ROS map export succeeded.
[INFO] [1773485211.916992181] [map_auto_saver]: Saving map (periodic) -> /home/tkddn647/test/maps/my_map_20260314_194651.pbstream
[INFO] [1773485213.539070652] [map_auto_saver]: Map saved successfully.
[INFO] [1773485213.539532058] [map_auto_saver]: Exporting ROS map (periodic) -> /home/tkddn647/test/maps/my_map_20260314_194651.png + .yaml
[INFO] [1773485214.326326634] [map_auto_saver]: ROS map export succeeded.
[INFO] [1773485221.917123247] [map_auto_saver]: Saving map (periodic) -> /home/tkddn647/test/maps/my_map_20260314_194701.pbstream
[INFO] [1773485223.673790144] [map_auto_saver]: Map saved successfully.
[INFO] [1773485223.674292295] [map_auto_saver]: Exporting ROS map (periodic) -> /home/tkddn647/test/maps/my_map_20260314_194701.png + .yaml
[INFO] [1773485224.308561400] [map_auto_saver]: ROS map export succeeded.
[INFO] [1773485231.916889907] [map_auto_saver]: Saving map (periodic) -> /home/tkddn647/test/maps/my_map_20260314_194711.pbstream
[INFO] [1773485233.669570470] [map_auto_saver]: Map saved successfully.
[INFO] [1773485233.670058078] [map_auto_saver]: Exporting ROS map (periodic) -> /home/tkddn647/test/maps/my_map_20260314_194711.png + .yaml
[INFO] [1773485234.418157421] [map_auto_saver]: ROS map export succeeded.
[INFO] [1773485241.916840316] [map_auto_saver]: Saving map (periodic) -> /home/tkddn647/test/maps/my_map_20260314_194721.pbstream
[INFO] [1773485243.643963713] [map_auto_saver]: Map saved successfully.
[INFO] [1773485243.644424066] [map_auto_saver]: Exporting ROS map (periodic) -> /home/tkddn647/test/maps/my_map_20260314_194721.png + .yaml
[INFO] [1773485244.449512312] [map_auto_saver]: ROS map export succeeded.
[INFO] [1773485251.917252869] [map_auto_saver]: Saving map (periodic) -> /home/tkddn647/test/maps/my_map_20260314_194731.pbstream
[INFO] [1773485253.789614031] [map_auto_saver]: Map saved successfully.
[INFO] [1773485253.790110883] [map_auto_saver]: Exporting ROS map (periodic) -> /home/tkddn647/test/maps/my_map_20260314_194731.png + .yaml
[INFO] [1773485255.103430266] [map_auto_saver]: ROS map export succeeded.
[INFO] [1773485261.916744393] [map_auto_saver]: Saving map (periodic) -> /home/tkddn647/test/maps/my_map_20260314_194741.pbstream
[INFO] [1773485263.842193610] [map_auto_saver]: Map saved successfully.
[INFO] [1773485263.842643788] [map_auto_saver]: Exporting ROS map (periodic) -> /home/tkddn647/test/maps/my_map_20260314_194741.png + .yaml
[INFO] [1773485264.602281519] [map_auto_saver]: ROS map export succeeded.
[INFO] [1773485271.916337394] [map_auto_saver]: Saving map (periodic) -> /home/tkddn647/test/maps/my_map_20260314_194751.pbstream
[INFO] [1773485273.888307618] [map_auto_saver]: Map saved successfully.
[INFO] [1773485273.888783630] [map_auto_saver]: Exporting ROS map (periodic) -> /home/tkddn647/test/maps/my_map_20260314_194751.png + .yaml
[INFO] [1773485274.671189589] [map_auto_saver]: ROS map export succeeded.
[INFO] [1773485281.917233767] [map_auto_saver]: Saving map (periodic) -> /home/tkddn647/test/maps/my_map_20260314_194801.pbstream
[INFO] [1773485283.856690268] [map_auto_saver]: Map saved successfully.
[INFO] [1773485283.857134595] [map_auto_saver]: Exporting ROS map (periodic) -> /home/tkddn647/test/maps/my_map_20260314_194801.png + .yaml
[INFO] [1773485284.603791294] [map_auto_saver]: ROS map export succeeded.
[INFO] [1773485291.916799498] [map_auto_saver]: Saving map (periodic) -> /home/tkddn647/test/maps/my_map_20260314_194811.pbstream
[INFO] [1773485293.955554351] [map_auto_saver]: Map saved successfully.
[INFO] [1773485293.956041003] [map_auto_saver]: Exporting ROS map (periodic) -> /home/tkddn647/test/maps/my_map_20260314_194811.png + .yaml
[INFO] [1773485294.687519233] [map_auto_saver]: ROS map export succeeded.
[INFO] [1773485301.917212159] [map_auto_saver]: Saving map (periodic) -> /home/tkddn647/test/maps/my_map_20260314_194821.pbstream
[INFO] [1773485304.029520923] [map_auto_saver]: Map saved successfully.
[INFO] [1773485304.030078065] [map_auto_saver]: Exporting ROS map (periodic) -> /home/tkddn647/test/maps/my_map_20260314_194821.png + .yaml
[INFO] [1773485304.819179916] [map_auto_saver]: ROS map export succeeded.
[INFO] [1773485311.916778712] [map_auto_saver]: Saving map (periodic) -> /home/tkddn647/test/maps/my_map_20260314_194831.pbstream
[INFO] [1773485313.980986819] [map_auto_saver]: Map saved successfully.
[INFO] [1773485313.981474032] [map_auto_saver]: Exporting ROS map (periodic) -> /home/tkddn647/test/maps/my_map_20260314_194831.png + .yaml
[INFO] [1773485314.735348946] [map_auto_saver]: ROS map export succeeded.
[INFO] [1773485321.916803441] [map_auto_saver]: Saving map (periodic) -> /home/tkddn647/test/maps/my_map_20260314_194841.pbstream
[INFO] [1773485324.043075224] [map_auto_saver]: Map saved successfully.
[INFO] [1773485324.043593877] [map_auto_saver]: Exporting ROS map (periodic) -> /home/tkddn647/test/maps/my_map_20260314_194841.png + .yaml
[INFO] [1773485324.802233194] [map_auto_saver]: ROS map export succeeded.
[INFO] [1773485331.916937384] [map_auto_saver]: Saving map (periodic) -> /home/tkddn647/test/maps/my_map_20260314_194851.pbstream
[INFO] [1773485334.228115620] [map_auto_saver]: Map saved successfully.
[INFO] [1773485334.228623005] [map_auto_saver]: Exporting ROS map (periodic) -> /home/tkddn647/test/maps/my_map_20260314_194851.png + .yaml
[INFO] [1773485334.971859402] [map_auto_saver]: ROS map export succeeded.
[INFO] [1773485335.374380779] [map_auto_saver]: KeyboardInterrupt received. Attempting shutdown save...
