[INFO] [1773476385.490672774] [map_auto_saver]: Periodic auto-save enabled: every 12.0s -> /home/tkddn647/test/maps
[INFO] [1773476397.481662455] [map_auto_saver]: Saving map (periodic) -> /home/tkddn647/test/maps/outer_border_map_20260314_171957.pbstream
[INFO] [1773476397.483862913] [map_auto_saver]: Map saved successfully.
[INFO] [1773476397.484447355] [map_auto_saver]: Exporting ROS map (periodic) -> /home/tkddn647/test/maps/outer_border_map_20260314_171957.png + .yaml
[ERROR] [1773476399.893775050] [map_auto_saver]: ROS map export failed (code=1). stdout="[ros2run]: Process exited with failure 1" stderr="1773476397.652702 [0] map_saver_: selected interface "lo" is not multicast-capable: disabling multicast
[INFO] [1773476397.661851857] [map_saver]: 
	map_saver lifecycle node launched. 
	Waiting on external lifecycle transitions to activate
	See https://design.ros2.org/articles/node_lifecycle.html for more information.
[INFO] [1773476397.662018685] [map_saver]: Creating
[INFO] [1773476397.662459804] [map_saver]: Configuring
[INFO] [1773476397.664340514] [map_saver]: Saving map from '/map' topic to '/home/tkddn647/test/maps/outer_border_map_20260314_171957' file
[WARN] [1773476397.664385569] [map_saver]: Free threshold unspecified. Setting it to default value: 0.250000
[WARN] [1773476397.664404004] [map_saver]: Occupied threshold unspecified. Setting it to default value: 0.650000
[ERROR] [1773476399.664993860] [map_saver]: Failed to spin map subscription
[INFO] [1773476399.668110805] [map_saver]: Destroying"
[WARN] [1773476399.894783876] [map_auto_saver]: Falling back to pbstream->ros_map export (periodic) -> /home/tkddn647/test/maps/outer_border_map_20260314_171957_rosmap.yaml
[ERROR] [1773476400.191904740] [map_auto_saver]: pbstream_to_ros_map failed (code=250). stdout="[ros2run]: Aborted" stderr="I0314 17:20:00.072795 19445 pbstream_to_ros_map_main.cpp:44] Loading submap slices from serialized data.
I0314 17:20:00.073545 19445 pbstream_to_ros_map_main.cpp:52] Generating combined map image from submap slices.
F0314 17:20:00.073757 19445 image.cc:55] Check failed: cairo_image_surface_get_format(surface.get()) == kCairoFormat (-1 vs. 0) 
*** Check failure stack trace: ***
    @     0x7a3668959b03  google::LogMessage::Fail()
    @     0x7a36689619d1  google::LogMessage::SendToLog()
    @     0x7a36689597c2  google::LogMessage::Flush()
    @     0x7a366895b78f  google::LogMessageFatal::~LogMessageFatal()
    @     0x620b6d346ca2  (unknown)
    @     0x620b6d345ae8  (unknown)
    @     0x620b6d34412f  (unknown)
    @     0x7a3667c29d90  (unknown)
    @     0x7a3667c29e40  __libc_start_main
    @     0x620b6d3450f5  (unknown)"
[INFO] [1773476409.481533105] [map_auto_saver]: Saving map (periodic) -> /home/tkddn647/test/maps/outer_border_map_20260314_172009.pbstream
[INFO] [1773476409.483740934] [map_auto_saver]: Map saved successfully.
[INFO] [1773476409.484299500] [map_auto_saver]: Exporting ROS map (periodic) -> /home/tkddn647/test/maps/outer_border_map_20260314_172009.png + .yaml
[ERROR] [1773476411.908997789] [map_auto_saver]: ROS map export failed (code=1). stdout="[ros2run]: Process exited with failure 1" stderr="1773476409.666751 [0] map_saver_: selected interface "lo" is not multicast-capable: disabling multicast
[INFO] [1773476409.676524415] [map_saver]: 
	map_saver lifecycle node launched. 
	Waiting on external lifecycle transitions to activate
	See https://design.ros2.org/articles/node_lifecycle.html for more information.
[INFO] [1773476409.676676245] [map_saver]: Creating
[INFO] [1773476409.677070368] [map_saver]: Configuring
[INFO] [1773476409.678999136] [map_saver]: Saving map from '/map' topic to '/home/tkddn647/test/maps/outer_border_map_20260314_172009' file
[WARN] [1773476409.679075615] [map_saver]: Free threshold unspecified. Setting it to default value: 0.250000
[WARN] [1773476409.679098298] [map_saver]: Occupied threshold unspecified. Setting it to default value: 0.650000
[ERROR] [1773476411.679945988] [map_saver]: Failed to spin map subscription
[INFO] [1773476411.683216096] [map_saver]: Destroying"
[WARN] [1773476411.909922199] [map_auto_saver]: Falling back to pbstream->ros_map export (periodic) -> /home/tkddn647/test/maps/outer_border_map_20260314_172009_rosmap.yaml
[ERROR] [1773476412.182241416] [map_auto_saver]: pbstream_to_ros_map failed (code=250). stdout="[ros2run]: Aborted" stderr="I0314 17:20:12.076565 19517 pbstream_to_ros_map_main.cpp:44] Loading submap slices from serialized data.
I0314 17:20:12.077265 19517 pbstream_to_ros_map_main.cpp:52] Generating combined map image from submap slices.
F0314 17:20:12.077409 19517 image.cc:55] Check failed: cairo_image_surface_get_format(surface.get()) == kCairoFormat (-1 vs. 0) 
*** Check failure stack trace: ***
    @     0x706edbcd2b03  google::LogMessage::Fail()
    @     0x706edbcda9d1  google::LogMessage::SendToLog()
    @     0x706edbcd27c2  google::LogMessage::Flush()
    @     0x706edbcd478f  google::LogMessageFatal::~LogMessageFatal()
    @     0x5c7e6e882ca2  (unknown)
    @     0x5c7e6e881ae8  (unknown)
    @     0x5c7e6e88012f  (unknown)
    @     0x706edb029d90  (unknown)
    @     0x706edb029e40  __libc_start_main
    @     0x5c7e6e8810f5  (unknown)"
[INFO] [1773476414.416000685] [map_auto_saver]: KeyboardInterrupt received. Attempting shutdown save...
