[ 10%] Built target sllidar_client
Consolidate compiler generated dependencies of target sllidar_node
[ 15%] Building CXX object CMakeFiles/sllidar_node.dir/sdk/src/dataunpacker/dataunpacker.cpp.o
[ 20%] Building CXX object CMakeFiles/sllidar_node.dir/sdk/src/arch/linux/net_socket.cpp.o
[ 35%] Building CXX object CMakeFiles/sllidar_node.dir/sdk/src/sl_async_transceiver.cpp.o
[ 40%] Building CXX object CMakeFiles/sllidar_node.dir/sdk/src/dataunpacker/unpacker/handler_hqnode.cpp.o
[ 45%] Building CXX object CMakeFiles/sllidar_node.dir/sdk/src/rplidar_driver.cpp.o
[ 50%] Building CXX object CMakeFiles/sllidar_node.dir/sdk/src/dataunpacker/unpacker/handler_capsules.cpp.o
[ 50%] Building CXX object CMakeFiles/sllidar_node.dir/src/sllidar_node.cpp.o
[ 50%] Building CXX object CMakeFiles/sllidar_node.dir/sdk/src/dataunpacker/unpacker/handler_normalnode.cpp.o
[ 55%] Building CXX object CMakeFiles/sllidar_node.dir/sdk/src/sl_serial_channel.cpp.o
[ 60%] Building CXX object CMakeFiles/sllidar_node.dir/sdk/src/sl_lidarprotocol_codec.cpp.o
[ 65%] Building CXX object CMakeFiles/sllidar_node.dir/sdk/src/hal/thread.cpp.o
[ 70%] Building CXX object CMakeFiles/sllidar_node.dir/sdk/src/sl_lidar_driver.cpp.o
In file included from /home/tkddn647/test/src/sllidar_ros2/./sdk/include/sl_lidar_cmd.h:41,
                 from /home/tkddn647/test/src/sllidar_ros2/./sdk/include/sl_lidar_driver.h:54,
                 from /home/tkddn647/test/src/sllidar_ros2/sdk/src/sl_serial_channel.cpp:33:
/home/tkddn647/test/src/sllidar_ros2/./sdk/include/sl_lidar_protocol.h:66:16: warning: ISO C++ forbids zero-size array ‘data’ [-Wpedantic]
   66 |     sl_u8 data[0];
      |                ^
In file included from /home/tkddn647/test/src/sllidar_ros2/./sdk/include/sl_lidar_driver.h:54,
                 from /home/tkddn647/test/src/sllidar_ros2/sdk/src/sl_serial_channel.cpp:33:
/home/tkddn647/test/src/sllidar_ros2/./sdk/include/sl_lidar_cmd.h:324:20: warning: ISO C++ forbids zero-size array ‘payload’ [-Wpedantic]
  324 |     sl_u8  payload[0];
      |                    ^
In file included from /home/tkddn647/test/src/sllidar_ros2/./sdk/include/rplidar_protocol.h:36,
                 from /home/tkddn647/test/src/sllidar_ros2/./sdk/include/rplidar.h:39,
                 from /home/tkddn647/test/src/sllidar_ros2/sdk/src/sdkcommon.h:49,
                 from /home/tkddn647/test/src/sllidar_ros2/sdk/src/sl_async_transceiver.cpp:35:
/home/tkddn647/test/src/sllidar_ros2/./sdk/include/sl_lidar_protocol.h:66:16: warning: ISO C++ forbids zero-size array ‘data’ [-Wpedantic]
   66 |     sl_u8 data[0];
      |                ^
In file included from /home/tkddn647/test/src/sllidar_ros2/./sdk/include/rplidar_cmd.h:36,
                 from /home/tkddn647/test/src/sllidar_ros2/./sdk/include/rplidar.h:40,
                 from /home/tkddn647/test/src/sllidar_ros2/sdk/src/sdkcommon.h:49,
                 from /home/tkddn647/test/src/sllidar_ros2/sdk/src/sl_async_transceiver.cpp:35:
/home/tkddn647/test/src/sllidar_ros2/./sdk/include/sl_lidar_cmd.h:324:20: warning: ISO C++ forbids zero-size array ‘payload’ [-Wpedantic]
  324 |     sl_u8  payload[0];
      |                    ^
In file included from /home/tkddn647/test/src/sllidar_ros2/./sdk/include/rplidar_protocol.h:36,
                 from /home/tkddn647/test/src/sllidar_ros2/./sdk/include/rplidar.h:39,
                 from /home/tkddn647/test/src/sllidar_ros2/sdk/src/sdkcommon.h:49,
                 from /home/tkddn647/test/src/sllidar_ros2/sdk/src/rplidar_driver.cpp:33:
/home/tkddn647/test/src/sllidar_ros2/./sdk/include/sl_lidar_protocol.h:66:16: warning: ISO C++ forbids zero-size array ‘data’ [-Wpedantic]
   66 |     sl_u8 data[0];
      |                ^
In file included from /home/tkddn647/test/src/sllidar_ros2/./sdk/include/rplidar_cmd.h:36,
                 from /home/tkddn647/test/src/sllidar_ros2/./sdk/include/rplidar.h:40,
                 from /home/tkddn647/test/src/sllidar_ros2/sdk/src/sdkcommon.h:49,
                 from /home/tkddn647/test/src/sllidar_ros2/sdk/src/rplidar_driver.cpp:33:
/home/tkddn647/test/src/sllidar_ros2/./sdk/include/sl_lidar_cmd.h:324:20: warning: ISO C++ forbids zero-size array ‘payload’ [-Wpedantic]
  324 |     sl_u8  payload[0];
      |                    ^
In file included from /home/tkddn647/test/src/sllidar_ros2/./sdk/include/rplidar_protocol.h:36,
                 from /home/tkddn647/test/src/sllidar_ros2/./sdk/include/rplidar.h:39,
                 from /home/tkddn647/test/src/sllidar_ros2/./sdk/src/sdkcommon.h:49,
                 from /home/tkddn647/test/src/sllidar_ros2/sdk/src/dataunpacker/unpacker/../dataunnpacker_commondef.h:41,
                 from /home/tkddn647/test/src/sllidar_ros2/sdk/src/dataunpacker/unpacker/handler_hqnode.cpp:39:
/home/tkddn647/test/src/sllidar_ros2/./sdk/include/sl_lidar_protocol.h:66:16: warning: ISO C++ forbids zero-size array ‘data’ [-Wpedantic]
   66 |     sl_u8 data[0];
      |                ^
In file included from /home/tkddn647/test/src/sllidar_ros2/./sdk/include/rplidar_cmd.h:36,
                 from /home/tkddn647/test/src/sllidar_ros2/./sdk/include/rplidar.h:40,
                 from /home/tkddn647/test/src/sllidar_ros2/./sdk/src/sdkcommon.h:49,
                 from /home/tkddn647/test/src/sllidar_ros2/sdk/src/dataunpacker/unpacker/../dataunnpacker_commondef.h:41,
                 from /home/tkddn647/test/src/sllidar_ros2/sdk/src/dataunpacker/unpacker/handler_hqnode.cpp:39:
/home/tkddn647/test/src/sllidar_ros2/./sdk/include/sl_lidar_cmd.h:324:20: warning: ISO C++ forbids zero-size array ‘payload’ [-Wpedantic]
  324 |     sl_u8  payload[0];
      |                    ^
In file included from /home/tkddn647/test/src/sllidar_ros2/./sdk/include/rplidar_protocol.h:36,
                 from /home/tkddn647/test/src/sllidar_ros2/./sdk/include/rplidar.h:39,
                 from /home/tkddn647/test/src/sllidar_ros2/./sdk/src/sdkcommon.h:49,
                 from /home/tkddn647/test/src/sllidar_ros2/sdk/src/hal/thread.cpp:35:
/home/tkddn647/test/src/sllidar_ros2/./sdk/include/sl_lidar_protocol.h:66:16: warning: ISO C++ forbids zero-size array ‘data’ [-Wpedantic]
   66 |     sl_u8 data[0];
      |                ^
In file included from /home/tkddn647/test/src/sllidar_ros2/./sdk/include/rplidar_cmd.h:36,
                 from /home/tkddn647/test/src/sllidar_ros2/./sdk/include/rplidar.h:40,
                 from /home/tkddn647/test/src/sllidar_ros2/./sdk/src/sdkcommon.h:49,
                 from /home/tkddn647/test/src/sllidar_ros2/sdk/src/hal/thread.cpp:35:
/home/tkddn647/test/src/sllidar_ros2/./sdk/include/sl_lidar_cmd.h:324:20: warning: ISO C++ forbids zero-size array ‘payload’ [-Wpedantic]
  324 |     sl_u8  payload[0];
      |                    ^
In file included from /home/tkddn647/test/src/sllidar_ros2/./sdk/include/rplidar_protocol.h:36,
                 from /home/tkddn647/test/src/sllidar_ros2/./sdk/include/rplidar.h:39,
                 from /home/tkddn647/test/src/sllidar_ros2/./sdk/src/sdkcommon.h:49,
                 from /home/tkddn647/test/src/sllidar_ros2/sdk/src/dataunpacker/unpacker/../dataunnpacker_commondef.h:41,
                 from /home/tkddn647/test/src/sllidar_ros2/sdk/src/dataunpacker/unpacker/handler_capsules.cpp:39:
/home/tkddn647/test/src/sllidar_ros2/./sdk/include/sl_lidar_protocol.h:66:16: warning: ISO C++ forbids zero-size array ‘data’ [-Wpedantic]
   66 |     sl_u8 data[0];
      |                ^
In file included from /home/tkddn647/test/src/sllidar_ros2/./sdk/include/rplidar_cmd.h:36,
                 from /home/tkddn647/test/src/sllidar_ros2/./sdk/include/rplidar.h:40,
                 from /home/tkddn647/test/src/sllidar_ros2/./sdk/src/sdkcommon.h:49,
                 from /home/tkddn647/test/src/sllidar_ros2/sdk/src/dataunpacker/unpacker/../dataunnpacker_commondef.h:41,
                 from /home/tkddn647/test/src/sllidar_ros2/sdk/src/dataunpacker/unpacker/handler_capsules.cpp:39:
/home/tkddn647/test/src/sllidar_ros2/./sdk/include/sl_lidar_cmd.h:324:20: warning: ISO C++ forbids zero-size array ‘payload’ [-Wpedantic]
  324 |     sl_u8  payload[0];
      |                    ^
In file included from /home/tkddn647/test/src/sllidar_ros2/./sdk/include/rplidar_protocol.h:36,
                 from /home/tkddn647/test/src/sllidar_ros2/./sdk/include/rplidar.h:39,
                 from /home/tkddn647/test/src/sllidar_ros2/sdk/src/sdkcommon.h:49,
                 from /home/tkddn647/test/src/sllidar_ros2/sdk/src/sl_lidarprotocol_codec.cpp:35:
/home/tkddn647/test/src/sllidar_ros2/./sdk/include/sl_lidar_protocol.h:66:16: warning: ISO C++ forbids zero-size array ‘data’ [-Wpedantic]
   66 |     sl_u8 data[0];
      |                ^
In file included from /home/tkddn647/test/src/sllidar_ros2/./sdk/include/rplidar_cmd.h:36,
                 from /home/tkddn647/test/src/sllidar_ros2/./sdk/include/rplidar.h:40,
                 from /home/tkddn647/test/src/sllidar_ros2/sdk/src/sdkcommon.h:49,
                 from /home/tkddn647/test/src/sllidar_ros2/sdk/src/sl_lidarprotocol_codec.cpp:35:
/home/tkddn647/test/src/sllidar_ros2/./sdk/include/sl_lidar_cmd.h:324:20: warning: ISO C++ forbids zero-size array ‘payload’ [-Wpedantic]
  324 |     sl_u8  payload[0];
      |                    ^
In file included from /home/tkddn647/test/src/sllidar_ros2/./sdk/include/rplidar_protocol.h:36,
                 from /home/tkddn647/test/src/sllidar_ros2/./sdk/include/rplidar.h:39,
                 from /home/tkddn647/test/src/sllidar_ros2/./sdk/src/sdkcommon.h:49,
                 from /home/tkddn647/test/src/sllidar_ros2/sdk/src/dataunpacker/dataunnpacker_commondef.h:41,
                 from /home/tkddn647/test/src/sllidar_ros2/sdk/src/dataunpacker/dataunpacker.cpp:39:
/home/tkddn647/test/src/sllidar_ros2/./sdk/include/sl_lidar_protocol.h:66:16: warning: ISO C++ forbids zero-size array ‘data’ [-Wpedantic]
   66 |     sl_u8 data[0];
      |                ^
In file included from /home/tkddn647/test/src/sllidar_ros2/./sdk/include/rplidar_cmd.h:36,
                 from /home/tkddn647/test/src/sllidar_ros2/./sdk/include/rplidar.h:40,
                 from /home/tkddn647/test/src/sllidar_ros2/./sdk/src/sdkcommon.h:49,
                 from /home/tkddn647/test/src/sllidar_ros2/sdk/src/dataunpacker/dataunnpacker_commondef.h:41,
                 from /home/tkddn647/test/src/sllidar_ros2/sdk/src/dataunpacker/dataunpacker.cpp:39:
/home/tkddn647/test/src/sllidar_ros2/./sdk/include/sl_lidar_cmd.h:324:20: warning: ISO C++ forbids zero-size array ‘payload’ [-Wpedantic]
  324 |     sl_u8  payload[0];
      |                    ^
In file included from /home/tkddn647/test/src/sllidar_ros2/./sdk/include/rplidar_protocol.h:36,
                 from /home/tkddn647/test/src/sllidar_ros2/./sdk/include/rplidar.h:39,
                 from /home/tkddn647/test/src/sllidar_ros2/./sdk/src/sdkcommon.h:49,
                 from /home/tkddn647/test/src/sllidar_ros2/sdk/src/dataunpacker/unpacker/../dataunnpacker_commondef.h:41,
                 from /home/tkddn647/test/src/sllidar_ros2/sdk/src/dataunpacker/unpacker/handler_normalnode.cpp:39:
/home/tkddn647/test/src/sllidar_ros2/./sdk/include/sl_lidar_protocol.h:66:16: warning: ISO C++ forbids zero-size array ‘data’ [-Wpedantic]
   66 |     sl_u8 data[0];
      |                ^
In file included from /home/tkddn647/test/src/sllidar_ros2/./sdk/include/rplidar_cmd.h:36,
                 from /home/tkddn647/test/src/sllidar_ros2/./sdk/include/rplidar.h:40,
                 from /home/tkddn647/test/src/sllidar_ros2/./sdk/src/sdkcommon.h:49,
                 from /home/tkddn647/test/src/sllidar_ros2/sdk/src/dataunpacker/unpacker/../dataunnpacker_commondef.h:41,
                 from /home/tkddn647/test/src/sllidar_ros2/sdk/src/dataunpacker/unpacker/handler_normalnode.cpp:39:
/home/tkddn647/test/src/sllidar_ros2/./sdk/include/sl_lidar_cmd.h:324:20: warning: ISO C++ forbids zero-size array ‘payload’ [-Wpedantic]
  324 |     sl_u8  payload[0];
      |                    ^
In file included from /home/tkddn647/test/src/sllidar_ros2/./sdk/include/rplidar_protocol.h:36,
                 from /home/tkddn647/test/src/sllidar_ros2/./sdk/include/rplidar.h:39,
                 from /home/tkddn647/test/src/sllidar_ros2/sdk/src/sdkcommon.h:49,
                 from /home/tkddn647/test/src/sllidar_ros2/sdk/src/sl_lidar_driver.cpp:33:
/home/tkddn647/test/src/sllidar_ros2/./sdk/include/sl_lidar_protocol.h:66:16: warning: ISO C++ forbids zero-size array ‘data’ [-Wpedantic]
   66 |     sl_u8 data[0];
      |                ^
In file included from /home/tkddn647/test/src/sllidar_ros2/./sdk/include/rplidar_cmd.h:36,
                 from /home/tkddn647/test/src/sllidar_ros2/./sdk/include/rplidar.h:40,
                 from /home/tkddn647/test/src/sllidar_ros2/sdk/src/sdkcommon.h:49,
                 from /home/tkddn647/test/src/sllidar_ros2/sdk/src/sl_lidar_driver.cpp:33:
/home/tkddn647/test/src/sllidar_ros2/./sdk/include/sl_lidar_cmd.h:324:20: warning: ISO C++ forbids zero-size array ‘payload’ [-Wpedantic]
  324 |     sl_u8  payload[0];
      |                    ^
In file included from /home/tkddn647/test/src/sllidar_ros2/./sdk/include/rplidar_protocol.h:36,
                 from /home/tkddn647/test/src/sllidar_ros2/./sdk/include/rplidar.h:39,
                 from /home/tkddn647/test/src/sllidar_ros2/./sdk/src/sdkcommon.h:49,
                 from /home/tkddn647/test/src/sllidar_ros2/sdk/src/arch/linux/net_socket.cpp:10:
/home/tkddn647/test/src/sllidar_ros2/./sdk/include/sl_lidar_protocol.h:66:16: warning: ISO C++ forbids zero-size array ‘data’ [-Wpedantic]
   66 |     sl_u8 data[0];
      |                ^
In file included from /home/tkddn647/test/src/sllidar_ros2/./sdk/include/rplidar_cmd.h:36,
                 from /home/tkddn647/test/src/sllidar_ros2/./sdk/include/rplidar.h:40,
                 from /home/tkddn647/test/src/sllidar_ros2/./sdk/src/sdkcommon.h:49,
                 from /home/tkddn647/test/src/sllidar_ros2/sdk/src/arch/linux/net_socket.cpp:10:
/home/tkddn647/test/src/sllidar_ros2/./sdk/include/sl_lidar_cmd.h:324:20: warning: ISO C++ forbids zero-size array ‘payload’ [-Wpedantic]
  324 |     sl_u8  payload[0];
      |                    ^
[ 75%] Building CXX object CMakeFiles/sllidar_node.dir/sdk/src/sl_tcp_channel.cpp.o
In file included from /home/tkddn647/test/src/sllidar_ros2/sdk/src/hal/thread.cpp:43:
/home/tkddn647/test/src/sllidar_ros2/./sdk/src/arch/linux/thread.hpp: In static member function ‘static rp::hal::Thread rp::hal::Thread::create(thread_proc_t, void*)’:
/home/tkddn647/test/src/sllidar_ros2/./sdk/src/arch/linux/thread.hpp:52:57: warning: cast between incompatible function types from ‘thread_proc_t’ {aka ‘long unsigned int (*)(void*)’} to ‘void* (*)(void*)’ [-Wcast-function-type]
   52 |     pthread_create((pthread_t *)&newborn._handle, NULL, (void * (*)(void *))proc, data);
      |                                                         ^~~~~~~~~~~~~~~~~~~~~~~~
/home/tkddn647/test/src/sllidar_ros2/./sdk/src/arch/linux/thread.hpp: In member function ‘u_result rp::hal::Thread::join(long unsigned int)’:
/home/tkddn647/test/src/sllidar_ros2/./sdk/src/arch/linux/thread.hpp:176:37: warning: unused parameter ‘timeout’ [-Wunused-parameter]
  176 | u_result Thread::join(unsigned long timeout)
      |                       ~~~~~~~~~~~~~~^~~~~~~
In file included from /home/tkddn647/test/src/sllidar_ros2/./sdk/src/arch/linux/arch_linux.h:42,
                 from /home/tkddn647/test/src/sllidar_ros2/./sdk/src/sdkcommon.h:41,
                 from /home/tkddn647/test/src/sllidar_ros2/sdk/src/arch/linux/net_socket.cpp:10:
/home/tkddn647/test/src/sllidar_ros2/sdk/src/arch/linux/net_socket.cpp: In member function ‘virtual u_result rp::arch::net::DGramSocketImpl::sendTo(const rp::net::SocketAddress*, const void*, size_t)’:
/home/tkddn647/test/src/sllidar_ros2/sdk/src/arch/linux/net_socket.cpp:733:24: warning: comparison of integer expressions of different signedness: ‘int’ and ‘size_t’ {aka ‘long unsigned int’} [-Wsign-compare]
  733 |             assert(ans == len);
      |                    ~~~~^~~~~~
In file included from /home/tkddn647/test/src/sllidar_ros2/sdk/src/sl_async_transceiver.cpp:44:
/home/tkddn647/test/src/sllidar_ros2/sdk/src/sl_async_transceiver.h: In member function ‘virtual void sl::internal::IAsyncProtocolCodec::onChannelError(u_result)’:
/home/tkddn647/test/src/sllidar_ros2/sdk/src/sl_async_transceiver.h:90:48: warning: unused parameter ‘errCode’ [-Wunused-parameter]
   90 |         virtual void   onChannelError(u_result errCode) {}
      |                                       ~~~~~~~~~^~~~~~~
/home/tkddn647/test/src/sllidar_ros2/sdk/src/rplidar_driver.cpp: In member function ‘u_result rp::standalone::rplidar::RPlidarDriver::connect(const char*, _u32, _u32)’:
/home/tkddn647/test/src/sllidar_ros2/sdk/src/rplidar_driver.cpp:67:77: warning: unused parameter ‘flag’ [-Wunused-parameter]
   67 |     u_result RPlidarDriver::connect(const char *path, _u32 portOrBaud, _u32 flag)
      |                                                                        ~~~~~^~~~
/home/tkddn647/test/src/sllidar_ros2/sdk/src/rplidar_driver.cpp: In member function ‘u_result rp::standalone::rplidar::RPlidarDriver::reset(_u32)’:
/home/tkddn647/test/src/sllidar_ros2/sdk/src/rplidar_driver.cpp:101:40: warning: unused parameter ‘timeout’ [-Wunused-parameter]
  101 |     u_result RPlidarDriver::reset(_u32 timeout)
      |                                   ~~~~~^~~~~~~
/home/tkddn647/test/src/sllidar_ros2/sdk/src/rplidar_driver.cpp: In member function ‘u_result rp::standalone::rplidar::RPlidarDriver::getScanDataWithInterval(rplidar_response_measurement_node_t*, size_t&)’:
/home/tkddn647/test/src/sllidar_ros2/sdk/src/rplidar_driver.cpp:180:91: warning: unused parameter ‘nodebuffer’ [-Wunused-parameter]
  180 |     u_result RPlidarDriver::getScanDataWithInterval(rplidar_response_measurement_node_t * nodebuffer, size_t & count)
      |                                                     ~~~~~~~~~~~~~~~~~~~~~~~~~~~~~~~~~~~~~~^~~~~~~~~~
/home/tkddn647/test/src/sllidar_ros2/sdk/src/rplidar_driver.cpp:180:112: warning: unused parameter ‘count’ [-Wunused-parameter]
  180 |     u_result RPlidarDriver::getScanDataWithInterval(rplidar_response_measurement_node_t * nodebuffer, size_t & count)
      |                                                                                                       ~~~~~~~~~^~~~~
[ 80%] Building CXX object CMakeFiles/sllidar_node.dir/sdk/src/sl_udp_channel.cpp.o
In file included from /home/tkddn647/test/src/sllidar_ros2/sdk/src/dataunpacker/unpacker/handler_hqnode.cpp:40:
/home/tkddn647/test/src/sllidar_ros2/sdk/src/dataunpacker/unpacker/../dataunpacker.h: In member function ‘virtual void sl::internal::LIDARSampleDataListener::onCustomSampleDataDecoded(_u8, _u32, const void*, size_t)’:
/home/tkddn647/test/src/sllidar_ros2/sdk/src/dataunpacker/unpacker/../dataunpacker.h:54:52: warning: unused parameter ‘ansType’ [-Wunused-parameter]
   54 |         virtual void onCustomSampleDataDecoded(_u8 ansType, _u32 customCode, const void* data, size_t size) {}
      |                                                ~~~~^~~~~~~
/home/tkddn647/test/src/sllidar_ros2/sdk/src/dataunpacker/unpacker/../dataunpacker.h:54:66: warning: unused parameter ‘customCode’ [-Wunused-parameter]
   54 |         virtual void onCustomSampleDataDecoded(_u8 ansType, _u32 customCode, const void* data, size_t size) {}
      |                                                             ~~~~~^~~~~~~~~~
/home/tkddn647/test/src/sllidar_ros2/sdk/src/dataunpacker/unpacker/../dataunpacker.h:54:90: warning: unused parameter ‘data’ [-Wunused-parameter]
   54 |         virtual void onCustomSampleDataDecoded(_u8 ansType, _u32 customCode, const void* data, size_t size) {}
      |                                                                              ~~~~~~~~~~~~^~~~
/home/tkddn647/test/src/sllidar_ros2/sdk/src/dataunpacker/unpacker/../dataunpacker.h:54:103: warning: unused parameter ‘size’ [-Wunused-parameter]
   54 |         virtual void onCustomSampleDataDecoded(_u8 ansType, _u32 customCode, const void* data, size_t size) {}
      |                                                                                                ~~~~~~~^~~~
/home/tkddn647/test/src/sllidar_ros2/sdk/src/dataunpacker/unpacker/../dataunpacker.h: In member function ‘virtual void sl::internal::LIDARSampleDataListener::onDecodingError(int, _u8, const void*, size_t)’:
/home/tkddn647/test/src/sllidar_ros2/sdk/src/dataunpacker/unpacker/../dataunpacker.h:56:42: warning: unused parameter ‘errMsg’ [-Wunused-parameter]
   56 |         virtual void onDecodingError(int errMsg, _u8 ansType, const void* payload, size_t size) {}
      |                                      ~~~~^~~~~~
/home/tkddn647/test/src/sllidar_ros2/sdk/src/dataunpacker/unpacker/../dataunpacker.h:56:54: warning: unused parameter ‘ansType’ [-Wunused-parameter]
   56 |         virtual void onDecodingError(int errMsg, _u8 ansType, const void* payload, size_t size) {}
      |                                                  ~~~~^~~~~~~
/home/tkddn647/test/src/sllidar_ros2/sdk/src/dataunpacker/unpacker/../dataunpacker.h:56:75: warning: unused parameter ‘payload’ [-Wunused-parameter]
   56 |         virtual void onDecodingError(int errMsg, _u8 ansType, const void* payload, size_t size) {}
      |                                                               ~~~~~~~~~~~~^~~~~~~
/home/tkddn647/test/src/sllidar_ros2/sdk/src/dataunpacker/unpacker/../dataunpacker.h:56:91: warning: unused parameter ‘size’ [-Wunused-parameter]
   56 |         virtual void onDecodingError(int errMsg, _u8 ansType, const void* payload, size_t size) {}
      |                                                                                    ~~~~~~~^~~~
In file included from /home/tkddn647/test/src/sllidar_ros2/sdk/src/sl_lidarprotocol_codec.cpp:49:
/home/tkddn647/test/src/sllidar_ros2/sdk/src/sl_async_transceiver.h: In member function ‘virtual void sl::internal::IAsyncProtocolCodec::onChannelError(u_result)’:
/home/tkddn647/test/src/sllidar_ros2/sdk/src/sl_async_transceiver.h:90:48: warning: unused parameter ‘errCode’ [-Wunused-parameter]
   90 |         virtual void   onChannelError(u_result errCode) {}
      |                                       ~~~~~~~~~^~~~~~~
In file included from /home/tkddn647/test/src/sllidar_ros2/sdk/src/dataunpacker/unpacker/handler_capsules.cpp:40:
/home/tkddn647/test/src/sllidar_ros2/sdk/src/dataunpacker/unpacker/../dataunpacker.h: In member function ‘virtual void sl::internal::LIDARSampleDataListener::onCustomSampleDataDecoded(_u8, _u32, const void*, size_t)’:
/home/tkddn647/test/src/sllidar_ros2/sdk/src/dataunpacker/unpacker/../dataunpacker.h:54:52: warning: unused parameter ‘ansType’ [-Wunused-parameter]
   54 |         virtual void onCustomSampleDataDecoded(_u8 ansType, _u32 customCode, const void* data, size_t size) {}
      |                                                ~~~~^~~~~~~
/home/tkddn647/test/src/sllidar_ros2/sdk/src/dataunpacker/unpacker/../dataunpacker.h:54:66: warning: unused parameter ‘customCode’ [-Wunused-parameter]
   54 |         virtual void onCustomSampleDataDecoded(_u8 ansType, _u32 customCode, const void* data, size_t size) {}
      |                                                             ~~~~~^~~~~~~~~~
/home/tkddn647/test/src/sllidar_ros2/sdk/src/dataunpacker/unpacker/../dataunpacker.h:54:90: warning: unused parameter ‘data’ [-Wunused-parameter]
   54 |         virtual void onCustomSampleDataDecoded(_u8 ansType, _u32 customCode, const void* data, size_t size) {}
      |                                                                              ~~~~~~~~~~~~^~~~
/home/tkddn647/test/src/sllidar_ros2/sdk/src/dataunpacker/unpacker/../dataunpacker.h:54:103: warning: unused parameter ‘size’ [-Wunused-parameter]
   54 |         virtual void onCustomSampleDataDecoded(_u8 ansType, _u32 customCode, const void* data, size_t size) {}
      |                                                                                                ~~~~~~~^~~~
/home/tkddn647/test/src/sllidar_ros2/sdk/src/dataunpacker/unpacker/../dataunpacker.h: In member function ‘virtual void sl::internal::LIDARSampleDataListener::onDecodingError(int, _u8, const void*, size_t)’:
/home/tkddn647/test/src/sllidar_ros2/sdk/src/dataunpacker/unpacker/../dataunpacker.h:56:42: warning: unused parameter ‘errMsg’ [-Wunused-parameter]
   56 |         virtual void onDecodingError(int errMsg, _u8 ansType, const void* payload, size_t size) {}
      |                                      ~~~~^~~~~~
/home/tkddn647/test/src/sllidar_ros2/sdk/src/dataunpacker/unpacker/../dataunpacker.h:56:54: warning: unused parameter ‘ansType’ [-Wunused-parameter]
   56 |         virtual void onDecodingError(int errMsg, _u8 ansType, const void* payload, size_t size) {}
      |                                                  ~~~~^~~~~~~
/home/tkddn647/test/src/sllidar_ros2/sdk/src/dataunpacker/unpacker/../dataunpacker.h:56:75: warning: unused parameter ‘payload’ [-Wunused-parameter]
   56 |         virtual void onDecodingError(int errMsg, _u8 ansType, const void* payload, size_t size) {}
      |                                                               ~~~~~~~~~~~~^~~~~~~
/home/tkddn647/test/src/sllidar_ros2/sdk/src/dataunpacker/unpacker/../dataunpacker.h:56:91: warning: unused parameter ‘size’ [-Wunused-parameter]
   56 |         virtual void onDecodingError(int errMsg, _u8 ansType, const void* payload, size_t size) {}
      |                                                                                    ~~~~~~~^~~~
In file included from /home/tkddn647/test/src/sllidar_ros2/sdk/src/dataunpacker/dataunpacker.cpp:40:
/home/tkddn647/test/src/sllidar_ros2/sdk/src/dataunpacker/dataunpacker.h: In member function ‘virtual void sl::internal::LIDARSampleDataListener::onCustomSampleDataDecoded(_u8, _u32, const void*, size_t)’:
/home/tkddn647/test/src/sllidar_ros2/sdk/src/dataunpacker/dataunpacker.h:54:52: warning: unused parameter ‘ansType’ [-Wunused-parameter]
   54 |         virtual void onCustomSampleDataDecoded(_u8 ansType, _u32 customCode, const void* data, size_t size) {}
      |                                                ~~~~^~~~~~~
/home/tkddn647/test/src/sllidar_ros2/sdk/src/dataunpacker/dataunpacker.h:54:66: warning: unused parameter ‘customCode’ [-Wunused-parameter]
   54 |         virtual void onCustomSampleDataDecoded(_u8 ansType, _u32 customCode, const void* data, size_t size) {}
      |                                                             ~~~~~^~~~~~~~~~
/home/tkddn647/test/src/sllidar_ros2/sdk/src/dataunpacker/dataunpacker.h:54:90: warning: unused parameter ‘data’ [-Wunused-parameter]
   54 |         virtual void onCustomSampleDataDecoded(_u8 ansType, _u32 customCode, const void* data, size_t size) {}
      |                                                                              ~~~~~~~~~~~~^~~~
/home/tkddn647/test/src/sllidar_ros2/sdk/src/dataunpacker/dataunpacker.h:54:103: warning: unused parameter ‘size’ [-Wunused-parameter]
   54 |         virtual void onCustomSampleDataDecoded(_u8 ansType, _u32 customCode, const void* data, size_t size) {}
      |                                                                                                ~~~~~~~^~~~
/home/tkddn647/test/src/sllidar_ros2/sdk/src/dataunpacker/dataunpacker.h: In member function ‘virtual void sl::internal::LIDARSampleDataListener::onDecodingError(int, _u8, const void*, size_t)’:
/home/tkddn647/test/src/sllidar_ros2/sdk/src/dataunpacker/dataunpacker.h:56:42: warning: unused parameter ‘errMsg’ [-Wunused-parameter]
   56 |         virtual void onDecodingError(int errMsg, _u8 ansType, const void* payload, size_t size) {}
      |                                      ~~~~^~~~~~
/home/tkddn647/test/src/sllidar_ros2/sdk/src/dataunpacker/dataunpacker.h:56:54: warning: unused parameter ‘ansType’ [-Wunused-parameter]
   56 |         virtual void onDecodingError(int errMsg, _u8 ansType, const void* payload, size_t size) {}
      |                                                  ~~~~^~~~~~~
/home/tkddn647/test/src/sllidar_ros2/sdk/src/dataunpacker/dataunpacker.h:56:75: warning: unused parameter ‘payload’ [-Wunused-parameter]
   56 |         virtual void onDecodingError(int errMsg, _u8 ansType, const void* payload, size_t size) {}
      |                                                               ~~~~~~~~~~~~^~~~~~~
/home/tkddn647/test/src/sllidar_ros2/sdk/src/dataunpacker/dataunpacker.h:56:91: warning: unused parameter ‘size’ [-Wunused-parameter]
   56 |         virtual void onDecodingError(int errMsg, _u8 ansType, const void* payload, size_t size) {}
      |                                                                                    ~~~~~~~^~~~
In file included from /home/tkddn647/test/src/sllidar_ros2/sdk/src/dataunpacker/unpacker/handler_normalnode.cpp:40:
/home/tkddn647/test/src/sllidar_ros2/sdk/src/dataunpacker/unpacker/../dataunpacker.h: In member function ‘virtual void sl::internal::LIDARSampleDataListener::onCustomSampleDataDecoded(_u8, _u32, const void*, size_t)’:
/home/tkddn647/test/src/sllidar_ros2/sdk/src/dataunpacker/unpacker/../dataunpacker.h:54:52: warning: unused parameter ‘ansType’ [-Wunused-parameter]
   54 |         virtual void onCustomSampleDataDecoded(_u8 ansType, _u32 customCode, const void* data, size_t size) {}
      |                                                ~~~~^~~~~~~
/home/tkddn647/test/src/sllidar_ros2/sdk/src/dataunpacker/unpacker/../dataunpacker.h:54:66: warning: unused parameter ‘customCode’ [-Wunused-parameter]
   54 |         virtual void onCustomSampleDataDecoded(_u8 ansType, _u32 customCode, const void* data, size_t size) {}
      |                                                             ~~~~~^~~~~~~~~~
/home/tkddn647/test/src/sllidar_ros2/sdk/src/dataunpacker/unpacker/../dataunpacker.h:54:90: warning: unused parameter ‘data’ [-Wunused-parameter]
   54 |         virtual void onCustomSampleDataDecoded(_u8 ansType, _u32 customCode, const void* data, size_t size) {}
      |                                                                              ~~~~~~~~~~~~^~~~
/home/tkddn647/test/src/sllidar_ros2/sdk/src/dataunpacker/unpacker/../dataunpacker.h:54:103: warning: unused parameter ‘size’ [-Wunused-parameter]
   54 |         virtual void onCustomSampleDataDecoded(_u8 ansType, _u32 customCode, const void* data, size_t size) {}
      |                                                                                                ~~~~~~~^~~~
/home/tkddn647/test/src/sllidar_ros2/sdk/src/dataunpacker/unpacker/../dataunpacker.h: In member function ‘virtual void sl::internal::LIDARSampleDataListener::onDecodingError(int, _u8, const void*, size_t)’:
/home/tkddn647/test/src/sllidar_ros2/sdk/src/dataunpacker/unpacker/../dataunpacker.h:56:42: warning: unused parameter ‘errMsg’ [-Wunused-parameter]
   56 |         virtual void onDecodingError(int errMsg, _u8 ansType, const void* payload, size_t size) {}
      |                                      ~~~~^~~~~~
/home/tkddn647/test/src/sllidar_ros2/sdk/src/dataunpacker/unpacker/../dataunpacker.h:56:54: warning: unused parameter ‘ansType’ [-Wunused-parameter]
   56 |         virtual void onDecodingError(int errMsg, _u8 ansType, const void* payload, size_t size) {}
      |                                                  ~~~~^~~~~~~
/home/tkddn647/test/src/sllidar_ros2/sdk/src/dataunpacker/unpacker/../dataunpacker.h:56:75: warning: unused parameter ‘payload’ [-Wunused-parameter]
   56 |         virtual void onDecodingError(int errMsg, _u8 ansType, const void* payload, size_t size) {}
      |                                                               ~~~~~~~~~~~~^~~~~~~
/home/tkddn647/test/src/sllidar_ros2/sdk/src/dataunpacker/unpacker/../dataunpacker.h:56:91: warning: unused parameter ‘size’ [-Wunused-parameter]
   56 |         virtual void onDecodingError(int errMsg, _u8 ansType, const void* payload, size_t size) {}
      |                                                                                    ~~~~~~~^~~~
/home/tkddn647/test/src/sllidar_ros2/sdk/src/dataunpacker/unpacker/handler_capsules.cpp: In member function ‘void sl::internal::unpacker::UnpackerHandler_DenseCapsuleNode::_onScanNodeDenseCapsuleData(rplidar_response_dense_capsule_measurement_nodes_t&, sl::internal::LIDARSampleDataUnpackerInner*)’:
/home/tkddn647/test/src/sllidar_ros2/sdk/src/dataunpacker/unpacker/handler_capsules.cpp:763:30: warning: type qualifiers ignored on cast result type [-Wignored-qualifiers]
  763 |             const int dist = static_cast<const int>(_cached_previous_dense_capsuledata.cabins[pos].distance);
      |                              ^~~~~~~~~~~~~~~~~~~~~~~~~~~~~~~~~~~~~~~~~~~~~~~~~~~~~~~~~~~~~~~~~~~~~~~~~~~~~~~
In file included from /home/tkddn647/test/src/sllidar_ros2/sdk/src/sl_lidar_driver.cpp:50:
/home/tkddn647/test/src/sllidar_ros2/sdk/src/dataunpacker/dataunpacker.h: In member function ‘virtual void sl::internal::LIDARSampleDataListener::onCustomSampleDataDecoded(_u8, _u32, const void*, size_t)’:
/home/tkddn647/test/src/sllidar_ros2/sdk/src/dataunpacker/dataunpacker.h:54:52: warning: unused parameter ‘ansType’ [-Wunused-parameter]
   54 |         virtual void onCustomSampleDataDecoded(_u8 ansType, _u32 customCode, const void* data, size_t size) {}
      |                                                ~~~~^~~~~~~
/home/tkddn647/test/src/sllidar_ros2/sdk/src/dataunpacker/dataunpacker.h:54:66: warning: unused parameter ‘customCode’ [-Wunused-parameter]
   54 |         virtual void onCustomSampleDataDecoded(_u8 ansType, _u32 customCode, const void* data, size_t size) {}
      |                                                             ~~~~~^~~~~~~~~~
/home/tkddn647/test/src/sllidar_ros2/sdk/src/dataunpacker/dataunpacker.h:54:90: warning: unused parameter ‘data’ [-Wunused-parameter]
   54 |         virtual void onCustomSampleDataDecoded(_u8 ansType, _u32 customCode, const void* data, size_t size) {}
      |                                                                              ~~~~~~~~~~~~^~~~
/home/tkddn647/test/src/sllidar_ros2/sdk/src/dataunpacker/dataunpacker.h:54:103: warning: unused parameter ‘size’ [-Wunused-parameter]
   54 |         virtual void onCustomSampleDataDecoded(_u8 ansType, _u32 customCode, const void* data, size_t size) {}
      |                                                                                                ~~~~~~~^~~~
/home/tkddn647/test/src/sllidar_ros2/sdk/src/dataunpacker/dataunpacker.h: In member function ‘virtual void sl::internal::LIDARSampleDataListener::onDecodingError(int, _u8, const void*, size_t)’:
/home/tkddn647/test/src/sllidar_ros2/sdk/src/dataunpacker/dataunpacker.h:56:42: warning: unused parameter ‘errMsg’ [-Wunused-parameter]
   56 |         virtual void onDecodingError(int errMsg, _u8 ansType, const void* payload, size_t size) {}
      |                                      ~~~~^~~~~~
/home/tkddn647/test/src/sllidar_ros2/sdk/src/dataunpacker/dataunpacker.h:56:54: warning: unused parameter ‘ansType’ [-Wunused-parameter]
   56 |         virtual void onDecodingError(int errMsg, _u8 ansType, const void* payload, size_t size) {}
      |                                                  ~~~~^~~~~~~
/home/tkddn647/test/src/sllidar_ros2/sdk/src/dataunpacker/dataunpacker.h:56:75: warning: unused parameter ‘payload’ [-Wunused-parameter]
   56 |         virtual void onDecodingError(int errMsg, _u8 ansType, const void* payload, size_t size) {}
      |                                                               ~~~~~~~~~~~~^~~~~~~
/home/tkddn647/test/src/sllidar_ros2/sdk/src/dataunpacker/dataunpacker.h:56:91: warning: unused parameter ‘size’ [-Wunused-parameter]
   56 |         virtual void onDecodingError(int errMsg, _u8 ansType, const void* payload, size_t size) {}
      |                                                                                    ~~~~~~~^~~~
In file included from /home/tkddn647/test/src/sllidar_ros2/sdk/src/sl_lidar_driver.cpp:51:
/home/tkddn647/test/src/sllidar_ros2/sdk/src/sl_async_transceiver.h: In member function ‘virtual void sl::internal::IAsyncProtocolCodec::onChannelError(u_result)’:
/home/tkddn647/test/src/sllidar_ros2/sdk/src/sl_async_transceiver.h:90:48: warning: unused parameter ‘errCode’ [-Wunused-parameter]
   90 |         virtual void   onChannelError(u_result errCode) {}
      |                                       ~~~~~~~~~^~~~~~~
/home/tkddn647/test/src/sllidar_ros2/sdk/src/sl_lidar_driver.cpp: In member function ‘virtual sl_result sl::SlamtecLidarDriver::reset(sl_u32)’:
/home/tkddn647/test/src/sllidar_ros2/sdk/src/sl_lidar_driver.cpp:511:32: warning: unused parameter ‘timeoutInMs’ [-Wunused-parameter]
  511 |         sl_result reset(sl_u32 timeoutInMs = DEFAULT_TIMEOUT)
      |                         ~~~~~~~^~~~~~~~~~~~~~~~~~~~~~~~~~~~~
/home/tkddn647/test/src/sllidar_ros2/sdk/src/sl_lidar_driver.cpp: In member function ‘virtual sl_result sl::SlamtecLidarDriver::startScan(bool, bool, sl_u32, sl::LidarScanMode*)’:
/home/tkddn647/test/src/sllidar_ros2/sdk/src/sl_lidar_driver.cpp:586:69: warning: unused parameter ‘options’ [-Wunused-parameter]
  586 |         sl_result startScan(bool force, bool useTypicalScan, sl_u32 options = 0, LidarScanMode* outUsedScanMode = nullptr)
      |                                                              ~~~~~~~^~~~~~~~~~~
/home/tkddn647/test/src/sllidar_ros2/sdk/src/sl_lidar_driver.cpp: In member function ‘virtual sl_result sl::SlamtecLidarDriver::stop(sl_u32)’:
/home/tkddn647/test/src/sllidar_ros2/sdk/src/sl_lidar_driver.cpp:763:31: warning: unused parameter ‘timeout’ [-Wunused-parameter]
  763 |         sl_result stop(sl_u32 timeout = DEFAULT_TIMEOUT)
      |                        ~~~~~~~^~~~~~~~~~~~~~~~~~~~~~~~~
/home/tkddn647/test/src/sllidar_ros2/sdk/src/sl_lidar_driver.cpp: In member function ‘virtual sl_result sl::SlamtecLidarDriver::getFrequency(const sl::LidarScanMode&, const sl_lidar_response_measurement_node_hq_t*, size_t, float&)’:
/home/tkddn647/test/src/sllidar_ros2/sdk/src/sl_lidar_driver.cpp:880:110: warning: unused parameter ‘nodes’ [-Wunused-parameter]
  880 |         sl_result getFrequency(const LidarScanMode& scanMode, const sl_lidar_response_measurement_node_hq_t* nodes, size_t count, float& frequency)
      |                                                               ~~~~~~~~~~~~~~~~~~~~~~~~~~~~~~~~~~~~~~~~~~~~~~~^~~~~
/home/tkddn647/test/src/sllidar_ros2/sdk/src/sl_lidar_driver.cpp: In member function ‘virtual sl_result sl::SlamtecLidarDriver::getMotorInfo(sl::LidarMotorInfo&, sl_u32)’:
/home/tkddn647/test/src/sllidar_ros2/sdk/src/sl_lidar_driver.cpp:1023:66: warning: unused parameter ‘timeoutInMs’ [-Wunused-parameter]
 1023 |         sl_result getMotorInfo(LidarMotorInfo &motorInfo, sl_u32 timeoutInMs)
      |                                                           ~~~~~~~^~~~~~~~~~~
/home/tkddn647/test/src/sllidar_ros2/sdk/src/sl_lidar_driver.cpp: In member function ‘u_result sl::SlamtecLidarDriver::getScanModeCount(sl_u16&, sl_u32)’:
/home/tkddn647/test/src/sllidar_ros2/sdk/src/sl_lidar_driver.cpp:1226:61: warning: unused parameter ‘timeoutInMs’ [-Wunused-parameter]
 1226 |         u_result getScanModeCount(sl_u16& modeCount, sl_u32 timeoutInMs = DEFAULT_TIMEOUT)
      |                                                      ~~~~~~~^~~~~~~~~~~~~~~~~~~~~~~~~~~~~
In file included from /home/tkddn647/test/src/sllidar_ros2/./sdk/include/sl_lidar_cmd.h:41,
                 from /home/tkddn647/test/src/sllidar_ros2/./sdk/include/sl_lidar_driver.h:54,
                 from /home/tkddn647/test/src/sllidar_ros2/sdk/src/sl_tcp_channel.cpp:33:
/home/tkddn647/test/src/sllidar_ros2/./sdk/include/sl_lidar_protocol.h:66:16: warning: ISO C++ forbids zero-size array ‘data’ [-Wpedantic]
   66 |     sl_u8 data[0];
      |                ^
In file included from /home/tkddn647/test/src/sllidar_ros2/./sdk/include/sl_lidar_driver.h:54,
                 from /home/tkddn647/test/src/sllidar_ros2/sdk/src/sl_tcp_channel.cpp:33:
/home/tkddn647/test/src/sllidar_ros2/./sdk/include/sl_lidar_cmd.h:324:20: warning: ISO C++ forbids zero-size array ‘payload’ [-Wpedantic]
  324 |     sl_u8  payload[0];
      |                    ^
/home/tkddn647/test/src/sllidar_ros2/sdk/src/sl_tcp_channel.cpp: In member function ‘void sl::TcpChannel::setStatus(_u32)’:
/home/tkddn647/test/src/sllidar_ros2/sdk/src/sl_tcp_channel.cpp:109:29: warning: unused parameter ‘flag’ [-Wunused-parameter]
  109 |         void setStatus(_u32 flag){}
      |                        ~~~~~^~~~
/home/tkddn647/test/src/sllidar_ros2/sdk/src/sl_lidar_driver.cpp: In instantiation of ‘void sl::RawSampleNodeHolder<T>::pushNode(_u64, const T*) [with T = sl_lidar_response_measurement_node_hq_t; _u64 = long unsigned int]’:
/home/tkddn647/test/src/sllidar_ros2/sdk/src/sl_lidar_driver.cpp:1675:42:   required from here
/home/tkddn647/test/src/sllidar_ros2/sdk/src/sl_lidar_driver.cpp:202:28: warning: unused parameter ‘timestamp_uS’ [-Wunused-parameter]
  202 |         void pushNode(_u64 timestamp_uS, const T* node)
      |                       ~~~~~^~~~~~~~~~~~
In file included from /home/tkddn647/test/src/sllidar_ros2/./sdk/include/sl_lidar_cmd.h:41,
                 from /home/tkddn647/test/src/sllidar_ros2/./sdk/include/sl_lidar_driver.h:54,
                 from /home/tkddn647/test/src/sllidar_ros2/sdk/src/sl_udp_channel.cpp:33:
/home/tkddn647/test/src/sllidar_ros2/./sdk/include/sl_lidar_protocol.h:66:16: warning: ISO C++ forbids zero-size array ‘data’ [-Wpedantic]
   66 |     sl_u8 data[0];
      |                ^
In file included from /home/tkddn647/test/src/sllidar_ros2/./sdk/include/sl_lidar_driver.h:54,
                 from /home/tkddn647/test/src/sllidar_ros2/sdk/src/sl_udp_channel.cpp:33:
/home/tkddn647/test/src/sllidar_ros2/./sdk/include/sl_lidar_cmd.h:324:20: warning: ISO C++ forbids zero-size array ‘payload’ [-Wpedantic]
  324 |     sl_u8  payload[0];
      |                    ^
/home/tkddn647/test/src/sllidar_ros2/sdk/src/sl_udp_channel.cpp: In member function ‘void sl::UdpChannel::setStatus(_u32)’:
/home/tkddn647/test/src/sllidar_ros2/sdk/src/sl_udp_channel.cpp:112:29: warning: unused parameter ‘flag’ [-Wunused-parameter]
  112 |         void setStatus(_u32 flag){}
      |                        ~~~~~^~~~
/home/tkddn647/test/src/sllidar_ros2/sdk/src/sl_lidar_driver.cpp: At global scope:
/home/tkddn647/test/src/sllidar_ros2/sdk/src/sl_lidar_driver.cpp:83:17: warning: ‘void sl::convert(const sl_lidar_response_measurement_node_hq_t&, sl_lidar_response_measurement_node_t&)’ defined but not used [-Wunused-function]
   83 |     static void convert(const sl_lidar_response_measurement_node_hq_t& from, sl_lidar_response_measurement_node_t& to)
      |                 ^~~~~~~
/home/tkddn647/test/src/sllidar_ros2/sdk/src/sl_lidar_driver.cpp:75:17: warning: ‘void sl::convert(const sl_lidar_response_measurement_node_t&, sl_lidar_response_measurement_node_hq_t&)’ defined but not used [-Wunused-function]
   75 |     static void convert(const sl_lidar_response_measurement_node_t& from, sl_lidar_response_measurement_node_hq_t& to)
      |                 ^~~~~~~
/home/tkddn647/test/src/sllidar_ros2/sdk/src/sl_lidar_driver.cpp:70:17: warning: ‘void sl::printDeprecationWarn(const char*, const char*)’ defined but not used [-Wunused-function]
   70 |     static void printDeprecationWarn(const char* fn, const char* replacement)
      |                 ^~~~~~~~~~~~~~~~~~~~
In file included from /home/tkddn647/test/src/sllidar_ros2/./sdk/include/sl_lidar_cmd.h:41,
                 from /home/tkddn647/test/src/sllidar_ros2/./sdk/include/sl_lidar_driver.h:54,
                 from /home/tkddn647/test/src/sllidar_ros2/./sdk/include/sl_lidar.h:36,
                 from /home/tkddn647/test/src/sllidar_ros2/src/sllidar_node.cpp:38:
/home/tkddn647/test/src/sllidar_ros2/./sdk/include/sl_lidar_protocol.h:66:16: warning: ISO C++ forbids zero-size array ‘data’ [-Wpedantic]
   66 |     sl_u8 data[0];
      |                ^
In file included from /home/tkddn647/test/src/sllidar_ros2/./sdk/include/sl_lidar_driver.h:54,
                 from /home/tkddn647/test/src/sllidar_ros2/./sdk/include/sl_lidar.h:36,
                 from /home/tkddn647/test/src/sllidar_ros2/src/sllidar_node.cpp:38:
/home/tkddn647/test/src/sllidar_ros2/./sdk/include/sl_lidar_cmd.h:324:20: warning: ISO C++ forbids zero-size array ‘payload’ [-Wpedantic]
  324 |     sl_u8  payload[0];
      |                    ^
[ 85%] Linking CXX executable sllidar_node
[100%] Built target sllidar_node
-- Install configuration: ""
-- Execute custom install script
-- Up-to-date symlink: /home/tkddn647/test/install/sllidar_ros2/share/sllidar_ros2/launch/sllidar_t1_launch.py
-- Up-to-date symlink: /home/tkddn647/test/install/sllidar_ros2/share/sllidar_ros2/launch/view_sllidar_t1_launch.py
-- Up-to-date symlink: /home/tkddn647/test/install/sllidar_ros2/share/sllidar_ros2/rviz/sllidar_ros2.rviz
-- Up-to-date symlink: /home/tkddn647/test/install/sllidar_ros2/lib/sllidar_ros2/sllidar_node
-- Up-to-date symlink: /home/tkddn647/test/install/sllidar_ros2/lib/sllidar_ros2/sllidar_client
-- Up-to-date symlink: /home/tkddn647/test/install/sllidar_ros2/share/ament_index/resource_index/package_run_dependencies/sllidar_ros2
-- Up-to-date symlink: /home/tkddn647/test/install/sllidar_ros2/share/ament_index/resource_index/parent_prefix_path/sllidar_ros2
-- Up-to-date symlink: /home/tkddn647/test/install/sllidar_ros2/share/sllidar_ros2/environment/ament_prefix_path.sh
-- Up-to-date symlink: /home/tkddn647/test/install/sllidar_ros2/share/sllidar_ros2/environment/ament_prefix_path.dsv
-- Up-to-date symlink: /home/tkddn647/test/install/sllidar_ros2/share/sllidar_ros2/environment/path.sh
-- Up-to-date symlink: /home/tkddn647/test/install/sllidar_ros2/share/sllidar_ros2/environment/path.dsv
-- Up-to-date symlink: /home/tkddn647/test/install/sllidar_ros2/share/sllidar_ros2/local_setup.bash
-- Up-to-date symlink: /home/tkddn647/test/install/sllidar_ros2/share/sllidar_ros2/local_setup.sh
-- Up-to-date symlink: /home/tkddn647/test/install/sllidar_ros2/share/sllidar_ros2/local_setup.zsh
-- Up-to-date symlink: /home/tkddn647/test/install/sllidar_ros2/share/sllidar_ros2/local_setup.dsv
-- Symlinking: /home/tkddn647/test/install/sllidar_ros2/share/sllidar_ros2/package.dsv
-- Up-to-date symlink: /home/tkddn647/test/install/sllidar_ros2/share/ament_index/resource_index/packages/sllidar_ros2
-- Up-to-date symlink: /home/tkddn647/test/install/sllidar_ros2/share/sllidar_ros2/cmake/ament_cmake_export_dependencies-extras.cmake
-- Up-to-date symlink: /home/tkddn647/test/install/sllidar_ros2/share/sllidar_ros2/cmake/ament_cmake_export_include_directories-extras.cmake
-- Up-to-date symlink: /home/tkddn647/test/install/sllidar_ros2/share/sllidar_ros2/cmake/sllidar_ros2Config.cmake
-- Up-to-date symlink: /home/tkddn647/test/install/sllidar_ros2/share/sllidar_ros2/cmake/sllidar_ros2Config-version.cmake
-- Up-to-date symlink: /home/tkddn647/test/install/sllidar_ros2/share/sllidar_ros2/package.xml
