[ 10%] Built target sllidar_client
Consolidate compiler generated dependencies of target sllidar_node
[ 15%] Building CXX object CMakeFiles/sllidar_node.dir/sdk/src/dataunpacker/dataunpacker.cpp.o
[ 20%] Building CXX object CMakeFiles/sllidar_node.dir/sdk/src/arch/linux/net_socket.cpp.o
[ 35%] Building CXX object CMakeFiles/sllidar_node.dir/sdk/src/sl_async_transceiver.cpp.o
[ 40%] Building CXX object CMakeFiles/sllidar_node.dir/sdk/src/dataunpacker/unpacker/handler_hqnode.cpp.o
[ 45%] Building CXX object CMakeFiles/sllidar_node.dir/sdk/src/rplidar_driver.cpp.o
[ 50%] Building CXX object CMakeFiles/sllidar_node.dir/sdk/src/dataunpacker/unpacker/handler_capsules.cpp.o
[ 50%] Building CXX object CMakeFiles/sllidar_node.dir/src/sllidar_node.cpp.o
[ 50%] Building CXX object CMakeFiles/sllidar_node.dir/sdk/src/dataunpacker/unpacker/handler_normalnode.cpp.o
[ 55%] Building CXX object CMakeFiles/sllidar_node.dir/sdk/src/sl_serial_channel.cpp.o
[ 60%] Building CXX object CMakeFiles/sllidar_node.dir/sdk/src/sl_lidarprotocol_codec.cpp.o
[ 65%] Building CXX object CMakeFiles/sllidar_node.dir/sdk/src/hal/thread.cpp.o
[ 70%] Building CXX object CMakeFiles/sllidar_node.dir/sdk/src/sl_lidar_driver.cpp.o
[ 75%] Building CXX object CMakeFiles/sllidar_node.dir/sdk/src/sl_tcp_channel.cpp.o
[ 80%] Building CXX object CMakeFiles/sllidar_node.dir/sdk/src/sl_udp_channel.cpp.o
[ 85%] Linking CXX executable sllidar_node
[100%] Built target sllidar_node
-- Install configuration: ""
-- Execute custom install script
-- Up-to-date symlink: /home/tkddn647/test/install/sllidar_ros2/share/sllidar_ros2/launch/sllidar_t1_launch.py
-- Up-to-date symlink: /home/tkddn647/test/install/sllidar_ros2/share/sllidar_ros2/launch/view_sllidar_t1_launch.py
-- Up-to-date symlink: /home/tkddn647/test/install/sllidar_ros2/share/sllidar_ros2/rviz/sllidar_ros2.rviz
-- Up-to-date symlink: /home/tkddn647/test/install/sllidar_ros2/lib/sllidar_ros2/sllidar_node
-- Up-to-date symlink: /home/tkddn647/test/install/sllidar_ros2/lib/sllidar_ros2/sllidar_client
-- Up-to-date symlink: /home/tkddn647/test/install/sllidar_ros2/share/ament_index/resource_index/package_run_dependencies/sllidar_ros2
-- Up-to-date symlink: /home/tkddn647/test/install/sllidar_ros2/share/ament_index/resource_index/parent_prefix_path/sllidar_ros2
-- Up-to-date symlink: /home/tkddn647/test/install/sllidar_ros2/share/sllidar_ros2/environment/ament_prefix_path.sh
-- Up-to-date symlink: /home/tkddn647/test/install/sllidar_ros2/share/sllidar_ros2/environment/ament_prefix_path.dsv
-- Up-to-date symlink: /home/tkddn647/test/install/sllidar_ros2/share/sllidar_ros2/environment/path.sh
-- Up-to-date symlink: /home/tkddn647/test/install/sllidar_ros2/share/sllidar_ros2/environment/path.dsv
-- Up-to-date symlink: /home/tkddn647/test/install/sllidar_ros2/share/sllidar_ros2/local_setup.bash
-- Up-to-date symlink: /home/tkddn647/test/install/sllidar_ros2/share/sllidar_ros2/local_setup.sh
-- Up-to-date symlink: /home/tkddn647/test/install/sllidar_ros2/share/sllidar_ros2/local_setup.zsh
-- Up-to-date symlink: /home/tkddn647/test/install/sllidar_ros2/share/sllidar_ros2/local_setup.dsv
-- Symlinking: /home/tkddn647/test/install/sllidar_ros2/share/sllidar_ros2/package.dsv
-- Up-to-date symlink: /home/tkddn647/test/install/sllidar_ros2/share/ament_index/resource_index/packages/sllidar_ros2
-- Up-to-date symlink: /home/tkddn647/test/install/sllidar_ros2/share/sllidar_ros2/cmake/ament_cmake_export_dependencies-extras.cmake
-- Up-to-date symlink: /home/tkddn647/test/install/sllidar_ros2/share/sllidar_ros2/cmake/ament_cmake_export_include_directories-extras.cmake
-- Up-to-date symlink: /home/tkddn647/test/install/sllidar_ros2/share/sllidar_ros2/cmake/sllidar_ros2Config.cmake
-- Up-to-date symlink: /home/tkddn647/test/install/sllidar_ros2/share/sllidar_ros2/cmake/sllidar_ros2Config-version.cmake
-- Up-to-date symlink: /home/tkddn647/test/install/sllidar_ros2/share/sllidar_ros2/package.xml
