[0.044s] Invoking command in '/home/tkddn647/test/build/sllidar_ros2': CMAKE_PREFIX_PATH=/opt/ros/humble /usr/bin/cmake --build /home/tkddn647/test/build/sllidar_ros2 -- -j12 -l12
[0.289s] [ 10%] Built target sllidar_client
[0.307s] Consolidate compiler generated dependencies of target sllidar_node
[0.349s] [ 15%] Building CXX object CMakeFiles/sllidar_node.dir/sdk/src/dataunpacker/dataunpacker.cpp.o
[0.349s] [ 20%] Building CXX object CMakeFiles/sllidar_node.dir/sdk/src/arch/linux/net_socket.cpp.o
[0.363s] [ 35%] Building CXX object CMakeFiles/sllidar_node.dir/sdk/src/sl_async_transceiver.cpp.o
[0.364s] [ 40%] Building CXX object CMakeFiles/sllidar_node.dir/sdk/src/dataunpacker/unpacker/handler_hqnode.cpp.o
[0.364s] [ 45%] Building CXX object CMakeFiles/sllidar_node.dir/sdk/src/rplidar_driver.cpp.o
[0.364s] [ 50%] Building CXX object CMakeFiles/sllidar_node.dir/sdk/src/dataunpacker/unpacker/handler_capsules.cpp.o
[0.364s] [ 50%] Building CXX object CMakeFiles/sllidar_node.dir/src/sllidar_node.cpp.o
[0.368s] [ 50%] Building CXX object CMakeFiles/sllidar_node.dir/sdk/src/dataunpacker/unpacker/handler_normalnode.cpp.o
[0.368s] [ 55%] Building CXX object CMakeFiles/sllidar_node.dir/sdk/src/sl_serial_channel.cpp.o
[0.369s] [ 60%] Building CXX object CMakeFiles/sllidar_node.dir/sdk/src/sl_lidarprotocol_codec.cpp.o
[0.370s] [ 65%] Building CXX object CMakeFiles/sllidar_node.dir/sdk/src/hal/thread.cpp.o
[0.371s] [ 70%] Building CXX object CMakeFiles/sllidar_node.dir/sdk/src/sl_lidar_driver.cpp.o
[1.221s] In file included from /home/tkddn647/test/src/sllidar_ros2/./sdk/include/sl_lidar_cmd.h:41,
[1.221s]                  from /home/tkddn647/test/src/sllidar_ros2/./sdk/include/sl_lidar_driver.h:54,
[1.221s]                  from /home/tkddn647/test/src/sllidar_ros2/sdk/src/sl_serial_channel.cpp:33:
[1.222s] /home/tkddn647/test/src/sllidar_ros2/./sdk/include/sl_lidar_protocol.h:66:16: warning: ISO C++ forbids zero-size array ‘data’ [-Wpedantic]
[1.222s]    66 |     sl_u8 data[0];
[1.222s]       |                ^
[1.222s] In file included from /home/tkddn647/test/src/sllidar_ros2/./sdk/include/sl_lidar_driver.h:54,
[1.222s]                  from /home/tkddn647/test/src/sllidar_ros2/sdk/src/sl_serial_channel.cpp:33:
[1.222s] /home/tkddn647/test/src/sllidar_ros2/./sdk/include/sl_lidar_cmd.h:324:20: warning: ISO C++ forbids zero-size array ‘payload’ [-Wpedantic]
[1.222s]   324 |     sl_u8  payload[0];
[1.222s]       |                    ^
[1.433s] In file included from /home/tkddn647/test/src/sllidar_ros2/./sdk/include/rplidar_protocol.h:36,
[1.433s]                  from /home/tkddn647/test/src/sllidar_ros2/./sdk/include/rplidar.h:39,
[1.433s]                  from /home/tkddn647/test/src/sllidar_ros2/sdk/src/sdkcommon.h:49,
[1.434s]                  from /home/tkddn647/test/src/sllidar_ros2/sdk/src/sl_async_transceiver.cpp:35:
[1.434s] /home/tkddn647/test/src/sllidar_ros2/./sdk/include/sl_lidar_protocol.h:66:16: warning: ISO C++ forbids zero-size array ‘data’ [-Wpedantic]
[1.434s]    66 |     sl_u8 data[0];
[1.434s]       |                ^
[1.447s] In file included from /home/tkddn647/test/src/sllidar_ros2/./sdk/include/rplidar_cmd.h:36,
[1.447s]                  from /home/tkddn647/test/src/sllidar_ros2/./sdk/include/rplidar.h:40,
[1.447s]                  from /home/tkddn647/test/src/sllidar_ros2/sdk/src/sdkcommon.h:49,
[1.447s]                  from /home/tkddn647/test/src/sllidar_ros2/sdk/src/sl_async_transceiver.cpp:35:
[1.447s] /home/tkddn647/test/src/sllidar_ros2/./sdk/include/sl_lidar_cmd.h:324:20: warning: ISO C++ forbids zero-size array ‘payload’ [-Wpedantic]
[1.448s]   324 |     sl_u8  payload[0];
[1.448s]       |                    ^
[1.448s] In file included from /home/tkddn647/test/src/sllidar_ros2/./sdk/include/rplidar_protocol.h:36,
[1.448s]                  from /home/tkddn647/test/src/sllidar_ros2/./sdk/include/rplidar.h:39,
[1.448s]                  from /home/tkddn647/test/src/sllidar_ros2/sdk/src/sdkcommon.h:49,
[1.448s]                  from /home/tkddn647/test/src/sllidar_ros2/sdk/src/rplidar_driver.cpp:33:
[1.448s] /home/tkddn647/test/src/sllidar_ros2/./sdk/include/sl_lidar_protocol.h:66:16: warning: ISO C++ forbids zero-size array ‘data’ [-Wpedantic]
[1.448s]    66 |     sl_u8 data[0];
[1.448s]       |                ^
[1.455s] In file included from /home/tkddn647/test/src/sllidar_ros2/./sdk/include/rplidar_cmd.h:36,
[1.456s]                  from /home/tkddn647/test/src/sllidar_ros2/./sdk/include/rplidar.h:40,
[1.456s]                  from /home/tkddn647/test/src/sllidar_ros2/sdk/src/sdkcommon.h:49,
[1.456s]                  from /home/tkddn647/test/src/sllidar_ros2/sdk/src/rplidar_driver.cpp:33:
[1.456s] /home/tkddn647/test/src/sllidar_ros2/./sdk/include/sl_lidar_cmd.h:324:20: warning: ISO C++ forbids zero-size array ‘payload’ [-Wpedantic]
[1.456s]   324 |     sl_u8  payload[0];
[1.457s]       |                    ^
[1.457s] In file included from /home/tkddn647/test/src/sllidar_ros2/./sdk/include/rplidar_protocol.h:36,
[1.457s]                  from /home/tkddn647/test/src/sllidar_ros2/./sdk/include/rplidar.h:39,
[1.457s]                  from /home/tkddn647/test/src/sllidar_ros2/./sdk/src/sdkcommon.h:49,
[1.457s]                  from /home/tkddn647/test/src/sllidar_ros2/sdk/src/dataunpacker/unpacker/../dataunnpacker_commondef.h:41,
[1.458s]                  from /home/tkddn647/test/src/sllidar_ros2/sdk/src/dataunpacker/unpacker/handler_hqnode.cpp:39:
[1.458s] /home/tkddn647/test/src/sllidar_ros2/./sdk/include/sl_lidar_protocol.h:66:16: warning: ISO C++ forbids zero-size array ‘data’ [-Wpedantic]
[1.458s]    66 |     sl_u8 data[0];
[1.458s]       |                ^
[1.458s] In file included from /home/tkddn647/test/src/sllidar_ros2/./sdk/include/rplidar_cmd.h:36,
[1.458s]                  from /home/tkddn647/test/src/sllidar_ros2/./sdk/include/rplidar.h:40,
[1.458s]                  from /home/tkddn647/test/src/sllidar_ros2/./sdk/src/sdkcommon.h:49,
[1.458s]                  from /home/tkddn647/test/src/sllidar_ros2/sdk/src/dataunpacker/unpacker/../dataunnpacker_commondef.h:41,
[1.458s]                  from /home/tkddn647/test/src/sllidar_ros2/sdk/src/dataunpacker/unpacker/handler_hqnode.cpp:39:
[1.459s] /home/tkddn647/test/src/sllidar_ros2/./sdk/include/sl_lidar_cmd.h:324:20: warning: ISO C++ forbids zero-size array ‘payload’ [-Wpedantic]
[1.459s]   324 |     sl_u8  payload[0];
[1.459s]       |                    ^
[1.459s] In file included from /home/tkddn647/test/src/sllidar_ros2/./sdk/include/rplidar_protocol.h:36,
[1.459s]                  from /home/tkddn647/test/src/sllidar_ros2/./sdk/include/rplidar.h:39,
[1.459s]                  from /home/tkddn647/test/src/sllidar_ros2/./sdk/src/sdkcommon.h:49,
[1.459s]                  from /home/tkddn647/test/src/sllidar_ros2/sdk/src/hal/thread.cpp:35:
[1.459s] /home/tkddn647/test/src/sllidar_ros2/./sdk/include/sl_lidar_protocol.h:66:16: warning: ISO C++ forbids zero-size array ‘data’ [-Wpedantic]
[1.459s]    66 |     sl_u8 data[0];
[1.459s]       |                ^
[1.459s] In file included from /home/tkddn647/test/src/sllidar_ros2/./sdk/include/rplidar_cmd.h:36,
[1.460s]                  from /home/tkddn647/test/src/sllidar_ros2/./sdk/include/rplidar.h:40,
[1.460s]                  from /home/tkddn647/test/src/sllidar_ros2/./sdk/src/sdkcommon.h:49,
[1.460s]                  from /home/tkddn647/test/src/sllidar_ros2/sdk/src/hal/thread.cpp:35:
[1.460s] /home/tkddn647/test/src/sllidar_ros2/./sdk/include/sl_lidar_cmd.h:324:20: warning: ISO C++ forbids zero-size array ‘payload’ [-Wpedantic]
[1.460s]   324 |     sl_u8  payload[0];
[1.460s]       |                    ^
[1.462s] In file included from /home/tkddn647/test/src/sllidar_ros2/./sdk/include/rplidar_protocol.h:36,
[1.462s]                  from /home/tkddn647/test/src/sllidar_ros2/./sdk/include/rplidar.h:39,
[1.462s]                  from /home/tkddn647/test/src/sllidar_ros2/./sdk/src/sdkcommon.h:49,
[1.462s]                  from /home/tkddn647/test/src/sllidar_ros2/sdk/src/dataunpacker/unpacker/../dataunnpacker_commondef.h:41,
[1.462s]                  from /home/tkddn647/test/src/sllidar_ros2/sdk/src/dataunpacker/unpacker/handler_capsules.cpp:39:
[1.463s] /home/tkddn647/test/src/sllidar_ros2/./sdk/include/sl_lidar_protocol.h:66:16: warning: ISO C++ forbids zero-size array ‘data’ [-Wpedantic]
[1.463s]    66 |     sl_u8 data[0];
[1.463s]       |                ^
[1.463s] In file included from /home/tkddn647/test/src/sllidar_ros2/./sdk/include/rplidar_cmd.h:36,
[1.463s]                  from /home/tkddn647/test/src/sllidar_ros2/./sdk/include/rplidar.h:40,
[1.463s]                  from /home/tkddn647/test/src/sllidar_ros2/./sdk/src/sdkcommon.h:49,
[1.463s]                  from /home/tkddn647/test/src/sllidar_ros2/sdk/src/dataunpacker/unpacker/../dataunnpacker_commondef.h:41,
[1.463s]                  from /home/tkddn647/test/src/sllidar_ros2/sdk/src/dataunpacker/unpacker/handler_capsules.cpp:39:
[1.463s] /home/tkddn647/test/src/sllidar_ros2/./sdk/include/sl_lidar_cmd.h:324:20: warning: ISO C++ forbids zero-size array ‘payload’ [-Wpedantic]
[1.463s]   324 |     sl_u8  payload[0];
[1.463s]       |                    ^
[1.469s] In file included from /home/tkddn647/test/src/sllidar_ros2/./sdk/include/rplidar_protocol.h:36,
[1.469s]                  from /home/tkddn647/test/src/sllidar_ros2/./sdk/include/rplidar.h:39,
[1.469s]                  from /home/tkddn647/test/src/sllidar_ros2/sdk/src/sdkcommon.h:49,
[1.469s]                  from /home/tkddn647/test/src/sllidar_ros2/sdk/src/sl_lidarprotocol_codec.cpp:35:
[1.470s] /home/tkddn647/test/src/sllidar_ros2/./sdk/include/sl_lidar_protocol.h:66:16: warning: ISO C++ forbids zero-size array ‘data’ [-Wpedantic]
[1.470s]    66 |     sl_u8 data[0];
[1.470s]       |                ^
[1.470s] In file included from /home/tkddn647/test/src/sllidar_ros2/./sdk/include/rplidar_cmd.h:36,
[1.470s]                  from /home/tkddn647/test/src/sllidar_ros2/./sdk/include/rplidar.h:40,
[1.470s]                  from /home/tkddn647/test/src/sllidar_ros2/sdk/src/sdkcommon.h:49,
[1.470s]                  from /home/tkddn647/test/src/sllidar_ros2/sdk/src/sl_lidarprotocol_codec.cpp:35:
[1.470s] /home/tkddn647/test/src/sllidar_ros2/./sdk/include/sl_lidar_cmd.h:324:20: warning: ISO C++ forbids zero-size array ‘payload’ [-Wpedantic]
[1.470s]   324 |     sl_u8  payload[0];
[1.471s]       |                    ^
[1.471s] In file included from /home/tkddn647/test/src/sllidar_ros2/./sdk/include/rplidar_protocol.h:36,
[1.471s]                  from /home/tkddn647/test/src/sllidar_ros2/./sdk/include/rplidar.h:39,
[1.472s]                  from /home/tkddn647/test/src/sllidar_ros2/./sdk/src/sdkcommon.h:49,
[1.472s]                  from /home/tkddn647/test/src/sllidar_ros2/sdk/src/dataunpacker/dataunnpacker_commondef.h:41,
[1.472s]                  from /home/tkddn647/test/src/sllidar_ros2/sdk/src/dataunpacker/dataunpacker.cpp:39:
[1.472s] /home/tkddn647/test/src/sllidar_ros2/./sdk/include/sl_lidar_protocol.h:66:16: warning: ISO C++ forbids zero-size array ‘data’ [-Wpedantic]
[1.472s]    66 |     sl_u8 data[0];
[1.472s]       |                ^
[1.473s] In file included from /home/tkddn647/test/src/sllidar_ros2/./sdk/include/rplidar_cmd.h:36,
[1.473s]                  from /home/tkddn647/test/src/sllidar_ros2/./sdk/include/rplidar.h:40,
[1.474s]                  from /home/tkddn647/test/src/sllidar_ros2/./sdk/src/sdkcommon.h:49,
[1.475s]                  from /home/tkddn647/test/src/sllidar_ros2/sdk/src/dataunpacker/dataunnpacker_commondef.h:41,
[1.475s]                  from /home/tkddn647/test/src/sllidar_ros2/sdk/src/dataunpacker/dataunpacker.cpp:39:
[1.475s] /home/tkddn647/test/src/sllidar_ros2/./sdk/include/sl_lidar_cmd.h:324:20: warning: ISO C++ forbids zero-size array ‘payload’ [-Wpedantic]
[1.476s]   324 |     sl_u8  payload[0];
[1.476s]       |                    ^
[1.493s] In file included from /home/tkddn647/test/src/sllidar_ros2/./sdk/include/rplidar_protocol.h:36,
[1.493s]                  from /home/tkddn647/test/src/sllidar_ros2/./sdk/include/rplidar.h:39,
[1.493s]                  from /home/tkddn647/test/src/sllidar_ros2/./sdk/src/sdkcommon.h:49,
[1.493s]                  from /home/tkddn647/test/src/sllidar_ros2/sdk/src/dataunpacker/unpacker/../dataunnpacker_commondef.h:41,
[1.493s]                  from /home/tkddn647/test/src/sllidar_ros2/sdk/src/dataunpacker/unpacker/handler_normalnode.cpp:39:
[1.494s] /home/tkddn647/test/src/sllidar_ros2/./sdk/include/sl_lidar_protocol.h:66:16: warning: ISO C++ forbids zero-size array ‘data’ [-Wpedantic]
[1.494s]    66 |     sl_u8 data[0];
[1.494s]       |                ^
[1.494s] In file included from /home/tkddn647/test/src/sllidar_ros2/./sdk/include/rplidar_cmd.h:36,
[1.494s]                  from /home/tkddn647/test/src/sllidar_ros2/./sdk/include/rplidar.h:40,
[1.494s]                  from /home/tkddn647/test/src/sllidar_ros2/./sdk/src/sdkcommon.h:49,
[1.494s]                  from /home/tkddn647/test/src/sllidar_ros2/sdk/src/dataunpacker/unpacker/../dataunnpacker_commondef.h:41,
[1.494s]                  from /home/tkddn647/test/src/sllidar_ros2/sdk/src/dataunpacker/unpacker/handler_normalnode.cpp:39:
[1.494s] /home/tkddn647/test/src/sllidar_ros2/./sdk/include/sl_lidar_cmd.h:324:20: warning: ISO C++ forbids zero-size array ‘payload’ [-Wpedantic]
[1.495s]   324 |     sl_u8  payload[0];
[1.495s]       |                    ^
[1.495s] In file included from /home/tkddn647/test/src/sllidar_ros2/./sdk/include/rplidar_protocol.h:36,
[1.495s]                  from /home/tkddn647/test/src/sllidar_ros2/./sdk/include/rplidar.h:39,
[1.495s]                  from /home/tkddn647/test/src/sllidar_ros2/sdk/src/sdkcommon.h:49,
[1.496s]                  from /home/tkddn647/test/src/sllidar_ros2/sdk/src/sl_lidar_driver.cpp:33:
[1.496s] /home/tkddn647/test/src/sllidar_ros2/./sdk/include/sl_lidar_protocol.h:66:16: warning: ISO C++ forbids zero-size array ‘data’ [-Wpedantic]
[1.496s]    66 |     sl_u8 data[0];
[1.496s]       |                ^
[1.496s] In file included from /home/tkddn647/test/src/sllidar_ros2/./sdk/include/rplidar_cmd.h:36,
[1.496s]                  from /home/tkddn647/test/src/sllidar_ros2/./sdk/include/rplidar.h:40,
[1.496s]                  from /home/tkddn647/test/src/sllidar_ros2/sdk/src/sdkcommon.h:49,
[1.496s]                  from /home/tkddn647/test/src/sllidar_ros2/sdk/src/sl_lidar_driver.cpp:33:
[1.497s] /home/tkddn647/test/src/sllidar_ros2/./sdk/include/sl_lidar_cmd.h:324:20: warning: ISO C++ forbids zero-size array ‘payload’ [-Wpedantic]
[1.497s]   324 |     sl_u8  payload[0];
[1.497s]       |                    ^
[1.505s] In file included from /home/tkddn647/test/src/sllidar_ros2/./sdk/include/rplidar_protocol.h:36,
[1.505s]                  from /home/tkddn647/test/src/sllidar_ros2/./sdk/include/rplidar.h:39,
[1.505s]                  from /home/tkddn647/test/src/sllidar_ros2/./sdk/src/sdkcommon.h:49,
[1.505s]                  from /home/tkddn647/test/src/sllidar_ros2/sdk/src/arch/linux/net_socket.cpp:10:
[1.506s] /home/tkddn647/test/src/sllidar_ros2/./sdk/include/sl_lidar_protocol.h:66:16: warning: ISO C++ forbids zero-size array ‘data’ [-Wpedantic]
[1.506s]    66 |     sl_u8 data[0];
[1.506s]       |                ^
[1.509s] In file included from /home/tkddn647/test/src/sllidar_ros2/./sdk/include/rplidar_cmd.h:36,
[1.510s]                  from /home/tkddn647/test/src/sllidar_ros2/./sdk/include/rplidar.h:40,
[1.510s]                  from /home/tkddn647/test/src/sllidar_ros2/./sdk/src/sdkcommon.h:49,
[1.510s]                  from /home/tkddn647/test/src/sllidar_ros2/sdk/src/arch/linux/net_socket.cpp:10:
[1.510s] /home/tkddn647/test/src/sllidar_ros2/./sdk/include/sl_lidar_cmd.h:324:20: warning: ISO C++ forbids zero-size array ‘payload’ [-Wpedantic]
[1.510s]   324 |     sl_u8  payload[0];
[1.510s]       |                    ^
[1.519s] [ 75%] Building CXX object CMakeFiles/sllidar_node.dir/sdk/src/sl_tcp_channel.cpp.o
[1.568s] In file included from /home/tkddn647/test/src/sllidar_ros2/sdk/src/hal/thread.cpp:43:
[1.568s] /home/tkddn647/test/src/sllidar_ros2/./sdk/src/arch/linux/thread.hpp: In static member function ‘static rp::hal::Thread rp::hal::Thread::create(thread_proc_t, void*)’:
[1.568s] /home/tkddn647/test/src/sllidar_ros2/./sdk/src/arch/linux/thread.hpp:52:57: warning: cast between incompatible function types from ‘thread_proc_t’ {aka ‘long unsigned int (*)(void*)’} to ‘void* (*)(void*)’ [-Wcast-function-type]
[1.568s]    52 |     pthread_create((pthread_t *)&newborn._handle, NULL, (void * (*)(void *))proc, data);
[1.569s]       |                                                         ^~~~~~~~~~~~~~~~~~~~~~~~
[1.569s] /home/tkddn647/test/src/sllidar_ros2/./sdk/src/arch/linux/thread.hpp: In member function ‘u_result rp::hal::Thread::join(long unsigned int)’:
[1.569s] /home/tkddn647/test/src/sllidar_ros2/./sdk/src/arch/linux/thread.hpp:176:37: warning: unused parameter ‘timeout’ [-Wunused-parameter]
[1.569s]   176 | u_result Thread::join(unsigned long timeout)
[1.569s]       |                       ~~~~~~~~~~~~~~^~~~~~~
[1.680s] In file included from /home/tkddn647/test/src/sllidar_ros2/./sdk/src/arch/linux/arch_linux.h:42,
[1.680s]                  from /home/tkddn647/test/src/sllidar_ros2/./sdk/src/sdkcommon.h:41,
[1.680s]                  from /home/tkddn647/test/src/sllidar_ros2/sdk/src/arch/linux/net_socket.cpp:10:
[1.681s] /home/tkddn647/test/src/sllidar_ros2/sdk/src/arch/linux/net_socket.cpp: In member function ‘virtual u_result rp::arch::net::DGramSocketImpl::sendTo(const rp::net::SocketAddress*, const void*, size_t)’:
[1.681s] /home/tkddn647/test/src/sllidar_ros2/sdk/src/arch/linux/net_socket.cpp:733:24: warning: comparison of integer expressions of different signedness: ‘int’ and ‘size_t’ {aka ‘long unsigned int’} [-Wsign-compare]
[1.681s]   733 |             assert(ans == len);
[1.681s]       |                    ~~~~^~~~~~
[1.681s] In file included from /home/tkddn647/test/src/sllidar_ros2/sdk/src/sl_async_transceiver.cpp:44:
[1.681s] /home/tkddn647/test/src/sllidar_ros2/sdk/src/sl_async_transceiver.h: In member function ‘virtual void sl::internal::IAsyncProtocolCodec::onChannelError(u_result)’:
[1.681s] /home/tkddn647/test/src/sllidar_ros2/sdk/src/sl_async_transceiver.h:90:48: warning: unused parameter ‘errCode’ [-Wunused-parameter]
[1.682s]    90 |         virtual void   onChannelError(u_result errCode) {}
[1.682s]       |                                       ~~~~~~~~~^~~~~~~
[1.794s] /home/tkddn647/test/src/sllidar_ros2/sdk/src/rplidar_driver.cpp: In member function ‘u_result rp::standalone::rplidar::RPlidarDriver::connect(const char*, _u32, _u32)’:
[1.794s] /home/tkddn647/test/src/sllidar_ros2/sdk/src/rplidar_driver.cpp:67:77: warning: unused parameter ‘flag’ [-Wunused-parameter]
[1.794s]    67 |     u_result RPlidarDriver::connect(const char *path, _u32 portOrBaud, _u32 flag)
[1.794s]       |                                                                        ~~~~~^~~~
[1.799s] /home/tkddn647/test/src/sllidar_ros2/sdk/src/rplidar_driver.cpp: In member function ‘u_result rp::standalone::rplidar::RPlidarDriver::reset(_u32)’:
[1.799s] /home/tkddn647/test/src/sllidar_ros2/sdk/src/rplidar_driver.cpp:101:40: warning: unused parameter ‘timeout’ [-Wunused-parameter]
[1.799s]   101 |     u_result RPlidarDriver::reset(_u32 timeout)
[1.799s]       |                                   ~~~~~^~~~~~~
[1.812s] /home/tkddn647/test/src/sllidar_ros2/sdk/src/rplidar_driver.cpp: In member function ‘u_result rp::standalone::rplidar::RPlidarDriver::getScanDataWithInterval(rplidar_response_measurement_node_t*, size_t&)’:
[1.812s] /home/tkddn647/test/src/sllidar_ros2/sdk/src/rplidar_driver.cpp:180:91: warning: unused parameter ‘nodebuffer’ [-Wunused-parameter]
[1.813s]   180 |     u_result RPlidarDriver::getScanDataWithInterval(rplidar_response_measurement_node_t * nodebuffer, size_t & count)
[1.813s]       |                                                     ~~~~~~~~~~~~~~~~~~~~~~~~~~~~~~~~~~~~~~^~~~~~~~~~
[1.813s] /home/tkddn647/test/src/sllidar_ros2/sdk/src/rplidar_driver.cpp:180:112: warning: unused parameter ‘count’ [-Wunused-parameter]
[1.813s]   180 |     u_result RPlidarDriver::getScanDataWithInterval(rplidar_response_measurement_node_t * nodebuffer, size_t & count)
[1.814s]       |                                                                                                       ~~~~~~~~~^~~~~
[1.869s] [ 80%] Building CXX object CMakeFiles/sllidar_node.dir/sdk/src/sl_udp_channel.cpp.o
[1.877s] In file included from /home/tkddn647/test/src/sllidar_ros2/sdk/src/dataunpacker/unpacker/handler_hqnode.cpp:40:
[1.877s] /home/tkddn647/test/src/sllidar_ros2/sdk/src/dataunpacker/unpacker/../dataunpacker.h: In member function ‘virtual void sl::internal::LIDARSampleDataListener::onCustomSampleDataDecoded(_u8, _u32, const void*, size_t)’:
[1.877s] /home/tkddn647/test/src/sllidar_ros2/sdk/src/dataunpacker/unpacker/../dataunpacker.h:54:52: warning: unused parameter ‘ansType’ [-Wunused-parameter]
[1.878s]    54 |         virtual void onCustomSampleDataDecoded(_u8 ansType, _u32 customCode, const void* data, size_t size) {}
[1.878s]       |                                                ~~~~^~~~~~~
[1.878s] /home/tkddn647/test/src/sllidar_ros2/sdk/src/dataunpacker/unpacker/../dataunpacker.h:54:66: warning: unused parameter ‘customCode’ [-Wunused-parameter]
[1.878s]    54 |         virtual void onCustomSampleDataDecoded(_u8 ansType, _u32 customCode, const void* data, size_t size) {}
[1.878s]       |                                                             ~~~~~^~~~~~~~~~
[1.879s] /home/tkddn647/test/src/sllidar_ros2/sdk/src/dataunpacker/unpacker/../dataunpacker.h:54:90: warning: unused parameter ‘data’ [-Wunused-parameter]
[1.879s]    54 |         virtual void onCustomSampleDataDecoded(_u8 ansType, _u32 customCode, const void* data, size_t size) {}
[1.879s]       |                                                                              ~~~~~~~~~~~~^~~~
[1.879s] /home/tkddn647/test/src/sllidar_ros2/sdk/src/dataunpacker/unpacker/../dataunpacker.h:54:103: warning: unused parameter ‘size’ [-Wunused-parameter]
[1.880s]    54 |         virtual void onCustomSampleDataDecoded(_u8 ansType, _u32 customCode, const void* data, size_t size) {}
[1.880s]       |                                                                                                ~~~~~~~^~~~
[1.880s] /home/tkddn647/test/src/sllidar_ros2/sdk/src/dataunpacker/unpacker/../dataunpacker.h: In member function ‘virtual void sl::internal::LIDARSampleDataListener::onDecodingError(int, _u8, const void*, size_t)’:
[1.880s] /home/tkddn647/test/src/sllidar_ros2/sdk/src/dataunpacker/unpacker/../dataunpacker.h:56:42: warning: unused parameter ‘errMsg’ [-Wunused-parameter]
[1.880s]    56 |         virtual void onDecodingError(int errMsg, _u8 ansType, const void* payload, size_t size) {}
[1.880s]       |                                      ~~~~^~~~~~
[1.882s] /home/tkddn647/test/src/sllidar_ros2/sdk/src/dataunpacker/unpacker/../dataunpacker.h:56:54: warning: unused parameter ‘ansType’ [-Wunused-parameter]
[1.882s]    56 |         virtual void onDecodingError(int errMsg, _u8 ansType, const void* payload, size_t size) {}
[1.882s]       |                                                  ~~~~^~~~~~~
[1.882s] /home/tkddn647/test/src/sllidar_ros2/sdk/src/dataunpacker/unpacker/../dataunpacker.h:56:75: warning: unused parameter ‘payload’ [-Wunused-parameter]
[1.882s]    56 |         virtual void onDecodingError(int errMsg, _u8 ansType, const void* payload, size_t size) {}
[1.882s]       |                                                               ~~~~~~~~~~~~^~~~~~~
[1.883s] /home/tkddn647/test/src/sllidar_ros2/sdk/src/dataunpacker/unpacker/../dataunpacker.h:56:91: warning: unused parameter ‘size’ [-Wunused-parameter]
[1.883s]    56 |         virtual void onDecodingError(int errMsg, _u8 ansType, const void* payload, size_t size) {}
[1.883s]       |                                                                                    ~~~~~~~^~~~
[1.911s] In file included from /home/tkddn647/test/src/sllidar_ros2/sdk/src/sl_lidarprotocol_codec.cpp:49:
[1.912s] /home/tkddn647/test/src/sllidar_ros2/sdk/src/sl_async_transceiver.h: In member function ‘virtual void sl::internal::IAsyncProtocolCodec::onChannelError(u_result)’:
[1.912s] /home/tkddn647/test/src/sllidar_ros2/sdk/src/sl_async_transceiver.h:90:48: warning: unused parameter ‘errCode’ [-Wunused-parameter]
[1.912s]    90 |         virtual void   onChannelError(u_result errCode) {}
[1.912s]       |                                       ~~~~~~~~~^~~~~~~
[1.930s] In file included from /home/tkddn647/test/src/sllidar_ros2/sdk/src/dataunpacker/unpacker/handler_capsules.cpp:40:
[1.931s] /home/tkddn647/test/src/sllidar_ros2/sdk/src/dataunpacker/unpacker/../dataunpacker.h: In member function ‘virtual void sl::internal::LIDARSampleDataListener::onCustomSampleDataDecoded(_u8, _u32, const void*, size_t)’:
[1.931s] /home/tkddn647/test/src/sllidar_ros2/sdk/src/dataunpacker/unpacker/../dataunpacker.h:54:52: warning: unused parameter ‘ansType’ [-Wunused-parameter]
[1.931s]    54 |         virtual void onCustomSampleDataDecoded(_u8 ansType, _u32 customCode, const void* data, size_t size) {}
[1.931s]       |                                                ~~~~^~~~~~~
[1.931s] /home/tkddn647/test/src/sllidar_ros2/sdk/src/dataunpacker/unpacker/../dataunpacker.h:54:66: warning: unused parameter ‘customCode’ [-Wunused-parameter]
[1.931s]    54 |         virtual void onCustomSampleDataDecoded(_u8 ansType, _u32 customCode, const void* data, size_t size) {}
[1.932s]       |                                                             ~~~~~^~~~~~~~~~
[1.932s] /home/tkddn647/test/src/sllidar_ros2/sdk/src/dataunpacker/unpacker/../dataunpacker.h:54:90: warning: unused parameter ‘data’ [-Wunused-parameter]
[1.932s]    54 |         virtual void onCustomSampleDataDecoded(_u8 ansType, _u32 customCode, const void* data, size_t size) {}
[1.932s]       |                                                                              ~~~~~~~~~~~~^~~~
[1.932s] /home/tkddn647/test/src/sllidar_ros2/sdk/src/dataunpacker/unpacker/../dataunpacker.h:54:103: warning: unused parameter ‘size’ [-Wunused-parameter]
[1.938s]    54 |         virtual void onCustomSampleDataDecoded(_u8 ansType, _u32 customCode, const void* data, size_t size) {}
[1.938s]       |                                                                                                ~~~~~~~^~~~
[1.938s] /home/tkddn647/test/src/sllidar_ros2/sdk/src/dataunpacker/unpacker/../dataunpacker.h: In member function ‘virtual void sl::internal::LIDARSampleDataListener::onDecodingError(int, _u8, const void*, size_t)’:
[1.938s] /home/tkddn647/test/src/sllidar_ros2/sdk/src/dataunpacker/unpacker/../dataunpacker.h:56:42: warning: unused parameter ‘errMsg’ [-Wunused-parameter]
[1.938s]    56 |         virtual void onDecodingError(int errMsg, _u8 ansType, const void* payload, size_t size) {}
[1.938s]       |                                      ~~~~^~~~~~
[1.939s] /home/tkddn647/test/src/sllidar_ros2/sdk/src/dataunpacker/unpacker/../dataunpacker.h:56:54: warning: unused parameter ‘ansType’ [-Wunused-parameter]
[1.939s]    56 |         virtual void onDecodingError(int errMsg, _u8 ansType, const void* payload, size_t size) {}
[1.939s]       |                                                  ~~~~^~~~~~~
[1.939s] /home/tkddn647/test/src/sllidar_ros2/sdk/src/dataunpacker/unpacker/../dataunpacker.h:56:75: warning: unused parameter ‘payload’ [-Wunused-parameter]
[1.939s]    56 |         virtual void onDecodingError(int errMsg, _u8 ansType, const void* payload, size_t size) {}
[1.939s]       |                                                               ~~~~~~~~~~~~^~~~~~~
[1.939s] /home/tkddn647/test/src/sllidar_ros2/sdk/src/dataunpacker/unpacker/../dataunpacker.h:56:91: warning: unused parameter ‘size’ [-Wunused-parameter]
[1.939s]    56 |         virtual void onDecodingError(int errMsg, _u8 ansType, const void* payload, size_t size) {}
[1.940s]       |                                                                                    ~~~~~~~^~~~
[1.940s] In file included from /home/tkddn647/test/src/sllidar_ros2/sdk/src/dataunpacker/dataunpacker.cpp:40:
[1.940s] /home/tkddn647/test/src/sllidar_ros2/sdk/src/dataunpacker/dataunpacker.h: In member function ‘virtual void sl::internal::LIDARSampleDataListener::onCustomSampleDataDecoded(_u8, _u32, const void*, size_t)’:
[1.940s] /home/tkddn647/test/src/sllidar_ros2/sdk/src/dataunpacker/dataunpacker.h:54:52: warning: unused parameter ‘ansType’ [-Wunused-parameter]
[1.940s]    54 |         virtual void onCustomSampleDataDecoded(_u8 ansType, _u32 customCode, const void* data, size_t size) {}
[1.941s]       |                                                ~~~~^~~~~~~
[1.941s] /home/tkddn647/test/src/sllidar_ros2/sdk/src/dataunpacker/dataunpacker.h:54:66: warning: unused parameter ‘customCode’ [-Wunused-parameter]
[1.941s]    54 |         virtual void onCustomSampleDataDecoded(_u8 ansType, _u32 customCode, const void* data, size_t size) {}
[1.941s]       |                                                             ~~~~~^~~~~~~~~~
[1.941s] /home/tkddn647/test/src/sllidar_ros2/sdk/src/dataunpacker/dataunpacker.h:54:90: warning: unused parameter ‘data’ [-Wunused-parameter]
[1.941s]    54 |         virtual void onCustomSampleDataDecoded(_u8 ansType, _u32 customCode, const void* data, size_t size) {}
[1.942s]       |                                                                              ~~~~~~~~~~~~^~~~
[1.942s] /home/tkddn647/test/src/sllidar_ros2/sdk/src/dataunpacker/dataunpacker.h:54:103: warning: unused parameter ‘size’ [-Wunused-parameter]
[1.942s]    54 |         virtual void onCustomSampleDataDecoded(_u8 ansType, _u32 customCode, const void* data, size_t size) {}
[1.942s]       |                                                                                                ~~~~~~~^~~~
[1.942s] /home/tkddn647/test/src/sllidar_ros2/sdk/src/dataunpacker/dataunpacker.h: In member function ‘virtual void sl::internal::LIDARSampleDataListener::onDecodingError(int, _u8, const void*, size_t)’:
[1.942s] /home/tkddn647/test/src/sllidar_ros2/sdk/src/dataunpacker/dataunpacker.h:56:42: warning: unused parameter ‘errMsg’ [-Wunused-parameter]
[1.942s]    56 |         virtual void onDecodingError(int errMsg, _u8 ansType, const void* payload, size_t size) {}
[1.943s]       |                                      ~~~~^~~~~~
[1.943s] /home/tkddn647/test/src/sllidar_ros2/sdk/src/dataunpacker/dataunpacker.h:56:54: warning: unused parameter ‘ansType’ [-Wunused-parameter]
[1.943s]    56 |         virtual void onDecodingError(int errMsg, _u8 ansType, const void* payload, size_t size) {}
[1.943s]       |                                                  ~~~~^~~~~~~
[1.943s] /home/tkddn647/test/src/sllidar_ros2/sdk/src/dataunpacker/dataunpacker.h:56:75: warning: unused parameter ‘payload’ [-Wunused-parameter]
[1.943s]    56 |         virtual void onDecodingError(int errMsg, _u8 ansType, const void* payload, size_t size) {}
[1.943s]       |                                                               ~~~~~~~~~~~~^~~~~~~
[1.943s] /home/tkddn647/test/src/sllidar_ros2/sdk/src/dataunpacker/dataunpacker.h:56:91: warning: unused parameter ‘size’ [-Wunused-parameter]
[1.944s]    56 |         virtual void onDecodingError(int errMsg, _u8 ansType, const void* payload, size_t size) {}
[1.944s]       |                                                                                    ~~~~~~~^~~~
[1.944s] In file included from /home/tkddn647/test/src/sllidar_ros2/sdk/src/dataunpacker/unpacker/handler_normalnode.cpp:40:
[1.944s] /home/tkddn647/test/src/sllidar_ros2/sdk/src/dataunpacker/unpacker/../dataunpacker.h: In member function ‘virtual void sl::internal::LIDARSampleDataListener::onCustomSampleDataDecoded(_u8, _u32, const void*, size_t)’:
[1.944s] /home/tkddn647/test/src/sllidar_ros2/sdk/src/dataunpacker/unpacker/../dataunpacker.h:54:52: warning: unused parameter ‘ansType’ [-Wunused-parameter]
[1.953s]    54 |         virtual void onCustomSampleDataDecoded(_u8 ansType, _u32 customCode, const void* data, size_t size) {}
[1.953s]       |                                                ~~~~^~~~~~~
[1.953s] /home/tkddn647/test/src/sllidar_ros2/sdk/src/dataunpacker/unpacker/../dataunpacker.h:54:66: warning: unused parameter ‘customCode’ [-Wunused-parameter]
[1.953s]    54 |         virtual void onCustomSampleDataDecoded(_u8 ansType, _u32 customCode, const void* data, size_t size) {}
[1.954s]       |                                                             ~~~~~^~~~~~~~~~
[1.954s] /home/tkddn647/test/src/sllidar_ros2/sdk/src/dataunpacker/unpacker/../dataunpacker.h:54:90: warning: unused parameter ‘data’ [-Wunused-parameter]
[1.954s]    54 |         virtual void onCustomSampleDataDecoded(_u8 ansType, _u32 customCode, const void* data, size_t size) {}
[1.954s]       |                                                                              ~~~~~~~~~~~~^~~~
[1.954s] /home/tkddn647/test/src/sllidar_ros2/sdk/src/dataunpacker/unpacker/../dataunpacker.h:54:103: warning: unused parameter ‘size’ [-Wunused-parameter]
[1.954s]    54 |         virtual void onCustomSampleDataDecoded(_u8 ansType, _u32 customCode, const void* data, size_t size) {}
[1.954s]       |                                                                                                ~~~~~~~^~~~
[1.954s] /home/tkddn647/test/src/sllidar_ros2/sdk/src/dataunpacker/unpacker/../dataunpacker.h: In member function ‘virtual void sl::internal::LIDARSampleDataListener::onDecodingError(int, _u8, const void*, size_t)’:
[1.954s] /home/tkddn647/test/src/sllidar_ros2/sdk/src/dataunpacker/unpacker/../dataunpacker.h:56:42: warning: unused parameter ‘errMsg’ [-Wunused-parameter]
[1.954s]    56 |         virtual void onDecodingError(int errMsg, _u8 ansType, const void* payload, size_t size) {}
[1.955s]       |                                      ~~~~^~~~~~
[1.955s] /home/tkddn647/test/src/sllidar_ros2/sdk/src/dataunpacker/unpacker/../dataunpacker.h:56:54: warning: unused parameter ‘ansType’ [-Wunused-parameter]
[1.955s]    56 |         virtual void onDecodingError(int errMsg, _u8 ansType, const void* payload, size_t size) {}
[1.955s]       |                                                  ~~~~^~~~~~~
[1.955s] /home/tkddn647/test/src/sllidar_ros2/sdk/src/dataunpacker/unpacker/../dataunpacker.h:56:75: warning: unused parameter ‘payload’ [-Wunused-parameter]
[1.955s]    56 |         virtual void onDecodingError(int errMsg, _u8 ansType, const void* payload, size_t size) {}
[1.955s]       |                                                               ~~~~~~~~~~~~^~~~~~~
[1.955s] /home/tkddn647/test/src/sllidar_ros2/sdk/src/dataunpacker/unpacker/../dataunpacker.h:56:91: warning: unused parameter ‘size’ [-Wunused-parameter]
[1.956s]    56 |         virtual void onDecodingError(int errMsg, _u8 ansType, const void* payload, size_t size) {}
[1.956s]       |                                                                                    ~~~~~~~^~~~
[1.961s] /home/tkddn647/test/src/sllidar_ros2/sdk/src/dataunpacker/unpacker/handler_capsules.cpp: In member function ‘void sl::internal::unpacker::UnpackerHandler_DenseCapsuleNode::_onScanNodeDenseCapsuleData(rplidar_response_dense_capsule_measurement_nodes_t&, sl::internal::LIDARSampleDataUnpackerInner*)’:
[1.961s] /home/tkddn647/test/src/sllidar_ros2/sdk/src/dataunpacker/unpacker/handler_capsules.cpp:763:30: warning: type qualifiers ignored on cast result type [-Wignored-qualifiers]
[1.961s]   763 |             const int dist = static_cast<const int>(_cached_previous_dense_capsuledata.cabins[pos].distance);
[1.962s]       |                              ^~~~~~~~~~~~~~~~~~~~~~~~~~~~~~~~~~~~~~~~~~~~~~~~~~~~~~~~~~~~~~~~~~~~~~~~~~~~~~~
[1.996s] In file included from /home/tkddn647/test/src/sllidar_ros2/sdk/src/sl_lidar_driver.cpp:50:
[1.996s] /home/tkddn647/test/src/sllidar_ros2/sdk/src/dataunpacker/dataunpacker.h: In member function ‘virtual void sl::internal::LIDARSampleDataListener::onCustomSampleDataDecoded(_u8, _u32, const void*, size_t)’:
[1.996s] /home/tkddn647/test/src/sllidar_ros2/sdk/src/dataunpacker/dataunpacker.h:54:52: warning: unused parameter ‘ansType’ [-Wunused-parameter]
[1.996s]    54 |         virtual void onCustomSampleDataDecoded(_u8 ansType, _u32 customCode, const void* data, size_t size) {}
[1.996s]       |                                                ~~~~^~~~~~~
[1.997s] /home/tkddn647/test/src/sllidar_ros2/sdk/src/dataunpacker/dataunpacker.h:54:66: warning: unused parameter ‘customCode’ [-Wunused-parameter]
[1.997s]    54 |         virtual void onCustomSampleDataDecoded(_u8 ansType, _u32 customCode, const void* data, size_t size) {}
[1.997s]       |                                                             ~~~~~^~~~~~~~~~
[1.997s] /home/tkddn647/test/src/sllidar_ros2/sdk/src/dataunpacker/dataunpacker.h:54:90: warning: unused parameter ‘data’ [-Wunused-parameter]
[1.997s]    54 |         virtual void onCustomSampleDataDecoded(_u8 ansType, _u32 customCode, const void* data, size_t size) {}
[1.997s]       |                                                                              ~~~~~~~~~~~~^~~~
[1.997s] /home/tkddn647/test/src/sllidar_ros2/sdk/src/dataunpacker/dataunpacker.h:54:103: warning: unused parameter ‘size’ [-Wunused-parameter]
[1.997s]    54 |         virtual void onCustomSampleDataDecoded(_u8 ansType, _u32 customCode, const void* data, size_t size) {}
[1.997s]       |                                                                                                ~~~~~~~^~~~
[1.997s] /home/tkddn647/test/src/sllidar_ros2/sdk/src/dataunpacker/dataunpacker.h: In member function ‘virtual void sl::internal::LIDARSampleDataListener::onDecodingError(int, _u8, const void*, size_t)’:
[1.997s] /home/tkddn647/test/src/sllidar_ros2/sdk/src/dataunpacker/dataunpacker.h:56:42: warning: unused parameter ‘errMsg’ [-Wunused-parameter]
[1.997s]    56 |         virtual void onDecodingError(int errMsg, _u8 ansType, const void* payload, size_t size) {}
[1.998s]       |                                      ~~~~^~~~~~
[1.998s] /home/tkddn647/test/src/sllidar_ros2/sdk/src/dataunpacker/dataunpacker.h:56:54: warning: unused parameter ‘ansType’ [-Wunused-parameter]
[1.998s]    56 |         virtual void onDecodingError(int errMsg, _u8 ansType, const void* payload, size_t size) {}
[1.998s]       |                                                  ~~~~^~~~~~~
[1.998s] /home/tkddn647/test/src/sllidar_ros2/sdk/src/dataunpacker/dataunpacker.h:56:75: warning: unused parameter ‘payload’ [-Wunused-parameter]
[1.998s]    56 |         virtual void onDecodingError(int errMsg, _u8 ansType, const void* payload, size_t size) {}
[1.998s]       |                                                               ~~~~~~~~~~~~^~~~~~~
[1.998s] /home/tkddn647/test/src/sllidar_ros2/sdk/src/dataunpacker/dataunpacker.h:56:91: warning: unused parameter ‘size’ [-Wunused-parameter]
[1.998s]    56 |         virtual void onDecodingError(int errMsg, _u8 ansType, const void* payload, size_t size) {}
[1.998s]       |                                                                                    ~~~~~~~^~~~
[2.017s] In file included from /home/tkddn647/test/src/sllidar_ros2/sdk/src/sl_lidar_driver.cpp:51:
[2.017s] /home/tkddn647/test/src/sllidar_ros2/sdk/src/sl_async_transceiver.h: In member function ‘virtual void sl::internal::IAsyncProtocolCodec::onChannelError(u_result)’:
[2.017s] /home/tkddn647/test/src/sllidar_ros2/sdk/src/sl_async_transceiver.h:90:48: warning: unused parameter ‘errCode’ [-Wunused-parameter]
[2.017s]    90 |         virtual void   onChannelError(u_result errCode) {}
[2.017s]       |                                       ~~~~~~~~~^~~~~~~
[2.057s] /home/tkddn647/test/src/sllidar_ros2/sdk/src/sl_lidar_driver.cpp: In member function ‘virtual sl_result sl::SlamtecLidarDriver::reset(sl_u32)’:
[2.058s] /home/tkddn647/test/src/sllidar_ros2/sdk/src/sl_lidar_driver.cpp:511:32: warning: unused parameter ‘timeoutInMs’ [-Wunused-parameter]
[2.058s]   511 |         sl_result reset(sl_u32 timeoutInMs = DEFAULT_TIMEOUT)
[2.058s]       |                         ~~~~~~~^~~~~~~~~~~~~~~~~~~~~~~~~~~~~
[2.063s] /home/tkddn647/test/src/sllidar_ros2/sdk/src/sl_lidar_driver.cpp: In member function ‘virtual sl_result sl::SlamtecLidarDriver::startScan(bool, bool, sl_u32, sl::LidarScanMode*)’:
[2.063s] /home/tkddn647/test/src/sllidar_ros2/sdk/src/sl_lidar_driver.cpp:586:69: warning: unused parameter ‘options’ [-Wunused-parameter]
[2.063s]   586 |         sl_result startScan(bool force, bool useTypicalScan, sl_u32 options = 0, LidarScanMode* outUsedScanMode = nullptr)
[2.063s]       |                                                              ~~~~~~~^~~~~~~~~~~
[2.066s] /home/tkddn647/test/src/sllidar_ros2/sdk/src/sl_lidar_driver.cpp: In member function ‘virtual sl_result sl::SlamtecLidarDriver::stop(sl_u32)’:
[2.066s] /home/tkddn647/test/src/sllidar_ros2/sdk/src/sl_lidar_driver.cpp:763:31: warning: unused parameter ‘timeout’ [-Wunused-parameter]
[2.066s]   763 |         sl_result stop(sl_u32 timeout = DEFAULT_TIMEOUT)
[2.066s]       |                        ~~~~~~~^~~~~~~~~~~~~~~~~~~~~~~~~
[2.069s] /home/tkddn647/test/src/sllidar_ros2/sdk/src/sl_lidar_driver.cpp: In member function ‘virtual sl_result sl::SlamtecLidarDriver::getFrequency(const sl::LidarScanMode&, const sl_lidar_response_measurement_node_hq_t*, size_t, float&)’:
[2.069s] /home/tkddn647/test/src/sllidar_ros2/sdk/src/sl_lidar_driver.cpp:880:110: warning: unused parameter ‘nodes’ [-Wunused-parameter]
[2.069s]   880 |         sl_result getFrequency(const LidarScanMode& scanMode, const sl_lidar_response_measurement_node_hq_t* nodes, size_t count, float& frequency)
[2.069s]       |                                                               ~~~~~~~~~~~~~~~~~~~~~~~~~~~~~~~~~~~~~~~~~~~~~~~^~~~~
[2.073s] /home/tkddn647/test/src/sllidar_ros2/sdk/src/sl_lidar_driver.cpp: In member function ‘virtual sl_result sl::SlamtecLidarDriver::getMotorInfo(sl::LidarMotorInfo&, sl_u32)’:
[2.073s] /home/tkddn647/test/src/sllidar_ros2/sdk/src/sl_lidar_driver.cpp:1023:66: warning: unused parameter ‘timeoutInMs’ [-Wunused-parameter]
[2.073s]  1023 |         sl_result getMotorInfo(LidarMotorInfo &motorInfo, sl_u32 timeoutInMs)
[2.073s]       |                                                           ~~~~~~~^~~~~~~~~~~
[2.075s] /home/tkddn647/test/src/sllidar_ros2/sdk/src/sl_lidar_driver.cpp: In member function ‘u_result sl::SlamtecLidarDriver::getScanModeCount(sl_u16&, sl_u32)’:
[2.075s] /home/tkddn647/test/src/sllidar_ros2/sdk/src/sl_lidar_driver.cpp:1226:61: warning: unused parameter ‘timeoutInMs’ [-Wunused-parameter]
[2.075s]  1226 |         u_result getScanModeCount(sl_u16& modeCount, sl_u32 timeoutInMs = DEFAULT_TIMEOUT)
[2.075s]       |                                                      ~~~~~~~^~~~~~~~~~~~~~~~~~~~~~~~~~~~~
[2.127s] In file included from /home/tkddn647/test/src/sllidar_ros2/./sdk/include/sl_lidar_cmd.h:41,
[2.127s]                  from /home/tkddn647/test/src/sllidar_ros2/./sdk/include/sl_lidar_driver.h:54,
[2.127s]                  from /home/tkddn647/test/src/sllidar_ros2/sdk/src/sl_tcp_channel.cpp:33:
[2.127s] /home/tkddn647/test/src/sllidar_ros2/./sdk/include/sl_lidar_protocol.h:66:16: warning: ISO C++ forbids zero-size array ‘data’ [-Wpedantic]
[2.127s]    66 |     sl_u8 data[0];
[2.128s]       |                ^
[2.128s] In file included from /home/tkddn647/test/src/sllidar_ros2/./sdk/include/sl_lidar_driver.h:54,
[2.128s]                  from /home/tkddn647/test/src/sllidar_ros2/sdk/src/sl_tcp_channel.cpp:33:
[2.128s] /home/tkddn647/test/src/sllidar_ros2/./sdk/include/sl_lidar_cmd.h:324:20: warning: ISO C++ forbids zero-size array ‘payload’ [-Wpedantic]
[2.128s]   324 |     sl_u8  payload[0];
[2.128s]       |                    ^
[2.133s] /home/tkddn647/test/src/sllidar_ros2/sdk/src/sl_tcp_channel.cpp: In member function ‘void sl::TcpChannel::setStatus(_u32)’:
[2.133s] /home/tkddn647/test/src/sllidar_ros2/sdk/src/sl_tcp_channel.cpp:109:29: warning: unused parameter ‘flag’ [-Wunused-parameter]
[2.133s]   109 |         void setStatus(_u32 flag){}
[2.133s]       |                        ~~~~~^~~~
[2.138s] /home/tkddn647/test/src/sllidar_ros2/sdk/src/sl_lidar_driver.cpp: In instantiation of ‘void sl::RawSampleNodeHolder<T>::pushNode(_u64, const T*) [with T = sl_lidar_response_measurement_node_hq_t; _u64 = long unsigned int]’:
[2.138s] /home/tkddn647/test/src/sllidar_ros2/sdk/src/sl_lidar_driver.cpp:1675:42:   required from here
[2.138s] /home/tkddn647/test/src/sllidar_ros2/sdk/src/sl_lidar_driver.cpp:202:28: warning: unused parameter ‘timestamp_uS’ [-Wunused-parameter]
[2.138s]   202 |         void pushNode(_u64 timestamp_uS, const T* node)
[2.138s]       |                       ~~~~~^~~~~~~~~~~~
[2.279s] In file included from /home/tkddn647/test/src/sllidar_ros2/./sdk/include/sl_lidar_cmd.h:41,
[2.280s]                  from /home/tkddn647/test/src/sllidar_ros2/./sdk/include/sl_lidar_driver.h:54,
[2.280s]                  from /home/tkddn647/test/src/sllidar_ros2/sdk/src/sl_udp_channel.cpp:33:
[2.280s] /home/tkddn647/test/src/sllidar_ros2/./sdk/include/sl_lidar_protocol.h:66:16: warning: ISO C++ forbids zero-size array ‘data’ [-Wpedantic]
[2.280s]    66 |     sl_u8 data[0];
[2.280s]       |                ^
[2.280s] In file included from /home/tkddn647/test/src/sllidar_ros2/./sdk/include/sl_lidar_driver.h:54,
[2.280s]                  from /home/tkddn647/test/src/sllidar_ros2/sdk/src/sl_udp_channel.cpp:33:
[2.280s] /home/tkddn647/test/src/sllidar_ros2/./sdk/include/sl_lidar_cmd.h:324:20: warning: ISO C++ forbids zero-size array ‘payload’ [-Wpedantic]
[2.280s]   324 |     sl_u8  payload[0];
[2.280s]       |                    ^
[2.285s] /home/tkddn647/test/src/sllidar_ros2/sdk/src/sl_udp_channel.cpp: In member function ‘void sl::UdpChannel::setStatus(_u32)’:
[2.285s] /home/tkddn647/test/src/sllidar_ros2/sdk/src/sl_udp_channel.cpp:112:29: warning: unused parameter ‘flag’ [-Wunused-parameter]
[2.285s]   112 |         void setStatus(_u32 flag){}
[2.285s]       |                        ~~~~~^~~~
[2.290s] /home/tkddn647/test/src/sllidar_ros2/sdk/src/sl_lidar_driver.cpp: At global scope:
[2.290s] /home/tkddn647/test/src/sllidar_ros2/sdk/src/sl_lidar_driver.cpp:83:17: warning: ‘void sl::convert(const sl_lidar_response_measurement_node_hq_t&, sl_lidar_response_measurement_node_t&)’ defined but not used [-Wunused-function]
[2.290s]    83 |     static void convert(const sl_lidar_response_measurement_node_hq_t& from, sl_lidar_response_measurement_node_t& to)
[2.290s]       |                 ^~~~~~~
[2.290s] /home/tkddn647/test/src/sllidar_ros2/sdk/src/sl_lidar_driver.cpp:75:17: warning: ‘void sl::convert(const sl_lidar_response_measurement_node_t&, sl_lidar_response_measurement_node_hq_t&)’ defined but not used [-Wunused-function]
[2.290s]    75 |     static void convert(const sl_lidar_response_measurement_node_t& from, sl_lidar_response_measurement_node_hq_t& to)
[2.290s]       |                 ^~~~~~~
[2.291s] /home/tkddn647/test/src/sllidar_ros2/sdk/src/sl_lidar_driver.cpp:70:17: warning: ‘void sl::printDeprecationWarn(const char*, const char*)’ defined but not used [-Wunused-function]
[2.291s]    70 |     static void printDeprecationWarn(const char* fn, const char* replacement)
[2.291s]       |                 ^~~~~~~~~~~~~~~~~~~~
[4.391s] In file included from /home/tkddn647/test/src/sllidar_ros2/./sdk/include/sl_lidar_cmd.h:41,
[4.391s]                  from /home/tkddn647/test/src/sllidar_ros2/./sdk/include/sl_lidar_driver.h:54,
[4.391s]                  from /home/tkddn647/test/src/sllidar_ros2/./sdk/include/sl_lidar.h:36,
[4.391s]                  from /home/tkddn647/test/src/sllidar_ros2/src/sllidar_node.cpp:38:
[4.391s] /home/tkddn647/test/src/sllidar_ros2/./sdk/include/sl_lidar_protocol.h:66:16: warning: ISO C++ forbids zero-size array ‘data’ [-Wpedantic]
[4.392s]    66 |     sl_u8 data[0];
[4.392s]       |                ^
[4.393s] In file included from /home/tkddn647/test/src/sllidar_ros2/./sdk/include/sl_lidar_driver.h:54,
[4.393s]                  from /home/tkddn647/test/src/sllidar_ros2/./sdk/include/sl_lidar.h:36,
[4.393s]                  from /home/tkddn647/test/src/sllidar_ros2/src/sllidar_node.cpp:38:
[4.393s] /home/tkddn647/test/src/sllidar_ros2/./sdk/include/sl_lidar_cmd.h:324:20: warning: ISO C++ forbids zero-size array ‘payload’ [-Wpedantic]
[4.393s]   324 |     sl_u8  payload[0];
[4.393s]       |                    ^
[7.385s] [ 85%] Linking CXX executable sllidar_node
[7.971s] [100%] Built target sllidar_node
[7.991s] Invoked command in '/home/tkddn647/test/build/sllidar_ros2' returned '0': CMAKE_PREFIX_PATH=/opt/ros/humble /usr/bin/cmake --build /home/tkddn647/test/build/sllidar_ros2 -- -j12 -l12
[8.009s] Invoking command in '/home/tkddn647/test/build/sllidar_ros2': CMAKE_PREFIX_PATH=/opt/ros/humble /usr/bin/cmake --install /home/tkddn647/test/build/sllidar_ros2
[8.020s] -- Install configuration: ""
[8.025s] -- Execute custom install script
[8.028s] -- Up-to-date symlink: /home/tkddn647/test/install/sllidar_ros2/share/sllidar_ros2/launch/sllidar_t1_launch.py
[8.029s] -- Up-to-date symlink: /home/tkddn647/test/install/sllidar_ros2/share/sllidar_ros2/launch/view_sllidar_t1_launch.py
[8.029s] -- Up-to-date symlink: /home/tkddn647/test/install/sllidar_ros2/share/sllidar_ros2/rviz/sllidar_ros2.rviz
[8.030s] -- Up-to-date symlink: /home/tkddn647/test/install/sllidar_ros2/lib/sllidar_ros2/sllidar_node
[8.030s] -- Up-to-date symlink: /home/tkddn647/test/install/sllidar_ros2/lib/sllidar_ros2/sllidar_client
[8.031s] -- Up-to-date symlink: /home/tkddn647/test/install/sllidar_ros2/share/ament_index/resource_index/package_run_dependencies/sllidar_ros2
[8.032s] -- Up-to-date symlink: /home/tkddn647/test/install/sllidar_ros2/share/ament_index/resource_index/parent_prefix_path/sllidar_ros2
[8.033s] -- Up-to-date symlink: /home/tkddn647/test/install/sllidar_ros2/share/sllidar_ros2/environment/ament_prefix_path.sh
[8.033s] -- Up-to-date symlink: /home/tkddn647/test/install/sllidar_ros2/share/sllidar_ros2/environment/ament_prefix_path.dsv
[8.035s] -- Up-to-date symlink: /home/tkddn647/test/install/sllidar_ros2/share/sllidar_ros2/environment/path.sh
[8.036s] -- Up-to-date symlink: /home/tkddn647/test/install/sllidar_ros2/share/sllidar_ros2/environment/path.dsv
[8.036s] -- Up-to-date symlink: /home/tkddn647/test/install/sllidar_ros2/share/sllidar_ros2/local_setup.bash
[8.037s] -- Up-to-date symlink: /home/tkddn647/test/install/sllidar_ros2/share/sllidar_ros2/local_setup.sh
[8.038s] -- Up-to-date symlink: /home/tkddn647/test/install/sllidar_ros2/share/sllidar_ros2/local_setup.zsh
[8.039s] -- Up-to-date symlink: /home/tkddn647/test/install/sllidar_ros2/share/sllidar_ros2/local_setup.dsv
[8.039s] -- Symlinking: /home/tkddn647/test/install/sllidar_ros2/share/sllidar_ros2/package.dsv
[8.055s] -- Up-to-date symlink: /home/tkddn647/test/install/sllidar_ros2/share/ament_index/resource_index/packages/sllidar_ros2
[8.056s] -- Up-to-date symlink: /home/tkddn647/test/install/sllidar_ros2/share/sllidar_ros2/cmake/ament_cmake_export_dependencies-extras.cmake
[8.056s] -- Up-to-date symlink: /home/tkddn647/test/install/sllidar_ros2/share/sllidar_ros2/cmake/ament_cmake_export_include_directories-extras.cmake
[8.057s] -- Up-to-date symlink: /home/tkddn647/test/install/sllidar_ros2/share/sllidar_ros2/cmake/sllidar_ros2Config.cmake
[8.058s] -- Up-to-date symlink: /home/tkddn647/test/install/sllidar_ros2/share/sllidar_ros2/cmake/sllidar_ros2Config-version.cmake
[8.058s] -- Up-to-date symlink: /home/tkddn647/test/install/sllidar_ros2/share/sllidar_ros2/package.xml
[30.033s] Invoked command in '/home/tkddn647/test/build/sllidar_ros2' returned '0': CMAKE_PREFIX_PATH=/opt/ros/humble /usr/bin/cmake --install /home/tkddn647/test/build/sllidar_ros2
