[0.017s] Invoking command in '/home/tkddn647/test/build/race_layer': CMAKE_PREFIX_PATH=/opt/ros/humble /usr/bin/cmake /home/tkddn647/test/src/race_layer -DAMENT_CMAKE_SYMLINK_INSTALL=1 -DCMAKE_INSTALL_PREFIX=/home/tkddn647/test/install/race_layer
[0.054s] -- Found ament_cmake: 1.3.12 (/opt/ros/humble/share/ament_cmake/cmake)
[0.324s] -- Override CMake install command with custom implementation using symlinks instead of copying resources
[0.497s] -- Configuring done
[0.520s] -- Generating done
[0.520s] -- Build files have been written to: /home/tkddn647/test/build/race_layer
[0.535s] Invoked command in '/home/tkddn647/test/build/race_layer' returned '0': CMAKE_PREFIX_PATH=/opt/ros/humble /usr/bin/cmake /home/tkddn647/test/src/race_layer -DAMENT_CMAKE_SYMLINK_INSTALL=1 -DCMAKE_INSTALL_PREFIX=/home/tkddn647/test/install/race_layer
[0.537s] Invoking command in '/home/tkddn647/test/build/race_layer': CMAKE_PREFIX_PATH=/opt/ros/humble /usr/bin/cmake --build /home/tkddn647/test/build/race_layer -- -j12 -l12
[0.647s] Invoked command in '/home/tkddn647/test/build/race_layer' returned '0': CMAKE_PREFIX_PATH=/opt/ros/humble /usr/bin/cmake --build /home/tkddn647/test/build/race_layer -- -j12 -l12
[0.649s] Invoking command in '/home/tkddn647/test/build/race_layer': CMAKE_PREFIX_PATH=/opt/ros/humble /usr/bin/cmake --install /home/tkddn647/test/build/race_layer
[0.666s] -- Install configuration: ""
[0.667s] -- Execute custom install script
[0.668s] -- Symlinking: /home/tkddn647/test/install/race_layer/lib/race_layer/path_following.py
[0.686s] -- Symlinking: /home/tkddn647/test/install/race_layer/lib/race_layer/static_node.py
[0.703s] -- Symlinking: /home/tkddn647/test/install/race_layer/lib/race_layer/FGM_node.py
[0.719s] -- Symlinking: /home/tkddn647/test/install/race_layer/lib/race_layer/local.py
[0.737s] -- Symlinking: /home/tkddn647/test/install/race_layer/share/race_layer/launch/.gitkeep
[0.755s] -- Symlinking: /home/tkddn647/test/install/race_layer/share/race_layer/launch/FGM_node.py
[0.771s] -- Symlinking: /home/tkddn647/test/install/race_layer/share/race_layer/launch/__pycache__/centerline.cpython-310.pyc
[0.790s] -- Symlinking: /home/tkddn647/test/install/race_layer/share/race_layer/launch/centerline.py
[0.806s] -- Symlinking: /home/tkddn647/test/install/race_layer/share/race_layer/launch/local.py
[0.822s] -- Symlinking: /home/tkddn647/test/install/race_layer/share/race_layer/launch/make_csv.py
[0.840s] -- Symlinking: /home/tkddn647/test/install/race_layer/share/race_layer/launch/path_following.py
[0.857s] -- Symlinking: /home/tkddn647/test/install/race_layer/share/race_layer/launch/race_layer.launch.py
[0.874s] -- Symlinking: /home/tkddn647/test/install/race_layer/share/race_layer/launch/static_node.py
[0.890s] -- Symlinking: /home/tkddn647/test/install/race_layer/share/ament_index/resource_index/package_run_dependencies/race_layer
[0.907s] -- Symlinking: /home/tkddn647/test/install/race_layer/share/ament_index/resource_index/parent_prefix_path/race_layer
[0.925s] -- Symlinking: /home/tkddn647/test/install/race_layer/share/race_layer/environment/ament_prefix_path.sh
[0.943s] -- Symlinking: /home/tkddn647/test/install/race_layer/share/race_layer/environment/ament_prefix_path.dsv
[0.962s] -- Symlinking: /home/tkddn647/test/install/race_layer/share/race_layer/environment/path.sh
[0.982s] -- Symlinking: /home/tkddn647/test/install/race_layer/share/race_layer/environment/path.dsv
[1.000s] -- Symlinking: /home/tkddn647/test/install/race_layer/share/race_layer/local_setup.bash
[1.016s] -- Symlinking: /home/tkddn647/test/install/race_layer/share/race_layer/local_setup.sh
[1.036s] -- Symlinking: /home/tkddn647/test/install/race_layer/share/race_layer/local_setup.zsh
[1.058s] -- Symlinking: /home/tkddn647/test/install/race_layer/share/race_layer/local_setup.dsv
[1.079s] -- Symlinking: /home/tkddn647/test/install/race_layer/share/race_layer/package.dsv
[1.095s] -- Symlinking: /home/tkddn647/test/install/race_layer/share/ament_index/resource_index/packages/race_layer
[1.112s] -- Symlinking: /home/tkddn647/test/install/race_layer/share/race_layer/cmake/race_layerConfig.cmake
[1.130s] -- Symlinking: /home/tkddn647/test/install/race_layer/share/race_layer/cmake/race_layerConfig-version.cmake
[1.145s] -- Symlinking: /home/tkddn647/test/install/race_layer/share/race_layer/package.xml
[1.182s] Invoked command in '/home/tkddn647/test/build/race_layer' returned '0': CMAKE_PREFIX_PATH=/opt/ros/humble /usr/bin/cmake --install /home/tkddn647/test/build/race_layer
