[0.373s] Invoking command in '/home/tkddn647/test/build/localization_layer': AMENT_PREFIX_PATH=/home/tkddn647/test/install/sensor_layer:/home/tkddn647/test/install/tf_manager_cpp:/home/tkddn647/test/install/sllidar_ros2:/home/tkddn647/test/install/ebimu_pkg:${AMENT_PREFIX_PATH} CMAKE_PREFIX_PATH=/home/tkddn647/test/install/sensor_layer:/home/tkddn647/test/install/tf_manager_cpp:/home/tkddn647/test/install/sllidar_ros2:/opt/ros/humble PYTHONPATH=/home/tkddn647/test/install/ebimu_pkg/lib/python3.10/site-packages:${PYTHONPATH} /usr/bin/cmake --build /home/tkddn647/test/build/localization_layer -- -j12 -l12
[0.516s] -- Found ament_cmake: 1.3.12 (/opt/ros/humble/share/ament_cmake/cmake)
[0.774s] -- Override CMake install command with custom implementation using symlinks instead of copying resources
[0.848s] -- Found required Ceres dependency: Eigen version 3.4.0 in /usr/include/eigen3
[0.856s] -- Found required Ceres dependency: glog
[0.858s] -- Found required Ceres dependency: gflags
[0.859s] -- Found Ceres version: 2.0.0 installed in: /usr with components: [EigenSparse, SparseLinearAlgebraLibrary, LAPACK, SuiteSparse, CXSparse, SchurSpecializations, Multithreading]
[0.891s] -- Found cartographer_ros: 2.0.9002 (/opt/ros/humble/share/cartographer_ros/cmake)
[1.193s] -- Found rosidl_generator_c: 3.1.8 (/opt/ros/humble/share/rosidl_generator_c/cmake)
[1.200s] -- Found rosidl_adapter: 3.1.8 (/opt/ros/humble/share/rosidl_adapter/cmake)
[1.218s] -- Found rosidl_generator_cpp: 3.1.8 (/opt/ros/humble/share/rosidl_generator_cpp/cmake)
[1.246s] -- Using all available rosidl_typesupport_c: rosidl_typesupport_fastrtps_c;rosidl_typesupport_introspection_c
[1.278s] -- Using all available rosidl_typesupport_cpp: rosidl_typesupport_fastrtps_cpp;rosidl_typesupport_introspection_cpp
[1.553s] -- Found rmw_implementation_cmake: 6.1.2 (/opt/ros/humble/share/rmw_implementation_cmake/cmake)
[1.562s] -- Found rmw_fastrtps_cpp: 6.2.9 (/opt/ros/humble/share/rmw_fastrtps_cpp/cmake)
[8.570s] -- Using RMW implementation 'rmw_fastrtps_cpp' as default
[8.747s] -- Eigen found (include: /usr/include/eigen3, version: 3.4.0)
[10.781s] -- FLANN found (include: /usr/include, lib: /usr/lib/x86_64-linux-gnu/libflann_cpp.so)
[16.048s] -- OpenNI found (version: 1.5.4.0, include: /usr/include/ni, lib: /usr/lib/libOpenNI.so;libusb::libusb)
[16.058s] -- OpenNI2 found (version: 2.2.0.33, include: /usr/include/openni2, lib: /usr/lib/x86_64-linux-gnu/libOpenNI2.so;libusb::libusb)
[18.704s] -- Eigen found (include: /usr/include/eigen3, version: 3.4.0)
[18.712s] -- OpenNI found (version: 1.5.4.0, include: /usr/include/ni, lib: /usr/lib/libOpenNI.so;libusb::libusb)
[18.720s] -- OpenNI2 found (version: 2.2.0.33, include: /usr/include/openni2, lib: /usr/lib/x86_64-linux-gnu/libOpenNI2.so;libusb::libusb)
[21.311s] -- Found Qhull version 8.0.2
[24.078s] -- OpenNI found (version: 1.5.4.0, include: /usr/include/ni, lib: /usr/lib/libOpenNI.so;libusb::libusb)
[28.603s] -- Configuring done
[28.619s] -- Generating done
[28.624s] -- Build files have been written to: /home/tkddn647/test/build/localization_layer
[30.005s] Invoked command in '/home/tkddn647/test/build/localization_layer' returned '0': AMENT_PREFIX_PATH=/home/tkddn647/test/install/sensor_layer:/home/tkddn647/test/install/tf_manager_cpp:/home/tkddn647/test/install/sllidar_ros2:/home/tkddn647/test/install/ebimu_pkg:${AMENT_PREFIX_PATH} CMAKE_PREFIX_PATH=/home/tkddn647/test/install/sensor_layer:/home/tkddn647/test/install/tf_manager_cpp:/home/tkddn647/test/install/sllidar_ros2:/opt/ros/humble PYTHONPATH=/home/tkddn647/test/install/ebimu_pkg/lib/python3.10/site-packages:${PYTHONPATH} /usr/bin/cmake --build /home/tkddn647/test/build/localization_layer -- -j12 -l12
[30.026s] Invoking command in '/home/tkddn647/test/build/localization_layer': AMENT_PREFIX_PATH=/home/tkddn647/test/install/sensor_layer:/home/tkddn647/test/install/tf_manager_cpp:/home/tkddn647/test/install/sllidar_ros2:/home/tkddn647/test/install/ebimu_pkg:${AMENT_PREFIX_PATH} CMAKE_PREFIX_PATH=/home/tkddn647/test/install/sensor_layer:/home/tkddn647/test/install/tf_manager_cpp:/home/tkddn647/test/install/sllidar_ros2:/opt/ros/humble PYTHONPATH=/home/tkddn647/test/install/ebimu_pkg/lib/python3.10/site-packages:${PYTHONPATH} /usr/bin/cmake --install /home/tkddn647/test/build/localization_layer
[30.043s] -- Install configuration: ""
[30.043s] -- Execute custom install script
[30.050s] -- Up-to-date symlink: /home/tkddn647/test/install/localization_layer/share/localization_layer/launch/__pycache__/cartographer_fake_localization_launch.cpython-310.pyc
[30.052s] -- Up-to-date symlink: /home/tkddn647/test/install/localization_layer/share/localization_layer/launch/__pycache__/cartographer_fake_mapping_launch.cpython-310.pyc
[30.052s] -- Symlinking: /home/tkddn647/test/install/localization_layer/share/localization_layer/launch/__pycache__/cartographer_mapping_launch.cpython-310.pyc
[30.071s] -- Up-to-date symlink: /home/tkddn647/test/install/localization_layer/share/localization_layer/launch/cartographer_fake_localization_launch.py
[30.071s] -- Up-to-date symlink: /home/tkddn647/test/install/localization_layer/share/localization_layer/launch/cartographer_fake_mapping_launch.py
[30.072s] -- Up-to-date symlink: /home/tkddn647/test/install/localization_layer/share/localization_layer/launch/cartographer_localization_launch.py
[30.073s] -- Up-to-date symlink: /home/tkddn647/test/install/localization_layer/share/localization_layer/launch/cartographer_mapping_launch.py
[30.074s] -- Up-to-date symlink: /home/tkddn647/test/install/localization_layer/share/localization_layer/config/cartographer_2d_localization.lua
[30.074s] -- Up-to-date symlink: /home/tkddn647/test/install/localization_layer/share/localization_layer/config/cartographer_2d_mapping.lua
[30.075s] -- Up-to-date symlink: /home/tkddn647/test/install/localization_layer/share/localization_layer/config/cartographer_2d_mapping_lidar_only.lua
[30.075s] -- Up-to-date symlink: /home/tkddn647/test/install/localization_layer/share/localization_layer/config/map_builder.lua
[30.076s] -- Up-to-date symlink: /home/tkddn647/test/install/localization_layer/share/localization_layer/config/map_builder_mapping.lua
[30.077s] -- Up-to-date symlink: /home/tkddn647/test/install/localization_layer/share/localization_layer/config/pose_graph.lua
[30.077s] -- Up-to-date symlink: /home/tkddn647/test/install/localization_layer/share/localization_layer/config/pose_graph_mapping.lua
[30.078s] -- Up-to-date symlink: /home/tkddn647/test/install/localization_layer/share/localization_layer/config/trajectory_builder.lua
[30.079s] -- Up-to-date symlink: /home/tkddn647/test/install/localization_layer/lib/localization_layer/map_auto_saver.py
[30.079s] -- Up-to-date symlink: /home/tkddn647/test/install/localization_layer/lib/localization_layer/fake_sensor_publisher.py
[30.080s] -- Up-to-date symlink: /home/tkddn647/test/install/localization_layer/share/ament_index/resource_index/package_run_dependencies/localization_layer
[30.081s] -- Up-to-date symlink: /home/tkddn647/test/install/localization_layer/share/ament_index/resource_index/parent_prefix_path/localization_layer
[30.081s] -- Up-to-date symlink: /home/tkddn647/test/install/localization_layer/share/localization_layer/environment/ament_prefix_path.sh
[30.082s] -- Up-to-date symlink: /home/tkddn647/test/install/localization_layer/share/localization_layer/environment/ament_prefix_path.dsv
[30.083s] -- Up-to-date symlink: /home/tkddn647/test/install/localization_layer/share/localization_layer/environment/path.sh
[30.083s] -- Up-to-date symlink: /home/tkddn647/test/install/localization_layer/share/localization_layer/environment/path.dsv
[30.084s] -- Up-to-date symlink: /home/tkddn647/test/install/localization_layer/share/localization_layer/local_setup.bash
[30.085s] -- Up-to-date symlink: /home/tkddn647/test/install/localization_layer/share/localization_layer/local_setup.sh
[30.085s] -- Up-to-date symlink: /home/tkddn647/test/install/localization_layer/share/localization_layer/local_setup.zsh
[30.086s] -- Up-to-date symlink: /home/tkddn647/test/install/localization_layer/share/localization_layer/local_setup.dsv
[30.086s] -- Symlinking: /home/tkddn647/test/install/localization_layer/share/localization_layer/package.dsv
[30.105s] -- Up-to-date symlink: /home/tkddn647/test/install/localization_layer/share/ament_index/resource_index/packages/localization_layer
[30.105s] -- Up-to-date symlink: /home/tkddn647/test/install/localization_layer/share/localization_layer/cmake/localization_layerConfig.cmake
[30.106s] -- Up-to-date symlink: /home/tkddn647/test/install/localization_layer/share/localization_layer/cmake/localization_layerConfig-version.cmake
[30.106s] -- Up-to-date symlink: /home/tkddn647/test/install/localization_layer/share/localization_layer/package.xml
[60.027s] Invoked command in '/home/tkddn647/test/build/localization_layer' returned '0': AMENT_PREFIX_PATH=/home/tkddn647/test/install/sensor_layer:/home/tkddn647/test/install/tf_manager_cpp:/home/tkddn647/test/install/sllidar_ros2:/home/tkddn647/test/install/ebimu_pkg:${AMENT_PREFIX_PATH} CMAKE_PREFIX_PATH=/home/tkddn647/test/install/sensor_layer:/home/tkddn647/test/install/tf_manager_cpp:/home/tkddn647/test/install/sllidar_ros2:/opt/ros/humble PYTHONPATH=/home/tkddn647/test/install/ebimu_pkg/lib/python3.10/site-packages:${PYTHONPATH} /usr/bin/cmake --install /home/tkddn647/test/build/localization_layer
